<vmap:VMAP version='1.0'
    xmlns:vmap='http://www.iab.net/vmap-1.0'>
    <vmap:AdBreak breakId='cue_point-628937079' breakType='linear' timeOffset='00:11:01.520'>
        <vmap:AdSource allowMultipleAds='true' followRedirects='true' id='1'>
            <vmap:VASTAdData>
                <VAST version='3.0'
                    xmlns:xsi='http://www.w3.org/2001/XMLSchema-instance' xsi:noNamespaceSchemaLocation='vast.xsd'>
                    <Ad id='17639838.140264947470848' sequence='1'> <!-- PLAYED -->
                        <InLine>
                            <AdSystem>FreeWheel</AdSystem>
                            <AdTitle>SE Midroll First in break v.37-52</AdTitle>
                            <Error><![CDATA[https://5e529.v.fwmrm.net/ad/l/1?s=d027&n=386345%3B386345&t=1602503513126642570&f=262144&r=386345&adid=17639838&reid=14776821&arid=2&iw=&uxnw=&uxss=&uxct=&et=e&cn=%5BERRORCODE%5D]]></Error>
                            <Impression id='FWi_17639838.2'><![CDATA[https://5e529.v.fwmrm.net/ad/l/1?s=d027&n=386345%3B386345&t=1602503513126642570&f=262144&r=386345&adid=17639838&reid=14776821&arid=2&auid=&cn=defaultImpression&et=i&_cc=17639838,14776821,,30373.39848.51807.,1602503514,1&tpos=661&iw=&uxnw=&uxss=&uxct=&metr=121&init=1&vcid2=420f2af2f68c837b504505d7c0ee66692cdbc5f535e36d52bdd79b8884d65861&cr=https%3A//x.bidswitch.net/sync%3Fssp%3Dfalktech]]></Impression>
                            <Creatives>
                                <Creative AdID='17639838' id='4583453'>
                                    <Linear>
                                        <Duration>00:00:04</Duration>
                                        <TrackingEvents>
                                            <Tracking event='complete'><![CDATA[https://5e529.v.fwmrm.net/ad/l/1?s=d027&n=386345%3B386345&t=1602503513126642570&f=262144&r=386345&adid=17639838&reid=14776821&arid=2&auid=&cn=complete&et=i&_cc=&tpos=661&init=1&iw=&uxnw=&uxss=&uxct=&metr=121]]></Tracking>
                                            <Tracking event='firstQuartile'><![CDATA[https://5e529.v.fwmrm.net/ad/l/1?s=d027&n=386345%3B386345&t=1602503513126642570&f=262144&r=386345&adid=17639838&reid=14776821&arid=2&auid=&cn=firstQuartile&et=i&_cc=&tpos=661&init=1&iw=&uxnw=&uxss=&uxct=&metr=121]]></Tracking>
                                            <Tracking event='midpoint'><![CDATA[https://5e529.v.fwmrm.net/ad/l/1?s=d027&n=386345%3B386345&t=1602503513126642570&f=262144&r=386345&adid=17639838&reid=14776821&arid=2&auid=&cn=midPoint&et=i&_cc=&tpos=661&init=1&iw=&uxnw=&uxss=&uxct=&metr=121]]></Tracking>
                                            <Tracking event='thirdQuartile'><![CDATA[https://5e529.v.fwmrm.net/ad/l/1?s=d027&n=386345%3B386345&t=1602503513126642570&f=262144&r=386345&adid=17639838&reid=14776821&arid=2&auid=&cn=thirdQuartile&et=i&_cc=&tpos=661&init=1&iw=&uxnw=&uxss=&uxct=&metr=121]]></Tracking>
                                        </TrackingEvents>
                                        <VideoClicks>
                                            <ClickTracking id='FWc_17639838.2'><![CDATA[https://5e529.v.fwmrm.net/ad/l/1?s=d027&n=386345%3B386345&t=1602503513126642570&f=262144&r=386345&adid=17639838&reid=14776821&arid=2&auid=&cn=defaultClick&et=c&_cc=&tpos=661&cr=]]></ClickTracking>
                                        </VideoClicks>
                                        <MediaFiles>
                                            <MediaFile bitrate='1159' delivery='progressive' height='576' id='14776821' type='video/mp4' width='1024'><![CDATA[https://dniadops-a.akamaihd.net/video-assets/386345/600125/b1be5c3f0dc194288b2b3c4f9c753993-1024x576-2500k-libx264.mp4]]></MediaFile>
                                            <MediaFile bitrate='147' delivery='progressive' height='180' id='14776823' type='video/mp4' width='320'><![CDATA[https://dniadops-a.akamaihd.net/video-assets/386345/600125/b1be5c3f0dc194288b2b3c4f9c753993-320x180-200k-libx264.mp4]]></MediaFile>
                                            <MediaFile bitrate='301' delivery='progressive' height='270' id='14776828' type='video/mp4' width='480'><![CDATA[https://dniadops-a.akamaihd.net/video-assets/386345/600125/b1be5c3f0dc194288b2b3c4f9c753993-480x270-600k-libx264.mp4]]></MediaFile>
                                            <MediaFile bitrate='392' delivery='progressive' height='360' id='14776829' type='video/mp4' width='640'><![CDATA[https://dniadops-a.akamaihd.net/video-assets/386345/600125/b1be5c3f0dc194288b2b3c4f9c753993-640x360-1000k-libx264.mp4]]></MediaFile>
                                            <MediaFile bitrate='475' delivery='progressive' height='432' id='14776830' type='video/mp4' width='768'><![CDATA[https://dniadops-a.akamaihd.net/video-assets/386345/600125/b1be5c3f0dc194288b2b3c4f9c753993-768x432-1500k-libx264.mp4]]></MediaFile>
                                        </MediaFiles>
                                    </Linear>
                                </Creative>
                            </Creatives>
                            <Extensions>
                                <Extension type='FreeWheel'>
                                    <AdInfo customaid='' gid='0' cid='11450538' format='spot_standard' variant='NORMAL' exclusive='false' />
                                    <CreativeParameters>
                                        <CreativeParameter creativeId='4583453' name='MMS_ID' type='Linear'><![CDATA[]]></CreativeParameter>
                                        <CreativeParameter creativeId='4583453' name='adobe_reporting' type='Linear'><![CDATA[advertiser_name:SE Stations ID Dplay;advertiser_id:600125;campaign_name:SE Stations ID Dplay ;campaign_id:11450538;placement_name:SE Midroll First in break v.37-52;placement_id:17639837;creative_name:Dplay bumper 5 Plum 01 - 4 sec - progressive.mp4;creative_id:4583453]]></CreativeParameter>
                                        <CreativeParameter creativeId='4583453' name='moat' type='Linear'><![CDATA[386345;386345;600125;11450538;11450539;;17639837;48569;g11761361;g542506;1324683;118766968;DPLAYSE_SV_SE1483978920527;4583453;14776821;4;midroll;;386345:DiscoverySBS_html5_live_secure_2;cpx-non;1602503513126642570]]></CreativeParameter>
                                    </CreativeParameters>
                                </Extension>
                            </Extensions>
                        </InLine>
                    </Ad>
                    <Ad id='40737044.140265369939456' sequence='2'> <!-- Not Player - EMPTY VAST -->
                        <Wrapper>
                            <AdSystem>FreeWheel</AdSystem>
                            <VASTAdTagURI><![CDATA[https://pubads.g.doubleclick.net/gampad/ads?iu=/21921738845/dplay_se_web/dplay_se_web_midroll_bumper_last&description_url=http%3A%2F%2Fwww.dplay.se&tfcd=0&npa=0&sz=640x480&max_ad_duration=6000&gdfp_req=1&output=vast&unviewed_position_start=1&env=vp&correlator=709&scor=725&vpmute=0&vpa=0&vad_format=linear&url=http%3A%2F%2Fwww.dplay.se&vpos=midroll&videoad_start_delay=null&paln=]]></VASTAdTagURI>
                            <Error><![CDATA[https://5e529.v.fwmrm.net/ad/l/1?s=d027&n=386345%3B386345&t=1602503513126642570&f=262144&r=386345&adid=40737044&reid=24906314&arid=0&iw=&uxnw=&uxss=&uxct=&et=e&cn=%5BERRORCODE%5D]]></Error>
                            <Impression><![CDATA[https://5e529.v.fwmrm.net/ad/l/1?s=d027&n=386345%3B386345&t=1602503513126642570&f=262144&r=386345&adid=40737044&reid=24906314&arid=0&auid=&cn=defaultImpression&et=i&_cc=40737044,24906314,51809.,30373.39848.41355.51807.51809.,1602503514,1&tpos=661&iw=&uxnw=&uxss=&uxct=&metr=121&init=1&vcid2=420f2af2f68c837b504505d7c0ee66692cdbc5f535e36d52bdd79b8884d65861&cr=]]></Impression>
                            <Creatives>
                                <Creative AdID='40737044' id='6488977'>
                                    <Linear>
                                        <TrackingEvents>
                                            <Tracking event='complete'><![CDATA[https://5e529.v.fwmrm.net/ad/l/1?s=d027&n=386345%3B386345&t=1602503513126642570&f=262144&r=386345&adid=40737044&reid=24906314&arid=0&auid=&cn=complete&et=i&_cc=&tpos=661&init=1&iw=&uxnw=&uxss=&uxct=&metr=121]]></Tracking>
                                            <Tracking event='firstQuartile'><![CDATA[https://5e529.v.fwmrm.net/ad/l/1?s=d027&n=386345%3B386345&t=1602503513126642570&f=262144&r=386345&adid=40737044&reid=24906314&arid=0&auid=&cn=firstQuartile&et=i&_cc=&tpos=661&init=1&iw=&uxnw=&uxss=&uxct=&metr=121]]></Tracking>
                                            <Tracking event='midpoint'><![CDATA[https://5e529.v.fwmrm.net/ad/l/1?s=d027&n=386345%3B386345&t=1602503513126642570&f=262144&r=386345&adid=40737044&reid=24906314&arid=0&auid=&cn=midPoint&et=i&_cc=&tpos=661&init=1&iw=&uxnw=&uxss=&uxct=&metr=121]]></Tracking>
                                            <Tracking event='thirdQuartile'><![CDATA[https://5e529.v.fwmrm.net/ad/l/1?s=d027&n=386345%3B386345&t=1602503513126642570&f=262144&r=386345&adid=40737044&reid=24906314&arid=0&auid=&cn=thirdQuartile&et=i&_cc=&tpos=661&init=1&iw=&uxnw=&uxss=&uxct=&metr=121]]></Tracking>
                                        </TrackingEvents>
                                        <VideoClicks>
                                            <ClickTracking id='FWc_40737044.0'><![CDATA[https://5e529.v.fwmrm.net/ad/l/1?s=d027&n=386345%3B386345&t=1602503513126642570&f=262144&r=386345&adid=40737044&reid=24906314&arid=0&auid=&cn=defaultClick&et=c&_cc=&tpos=661&cr=]]></ClickTracking>
                                        </VideoClicks>
                                    </Linear>
                                </Creative>
                            </Creatives>
                            <Extensions>
                                <Extension type='FreeWheel'>
                                    <AdInfo customaid='' gid='0' cid=';placeme' format='spot_standard' variant='NORMAL' exclusive='false' />
                                    <CreativeParameters>
                                        <CreativeParameter creativeId='6488977' name='translator.vast.loadWithCookie' type='Linear'><![CDATA[1]]></CreativeParameter>
                                        <CreativeParameter creativeId='6488977' name='MMS_ID' type='Linear'><![CDATA[]]></CreativeParameter>
                                        <CreativeParameter creativeId='6488977' name='adobe_reporting' type='Linear'><![CDATA[advertiser_name:;advertiser_id:;campaign_name:;campaign_id:;placement_name:DPLAY SE | Web | Midroll Bumper Last;placement_id:40737043;creative_name:DPLAY SE | Web | Midroll Bumper Last;creative_id:6488977]]></CreativeParameter>
                                        <CreativeParameter creativeId='6488977' name='moat' type='Linear'><![CDATA[386345;386345;;;;;40737043;56784;g11761361;g542506;1324683;118766968;DPLAYSE_SV_SE1483978920527;6488977;24906314;7;midroll;;386345:DiscoverySBS_html5_live_secure_2;cpx-non;1602503513126642570]]></CreativeParameter>
                                    </CreativeParameters>
                                </Extension>
                            </Extensions>
                        </Wrapper>
                    </Ad>
                    <Ad id='31007863.140265369961728'>
                        <Wrapper>
                            <AdSystem>FreeWheel</AdSystem>
                            <VASTAdTagURI><![CDATA[https://ads.stickyadstv.com/www/delivery/swfIndex.php?reqType=AdsSetup&protocolVersion=2.0&zoneId=7440241]]></VASTAdTagURI>
                            <Error><![CDATA[https://5e529.v.fwmrm.net/ad/l/1?s=d027&n=386345%3B386345&t=1602503513126642570&f=262144&r=386345&adid=31007863&reid=13615319&arid=1&iw=&uxnw=&uxss=&uxct=&et=e&cn=%5BERRORCODE%5D]]></Error>
                            <Impression><![CDATA[https://5e529.v.fwmrm.net/ad/l/1?s=d027&n=386345%3B386345&t=1602503513126642570&f=262144&r=386345&adid=31007863&reid=13615319&arid=1&auid=&cn=defaultImpression&et=i&_cc=31007863,13615319,41355.,30373.39848.41355.51807.51809.,1602503514,1&tpos=661&iw=&uxnw=&uxss=&uxct=&metr=121&init=1&vcid2=420f2af2f68c837b504505d7c0ee66692cdbc5f535e36d52bdd79b8884d65861&cr=]]></Impression>
                            <Creatives>
                                <Creative AdID='31007863' id='4357819'>
                                    <Linear>
                                        <TrackingEvents>
                                            <Tracking event='complete'><![CDATA[https://5e529.v.fwmrm.net/ad/l/1?s=d027&n=386345%3B386345&t=1602503513126642570&f=262144&r=386345&adid=31007863&reid=13615319&arid=1&auid=&cn=complete&et=i&_cc=&tpos=661&init=1&iw=&uxnw=&uxss=&uxct=&metr=121]]></Tracking>
                                            <Tracking event='firstQuartile'><![CDATA[https://5e529.v.fwmrm.net/ad/l/1?s=d027&n=386345%3B386345&t=1602503513126642570&f=262144&r=386345&adid=31007863&reid=13615319&arid=1&auid=&cn=firstQuartile&et=i&_cc=&tpos=661&init=1&iw=&uxnw=&uxss=&uxct=&metr=121]]></Tracking>
                                            <Tracking event='midpoint'><![CDATA[https://5e529.v.fwmrm.net/ad/l/1?s=d027&n=386345%3B386345&t=1602503513126642570&f=262144&r=386345&adid=31007863&reid=13615319&arid=1&auid=&cn=midPoint&et=i&_cc=&tpos=661&init=1&iw=&uxnw=&uxss=&uxct=&metr=121]]></Tracking>
                                            <Tracking event='thirdQuartile'><![CDATA[https://5e529.v.fwmrm.net/ad/l/1?s=d027&n=386345%3B386345&t=1602503513126642570&f=262144&r=386345&adid=31007863&reid=13615319&arid=1&auid=&cn=thirdQuartile&et=i&_cc=&tpos=661&init=1&iw=&uxnw=&uxss=&uxct=&metr=121]]></Tracking>
                                        </TrackingEvents>
                                        <VideoClicks>
                                            <ClickTracking id='FWc_31007863.1'><![CDATA[https://5e529.v.fwmrm.net/ad/l/1?s=d027&n=386345%3B386345&t=1602503513126642570&f=262144&r=386345&adid=31007863&reid=13615319&arid=1&auid=&cn=defaultClick&et=c&_cc=&tpos=661&cr=]]></ClickTracking>
                                        </VideoClicks>
                                    </Linear>
                                </Creative>
                            </Creatives>
                            <Extensions>
                                <Extension type='FreeWheel'>
                                    <AdInfo customaid='PROGRAMMAT' gid='0' cid=';placeme' format='spot_standard' variant='NORMAL' exclusive='false' />
                                    <Parameter name='_fw_4AID'><![CDATA[PROGRAMMATIC]]></Parameter>
                                    <CreativeParameters>
                                        <CreativeParameter creativeId='4357819' name='translator.vast.loadWithCookie' type='Linear'><![CDATA[1]]></CreativeParameter>
                                        <CreativeParameter creativeId='4357819' name='_fw_4AID' type='Linear'><![CDATA[PROGRAMMATIC]]></CreativeParameter>
                                        <CreativeParameter creativeId='4357819' name='MMS_ID' type='Linear'><![CDATA[]]></CreativeParameter>
                                        <CreativeParameter creativeId='4357819' name='adobe_reporting' type='Linear'><![CDATA[advertiser_name:;advertiser_id:;campaign_name:;campaign_id:;placement_name:Dplay-se-web-mid-bumper 6s-first;placement_id:31007840;creative_name:Dplay-se-web-mid-bumper 6s-first;creative_id:4357819]]></CreativeParameter>
                                        <CreativeParameter creativeId='4357819' name='moat' type='Linear'><![CDATA[386345;386345;;;;;31007840;56784;g11761361;g542506;1324683;118766968;DPLAYSE_SV_SE1483978920527;4357819;13615319;7;midroll;;386345:DiscoverySBS_html5_live_secure_2;cpx-non;1602503513126642570]]></CreativeParameter>
                                    </CreativeParameters>
                                </Extension>
                            </Extensions>
                        </Wrapper>
                    </Ad>
                    <Ad id='31007929.140265369962496'>
                        <Wrapper>
                            <AdSystem>FreeWheel</AdSystem>
                            <VASTAdTagURI><![CDATA[https://ads.stickyadstv.com/www/delivery/swfIndex.php?reqType=AdsSetup&protocolVersion=2.0&zoneId=7440289]]></VASTAdTagURI>
                            <Error><![CDATA[https://5e529.v.fwmrm.net/ad/l/1?s=d027&n=386345%3B386345&t=1602503513126642570&f=262144&r=386345&adid=31007929&reid=13615425&arid=1&iw=&uxnw=&uxss=&uxct=&et=e&cn=%5BERRORCODE%5D]]></Error>
                            <Impression><![CDATA[https://5e529.v.fwmrm.net/ad/l/1?s=d027&n=386345%3B386345&t=1602503513126642570&f=262144&r=386345&adid=31007929&reid=13615425&arid=1&auid=&cn=defaultImpression&et=i&_cc=31007929,13615425,41355.,30373.39848.41355.51807.51809.,1602503514,1&tpos=661&iw=&uxnw=&uxss=&uxct=&metr=121&init=1&vcid2=420f2af2f68c837b504505d7c0ee66692cdbc5f535e36d52bdd79b8884d65861&cr=]]></Impression>
                            <Creatives>
                                <Creative AdID='31007929' id='4357846'>
                                    <Linear>
                                        <TrackingEvents>
                                            <Tracking event='complete'><![CDATA[https://5e529.v.fwmrm.net/ad/l/1?s=d027&n=386345%3B386345&t=1602503513126642570&f=262144&r=386345&adid=31007929&reid=13615425&arid=1&auid=&cn=complete&et=i&_cc=&tpos=661&init=1&iw=&uxnw=&uxss=&uxct=&metr=121]]></Tracking>
                                            <Tracking event='firstQuartile'><![CDATA[https://5e529.v.fwmrm.net/ad/l/1?s=d027&n=386345%3B386345&t=1602503513126642570&f=262144&r=386345&adid=31007929&reid=13615425&arid=1&auid=&cn=firstQuartile&et=i&_cc=&tpos=661&init=1&iw=&uxnw=&uxss=&uxct=&metr=121]]></Tracking>
                                            <Tracking event='midpoint'><![CDATA[https://5e529.v.fwmrm.net/ad/l/1?s=d027&n=386345%3B386345&t=1602503513126642570&f=262144&r=386345&adid=31007929&reid=13615425&arid=1&auid=&cn=midPoint&et=i&_cc=&tpos=661&init=1&iw=&uxnw=&uxss=&uxct=&metr=121]]></Tracking>
                                            <Tracking event='thirdQuartile'><![CDATA[https://5e529.v.fwmrm.net/ad/l/1?s=d027&n=386345%3B386345&t=1602503513126642570&f=262144&r=386345&adid=31007929&reid=13615425&arid=1&auid=&cn=thirdQuartile&et=i&_cc=&tpos=661&init=1&iw=&uxnw=&uxss=&uxct=&metr=121]]></Tracking>
                                        </TrackingEvents>
                                        <VideoClicks>
                                            <ClickTracking id='FWc_31007929.1'><![CDATA[https://5e529.v.fwmrm.net/ad/l/1?s=d027&n=386345%3B386345&t=1602503513126642570&f=262144&r=386345&adid=31007929&reid=13615425&arid=1&auid=&cn=defaultClick&et=c&_cc=&tpos=661&cr=]]></ClickTracking>
                                        </VideoClicks>
                                    </Linear>
                                </Creative>
                            </Creatives>
                            <Extensions>
                                <Extension type='FreeWheel'>
                                    <AdInfo customaid='PROGRAMMAT' gid='0' cid=';placeme' format='spot_standard' variant='NORMAL' exclusive='false' />
                                    <Parameter name='_fw_4AID'><![CDATA[PROGRAMMATIC]]></Parameter>
                                    <CreativeParameters>
                                        <CreativeParameter creativeId='4357846' name='translator.vast.loadWithCookie' type='Linear'><![CDATA[1]]></CreativeParameter>
                                        <CreativeParameter creativeId='4357846' name='_fw_4AID' type='Linear'><![CDATA[PROGRAMMATIC]]></CreativeParameter>
                                        <CreativeParameter creativeId='4357846' name='MMS_ID' type='Linear'><![CDATA[]]></CreativeParameter>
                                        <CreativeParameter creativeId='4357846' name='adobe_reporting' type='Linear'><![CDATA[advertiser_name:;advertiser_id:;campaign_name:;campaign_id:;placement_name:Dplay-se-web-mid-bumper 6s-last;placement_id:31007928;creative_name:Dplay-se-web-mid-bumper 6s-last;creative_id:4357846]]></CreativeParameter>
                                        <CreativeParameter creativeId='4357846' name='moat' type='Linear'><![CDATA[386345;386345;;;;;31007928;56784;g11761361;g542506;1324683;118766968;DPLAYSE_SV_SE1483978920527;4357846;13615425;7;midroll;;386345:DiscoverySBS_html5_live_secure_2;cpx-non;1602503513126642570]]></CreativeParameter>
                                    </CreativeParameters>
                                </Extension>
                            </Extensions>
                        </Wrapper>
                    </Ad>
                    <Ad id='40500517.140265369934848' sequence='3'> <!-- Not Played - Empty VAST -->
                        <Wrapper>
                            <AdSystem>FreeWheel</AdSystem>
                            <VASTAdTagURI><![CDATA[https://pubads.g.doubleclick.net/gampad/ads?iu=/21921738845/dplay_se_web/dplay_se_web_midroll_1&description_url=http%3A%2F%2Fwww.dplay.se&tfcd=0&npa=0&sz=640x480&gdfp_req=1&output=vast&unviewed_position_start=1&env=vp&impl=s&correlator=709&scor=725&nofb=1]]></VASTAdTagURI>
                            <Error><![CDATA[https://5e529.v.fwmrm.net/ad/l/1?s=d027&n=386345%3B386345&t=1602503513126642570&f=262144&r=386345&adid=40500517&reid=24733369&arid=0&iw=&uxnw=&uxss=&uxct=&et=e&cn=%5BERRORCODE%5D]]></Error>
                            <Impression><![CDATA[https://5e529.v.fwmrm.net/ad/l/1?s=d027&n=386345%3B386345&t=1602503513126642570&f=262144&r=386345&adid=40500517&reid=24733369&arid=0&auid=&cn=defaultImpression&et=i&_cc=40500517,24733369,51807.,30373.39848.51807.,1602503514,1&tpos=661&iw=&uxnw=&uxss=&uxct=&metr=121&init=1&vcid2=420f2af2f68c837b504505d7c0ee66692cdbc5f535e36d52bdd79b8884d65861&cr=]]></Impression>
                            <Creatives>
                                <Creative AdID='40500517' id='6459807'>
                                    <Linear>
                                        <TrackingEvents>
                                            <Tracking event='complete'><![CDATA[https://5e529.v.fwmrm.net/ad/l/1?s=d027&n=386345%3B386345&t=1602503513126642570&f=262144&r=386345&adid=40500517&reid=24733369&arid=0&auid=&cn=complete&et=i&_cc=&tpos=661&init=1&iw=&uxnw=&uxss=&uxct=&metr=121]]></Tracking>
                                            <Tracking event='firstQuartile'><![CDATA[https://5e529.v.fwmrm.net/ad/l/1?s=d027&n=386345%3B386345&t=1602503513126642570&f=262144&r=386345&adid=40500517&reid=24733369&arid=0&auid=&cn=firstQuartile&et=i&_cc=&tpos=661&init=1&iw=&uxnw=&uxss=&uxct=&metr=121]]></Tracking>
                                            <Tracking event='midpoint'><![CDATA[https://5e529.v.fwmrm.net/ad/l/1?s=d027&n=386345%3B386345&t=1602503513126642570&f=262144&r=386345&adid=40500517&reid=24733369&arid=0&auid=&cn=midPoint&et=i&_cc=&tpos=661&init=1&iw=&uxnw=&uxss=&uxct=&metr=121]]></Tracking>
                                            <Tracking event='thirdQuartile'><![CDATA[https://5e529.v.fwmrm.net/ad/l/1?s=d027&n=386345%3B386345&t=1602503513126642570&f=262144&r=386345&adid=40500517&reid=24733369&arid=0&auid=&cn=thirdQuartile&et=i&_cc=&tpos=661&init=1&iw=&uxnw=&uxss=&uxct=&metr=121]]></Tracking>
                                        </TrackingEvents>
                                        <VideoClicks>
                                            <ClickTracking id='FWc_40500517.0'><![CDATA[https://5e529.v.fwmrm.net/ad/l/1?s=d027&n=386345%3B386345&t=1602503513126642570&f=262144&r=386345&adid=40500517&reid=24733369&arid=0&auid=&cn=defaultClick&et=c&_cc=&tpos=661&cr=]]></ClickTracking>
                                        </VideoClicks>
                                    </Linear>
                                </Creative>
                            </Creatives>
                            <Extensions>
                                <Extension type='FreeWheel'>
                                    <AdInfo customaid='' gid='0' cid=';placeme' format='spot_standard' variant='NORMAL' exclusive='false' />
                                    <CreativeParameters>
                                        <CreativeParameter creativeId='6459807' name='translator.vast.loadWithCookie' type='Linear'><![CDATA[1]]></CreativeParameter>
                                        <CreativeParameter creativeId='6459807' name='MMS_ID' type='Linear'><![CDATA[]]></CreativeParameter>
                                        <CreativeParameter creativeId='6459807' name='adobe_reporting' type='Linear'><![CDATA[advertiser_name:;advertiser_id:;campaign_name:;campaign_id:;placement_name:DPLAY SE | Web | Midroll 1;placement_id:40500450;creative_name:DPLAY SE | Web | Midroll 1;creative_id:6459807]]></CreativeParameter>
                                        <CreativeParameter creativeId='6459807' name='moat' type='Linear'><![CDATA[386345;386345;;;;;40500450;48567;g11761361;g542506;1324683;118766968;DPLAYSE_SV_SE1483978920527;6459807;24733369;30;midroll;;386345:DiscoverySBS_html5_live_secure_2;cpx-non;1602503513126642570]]></CreativeParameter>
                                    </CreativeParameters>
                                </Extension>
                            </Extensions>
                        </Wrapper>
                    </Ad>
                    <Ad id='40500518.140265369963264'> <!-- Not played - Empty VAST -->
                        <Wrapper>
                            <AdSystem>FreeWheel</AdSystem>
                            <VASTAdTagURI><![CDATA[https://pubads.g.doubleclick.net/gampad/ads?iu=/21921738845/dplay_se_web/dplay_se_web_midroll_2&description_url=http%3A%2F%2Fwww.dplay.se&tfcd=0&npa=0&sz=640x480&gdfp_req=1&output=vast&unviewed_position_start=1&env=vp&correlator=709&scor=725&vpmute=0&vpa=0&vad_format=linear&url=http%3A%2F%2Fwww.dplay.se&vpos=midroll&videoad_start_delay=null&paln=]]></VASTAdTagURI>
                            <Error><![CDATA[https://5e529.v.fwmrm.net/ad/l/1?s=d027&n=386345%3B386345&t=1602503513126642570&f=262144&r=386345&adid=40500518&reid=24733388&arid=1&iw=&uxnw=&uxss=&uxct=&et=e&cn=%5BERRORCODE%5D]]></Error>
                            <Impression><![CDATA[https://5e529.v.fwmrm.net/ad/l/1?s=d027&n=386345%3B386345&t=1602503513126642570&f=262144&r=386345&adid=40500518&reid=24733388&arid=1&auid=&cn=defaultImpression&et=i&_cc=40500518,24733388,51807.,30373.39848.51807.,1602503514,1&tpos=661&iw=&uxnw=&uxss=&uxct=&metr=121&init=1&vcid2=420f2af2f68c837b504505d7c0ee66692cdbc5f535e36d52bdd79b8884d65861&cr=]]></Impression>
                            <Creatives>
                                <Creative AdID='40500518' id='6459818'>
                                    <Linear>
                                        <TrackingEvents>
                                            <Tracking event='complete'><![CDATA[https://5e529.v.fwmrm.net/ad/l/1?s=d027&n=386345%3B386345&t=1602503513126642570&f=262144&r=386345&adid=40500518&reid=24733388&arid=1&auid=&cn=complete&et=i&_cc=&tpos=661&init=1&iw=&uxnw=&uxss=&uxct=&metr=121]]></Tracking>
                                            <Tracking event='firstQuartile'><![CDATA[https://5e529.v.fwmrm.net/ad/l/1?s=d027&n=386345%3B386345&t=1602503513126642570&f=262144&r=386345&adid=40500518&reid=24733388&arid=1&auid=&cn=firstQuartile&et=i&_cc=&tpos=661&init=1&iw=&uxnw=&uxss=&uxct=&metr=121]]></Tracking>
                                            <Tracking event='midpoint'><![CDATA[https://5e529.v.fwmrm.net/ad/l/1?s=d027&n=386345%3B386345&t=1602503513126642570&f=262144&r=386345&adid=40500518&reid=24733388&arid=1&auid=&cn=midPoint&et=i&_cc=&tpos=661&init=1&iw=&uxnw=&uxss=&uxct=&metr=121]]></Tracking>
                                            <Tracking event='thirdQuartile'><![CDATA[https://5e529.v.fwmrm.net/ad/l/1?s=d027&n=386345%3B386345&t=1602503513126642570&f=262144&r=386345&adid=40500518&reid=24733388&arid=1&auid=&cn=thirdQuartile&et=i&_cc=&tpos=661&init=1&iw=&uxnw=&uxss=&uxct=&metr=121]]></Tracking>
                                        </TrackingEvents>
                                        <VideoClicks>
                                            <ClickTracking id='FWc_40500518.1'><![CDATA[https://5e529.v.fwmrm.net/ad/l/1?s=d027&n=386345%3B386345&t=1602503513126642570&f=262144&r=386345&adid=40500518&reid=24733388&arid=1&auid=&cn=defaultClick&et=c&_cc=&tpos=661&cr=]]></ClickTracking>
                                        </VideoClicks>
                                    </Linear>
                                </Creative>
                            </Creatives>
                            <Extensions>
                                <Extension type='FreeWheel'>
                                    <AdInfo customaid='' gid='0' cid=';placeme' format='spot_standard' variant='NORMAL' exclusive='false' />
                                    <CreativeParameters>
                                        <CreativeParameter creativeId='6459818' name='translator.vast.loadWithCookie' type='Linear'><![CDATA[1]]></CreativeParameter>
                                        <CreativeParameter creativeId='6459818' name='MMS_ID' type='Linear'><![CDATA[]]></CreativeParameter>
                                        <CreativeParameter creativeId='6459818' name='adobe_reporting' type='Linear'><![CDATA[advertiser_name:;advertiser_id:;campaign_name:;campaign_id:;placement_name:DPLAY SE | Web | Midroll 2;placement_id:40500514;creative_name:DPLAY SE | Web | Midroll 2;creative_id:6459818]]></CreativeParameter>
                                        <CreativeParameter creativeId='6459818' name='moat' type='Linear'><![CDATA[386345;386345;;;;;40500514;48567;g11761361;g542506;1324683;118766968;DPLAYSE_SV_SE1483978920527;6459818;24733388;30;midroll;;386345:DiscoverySBS_html5_live_secure_2;cpx-non;1602503513126642570]]></CreativeParameter>
                                    </CreativeParameters>
                                </Extension>
                            </Extensions>
                        </Wrapper>
                    </Ad>
                    <Ad id='40500519.140265369964032'> <!-- Not player - Empty VAST -->
                        <Wrapper>
                            <AdSystem>FreeWheel</AdSystem>
                            <VASTAdTagURI><![CDATA[https://pubads.g.doubleclick.net/gampad/ads?iu=/21921738845/dplay_se_web/dplay_se_web_midroll_3&description_url=http%3A%2F%2Fwww.dplay.se&tfcd=0&npa=0&sz=640x480&gdfp_req=1&output=vast&unviewed_position_start=1&env=vp&correlator=709&scor=725&vpmute=0&vpa=0&vad_format=linear&url=http%3A%2F%2Fwww.dplay.se&vpos=midroll&videoad_start_delay=null&paln=]]></VASTAdTagURI>
                            <Error><![CDATA[https://5e529.v.fwmrm.net/ad/l/1?s=d027&n=386345%3B386345&t=1602503513126642570&f=262144&r=386345&adid=40500519&reid=24733413&arid=1&iw=&uxnw=&uxss=&uxct=&et=e&cn=%5BERRORCODE%5D]]></Error>
                            <Impression><![CDATA[https://5e529.v.fwmrm.net/ad/l/1?s=d027&n=386345%3B386345&t=1602503513126642570&f=262144&r=386345&adid=40500519&reid=24733413&arid=1&auid=&cn=defaultImpression&et=i&_cc=40500519,24733413,51807.,30373.39848.51807.,1602503514,1&tpos=661&iw=&uxnw=&uxss=&uxct=&metr=121&init=1&vcid2=420f2af2f68c837b504505d7c0ee66692cdbc5f535e36d52bdd79b8884d65861&cr=]]></Impression>
                            <Creatives>
                                <Creative AdID='40500519' id='6459825'>
                                    <Linear>
                                        <TrackingEvents>
                                            <Tracking event='complete'><![CDATA[https://5e529.v.fwmrm.net/ad/l/1?s=d027&n=386345%3B386345&t=1602503513126642570&f=262144&r=386345&adid=40500519&reid=24733413&arid=1&auid=&cn=complete&et=i&_cc=&tpos=661&init=1&iw=&uxnw=&uxss=&uxct=&metr=121]]></Tracking>
                                            <Tracking event='firstQuartile'><![CDATA[https://5e529.v.fwmrm.net/ad/l/1?s=d027&n=386345%3B386345&t=1602503513126642570&f=262144&r=386345&adid=40500519&reid=24733413&arid=1&auid=&cn=firstQuartile&et=i&_cc=&tpos=661&init=1&iw=&uxnw=&uxss=&uxct=&metr=121]]></Tracking>
                                            <Tracking event='midpoint'><![CDATA[https://5e529.v.fwmrm.net/ad/l/1?s=d027&n=386345%3B386345&t=1602503513126642570&f=262144&r=386345&adid=40500519&reid=24733413&arid=1&auid=&cn=midPoint&et=i&_cc=&tpos=661&init=1&iw=&uxnw=&uxss=&uxct=&metr=121]]></Tracking>
                                            <Tracking event='thirdQuartile'><![CDATA[https://5e529.v.fwmrm.net/ad/l/1?s=d027&n=386345%3B386345&t=1602503513126642570&f=262144&r=386345&adid=40500519&reid=24733413&arid=1&auid=&cn=thirdQuartile&et=i&_cc=&tpos=661&init=1&iw=&uxnw=&uxss=&uxct=&metr=121]]></Tracking>
                                        </TrackingEvents>
                                        <VideoClicks>
                                            <ClickTracking id='FWc_40500519.1'><![CDATA[https://5e529.v.fwmrm.net/ad/l/1?s=d027&n=386345%3B386345&t=1602503513126642570&f=262144&r=386345&adid=40500519&reid=24733413&arid=1&auid=&cn=defaultClick&et=c&_cc=&tpos=661&cr=]]></ClickTracking>
                                        </VideoClicks>
                                    </Linear>
                                </Creative>
                            </Creatives>
                            <Extensions>
                                <Extension type='FreeWheel'>
                                    <AdInfo customaid='' gid='0' cid=';placeme' format='spot_standard' variant='NORMAL' exclusive='false' />
                                    <CreativeParameters>
                                        <CreativeParameter creativeId='6459825' name='translator.vast.loadWithCookie' type='Linear'><![CDATA[1]]></CreativeParameter>
                                        <CreativeParameter creativeId='6459825' name='MMS_ID' type='Linear'><![CDATA[]]></CreativeParameter>
                                        <CreativeParameter creativeId='6459825' name='adobe_reporting' type='Linear'><![CDATA[advertiser_name:;advertiser_id:;campaign_name:;campaign_id:;placement_name:DPLAY SE | Web | Midroll 3;placement_id:40500515;creative_name:DPLAY SE | Web | Midroll 3;creative_id:6459825]]></CreativeParameter>
                                        <CreativeParameter creativeId='6459825' name='moat' type='Linear'><![CDATA[386345;386345;;;;;40500515;48567;g11761361;g542506;1324683;118766968;DPLAYSE_SV_SE1483978920527;6459825;24733413;30;midroll;;386345:DiscoverySBS_html5_live_secure_2;cpx-non;1602503513126642570]]></CreativeParameter>
                                    </CreativeParameters>
                                </Extension>
                            </Extensions>
                        </Wrapper>
                    </Ad>
                    <Ad id='32456484.140265369964800'> <!-- EMPTY VAST -->
                        <Wrapper>
                            <AdSystem>FreeWheel</AdSystem>
                            <VASTAdTagURI><![CDATA[https://ads.stickyadstv.com/www/delivery/swfIndex.php?reqType=AdsSetup&protocolVersion=2.0&zoneId=7983569]]></VASTAdTagURI>
                            <Error><![CDATA[https://5e529.v.fwmrm.net/ad/l/1?s=d027&n=386345%3B386345&t=1602503513126642570&f=262144&r=386345&adid=32456484&reid=14884395&arid=1&iw=&uxnw=&uxss=&uxct=&et=e&cn=%5BERRORCODE%5D]]></Error>
                            <Impression><![CDATA[https://5e529.v.fwmrm.net/ad/l/1?s=d027&n=386345%3B386345&t=1602503513126642570&f=262144&r=386345&adid=32456484&reid=14884395&arid=1&auid=&cn=defaultImpression&et=i&_cc=32456484,14884395,39848.,30373.39848.51807.,1602503514,1&tpos=661&iw=&uxnw=&uxss=&uxct=&metr=121&init=1&vcid2=420f2af2f68c837b504505d7c0ee66692cdbc5f535e36d52bdd79b8884d65861&cr=]]></Impression>
                            <Creatives>
                                <Creative AdID='32456484' id='4603587'>
                                    <Linear>
                                        <TrackingEvents>
                                            <Tracking event='complete'><![CDATA[https://5e529.v.fwmrm.net/ad/l/1?s=d027&n=386345%3B386345&t=1602503513126642570&f=262144&r=386345&adid=32456484&reid=14884395&arid=1&auid=&cn=complete&et=i&_cc=&tpos=661&init=1&iw=&uxnw=&uxss=&uxct=&metr=121]]></Tracking>
                                            <Tracking event='firstQuartile'><![CDATA[https://5e529.v.fwmrm.net/ad/l/1?s=d027&n=386345%3B386345&t=1602503513126642570&f=262144&r=386345&adid=32456484&reid=14884395&arid=1&auid=&cn=firstQuartile&et=i&_cc=&tpos=661&init=1&iw=&uxnw=&uxss=&uxct=&metr=121]]></Tracking>
                                            <Tracking event='midpoint'><![CDATA[https://5e529.v.fwmrm.net/ad/l/1?s=d027&n=386345%3B386345&t=1602503513126642570&f=262144&r=386345&adid=32456484&reid=14884395&arid=1&auid=&cn=midPoint&et=i&_cc=&tpos=661&init=1&iw=&uxnw=&uxss=&uxct=&metr=121]]></Tracking>
                                            <Tracking event='thirdQuartile'><![CDATA[https://5e529.v.fwmrm.net/ad/l/1?s=d027&n=386345%3B386345&t=1602503513126642570&f=262144&r=386345&adid=32456484&reid=14884395&arid=1&auid=&cn=thirdQuartile&et=i&_cc=&tpos=661&init=1&iw=&uxnw=&uxss=&uxct=&metr=121]]></Tracking>
                                        </TrackingEvents>
                                        <VideoClicks>
                                            <ClickTracking id='FWc_32456484.1'><![CDATA[https://5e529.v.fwmrm.net/ad/l/1?s=d027&n=386345%3B386345&t=1602503513126642570&f=262144&r=386345&adid=32456484&reid=14884395&arid=1&auid=&cn=defaultClick&et=c&_cc=&tpos=661&cr=]]></ClickTracking>
                                        </VideoClicks>
                                    </Linear>
                                </Creative>
                            </Creatives>
                            <Extensions>
                                <Extension type='FreeWheel'>
                                    <AdInfo customaid='PROGRAMMAT' gid='0' cid=';placeme' format='spot_standard' variant='NORMAL' exclusive='false' />
                                    <Parameter name='_fw_4AID'><![CDATA[PROGRAMMATIC]]></Parameter>
                                    <CreativeParameters>
                                        <CreativeParameter creativeId='4603587' name='translator.vast.loadWithCookie' type='Linear'><![CDATA[1]]></CreativeParameter>
                                        <CreativeParameter creativeId='4603587' name='_fw_4AID' type='Linear'><![CDATA[PROGRAMMATIC]]></CreativeParameter>
                                        <CreativeParameter creativeId='4603587' name='MMS_ID' type='Linear'><![CDATA[]]></CreativeParameter>
                                        <CreativeParameter creativeId='4603587' name='adobe_reporting' type='Linear'><![CDATA[advertiser_name:;advertiser_id:;campaign_name:;campaign_id:;placement_name:SE Freewheel SSP web Midroll-5;placement_id:32456483;creative_name:Dplay-se-web-midroll-5;creative_id:4603587]]></CreativeParameter>
                                        <CreativeParameter creativeId='4603587' name='moat' type='Linear'><![CDATA[386345;386345;;;;;32456483;48567;g11761361;g542506;1324683;118766968;DPLAYSE_SV_SE1483978920527;4603587;14884395;30;midroll;;386345:DiscoverySBS_html5_live_secure_2;cpx-non;1602503513126642570]]></CreativeParameter>
                                    </CreativeParameters>
                                </Extension>
                            </Extensions>
                        </Wrapper>
                    </Ad>
                    <Ad id='29119084.140265369965568'> <!-- EMPTY VAST -->
                        <Wrapper>
                            <AdSystem>FreeWheel</AdSystem>
                            <VASTAdTagURI><![CDATA[https://ads.stickyadstv.com/www/delivery/swfIndex.php?reqType=AdsSetup&protocolVersion=2.0&zoneId=7110369]]></VASTAdTagURI>
                            <Error><![CDATA[https://5e529.v.fwmrm.net/ad/l/1?s=d027&n=386345%3B386345&t=1602503513126642570&f=262144&r=386345&adid=29119084&reid=12497924&arid=1&iw=&uxnw=&uxss=&uxct=&et=e&cn=%5BERRORCODE%5D]]></Error>
                            <Impression><![CDATA[https://5e529.v.fwmrm.net/ad/l/1?s=d027&n=386345%3B386345&t=1602503513126642570&f=262144&r=386345&adid=29119084&reid=12497924&arid=1&auid=&cn=defaultImpression&et=i&_cc=29119084,12497924,39848.,30373.39848.51807.,1602503514,1&tpos=661&iw=&uxnw=&uxss=&uxct=&metr=121&init=1&vcid2=420f2af2f68c837b504505d7c0ee66692cdbc5f535e36d52bdd79b8884d65861&cr=]]></Impression>
                            <Creatives>
                                <Creative AdID='29119084' id='4122623'>
                                    <Linear>
                                        <TrackingEvents>
                                            <Tracking event='complete'><![CDATA[https://5e529.v.fwmrm.net/ad/l/1?s=d027&n=386345%3B386345&t=1602503513126642570&f=262144&r=386345&adid=29119084&reid=12497924&arid=1&auid=&cn=complete&et=i&_cc=&tpos=661&init=1&iw=&uxnw=&uxss=&uxct=&metr=121]]></Tracking>
                                            <Tracking event='firstQuartile'><![CDATA[https://5e529.v.fwmrm.net/ad/l/1?s=d027&n=386345%3B386345&t=1602503513126642570&f=262144&r=386345&adid=29119084&reid=12497924&arid=1&auid=&cn=firstQuartile&et=i&_cc=&tpos=661&init=1&iw=&uxnw=&uxss=&uxct=&metr=121]]></Tracking>
                                            <Tracking event='midpoint'><![CDATA[https://5e529.v.fwmrm.net/ad/l/1?s=d027&n=386345%3B386345&t=1602503513126642570&f=262144&r=386345&adid=29119084&reid=12497924&arid=1&auid=&cn=midPoint&et=i&_cc=&tpos=661&init=1&iw=&uxnw=&uxss=&uxct=&metr=121]]></Tracking>
                                            <Tracking event='thirdQuartile'><![CDATA[https://5e529.v.fwmrm.net/ad/l/1?s=d027&n=386345%3B386345&t=1602503513126642570&f=262144&r=386345&adid=29119084&reid=12497924&arid=1&auid=&cn=thirdQuartile&et=i&_cc=&tpos=661&init=1&iw=&uxnw=&uxss=&uxct=&metr=121]]></Tracking>
                                        </TrackingEvents>
                                        <VideoClicks>
                                            <ClickTracking id='FWc_29119084.1'><![CDATA[https://5e529.v.fwmrm.net/ad/l/1?s=d027&n=386345%3B386345&t=1602503513126642570&f=262144&r=386345&adid=29119084&reid=12497924&arid=1&auid=&cn=defaultClick&et=c&_cc=&tpos=661&cr=]]></ClickTracking>
                                        </VideoClicks>
                                    </Linear>
                                </Creative>
                            </Creatives>
                            <Extensions>
                                <Extension type='FreeWheel'>
                                    <AdInfo customaid='PROGRAMMAT' gid='0' cid=';placeme' format='spot_standard' variant='NORMAL' exclusive='false' />
                                    <Parameter name='_fw_4AID'><![CDATA[PROGRAMMATIC]]></Parameter>
                                    <CreativeParameters>
                                        <CreativeParameter creativeId='4122623' name='translator.vast.loadWithCookie' type='Linear'><![CDATA[1]]></CreativeParameter>
                                        <CreativeParameter creativeId='4122623' name='mms_customadid' type='Linear'><![CDATA[PROGRAMMATIC]]></CreativeParameter>
                                        <CreativeParameter creativeId='4122623' name='_fw_4AID' type='Linear'><![CDATA[PROGRAMMATIC]]></CreativeParameter>
                                        <CreativeParameter creativeId='4122623' name='MMS_ID' type='Linear'><![CDATA[]]></CreativeParameter>
                                        <CreativeParameter creativeId='4122623' name='adobe_reporting' type='Linear'><![CDATA[advertiser_name:;advertiser_id:;campaign_name:;campaign_id:;placement_name:SE Freewheel SSP web Midroll-2;placement_id:29119083;creative_name:Dplay-se-web-midroll-2;creative_id:4122623]]></CreativeParameter>
                                        <CreativeParameter creativeId='4122623' name='moat' type='Linear'><![CDATA[386345;386345;;;;;29119083;48567;g11761361;g542506;1324683;118766968;DPLAYSE_SV_SE1483978920527;4122623;12497924;30;midroll;;386345:DiscoverySBS_html5_live_secure_2;cpx-non;1602503513126642570]]></CreativeParameter>
                                    </CreativeParameters>
                                </Extension>
                            </Extensions>
                        </Wrapper>
                    </Ad>
                    <Ad id='40981803.140265369966336'> <!-- PLAYED -->
                        <InLine>
                            <AdSystem>FreeWheel</AdSystem>
                            <AdTitle>SE Riksbyggen v.42-43 (103 392) Stockholm 2020</AdTitle>
                            <Error><![CDATA[https://5e529.v.fwmrm.net/ad/l/1?s=d027&n=386345%3B386345&t=1602503513126642570&f=262144&r=386345&adid=40981803&reid=39023005&arid=2&iw=&uxnw=&uxss=&uxct=&et=e&cn=%5BERRORCODE%5D]]></Error>
                            <Impression id='FWi_40981803.2'><![CDATA[https://5e529.v.fwmrm.net/ad/l/1?s=d027&n=386345%3B386345&t=1602503513126642570&f=262144&r=386345&adid=40981803&reid=39023005&arid=2&auid=&cn=defaultImpression&et=i&_cc=40981803,39023005,,30373.39848.51807.,1602503514,1&tpos=661&iw=&uxnw=&uxss=&uxct=&metr=121&init=1&vcid2=420f2af2f68c837b504505d7c0ee66692cdbc5f535e36d52bdd79b8884d65861&cr=https%3A//track.adform.net/adfserve/%3Fbn%3D40547104%3B1x1inv%3D1%3Bsrctype%3D3%3Bord%3D2124690554]]></Impression>
                            <Creatives>
                                <Creative AdID='40981803' id='7988212'>
                                    <Linear>
                                        <Duration>00:00:15</Duration>
                                        <TrackingEvents>
                                            <Tracking event='complete'><![CDATA[https://5e529.v.fwmrm.net/ad/l/1?s=d027&n=386345%3B386345&t=1602503513126642570&f=262144&r=386345&adid=40981803&reid=39023005&arid=2&auid=&cn=complete&et=i&_cc=&tpos=661&init=1&iw=&uxnw=&uxss=&uxct=&metr=121]]></Tracking>
                                            <Tracking event='firstQuartile'><![CDATA[https://5e529.v.fwmrm.net/ad/l/1?s=d027&n=386345%3B386345&t=1602503513126642570&f=262144&r=386345&adid=40981803&reid=39023005&arid=2&auid=&cn=firstQuartile&et=i&_cc=&tpos=661&init=1&iw=&uxnw=&uxss=&uxct=&metr=121]]></Tracking>
                                            <Tracking event='midpoint'><![CDATA[https://5e529.v.fwmrm.net/ad/l/1?s=d027&n=386345%3B386345&t=1602503513126642570&f=262144&r=386345&adid=40981803&reid=39023005&arid=2&auid=&cn=midPoint&et=i&_cc=&tpos=661&init=1&iw=&uxnw=&uxss=&uxct=&metr=121]]></Tracking>
                                            <Tracking event='thirdQuartile'><![CDATA[https://5e529.v.fwmrm.net/ad/l/1?s=d027&n=386345%3B386345&t=1602503513126642570&f=262144&r=386345&adid=40981803&reid=39023005&arid=2&auid=&cn=thirdQuartile&et=i&_cc=&tpos=661&init=1&iw=&uxnw=&uxss=&uxct=&metr=121]]></Tracking>
                                        </TrackingEvents>
                                        <VideoClicks>
                                            <ClickThrough id='FWc_40981803.2'><![CDATA[https://5e529.v.fwmrm.net/ad/l/1?s=d027&n=386345%3B386345&t=1602503513126642570&f=262144&r=386345&adid=40981803&reid=39023005&arid=2&auid=&cn=defaultClick&et=c&_cc=&tpos=661&cr=https%3A//track.adform.net/C/%3Fbn%3D40547104]]></ClickThrough>
                                        </VideoClicks>
                                        <MediaFiles>
                                            <MediaFile bitrate='1635' delivery='progressive' height='720' id='39023005' type='video/mp4' width='1280'><![CDATA[https://dni-adops-proxy-prod-adopsmediaconverter.mercury.dnitv.com/386345/788473/S1MQCM1504_2020-10-05T14:48:58Z_1280x720.mp4]]></MediaFile>
                                            <MediaFile bitrate='3499' delivery='progressive' height='1080' id='39023006' type='video/mp4' width='1920'><![CDATA[https://dni-adops-proxy-prod-adopsmediaconverter.mercury.dnitv.com/386345/788473/S1MQCM1504_2020-10-05T14:48:58Z_1920x1080.mp4]]></MediaFile>
                                            <MediaFile bitrate='699' delivery='progressive' height='360' id='39023007' type='video/mp4' width='640'><![CDATA[https://dni-adops-proxy-prod-adopsmediaconverter.mercury.dnitv.com/386345/788473/S1MQCM1504_2020-10-05T14:48:58Z_640x360.mp4]]></MediaFile>
                                            <MediaFile bitrate='985' delivery='progressive' height='480' id='39023008' type='video/mp4' width='854'><![CDATA[https://dni-adops-proxy-prod-adopsmediaconverter.mercury.dnitv.com/386345/788473/S1MQCM1504_2020-10-05T14:48:58Z_854x480.mp4]]></MediaFile>
                                            <MediaFile bitrate='1118' delivery='progressive' height='540' id='39023009' type='video/mp4' width='960'><![CDATA[https://dni-adops-proxy-prod-adopsmediaconverter.mercury.dnitv.com/386345/788473/S1MQCM1504_2020-10-05T14:48:58Z_960x540.mp4]]></MediaFile>
                                        </MediaFiles>
                                    </Linear>
                                </Creative>
                            </Creatives>
                            <Extensions>
                                <Extension type='FreeWheel'>
                                    <AdInfo customaid='S1MQCM1504' gid='0' cid='40981723' format='spot_standard' variant='NORMAL' exclusive='false' />
                                    <Parameter name='_fw_4AID'><![CDATA[S1MQCM1504]]></Parameter>
                                    <CreativeParameters>
                                        <CreativeParameter creativeId='7988212' name='_fw_4AID' type='Linear'><![CDATA[S1MQCM1504]]></CreativeParameter>
                                        <CreativeParameter creativeId='7988212' name='MMS_ID' type='Linear'><![CDATA[]]></CreativeParameter>
                                        <CreativeParameter creativeId='7988212' name='adobe_reporting' type='Linear'><![CDATA[advertiser_name:SE Riksbyggen;advertiser_id:788473;campaign_name:SE Riksbyggen;campaign_id:40981723;placement_name:SE Riksbyggen v.42-43 (103 392) Stockholm 2020;placement_id:40981802;creative_name:S1MQCM1504.mp4;creative_id:7988212]]></CreativeParameter>
                                        <CreativeParameter creativeId='7988212' name='moat' type='Linear'><![CDATA[386345;386345;788473;40981723;40981726;;40981802;48567;g11761361;g542506;1324683;118766968;DPLAYSE_SV_SE1483978920527;7988212;39023005;15;midroll;;386345:DiscoverySBS_html5_live_secure_2;cpx-non;1602503513126642570]]></CreativeParameter>
                                    </CreativeParameters>
                                </Extension>
                            </Extensions>
                        </InLine>
                    </Ad>
                    <Ad id='40500520.140265369937152' sequence='4'> <!-- EMPTY VAST -->
                        <Wrapper>
                            <AdSystem>FreeWheel</AdSystem>
                            <VASTAdTagURI><![CDATA[https://pubads.g.doubleclick.net/gampad/ads?iu=/21921738845/dplay_se_web/dplay_se_web_midroll_4&description_url=http%3A%2F%2Fwww.dplay.se&tfcd=0&npa=0&sz=640x480&gdfp_req=1&output=vast&unviewed_position_start=1&env=vp&correlator=709&scor=725&vpmute=0&vpa=0&vad_format=linear&url=http%3A%2F%2Fwww.dplay.se&vpos=midroll&videoad_start_delay=null&paln=]]></VASTAdTagURI>
                            <Error><![CDATA[https://5e529.v.fwmrm.net/ad/l/1?s=d027&n=386345%3B386345&t=1602503513126642570&f=262144&r=386345&adid=40500520&reid=24733434&arid=0&iw=&uxnw=&uxss=&uxct=&et=e&cn=%5BERRORCODE%5D]]></Error>
                            <Impression><![CDATA[https://5e529.v.fwmrm.net/ad/l/1?s=d027&n=386345%3B386345&t=1602503513126642570&f=262144&r=386345&adid=40500520&reid=24733434&arid=0&auid=&cn=defaultImpression&et=i&_cc=40500520,24733434,51807.,30373.39848.51807.,1602503514,1&tpos=661&iw=&uxnw=&uxss=&uxct=&metr=121&init=1&vcid2=420f2af2f68c837b504505d7c0ee66692cdbc5f535e36d52bdd79b8884d65861&cr=]]></Impression>
                            <Creatives>
                                <Creative AdID='40500520' id='6459831'>
                                    <Linear>
                                        <TrackingEvents>
                                            <Tracking event='complete'><![CDATA[https://5e529.v.fwmrm.net/ad/l/1?s=d027&n=386345%3B386345&t=1602503513126642570&f=262144&r=386345&adid=40500520&reid=24733434&arid=0&auid=&cn=complete&et=i&_cc=&tpos=661&init=1&iw=&uxnw=&uxss=&uxct=&metr=121]]></Tracking>
                                            <Tracking event='firstQuartile'><![CDATA[https://5e529.v.fwmrm.net/ad/l/1?s=d027&n=386345%3B386345&t=1602503513126642570&f=262144&r=386345&adid=40500520&reid=24733434&arid=0&auid=&cn=firstQuartile&et=i&_cc=&tpos=661&init=1&iw=&uxnw=&uxss=&uxct=&metr=121]]></Tracking>
                                            <Tracking event='midpoint'><![CDATA[https://5e529.v.fwmrm.net/ad/l/1?s=d027&n=386345%3B386345&t=1602503513126642570&f=262144&r=386345&adid=40500520&reid=24733434&arid=0&auid=&cn=midPoint&et=i&_cc=&tpos=661&init=1&iw=&uxnw=&uxss=&uxct=&metr=121]]></Tracking>
                                            <Tracking event='thirdQuartile'><![CDATA[https://5e529.v.fwmrm.net/ad/l/1?s=d027&n=386345%3B386345&t=1602503513126642570&f=262144&r=386345&adid=40500520&reid=24733434&arid=0&auid=&cn=thirdQuartile&et=i&_cc=&tpos=661&init=1&iw=&uxnw=&uxss=&uxct=&metr=121]]></Tracking>
                                        </TrackingEvents>
                                        <VideoClicks>
                                            <ClickTracking id='FWc_40500520.0'><![CDATA[https://5e529.v.fwmrm.net/ad/l/1?s=d027&n=386345%3B386345&t=1602503513126642570&f=262144&r=386345&adid=40500520&reid=24733434&arid=0&auid=&cn=defaultClick&et=c&_cc=&tpos=661&cr=]]></ClickTracking>
                                        </VideoClicks>
                                    </Linear>
                                </Creative>
                            </Creatives>
                            <Extensions>
                                <Extension type='FreeWheel'>
                                    <AdInfo customaid='' gid='0' cid=';placeme' format='spot_standard' variant='NORMAL' exclusive='false' />
                                    <CreativeParameters>
                                        <CreativeParameter creativeId='6459831' name='translator.vast.loadWithCookie' type='Linear'><![CDATA[1]]></CreativeParameter>
                                        <CreativeParameter creativeId='6459831' name='MMS_ID' type='Linear'><![CDATA[]]></CreativeParameter>
                                        <CreativeParameter creativeId='6459831' name='adobe_reporting' type='Linear'><![CDATA[advertiser_name:;advertiser_id:;campaign_name:;campaign_id:;placement_name:DPLAY SE | Web | Midroll 4;placement_id:40500516;creative_name:DPLAY SE | Web | Midroll 4;creative_id:6459831]]></CreativeParameter>
                                        <CreativeParameter creativeId='6459831' name='moat' type='Linear'><![CDATA[386345;386345;;;;;40500516;48567;g11761361;g542506;1324683;118766968;DPLAYSE_SV_SE1483978920527;6459831;24733434;30;midroll;;386345:DiscoverySBS_html5_live_secure_2;cpx-non;1602503513126642570]]></CreativeParameter>
                                    </CreativeParameters>
                                </Extension>
                            </Extensions>
                        </Wrapper>
                    </Ad>
                    <Ad id='47640601.140265369967104'>
                        <InLine>
                            <AdSystem>FreeWheel</AdSystem>
                            <AdTitle>SE Samsung FE v.42-43 (404 041)</AdTitle>
                            <Error><![CDATA[https://5e529.v.fwmrm.net/ad/l/1?s=d027&n=386345%3B386345&t=1602503513126642570&f=262144&r=386345&adid=47640601&reid=39390894&arid=2&iw=&uxnw=&uxss=&uxct=&et=e&cn=%5BERRORCODE%5D]]></Error>
                            <Impression id='FWi_47640601.2'><![CDATA[https://5e529.v.fwmrm.net/ad/l/1?s=d027&n=386345%3B386345&t=1602503513126642570&f=262144&r=386345&adid=47640601&reid=39390894&arid=2&auid=&cn=defaultImpression&et=i&_cc=47640601,39390894,,30373.39848.51807.,1602503514,1&tpos=661&iw=&uxnw=&uxss=&uxct=&metr=121&init=1&vcid2=420f2af2f68c837b504505d7c0ee66692cdbc5f535e36d52bdd79b8884d65861&cr=]]></Impression>
                            <Creatives>
                                <Creative AdID='47640601' id='8019158'>
                                    <Linear>
                                        <Duration>00:00:20</Duration>
                                        <TrackingEvents>
                                            <Tracking event='complete'><![CDATA[https://5e529.v.fwmrm.net/ad/l/1?s=d027&n=386345%3B386345&t=1602503513126642570&f=262144&r=386345&adid=47640601&reid=39390894&arid=2&auid=&cn=complete&et=i&_cc=&tpos=661&init=1&iw=&uxnw=&uxss=&uxct=&metr=121]]></Tracking>
                                            <Tracking event='firstQuartile'><![CDATA[https://5e529.v.fwmrm.net/ad/l/1?s=d027&n=386345%3B386345&t=1602503513126642570&f=262144&r=386345&adid=47640601&reid=39390894&arid=2&auid=&cn=firstQuartile&et=i&_cc=&tpos=661&init=1&iw=&uxnw=&uxss=&uxct=&metr=121]]></Tracking>
                                            <Tracking event='midpoint'><![CDATA[https://5e529.v.fwmrm.net/ad/l/1?s=d027&n=386345%3B386345&t=1602503513126642570&f=262144&r=386345&adid=47640601&reid=39390894&arid=2&auid=&cn=midPoint&et=i&_cc=&tpos=661&init=1&iw=&uxnw=&uxss=&uxct=&metr=121]]></Tracking>
                                            <Tracking event='thirdQuartile'><![CDATA[https://5e529.v.fwmrm.net/ad/l/1?s=d027&n=386345%3B386345&t=1602503513126642570&f=262144&r=386345&adid=47640601&reid=39390894&arid=2&auid=&cn=thirdQuartile&et=i&_cc=&tpos=661&init=1&iw=&uxnw=&uxss=&uxct=&metr=121]]></Tracking>
                                        </TrackingEvents>
                                        <VideoClicks>
                                            <ClickTracking id='FWc_47640601.2'><![CDATA[https://5e529.v.fwmrm.net/ad/l/1?s=d027&n=386345%3B386345&t=1602503513126642570&f=262144&r=386345&adid=47640601&reid=39390894&arid=2&auid=&cn=defaultClick&et=c&_cc=&tpos=661&cr=]]></ClickTracking>
                                        </VideoClicks>
                                        <MediaFiles>
                                            <MediaFile bitrate='1838' delivery='progressive' height='720' id='39390894' type='video/mp4' width='1280'><![CDATA[https://dni-adops-proxy-prod-adopsmediaconverter.mercury.dnitv.com/386345/809235/SamsungS1SMSU2071_2020-10-06T10:41:13Z_1280x720.mp4]]></MediaFile>
                                            <MediaFile bitrate='3083' delivery='progressive' height='1080' id='39390895' type='video/mp4' width='1920'><![CDATA[https://dni-adops-proxy-prod-adopsmediaconverter.mercury.dnitv.com/386345/809235/SamsungS1SMSU2071_2020-10-06T10:41:13Z_1920x1080.mp4]]></MediaFile>
                                            <MediaFile bitrate='936' delivery='progressive' height='360' id='39390896' type='video/mp4' width='640'><![CDATA[https://dni-adops-proxy-prod-adopsmediaconverter.mercury.dnitv.com/386345/809235/SamsungS1SMSU2071_2020-10-06T10:41:13Z_640x360.mp4]]></MediaFile>
                                            <MediaFile bitrate='1232' delivery='progressive' height='480' id='39390897' type='video/mp4' width='854'><![CDATA[https://dni-adops-proxy-prod-adopsmediaconverter.mercury.dnitv.com/386345/809235/SamsungS1SMSU2071_2020-10-06T10:41:13Z_854x480.mp4]]></MediaFile>
                                            <MediaFile bitrate='1354' delivery='progressive' height='540' id='39390898' type='video/mp4' width='960'><![CDATA[https://dni-adops-proxy-prod-adopsmediaconverter.mercury.dnitv.com/386345/809235/SamsungS1SMSU2071_2020-10-06T10:41:13Z_960x540.mp4]]></MediaFile>
                                        </MediaFiles>
                                    </Linear>
                                </Creative>
                            </Creatives>
                            <Extensions>
                                <Extension type='FreeWheel'>
                                    <AdInfo customaid='S1SMSU2071' gid='0' cid='33035763' format='spot_standard' variant='NORMAL' exclusive='false' />
                                    <Parameter name='_fw_4AID'><![CDATA[S1SMSU2071]]></Parameter>
                                    <CreativeParameters>
                                        <CreativeParameter creativeId='8019158' name='_fw_4AID' type='Linear'><![CDATA[S1SMSU2071]]></CreativeParameter>
                                        <CreativeParameter creativeId='8019158' name='MMS_ID' type='Linear'><![CDATA[]]></CreativeParameter>
                                        <CreativeParameter creativeId='8019158' name='adobe_reporting' type='Linear'><![CDATA[advertiser_name:SE Samsung;advertiser_id:809235;campaign_name:SE Samsung;campaign_id:33035763;placement_name:SE Samsung FE v.42-43 (404 041);placement_id:47640600;creative_name:SamsungS1SMSU2071.mp4;creative_id:8019158]]></CreativeParameter>
                                        <CreativeParameter creativeId='8019158' name='moat' type='Linear'><![CDATA[386345;386345;809235;33035763;47080235;;47640600;48567;g11761361;g542506;1324683;118766968;DPLAYSE_SV_SE1483978920527;8019158;39390894;20;midroll;;386345:DiscoverySBS_html5_live_secure_2;cpx-non;1602503513126642570]]></CreativeParameter>
                                    </CreativeParameters>
                                </Extension>
                            </Extensions>
                        </InLine>
                    </Ad>
                    <Ad id='32456523.140264947476992' sequence='5'>
                        <Wrapper>
                            <AdSystem>FreeWheel</AdSystem>
                            <VASTAdTagURI><![CDATA[https://ads.stickyadstv.com/www/delivery/swfIndex.php?reqType=AdsSetup&protocolVersion=2.0&zoneId=7983601]]></VASTAdTagURI>
                            <Error><![CDATA[https://5e529.v.fwmrm.net/ad/l/1?s=d027&n=386345%3B386345&t=1602503513126642570&f=262144&r=386345&adid=32456523&reid=14884444&arid=0&iw=&uxnw=&uxss=&uxct=&et=e&cn=%5BERRORCODE%5D]]></Error>
                            <Impression><![CDATA[https://5e529.v.fwmrm.net/ad/l/1?s=d027&n=386345%3B386345&t=1602503513126642570&f=262144&r=386345&adid=32456523&reid=14884444&arid=0&auid=&cn=defaultImpression&et=i&_cc=32456523,14884444,39848.,30373.39848.51807.,1602503514,1&tpos=661&iw=&uxnw=&uxss=&uxct=&metr=121&init=1&vcid2=420f2af2f68c837b504505d7c0ee66692cdbc5f535e36d52bdd79b8884d65861&cr=]]></Impression>
                            <Creatives>
                                <Creative AdID='32456523' id='4603596'>
                                    <Linear>
                                        <TrackingEvents>
                                            <Tracking event='complete'><![CDATA[https://5e529.v.fwmrm.net/ad/l/1?s=d027&n=386345%3B386345&t=1602503513126642570&f=262144&r=386345&adid=32456523&reid=14884444&arid=0&auid=&cn=complete&et=i&_cc=&tpos=661&init=1&iw=&uxnw=&uxss=&uxct=&metr=121]]></Tracking>
                                            <Tracking event='firstQuartile'><![CDATA[https://5e529.v.fwmrm.net/ad/l/1?s=d027&n=386345%3B386345&t=1602503513126642570&f=262144&r=386345&adid=32456523&reid=14884444&arid=0&auid=&cn=firstQuartile&et=i&_cc=&tpos=661&init=1&iw=&uxnw=&uxss=&uxct=&metr=121]]></Tracking>
                                            <Tracking event='midpoint'><![CDATA[https://5e529.v.fwmrm.net/ad/l/1?s=d027&n=386345%3B386345&t=1602503513126642570&f=262144&r=386345&adid=32456523&reid=14884444&arid=0&auid=&cn=midPoint&et=i&_cc=&tpos=661&init=1&iw=&uxnw=&uxss=&uxct=&metr=121]]></Tracking>
                                            <Tracking event='thirdQuartile'><![CDATA[https://5e529.v.fwmrm.net/ad/l/1?s=d027&n=386345%3B386345&t=1602503513126642570&f=262144&r=386345&adid=32456523&reid=14884444&arid=0&auid=&cn=thirdQuartile&et=i&_cc=&tpos=661&init=1&iw=&uxnw=&uxss=&uxct=&metr=121]]></Tracking>
                                        </TrackingEvents>
                                        <VideoClicks>
                                            <ClickTracking id='FWc_32456523.0'><![CDATA[https://5e529.v.fwmrm.net/ad/l/1?s=d027&n=386345%3B386345&t=1602503513126642570&f=262144&r=386345&adid=32456523&reid=14884444&arid=0&auid=&cn=defaultClick&et=c&_cc=&tpos=661&cr=]]></ClickTracking>
                                        </VideoClicks>
                                    </Linear>
                                </Creative>
                            </Creatives>
                            <Extensions>
                                <Extension type='FreeWheel'>
                                    <AdInfo customaid='PROGRAMMAT' gid='0' cid=';placeme' format='spot_standard' variant='NORMAL' exclusive='false' />
                                    <Parameter name='_fw_4AID'><![CDATA[PROGRAMMATIC]]></Parameter>
                                    <CreativeParameters>
                                        <CreativeParameter creativeId='4603596' name='translator.vast.loadWithCookie' type='Linear'><![CDATA[1]]></CreativeParameter>
                                        <CreativeParameter creativeId='4603596' name='_fw_4AID' type='Linear'><![CDATA[PROGRAMMATIC]]></CreativeParameter>
                                        <CreativeParameter creativeId='4603596' name='MMS_ID' type='Linear'><![CDATA[]]></CreativeParameter>
                                        <CreativeParameter creativeId='4603596' name='adobe_reporting' type='Linear'><![CDATA[advertiser_name:;advertiser_id:;campaign_name:;campaign_id:;placement_name:SE Freewheel SSP web Midroll-6;placement_id:32456522;creative_name:Dplay-se-web-midroll-6;creative_id:4603596]]></CreativeParameter>
                                        <CreativeParameter creativeId='4603596' name='moat' type='Linear'><![CDATA[386345;386345;;;;;32456522;48567;g11761361;g542506;1324683;118766968;DPLAYSE_SV_SE1483978920527;4603596;14884444;30;midroll;;386345:DiscoverySBS_html5_live_secure_2;cpx-non;1602503513126642570]]></CreativeParameter>
                                    </CreativeParameters>
                                </Extension>
                            </Extensions>
                        </Wrapper>
                    </Ad>
                    <Ad id='46576081.140265369967872'>
                        <InLine>
                            <AdSystem>FreeWheel</AdSystem>
                            <AdTitle>SE Max Hamburgare v.42 (110 930)</AdTitle>
                            <Error><![CDATA[https://5e529.v.fwmrm.net/ad/l/1?s=d027&n=386345%3B386345&t=1602503513126642570&f=262144&r=386345&adid=46576081&reid=31901399&arid=2&iw=&uxnw=&uxss=&uxct=&et=e&cn=%5BERRORCODE%5D]]></Error>
                            <Impression id='FWi_46576081.2'><![CDATA[https://5e529.v.fwmrm.net/ad/l/1?s=d027&n=386345%3B386345&t=1602503513126642570&f=262144&r=386345&adid=46576081&reid=31901399&arid=2&auid=&cn=defaultImpression&et=i&_cc=46576081,31901399,,30373.39848.51807.,1602503514,1&tpos=661&iw=&uxnw=&uxss=&uxct=&metr=121&init=1&vcid2=420f2af2f68c837b504505d7c0ee66692cdbc5f535e36d52bdd79b8884d65861&cr=https%3A//track.adform.net/adfserve/%3Fbn%3D40095249%3B1x1inv%3D1%3Bsrctype%3D3%3Bord%3D1146696964]]></Impression>
                            <Creatives>
                                <Creative AdID='46576081' id='7373444'>
                                    <Linear>
                                        <Duration>00:00:30</Duration>
                                        <TrackingEvents>
                                            <Tracking event='complete'><![CDATA[https://5e529.v.fwmrm.net/ad/l/1?s=d027&n=386345%3B386345&t=1602503513126642570&f=262144&r=386345&adid=46576081&reid=31901399&arid=2&auid=&cn=complete&et=i&_cc=&tpos=661&init=1&iw=&uxnw=&uxss=&uxct=&metr=121]]></Tracking>
                                            <Tracking event='firstQuartile'><![CDATA[https://5e529.v.fwmrm.net/ad/l/1?s=d027&n=386345%3B386345&t=1602503513126642570&f=262144&r=386345&adid=46576081&reid=31901399&arid=2&auid=&cn=firstQuartile&et=i&_cc=&tpos=661&init=1&iw=&uxnw=&uxss=&uxct=&metr=121]]></Tracking>
                                            <Tracking event='midpoint'><![CDATA[https://5e529.v.fwmrm.net/ad/l/1?s=d027&n=386345%3B386345&t=1602503513126642570&f=262144&r=386345&adid=46576081&reid=31901399&arid=2&auid=&cn=midPoint&et=i&_cc=&tpos=661&init=1&iw=&uxnw=&uxss=&uxct=&metr=121]]></Tracking>
                                            <Tracking event='thirdQuartile'><![CDATA[https://5e529.v.fwmrm.net/ad/l/1?s=d027&n=386345%3B386345&t=1602503513126642570&f=262144&r=386345&adid=46576081&reid=31901399&arid=2&auid=&cn=thirdQuartile&et=i&_cc=&tpos=661&init=1&iw=&uxnw=&uxss=&uxct=&metr=121]]></Tracking>
                                        </TrackingEvents>
                                        <VideoClicks>
                                            <ClickThrough id='FWc_46576081.2'><![CDATA[https://5e529.v.fwmrm.net/ad/l/1?s=d027&n=386345%3B386345&t=1602503513126642570&f=262144&r=386345&adid=46576081&reid=31901399&arid=2&auid=&cn=defaultClick&et=c&_cc=&tpos=661&cr=https%3A//track.adform.net/C/%3Fbn%3D40095249]]></ClickThrough>
                                        </VideoClicks>
                                        <MediaFiles>
                                            <MediaFile bitrate='2998' delivery='progressive' height='720' id='31901399' type='video/mp4' width='1280'><![CDATA[https://dni-adops-proxy-prod-adopsmediaconverter.mercury.dnitv.com/386345/580884/MaxS1MVMA3036_2020-09-18T10:21:39Z_1280x720.mp4]]></MediaFile>
                                            <MediaFile bitrate='6767' delivery='progressive' height='1080' id='31901400' type='video/mp4' width='1920'><![CDATA[https://dni-adops-proxy-prod-adopsmediaconverter.mercury.dnitv.com/386345/580884/MaxS1MVMA3036_2020-09-18T10:21:39Z_1920x1080.mp4]]></MediaFile>
                                            <MediaFile bitrate='1060' delivery='progressive' height='360' id='31901401' type='video/mp4' width='640'><![CDATA[https://dni-adops-proxy-prod-adopsmediaconverter.mercury.dnitv.com/386345/580884/MaxS1MVMA3036_2020-09-18T10:21:39Z_640x360.mp4]]></MediaFile>
                                            <MediaFile bitrate='1652' delivery='progressive' height='480' id='31901402' type='video/mp4' width='854'><![CDATA[https://dni-adops-proxy-prod-adopsmediaconverter.mercury.dnitv.com/386345/580884/MaxS1MVMA3036_2020-09-18T10:21:39Z_854x480.mp4]]></MediaFile>
                                            <MediaFile bitrate='1908' delivery='progressive' height='540' id='31901403' type='video/mp4' width='960'><![CDATA[https://dni-adops-proxy-prod-adopsmediaconverter.mercury.dnitv.com/386345/580884/MaxS1MVMA3036_2020-09-18T10:21:39Z_960x540.mp4]]></MediaFile>
                                        </MediaFiles>
                                    </Linear>
                                </Creative>
                            </Creatives>
                            <Extensions>
                                <Extension type='FreeWheel'>
                                    <AdInfo customaid='S1MVMA3036' gid='0' cid='32237261' format='spot_standard' variant='NORMAL' exclusive='false' />
                                    <Parameter name='_fw_4AID'><![CDATA[S1MVMA3036]]></Parameter>
                                    <CreativeParameters>
                                        <CreativeParameter creativeId='7373444' name='_fw_4AID' type='Linear'><![CDATA[S1MVMA3036]]></CreativeParameter>
                                        <CreativeParameter creativeId='7373444' name='MMS_ID' type='Linear'><![CDATA[]]></CreativeParameter>
                                        <CreativeParameter creativeId='7373444' name='adobe_reporting' type='Linear'><![CDATA[advertiser_name:SE MAX HAMBURGARE;advertiser_id:580884;campaign_name:SE Max Hamburgare;campaign_id:32237261;placement_name:SE Max Hamburgare v.42 (110 930);placement_id:46576080;creative_name:MaxS1MVMA3036.mp4;creative_id:7373444]]></CreativeParameter>
                                        <CreativeParameter creativeId='7373444' name='moat' type='Linear'><![CDATA[386345;386345;580884;32237261;46575859;;46576080;48567;g11761361;g542506;1324683;118766968;DPLAYSE_SV_SE1483978920527;7373444;31901399;30;midroll;;386345:DiscoverySBS_html5_live_secure_2;cpx-non;1602503513126642570]]></CreativeParameter>
                                    </CreativeParameters>
                                </Extension>
                            </Extensions>
                        </InLine>
                    </Ad>
                    <Ad id='29226092.140264947473152' sequence='6'>
                        <Wrapper>
                            <AdSystem>FreeWheel</AdSystem>
                            <VASTAdTagURI><![CDATA[https://ads.stickyadstv.com/www/delivery/swfIndex.php?reqType=AdsSetup&protocolVersion=2.0&zoneId=7110385]]></VASTAdTagURI>
                            <Error><![CDATA[https://5e529.v.fwmrm.net/ad/l/1?s=d027&n=386345%3B386345&t=1602503513126642570&f=262144&r=386345&adid=29226092&reid=12560817&arid=0&iw=&uxnw=&uxss=&uxct=&et=e&cn=%5BERRORCODE%5D]]></Error>
                            <Impression><![CDATA[https://5e529.v.fwmrm.net/ad/l/1?s=d027&n=386345%3B386345&t=1602503513126642570&f=262144&r=386345&adid=29226092&reid=12560817&arid=0&auid=&cn=defaultImpression&et=i&_cc=29226092,12560817,39848.,30373.39848.51807.,1602503514,1&tpos=661&iw=&uxnw=&uxss=&uxct=&metr=121&init=1&vcid2=420f2af2f68c837b504505d7c0ee66692cdbc5f535e36d52bdd79b8884d65861&cr=]]></Impression>
                            <Creatives>
                                <Creative AdID='29226092' id='4137009'>
                                    <Linear>
                                        <TrackingEvents>
                                            <Tracking event='complete'><![CDATA[https://5e529.v.fwmrm.net/ad/l/1?s=d027&n=386345%3B386345&t=1602503513126642570&f=262144&r=386345&adid=29226092&reid=12560817&arid=0&auid=&cn=complete&et=i&_cc=&tpos=661&init=1&iw=&uxnw=&uxss=&uxct=&metr=121]]></Tracking>
                                            <Tracking event='firstQuartile'><![CDATA[https://5e529.v.fwmrm.net/ad/l/1?s=d027&n=386345%3B386345&t=1602503513126642570&f=262144&r=386345&adid=29226092&reid=12560817&arid=0&auid=&cn=firstQuartile&et=i&_cc=&tpos=661&init=1&iw=&uxnw=&uxss=&uxct=&metr=121]]></Tracking>
                                            <Tracking event='midpoint'><![CDATA[https://5e529.v.fwmrm.net/ad/l/1?s=d027&n=386345%3B386345&t=1602503513126642570&f=262144&r=386345&adid=29226092&reid=12560817&arid=0&auid=&cn=midPoint&et=i&_cc=&tpos=661&init=1&iw=&uxnw=&uxss=&uxct=&metr=121]]></Tracking>
                                            <Tracking event='thirdQuartile'><![CDATA[https://5e529.v.fwmrm.net/ad/l/1?s=d027&n=386345%3B386345&t=1602503513126642570&f=262144&r=386345&adid=29226092&reid=12560817&arid=0&auid=&cn=thirdQuartile&et=i&_cc=&tpos=661&init=1&iw=&uxnw=&uxss=&uxct=&metr=121]]></Tracking>
                                        </TrackingEvents>
                                        <VideoClicks>
                                            <ClickTracking id='FWc_29226092.0'><![CDATA[https://5e529.v.fwmrm.net/ad/l/1?s=d027&n=386345%3B386345&t=1602503513126642570&f=262144&r=386345&adid=29226092&reid=12560817&arid=0&auid=&cn=defaultClick&et=c&_cc=&tpos=661&cr=]]></ClickTracking>
                                        </VideoClicks>
                                    </Linear>
                                </Creative>
                            </Creatives>
                            <Extensions>
                                <Extension type='FreeWheel'>
                                    <AdInfo customaid='PROGRAMMAT' gid='0' cid=';placeme' format='spot_standard' variant='NORMAL' exclusive='false' />
                                    <Parameter name='_fw_4AID'><![CDATA[PROGRAMMATIC]]></Parameter>
                                    <CreativeParameters>
                                        <CreativeParameter creativeId='4137009' name='translator.vast.loadWithCookie' type='Linear'><![CDATA[1]]></CreativeParameter>
                                        <CreativeParameter creativeId='4137009' name='mms_customadid' type='Linear'><![CDATA[PROGRAMMATIC]]></CreativeParameter>
                                        <CreativeParameter creativeId='4137009' name='_fw_4AID' type='Linear'><![CDATA[PROGRAMMATIC]]></CreativeParameter>
                                        <CreativeParameter creativeId='4137009' name='MMS_ID' type='Linear'><![CDATA[]]></CreativeParameter>
                                        <CreativeParameter creativeId='4137009' name='adobe_reporting' type='Linear'><![CDATA[advertiser_name:;advertiser_id:;campaign_name:;campaign_id:;placement_name:SE Freewheel SSP web Midroll-3;placement_id:29226091;creative_name:Dplay-se-web-midroll-3;creative_id:4137009]]></CreativeParameter>
                                        <CreativeParameter creativeId='4137009' name='moat' type='Linear'><![CDATA[386345;386345;;;;;29226091;48567;g11761361;g542506;1324683;118766968;DPLAYSE_SV_SE1483978920527;4137009;12560817;30;midroll;;386345:DiscoverySBS_html5_live_secure_2;cpx-non;1602503513126642570]]></CreativeParameter>
                                    </CreativeParameters>
                                </Extension>
                            </Extensions>
                        </Wrapper>
                    </Ad>
                    <Ad id='46967902.140269987825920'>
                        <InLine>
                            <AdSystem>FreeWheel</AdSystem>
                            <AdTitle>SE Elon v.42 (250 000) </AdTitle>
                            <Error><![CDATA[https://5e529.v.fwmrm.net/ad/l/1?s=d027&n=386345%3B386345&t=1602503513126642570&f=262144&r=386345&adid=46967902&reid=39003166&arid=2&iw=&uxnw=&uxss=&uxct=&et=e&cn=%5BERRORCODE%5D]]></Error>
                            <Impression id='FWi_46967902.2'><![CDATA[https://5e529.v.fwmrm.net/ad/l/1?s=d027&n=386345%3B386345&t=1602503513126642570&f=262144&r=386345&adid=46967902&reid=39003166&arid=2&auid=&cn=defaultImpression&et=i&_cc=46967902,39003166,,30373.39848.51807.,1602503514,1&tpos=661&iw=&uxnw=&uxss=&uxct=&metr=121&init=1&vcid2=420f2af2f68c837b504505d7c0ee66692cdbc5f535e36d52bdd79b8884d65861&cr=https%3A//ad.doubleclick.net/ddm/trackimp/N1058426.3641379KANAL5-WEBTVDIGI/B24681946.283546045%3Bdc_trk_aid%3D477272800%3Bdc_trk_cid%3D138519614%3Bord%3D610669939%3Bdc_lat%3D%3Bdc_rdid%3D%3Btag_for_child_directed_treatment%3D%3Btfua%3D%3Bgdpr%3D0%3Bgdpr_consent%3D%3F]]></Impression>
                            <Creatives>
                                <Creative AdID='46967902' id='7985566'>
                                    <Linear>
                                        <Duration>00:00:15</Duration>
                                        <TrackingEvents>
                                            <Tracking event='complete'><![CDATA[https://5e529.v.fwmrm.net/ad/l/1?s=d027&n=386345%3B386345&t=1602503513126642570&f=262144&r=386345&adid=46967902&reid=39003166&arid=2&auid=&cn=complete&et=i&_cc=&tpos=661&init=1&iw=&uxnw=&uxss=&uxct=&metr=121]]></Tracking>
                                            <Tracking event='firstQuartile'><![CDATA[https://5e529.v.fwmrm.net/ad/l/1?s=d027&n=386345%3B386345&t=1602503513126642570&f=262144&r=386345&adid=46967902&reid=39003166&arid=2&auid=&cn=firstQuartile&et=i&_cc=&tpos=661&init=1&iw=&uxnw=&uxss=&uxct=&metr=121]]></Tracking>
                                            <Tracking event='midpoint'><![CDATA[https://5e529.v.fwmrm.net/ad/l/1?s=d027&n=386345%3B386345&t=1602503513126642570&f=262144&r=386345&adid=46967902&reid=39003166&arid=2&auid=&cn=midPoint&et=i&_cc=&tpos=661&init=1&iw=&uxnw=&uxss=&uxct=&metr=121]]></Tracking>
                                            <Tracking event='thirdQuartile'><![CDATA[https://5e529.v.fwmrm.net/ad/l/1?s=d027&n=386345%3B386345&t=1602503513126642570&f=262144&r=386345&adid=46967902&reid=39003166&arid=2&auid=&cn=thirdQuartile&et=i&_cc=&tpos=661&init=1&iw=&uxnw=&uxss=&uxct=&metr=121]]></Tracking>
                                        </TrackingEvents>
                                        <VideoClicks>
                                            <ClickThrough id='FWc_46967902.2'><![CDATA[https://5e529.v.fwmrm.net/ad/l/1?s=d027&n=386345%3B386345&t=1602503513126642570&f=262144&r=386345&adid=46967902&reid=39003166&arid=2&auid=&cn=defaultClick&et=c&_cc=&tpos=661&cr=https%3A//ad.doubleclick.net/ddm/trackclk/N1058426.3641379KANAL5-WEBTVDIGI/B24681946.283546045%3Bdc_trk_aid%3D477272800%3Bdc_trk_cid%3D138519614%3Bdc_lat%3D%3Bdc_rdid%3D%3Btag_for_child_directed_treatment%3D%3Btfua%3D%3Bgdpr%3D0%3Bgdpr_consent%3D]]></ClickThrough>
                                        </VideoClicks>
                                        <MediaFiles>
                                            <MediaFile bitrate='3173' delivery='progressive' height='720' id='39003166' type='video/mp4' width='1280'><![CDATA[https://dni-adops-proxy-prod-adopsmediaconverter.mercury.dnitv.com/386345/840240/Elon%20v.42S1EAUT151J_2020-10-05T12:06:46Z_1280x720.mp4]]></MediaFile>
                                            <MediaFile bitrate='9797' delivery='progressive' height='1080' id='39003167' type='video/mp4' width='1920'><![CDATA[https://dni-adops-proxy-prod-adopsmediaconverter.mercury.dnitv.com/386345/840240/Elon%20v.42S1EAUT151J_2020-10-05T12:06:46Z_1920x1080.mp4]]></MediaFile>
                                            <MediaFile bitrate='1113' delivery='progressive' height='360' id='39003168' type='video/mp4' width='640'><![CDATA[https://dni-adops-proxy-prod-adopsmediaconverter.mercury.dnitv.com/386345/840240/Elon%20v.42S1EAUT151J_2020-10-05T12:06:46Z_640x360.mp4]]></MediaFile>
                                            <MediaFile bitrate='1606' delivery='progressive' height='480' id='39003169' type='video/mp4' width='854'><![CDATA[https://dni-adops-proxy-prod-adopsmediaconverter.mercury.dnitv.com/386345/840240/Elon%20v.42S1EAUT151J_2020-10-05T12:06:46Z_854x480.mp4]]></MediaFile>
                                            <MediaFile bitrate='1864' delivery='progressive' height='540' id='39003170' type='video/mp4' width='960'><![CDATA[https://dni-adops-proxy-prod-adopsmediaconverter.mercury.dnitv.com/386345/840240/Elon%20v.42S1EAUT151J_2020-10-05T12:06:46Z_960x540.mp4]]></MediaFile>
                                        </MediaFiles>
                                    </Linear>
                                </Creative>
                            </Creatives>
                            <Extensions>
                                <Extension type='FreeWheel'>
                                    <AdInfo customaid='S1EAUT151J' gid='0' cid='38450731' format='spot_standard' variant='NORMAL' exclusive='false' />
                                    <Parameter name='_fw_4AID'><![CDATA[S1EAUT151J]]></Parameter>
                                    <CreativeParameters>
                                        <CreativeParameter creativeId='7985566' name='_fw_4AID' type='Linear'><![CDATA[S1EAUT151J]]></CreativeParameter>
                                        <CreativeParameter creativeId='7985566' name='MMS_ID' type='Linear'><![CDATA[]]></CreativeParameter>
                                        <CreativeParameter creativeId='7985566' name='adobe_reporting' type='Linear'><![CDATA[advertiser_name:SE Elon;advertiser_id:840240;campaign_name:SE Elon;campaign_id:38450731;placement_name:SE Elon v.42 (250 000) ;placement_id:46967901;creative_name:Elon v.42S1EAUT151J.mp4;creative_id:7985566]]></CreativeParameter>
                                        <CreativeParameter creativeId='7985566' name='moat' type='Linear'><![CDATA[386345;386345;840240;38450731;46967816;;46967901;48567;g11761361;g542506;1324683;118766968;DPLAYSE_SV_SE1483978920527;7985566;39003166;15;midroll;;386345:DiscoverySBS_html5_live_secure_2;cpx-non;1602503513126642570]]></CreativeParameter>
                                    </CreativeParameters>
                                </Extension>
                            </Extensions>
                        </InLine>
                    </Ad>
                    <Ad id='29276116.140264947473920' sequence='7'>
                        <Wrapper>
                            <AdSystem>FreeWheel</AdSystem>
                            <VASTAdTagURI><![CDATA[https://ads.stickyadstv.com/www/delivery/swfIndex.php?reqType=AdsSetup&protocolVersion=2.0&zoneId=7110401]]></VASTAdTagURI>
                            <Error><![CDATA[https://5e529.v.fwmrm.net/ad/l/1?s=d027&n=386345%3B386345&t=1602503513126642570&f=262144&r=386345&adid=29276116&reid=12582622&arid=0&iw=&uxnw=&uxss=&uxct=&et=e&cn=%5BERRORCODE%5D]]></Error>
                            <Impression><![CDATA[https://5e529.v.fwmrm.net/ad/l/1?s=d027&n=386345%3B386345&t=1602503513126642570&f=262144&r=386345&adid=29276116&reid=12582622&arid=0&auid=&cn=defaultImpression&et=i&_cc=29276116,12582622,39848.,30373.39848.51807.,1602503514,1&tpos=661&iw=&uxnw=&uxss=&uxct=&metr=121&init=1&vcid2=420f2af2f68c837b504505d7c0ee66692cdbc5f535e36d52bdd79b8884d65861&cr=]]></Impression>
                            <Creatives>
                                <Creative AdID='29276116' id='4141224'>
                                    <Linear>
                                        <TrackingEvents>
                                            <Tracking event='complete'><![CDATA[https://5e529.v.fwmrm.net/ad/l/1?s=d027&n=386345%3B386345&t=1602503513126642570&f=262144&r=386345&adid=29276116&reid=12582622&arid=0&auid=&cn=complete&et=i&_cc=&tpos=661&init=1&iw=&uxnw=&uxss=&uxct=&metr=121]]></Tracking>
                                            <Tracking event='firstQuartile'><![CDATA[https://5e529.v.fwmrm.net/ad/l/1?s=d027&n=386345%3B386345&t=1602503513126642570&f=262144&r=386345&adid=29276116&reid=12582622&arid=0&auid=&cn=firstQuartile&et=i&_cc=&tpos=661&init=1&iw=&uxnw=&uxss=&uxct=&metr=121]]></Tracking>
                                            <Tracking event='midpoint'><![CDATA[https://5e529.v.fwmrm.net/ad/l/1?s=d027&n=386345%3B386345&t=1602503513126642570&f=262144&r=386345&adid=29276116&reid=12582622&arid=0&auid=&cn=midPoint&et=i&_cc=&tpos=661&init=1&iw=&uxnw=&uxss=&uxct=&metr=121]]></Tracking>
                                            <Tracking event='thirdQuartile'><![CDATA[https://5e529.v.fwmrm.net/ad/l/1?s=d027&n=386345%3B386345&t=1602503513126642570&f=262144&r=386345&adid=29276116&reid=12582622&arid=0&auid=&cn=thirdQuartile&et=i&_cc=&tpos=661&init=1&iw=&uxnw=&uxss=&uxct=&metr=121]]></Tracking>
                                        </TrackingEvents>
                                        <VideoClicks>
                                            <ClickTracking id='FWc_29276116.0'><![CDATA[https://5e529.v.fwmrm.net/ad/l/1?s=d027&n=386345%3B386345&t=1602503513126642570&f=262144&r=386345&adid=29276116&reid=12582622&arid=0&auid=&cn=defaultClick&et=c&_cc=&tpos=661&cr=]]></ClickTracking>
                                        </VideoClicks>
                                    </Linear>
                                </Creative>
                            </Creatives>
                            <Extensions>
                                <Extension type='FreeWheel'>
                                    <AdInfo customaid='PROGRAMMAT' gid='0' cid=';placeme' format='spot_standard' variant='NORMAL' exclusive='false' />
                                    <Parameter name='_fw_4AID'><![CDATA[PROGRAMMATIC]]></Parameter>
                                    <CreativeParameters>
                                        <CreativeParameter creativeId='4141224' name='translator.vast.loadWithCookie' type='Linear'><![CDATA[1]]></CreativeParameter>
                                        <CreativeParameter creativeId='4141224' name='mms_customadid' type='Linear'><![CDATA[PROGRAMMATIC]]></CreativeParameter>
                                        <CreativeParameter creativeId='4141224' name='_fw_4AID' type='Linear'><![CDATA[PROGRAMMATIC]]></CreativeParameter>
                                        <CreativeParameter creativeId='4141224' name='MMS_ID' type='Linear'><![CDATA[]]></CreativeParameter>
                                        <CreativeParameter creativeId='4141224' name='adobe_reporting' type='Linear'><![CDATA[advertiser_name:;advertiser_id:;campaign_name:;campaign_id:;placement_name:SE Freewheel SSP web Midroll-4;placement_id:29276115;creative_name:Dplay-se-web-midroll-4;creative_id:4141224]]></CreativeParameter>
                                        <CreativeParameter creativeId='4141224' name='moat' type='Linear'><![CDATA[386345;386345;;;;;29276115;48567;g11761361;g542506;1324683;118766968;DPLAYSE_SV_SE1483978920527;4141224;12582622;30;midroll;;386345:DiscoverySBS_html5_live_secure_2;cpx-non;1602503513126642570]]></CreativeParameter>
                                    </CreativeParameters>
                                </Extension>
                            </Extensions>
                        </Wrapper>
                    </Ad>
                    <Ad id='46938250.140269987826688'>
                        <InLine>
                            <AdSystem>FreeWheel</AdSystem>
                            <AdTitle>SE Alvedon v.42-43 (433 252)</AdTitle>
                            <Error><![CDATA[https://5e529.v.fwmrm.net/ad/l/1?s=d027&n=386345%3B386345&t=1602503513126642570&f=262144&r=386345&adid=46938250&reid=39384801&arid=2&iw=&uxnw=&uxss=&uxct=&et=e&cn=%5BERRORCODE%5D]]></Error>
                            <Impression id='FWi_46938250.2'><![CDATA[https://5e529.v.fwmrm.net/ad/l/1?s=d027&n=386345%3B386345&t=1602503513126642570&f=262144&r=386345&adid=46938250&reid=39384801&arid=2&auid=&cn=defaultImpression&et=i&_cc=46938250,39384801,,30373.39848.51807.,1602503514,1&tpos=661&iw=&uxnw=&uxss=&uxct=&metr=121&init=1&vcid2=420f2af2f68c837b504505d7c0ee66692cdbc5f535e36d52bdd79b8884d65861&cr=]]></Impression>
                            <Creatives>
                                <Creative AdID='46938250' id='8018395'>
                                    <Linear>
                                        <Duration>00:00:20</Duration>
                                        <TrackingEvents>
                                            <Tracking event='complete'><![CDATA[https://5e529.v.fwmrm.net/ad/l/1?s=d027&n=386345%3B386345&t=1602503513126642570&f=262144&r=386345&adid=46938250&reid=39384801&arid=2&auid=&cn=complete&et=i&_cc=&tpos=661&init=1&iw=&uxnw=&uxss=&uxct=&metr=121]]></Tracking>
                                            <Tracking event='firstQuartile'><![CDATA[https://5e529.v.fwmrm.net/ad/l/1?s=d027&n=386345%3B386345&t=1602503513126642570&f=262144&r=386345&adid=46938250&reid=39384801&arid=2&auid=&cn=firstQuartile&et=i&_cc=&tpos=661&init=1&iw=&uxnw=&uxss=&uxct=&metr=121]]></Tracking>
                                            <Tracking event='midpoint'><![CDATA[https://5e529.v.fwmrm.net/ad/l/1?s=d027&n=386345%3B386345&t=1602503513126642570&f=262144&r=386345&adid=46938250&reid=39384801&arid=2&auid=&cn=midPoint&et=i&_cc=&tpos=661&init=1&iw=&uxnw=&uxss=&uxct=&metr=121]]></Tracking>
                                            <Tracking event='thirdQuartile'><![CDATA[https://5e529.v.fwmrm.net/ad/l/1?s=d027&n=386345%3B386345&t=1602503513126642570&f=262144&r=386345&adid=46938250&reid=39384801&arid=2&auid=&cn=thirdQuartile&et=i&_cc=&tpos=661&init=1&iw=&uxnw=&uxss=&uxct=&metr=121]]></Tracking>
                                        </TrackingEvents>
                                        <VideoClicks>
                                            <ClickThrough id='FWc_46938250.2'><![CDATA[https://5e529.v.fwmrm.net/ad/l/1?s=d027&n=386345%3B386345&t=1602503513126642570&f=262144&r=386345&adid=46938250&reid=39384801&arid=2&auid=&cn=defaultClick&et=c&_cc=&tpos=661&cr=https%3A//alvedon.se/]]></ClickThrough>
                                        </VideoClicks>
                                        <MediaFiles>
                                            <MediaFile bitrate='2357' delivery='progressive' height='720' id='39384801' type='video/mp4' width='1280'><![CDATA[https://dni-adops-proxy-prod-adopsmediaconverter.mercury.dnitv.com/386345/644637/AlvedonS1GSAV2030_2020-10-06T06:56:37Z_1280x720.mp4]]></MediaFile>
                                            <MediaFile bitrate='5636' delivery='progressive' height='1080' id='39384802' type='video/mp4' width='1920'><![CDATA[https://dni-adops-proxy-prod-adopsmediaconverter.mercury.dnitv.com/386345/644637/AlvedonS1GSAV2030_2020-10-06T06:56:37Z_1920x1080.mp4]]></MediaFile>
                                            <MediaFile bitrate='800' delivery='progressive' height='360' id='39384803' type='video/mp4' width='640'><![CDATA[https://dni-adops-proxy-prod-adopsmediaconverter.mercury.dnitv.com/386345/644637/AlvedonS1GSAV2030_2020-10-06T06:56:37Z_640x360.mp4]]></MediaFile>
                                            <MediaFile bitrate='1265' delivery='progressive' height='480' id='39384804' type='video/mp4' width='854'><![CDATA[https://dni-adops-proxy-prod-adopsmediaconverter.mercury.dnitv.com/386345/644637/AlvedonS1GSAV2030_2020-10-06T06:56:37Z_854x480.mp4]]></MediaFile>
                                            <MediaFile bitrate='1506' delivery='progressive' height='540' id='39384805' type='video/mp4' width='960'><![CDATA[https://dni-adops-proxy-prod-adopsmediaconverter.mercury.dnitv.com/386345/644637/AlvedonS1GSAV2030_2020-10-06T06:56:37Z_960x540.mp4]]></MediaFile>
                                        </MediaFiles>
                                    </Linear>
                                </Creative>
                            </Creatives>
                            <Extensions>
                                <Extension type='FreeWheel'>
                                    <AdInfo customaid='S1GSAV2030' gid='0' cid='32790582' format='spot_standard' variant='NORMAL' exclusive='false' />
                                    <Parameter name='_fw_4AID'><![CDATA[S1GSAV2030]]></Parameter>
                                    <CreativeParameters>
                                        <CreativeParameter creativeId='8018395' name='_fw_4AID' type='Linear'><![CDATA[S1GSAV2030]]></CreativeParameter>
                                        <CreativeParameter creativeId='8018395' name='MMS_ID' type='Linear'><![CDATA[]]></CreativeParameter>
                                        <CreativeParameter creativeId='8018395' name='adobe_reporting' type='Linear'><![CDATA[advertiser_name:SE GSK;advertiser_id:644637;campaign_name:SE GSK;campaign_id:32790582;placement_name:SE Alvedon v.42-43 (433 252);placement_id:46938249;creative_name:AlvedonS1GSAV2030.mp4;creative_id:8018395]]></CreativeParameter>
                                        <CreativeParameter creativeId='8018395' name='moat' type='Linear'><![CDATA[386345;386345;644637;32790582;46938247;;46938249;48567;g11761361;g542506;1324683;118766968;DPLAYSE_SV_SE1483978920527;8018395;39384801;20;midroll;;386345:DiscoverySBS_html5_live_secure_2;cpx-non;1602503513126642570]]></CreativeParameter>
                                    </CreativeParameters>
                                </Extension>
                            </Extensions>
                        </InLine>
                    </Ad>
                    <Ad id='32456640.140264947477760' sequence='8'>
                        <Wrapper>
                            <AdSystem>FreeWheel</AdSystem>
                            <VASTAdTagURI><![CDATA[https://ads.stickyadstv.com/www/delivery/swfIndex.php?reqType=AdsSetup&protocolVersion=2.0&zoneId=7983729]]></VASTAdTagURI>
                            <Error><![CDATA[https://5e529.v.fwmrm.net/ad/l/1?s=d027&n=386345%3B386345&t=1602503513126642570&f=262144&r=386345&adid=32456640&reid=14884620&arid=0&iw=&uxnw=&uxss=&uxct=&et=e&cn=%5BERRORCODE%5D]]></Error>
                            <Impression><![CDATA[https://5e529.v.fwmrm.net/ad/l/1?s=d027&n=386345%3B386345&t=1602503513126642570&f=262144&r=386345&adid=32456640&reid=14884620&arid=0&auid=&cn=defaultImpression&et=i&_cc=32456640,14884620,39848.,30373.39848.51807.,1602503514,1&tpos=661&iw=&uxnw=&uxss=&uxct=&metr=121&init=1&vcid2=420f2af2f68c837b504505d7c0ee66692cdbc5f535e36d52bdd79b8884d65861&cr=]]></Impression>
                            <Creatives>
                                <Creative AdID='32456640' id='4603660'>
                                    <Linear>
                                        <TrackingEvents>
                                            <Tracking event='complete'><![CDATA[https://5e529.v.fwmrm.net/ad/l/1?s=d027&n=386345%3B386345&t=1602503513126642570&f=262144&r=386345&adid=32456640&reid=14884620&arid=0&auid=&cn=complete&et=i&_cc=&tpos=661&init=1&iw=&uxnw=&uxss=&uxct=&metr=121]]></Tracking>
                                            <Tracking event='firstQuartile'><![CDATA[https://5e529.v.fwmrm.net/ad/l/1?s=d027&n=386345%3B386345&t=1602503513126642570&f=262144&r=386345&adid=32456640&reid=14884620&arid=0&auid=&cn=firstQuartile&et=i&_cc=&tpos=661&init=1&iw=&uxnw=&uxss=&uxct=&metr=121]]></Tracking>
                                            <Tracking event='midpoint'><![CDATA[https://5e529.v.fwmrm.net/ad/l/1?s=d027&n=386345%3B386345&t=1602503513126642570&f=262144&r=386345&adid=32456640&reid=14884620&arid=0&auid=&cn=midPoint&et=i&_cc=&tpos=661&init=1&iw=&uxnw=&uxss=&uxct=&metr=121]]></Tracking>
                                            <Tracking event='thirdQuartile'><![CDATA[https://5e529.v.fwmrm.net/ad/l/1?s=d027&n=386345%3B386345&t=1602503513126642570&f=262144&r=386345&adid=32456640&reid=14884620&arid=0&auid=&cn=thirdQuartile&et=i&_cc=&tpos=661&init=1&iw=&uxnw=&uxss=&uxct=&metr=121]]></Tracking>
                                        </TrackingEvents>
                                        <VideoClicks>
                                            <ClickTracking id='FWc_32456640.0'><![CDATA[https://5e529.v.fwmrm.net/ad/l/1?s=d027&n=386345%3B386345&t=1602503513126642570&f=262144&r=386345&adid=32456640&reid=14884620&arid=0&auid=&cn=defaultClick&et=c&_cc=&tpos=661&cr=]]></ClickTracking>
                                        </VideoClicks>
                                    </Linear>
                                </Creative>
                            </Creatives>
                            <Extensions>
                                <Extension type='FreeWheel'>
                                    <AdInfo customaid='PROGRAMMAT' gid='0' cid=';placeme' format='spot_standard' variant='NORMAL' exclusive='false' />
                                    <Parameter name='_fw_4AID'><![CDATA[PROGRAMMATIC]]></Parameter>
                                    <CreativeParameters>
                                        <CreativeParameter creativeId='4603660' name='translator.vast.loadWithCookie' type='Linear'><![CDATA[1]]></CreativeParameter>
                                        <CreativeParameter creativeId='4603660' name='_fw_4AID' type='Linear'><![CDATA[PROGRAMMATIC]]></CreativeParameter>
                                        <CreativeParameter creativeId='4603660' name='MMS_ID' type='Linear'><![CDATA[]]></CreativeParameter>
                                        <CreativeParameter creativeId='4603660' name='adobe_reporting' type='Linear'><![CDATA[advertiser_name:;advertiser_id:;campaign_name:;campaign_id:;placement_name:SE Freewheel SSP web Midroll-7;placement_id:32456639;creative_name:Dplay-se-web-midroll-7;creative_id:4603660]]></CreativeParameter>
                                        <CreativeParameter creativeId='4603660' name='moat' type='Linear'><![CDATA[386345;386345;;;;;32456639;48567;g11761361;g542506;1324683;118766968;DPLAYSE_SV_SE1483978920527;4603660;14884620;30;midroll;;386345:DiscoverySBS_html5_live_secure_2;cpx-non;1602503513126642570]]></CreativeParameter>
                                    </CreativeParameters>
                                </Extension>
                            </Extensions>
                        </Wrapper>
                    </Ad>
                    <Ad id='47050911.140269987827456'>
                        <InLine>
                            <AdSystem>FreeWheel</AdSystem>
                            <AdTitle>SE Synoptik GAI v.42 (135 208) 15&quot; 2020</AdTitle>
                            <Error><![CDATA[https://5e529.v.fwmrm.net/ad/l/1?s=d027&n=386345%3B386345&t=1602503513126642570&f=262144&r=386345&adid=47050911&reid=37063344&arid=1&iw=&uxnw=&uxss=&uxct=&et=e&cn=%5BERRORCODE%5D]]></Error>
                            <Impression id='FWi_47050911.1'><![CDATA[https://5e529.v.fwmrm.net/ad/l/1?s=d027&n=386345%3B386345&t=1602503513126642570&f=262144&r=386345&adid=47050911&reid=37063344&arid=1&auid=&cn=defaultImpression&et=i&_cc=47050911,37063344,,30373.39848.51807.,1602503514,1&tpos=661&iw=&uxnw=&uxss=&uxct=&metr=121&init=1&vcid2=420f2af2f68c837b504505d7c0ee66692cdbc5f535e36d52bdd79b8884d65861&cr=https%3A//ad.doubleclick.net/ddm/trackimp/N3549.2211900DPLAYSE/B24683439.281660822%3Bdc_trk_aid%3D475843479%3Bdc_trk_cid%3D137512919%3Bord%3D764462080%3Bdc_lat%3D%3Bdc_rdid%3D%3Btag_for_child_directed_treatment%3D%3Btfua%3D%3Bgdpr%3D0%3Bgdpr_consent%3D%3F]]></Impression>
                            <Creatives>
                                <Creative AdID='47050911' id='7799050'>
                                    <Linear>
                                        <Duration>00:00:15</Duration>
                                        <TrackingEvents>
                                            <Tracking event='complete'><![CDATA[https://5e529.v.fwmrm.net/ad/l/1?s=d027&n=386345%3B386345&t=1602503513126642570&f=262144&r=386345&adid=47050911&reid=37063344&arid=1&auid=&cn=complete&et=i&_cc=&tpos=661&init=1&iw=&uxnw=&uxss=&uxct=&metr=121]]></Tracking>
                                            <Tracking event='firstQuartile'><![CDATA[https://5e529.v.fwmrm.net/ad/l/1?s=d027&n=386345%3B386345&t=1602503513126642570&f=262144&r=386345&adid=47050911&reid=37063344&arid=1&auid=&cn=firstQuartile&et=i&_cc=&tpos=661&init=1&iw=&uxnw=&uxss=&uxct=&metr=121]]></Tracking>
                                            <Tracking event='midpoint'><![CDATA[https://5e529.v.fwmrm.net/ad/l/1?s=d027&n=386345%3B386345&t=1602503513126642570&f=262144&r=386345&adid=47050911&reid=37063344&arid=1&auid=&cn=midPoint&et=i&_cc=&tpos=661&init=1&iw=&uxnw=&uxss=&uxct=&metr=121]]></Tracking>
                                            <Tracking event='thirdQuartile'><![CDATA[https://5e529.v.fwmrm.net/ad/l/1?s=d027&n=386345%3B386345&t=1602503513126642570&f=262144&r=386345&adid=47050911&reid=37063344&arid=1&auid=&cn=thirdQuartile&et=i&_cc=&tpos=661&init=1&iw=&uxnw=&uxss=&uxct=&metr=121]]></Tracking>
                                        </TrackingEvents>
                                        <VideoClicks>
                                            <ClickThrough id='FWc_47050911.1'><![CDATA[https://5e529.v.fwmrm.net/ad/l/1?s=d027&n=386345%3B386345&t=1602503513126642570&f=262144&r=386345&adid=47050911&reid=37063344&arid=1&auid=&cn=defaultClick&et=c&_cc=&tpos=661&cr=https%3A//ad.doubleclick.net/ddm/trackclk/N3549.2211900DPLAYSE/B24683439.281660822%3Bdc_trk_aid%3D475843479%3Bdc_trk_cid%3D137512919%3Bdc_lat%3D%3Bdc_rdid%3D%3Btag_for_child_directed_treatment%3D%3Btfua%3D%3Bgdpr%3D0%3Bgdpr_consent%3D]]></ClickThrough>
                                        </VideoClicks>
                                        <MediaFiles>
                                            <MediaFile bitrate='1591' delivery='progressive' height='720' id='37063344' type='video/mp4' width='1280'><![CDATA[https://dni-adops-proxy-prod-adopsmediaconverter.mercury.dnitv.com/386345/581016/S1AEGL1566_2020-09-28T09:11:47Z_1280x720.mp4]]></MediaFile>
                                            <MediaFile bitrate='3152' delivery='progressive' height='1080' id='37063345' type='video/mp4' width='1920'><![CDATA[https://dni-adops-proxy-prod-adopsmediaconverter.mercury.dnitv.com/386345/581016/S1AEGL1566_2020-09-28T09:11:47Z_1920x1080.mp4]]></MediaFile>
                                            <MediaFile bitrate='703' delivery='progressive' height='360' id='37063346' type='video/mp4' width='640'><![CDATA[https://dni-adops-proxy-prod-adopsmediaconverter.mercury.dnitv.com/386345/581016/S1AEGL1566_2020-09-28T09:11:47Z_640x360.mp4]]></MediaFile>
                                            <MediaFile bitrate='964' delivery='progressive' height='480' id='37063347' type='video/mp4' width='854'><![CDATA[https://dni-adops-proxy-prod-adopsmediaconverter.mercury.dnitv.com/386345/581016/S1AEGL1566_2020-09-28T09:11:47Z_854x480.mp4]]></MediaFile>
                                            <MediaFile bitrate='1091' delivery='progressive' height='540' id='37063348' type='video/mp4' width='960'><![CDATA[https://dni-adops-proxy-prod-adopsmediaconverter.mercury.dnitv.com/386345/581016/S1AEGL1566_2020-09-28T09:11:47Z_960x540.mp4]]></MediaFile>
                                        </MediaFiles>
                                    </Linear>
                                </Creative>
                            </Creatives>
                            <Extensions>
                                <Extension type='FreeWheel'>
                                    <AdInfo customaid='S1AEGL1566' gid='0' cid='40504861' format='spot_standard' variant='NORMAL' exclusive='false' />
                                    <Parameter name='_fw_4AID'><![CDATA[S1AEGL1566]]></Parameter>
                                    <CreativeParameters>
                                        <CreativeParameter creativeId='7799050' name='_fw_4AID' type='Linear'><![CDATA[S1AEGL1566]]></CreativeParameter>
                                        <CreativeParameter creativeId='7799050' name='MMS_ID' type='Linear'><![CDATA[]]></CreativeParameter>
                                        <CreativeParameter creativeId='7799050' name='adobe_reporting' type='Linear'><![CDATA[advertiser_name:SE SYNOPTIK;advertiser_id:581016;campaign_name:SE Synoptik;campaign_id:40504861;placement_name:SE Synoptik GAI v.42 (135 208) 15" 2020;placement_id:47050910;creative_name:S1AEGL1566.mp4;creative_id:7799050]]></CreativeParameter>
                                        <CreativeParameter creativeId='7799050' name='moat' type='Linear'><![CDATA[386345;386345;581016;40504861;47050891;;47050910;48567;g11761361;g542506;1324683;118766968;DPLAYSE_SV_SE1483978920527;7799050;37063344;15;midroll;;386345:DiscoverySBS_html5_live_secure_2;cpx-non;1602503513126642570]]></CreativeParameter>
                                    </CreativeParameters>
                                </Extension>
                            </Extensions>
                        </InLine>
                    </Ad>
                    <Ad id='27884190.140264947471616' sequence='9'>
                        <Wrapper>
                            <AdSystem>FreeWheel</AdSystem>
                            <VASTAdTagURI><![CDATA[https://ads.stickyadstv.com/www/delivery/swfIndex.php?reqType=AdsSetup&protocolVersion=2.0&zoneId=6827857]]></VASTAdTagURI>
                            <Error><![CDATA[https://5e529.v.fwmrm.net/ad/l/1?s=d027&n=386345%3B386345&t=1602503513126642570&f=262144&r=386345&adid=27884190&reid=11740783&arid=0&iw=&uxnw=&uxss=&uxct=&et=e&cn=%5BERRORCODE%5D]]></Error>
                            <Impression><![CDATA[https://5e529.v.fwmrm.net/ad/l/1?s=d027&n=386345%3B386345&t=1602503513126642570&f=262144&r=386345&adid=27884190&reid=11740783&arid=0&auid=&cn=defaultImpression&et=i&_cc=27884190,11740783,39848.,30373.39848.51807.,1602503514,1&tpos=661&iw=&uxnw=&uxss=&uxct=&metr=121&init=1&vcid2=420f2af2f68c837b504505d7c0ee66692cdbc5f535e36d52bdd79b8884d65861&cr=]]></Impression>
                            <Creatives>
                                <Creative AdID='27884190' id='3967549'>
                                    <Linear>
                                        <TrackingEvents>
                                            <Tracking event='complete'><![CDATA[https://5e529.v.fwmrm.net/ad/l/1?s=d027&n=386345%3B386345&t=1602503513126642570&f=262144&r=386345&adid=27884190&reid=11740783&arid=0&auid=&cn=complete&et=i&_cc=&tpos=661&init=1&iw=&uxnw=&uxss=&uxct=&metr=121]]></Tracking>
                                            <Tracking event='firstQuartile'><![CDATA[https://5e529.v.fwmrm.net/ad/l/1?s=d027&n=386345%3B386345&t=1602503513126642570&f=262144&r=386345&adid=27884190&reid=11740783&arid=0&auid=&cn=firstQuartile&et=i&_cc=&tpos=661&init=1&iw=&uxnw=&uxss=&uxct=&metr=121]]></Tracking>
                                            <Tracking event='midpoint'><![CDATA[https://5e529.v.fwmrm.net/ad/l/1?s=d027&n=386345%3B386345&t=1602503513126642570&f=262144&r=386345&adid=27884190&reid=11740783&arid=0&auid=&cn=midPoint&et=i&_cc=&tpos=661&init=1&iw=&uxnw=&uxss=&uxct=&metr=121]]></Tracking>
                                            <Tracking event='thirdQuartile'><![CDATA[https://5e529.v.fwmrm.net/ad/l/1?s=d027&n=386345%3B386345&t=1602503513126642570&f=262144&r=386345&adid=27884190&reid=11740783&arid=0&auid=&cn=thirdQuartile&et=i&_cc=&tpos=661&init=1&iw=&uxnw=&uxss=&uxct=&metr=121]]></Tracking>
                                        </TrackingEvents>
                                        <VideoClicks>
                                            <ClickTracking id='FWc_27884190.0'><![CDATA[https://5e529.v.fwmrm.net/ad/l/1?s=d027&n=386345%3B386345&t=1602503513126642570&f=262144&r=386345&adid=27884190&reid=11740783&arid=0&auid=&cn=defaultClick&et=c&_cc=&tpos=661&cr=]]></ClickTracking>
                                        </VideoClicks>
                                    </Linear>
                                </Creative>
                            </Creatives>
                            <Extensions>
                                <Extension type='FreeWheel'>
                                    <AdInfo customaid='PROGRAMMAT' gid='0' cid=';placeme' format='spot_standard' variant='NORMAL' exclusive='false' />
                                    <Parameter name='_fw_4AID'><![CDATA[PROGRAMMATIC]]></Parameter>
                                    <CreativeParameters>
                                        <CreativeParameter creativeId='3967549' name='translator.vast.loadWithCookie' type='Linear'><![CDATA[1]]></CreativeParameter>
                                        <CreativeParameter creativeId='3967549' name='mms_customadid' type='Linear'><![CDATA[PROGRAMMATIC]]></CreativeParameter>
                                        <CreativeParameter creativeId='3967549' name='_fw_4AID' type='Linear'><![CDATA[PROGRAMMATIC]]></CreativeParameter>
                                        <CreativeParameter creativeId='3967549' name='MMS_ID' type='Linear'><![CDATA[]]></CreativeParameter>
                                        <CreativeParameter creativeId='3967549' name='adobe_reporting' type='Linear'><![CDATA[advertiser_name:;advertiser_id:;campaign_name:;campaign_id:;placement_name:SE Freewheel SSP web Midroll-1;placement_id:27883816;creative_name:Dplay-se-web-Midroll-1;creative_id:3967549]]></CreativeParameter>
                                        <CreativeParameter creativeId='3967549' name='moat' type='Linear'><![CDATA[386345;386345;;;;;27883816;48567;g11761361;g542506;1324683;118766968;DPLAYSE_SV_SE1483978920527;3967549;11740783;30;midroll;;386345:DiscoverySBS_html5_live_secure_2;cpx-non;1602503513126642570]]></CreativeParameter>
                                    </CreativeParameters>
                                </Extension>
                            </Extensions>
                        </Wrapper>
                    </Ad>
                    <Ad id='47692682.140269987828224'>
                        <InLine>
                            <AdSystem>FreeWheel</AdSystem>
                            <AdTitle>SE Riksbyggen v. 36-37 (416 667) 2020</AdTitle>
                            <Error><![CDATA[https://5e529.v.fwmrm.net/ad/l/1?s=d027&n=386345%3B386345&t=1602503513126642570&f=262144&r=386345&adid=47692682&reid=29985579&arid=2&iw=&uxnw=&uxss=&uxct=&et=e&cn=%5BERRORCODE%5D]]></Error>
                            <Impression id='FWi_47692682.2'><![CDATA[https://5e529.v.fwmrm.net/ad/l/1?s=d027&n=386345%3B386345&t=1602503513126642570&f=262144&r=386345&adid=47692682&reid=29985579&arid=2&auid=&cn=defaultImpression&et=i&_cc=47692682,29985579,,30373.39848.51807.,1602503514,1&tpos=661&iw=&uxnw=&uxss=&uxct=&metr=121&init=1&vcid2=420f2af2f68c837b504505d7c0ee66692cdbc5f535e36d52bdd79b8884d65861&cr=https%3A//track.adform.net/adfserve/%3Fbn%3D39980637%3B1x1inv%3D1%3Bsrctype%3D3%3Bord%3D1558966301]]></Impression>
                            <Creatives>
                                <Creative AdID='47692682' id='7118399'>
                                    <Linear>
                                        <Duration>00:00:15</Duration>
                                        <TrackingEvents>
                                            <Tracking event='complete'><![CDATA[https://5e529.v.fwmrm.net/ad/l/1?s=d027&n=386345%3B386345&t=1602503513126642570&f=262144&r=386345&adid=47692682&reid=29985579&arid=2&auid=&cn=complete&et=i&_cc=&tpos=661&init=1&iw=&uxnw=&uxss=&uxct=&metr=121]]></Tracking>
                                            <Tracking event='firstQuartile'><![CDATA[https://5e529.v.fwmrm.net/ad/l/1?s=d027&n=386345%3B386345&t=1602503513126642570&f=262144&r=386345&adid=47692682&reid=29985579&arid=2&auid=&cn=firstQuartile&et=i&_cc=&tpos=661&init=1&iw=&uxnw=&uxss=&uxct=&metr=121]]></Tracking>
                                            <Tracking event='midpoint'><![CDATA[https://5e529.v.fwmrm.net/ad/l/1?s=d027&n=386345%3B386345&t=1602503513126642570&f=262144&r=386345&adid=47692682&reid=29985579&arid=2&auid=&cn=midPoint&et=i&_cc=&tpos=661&init=1&iw=&uxnw=&uxss=&uxct=&metr=121]]></Tracking>
                                            <Tracking event='thirdQuartile'><![CDATA[https://5e529.v.fwmrm.net/ad/l/1?s=d027&n=386345%3B386345&t=1602503513126642570&f=262144&r=386345&adid=47692682&reid=29985579&arid=2&auid=&cn=thirdQuartile&et=i&_cc=&tpos=661&init=1&iw=&uxnw=&uxss=&uxct=&metr=121]]></Tracking>
                                        </TrackingEvents>
                                        <VideoClicks>
                                            <ClickThrough id='FWc_47692682.2'><![CDATA[https://5e529.v.fwmrm.net/ad/l/1?s=d027&n=386345%3B386345&t=1602503513126642570&f=262144&r=386345&adid=47692682&reid=29985579&arid=2&auid=&cn=defaultClick&et=c&_cc=&tpos=661&cr=https%3A//track.adform.net/C/%3Fbn%3D39980637]]></ClickThrough>
                                        </VideoClicks>
                                        <MediaFiles>
                                            <MediaFile bitrate='1862' delivery='progressive' height='720' id='29985579' type='video/mp4' width='1280'><![CDATA[https://dni-adops-proxy-prod-adopsmediaconverter.mercury.dnitv.com/386345/788473/Riksbyggen%20S1MQBJ1512_2020-08-07T15:17:43Z_1280x720.mp4]]></MediaFile>
                                            <MediaFile bitrate='4230' delivery='progressive' height='1080' id='29985580' type='video/mp4' width='1920'><![CDATA[https://dni-adops-proxy-prod-adopsmediaconverter.mercury.dnitv.com/386345/788473/Riksbyggen%20S1MQBJ1512_2020-08-07T15:17:43Z_1920x1080.mp4]]></MediaFile>
                                            <MediaFile bitrate='797' delivery='progressive' height='360' id='29985581' type='video/mp4' width='640'><![CDATA[https://dni-adops-proxy-prod-adopsmediaconverter.mercury.dnitv.com/386345/788473/Riksbyggen%20S1MQBJ1512_2020-08-07T15:17:43Z_640x360.mp4]]></MediaFile>
                                            <MediaFile bitrate='1115' delivery='progressive' height='480' id='29985582' type='video/mp4' width='854'><![CDATA[https://dni-adops-proxy-prod-adopsmediaconverter.mercury.dnitv.com/386345/788473/Riksbyggen%20S1MQBJ1512_2020-08-07T15:17:43Z_854x480.mp4]]></MediaFile>
                                            <MediaFile bitrate='1269' delivery='progressive' height='540' id='29985583' type='video/mp4' width='960'><![CDATA[https://dni-adops-proxy-prod-adopsmediaconverter.mercury.dnitv.com/386345/788473/Riksbyggen%20S1MQBJ1512_2020-08-07T15:17:43Z_960x540.mp4]]></MediaFile>
                                        </MediaFiles>
                                    </Linear>
                                </Creative>
                            </Creatives>
                            <Extensions>
                                <Extension type='FreeWheel'>
                                    <AdInfo customaid='S1MQBJ1512' gid='0' cid='29883034' format='spot_standard' variant='NORMAL' exclusive='false' />
                                    <Parameter name='_fw_4AID'><![CDATA[S1MQBJ1512]]></Parameter>
                                    <CreativeParameters>
                                        <CreativeParameter creativeId='7118399' name='_fw_4AID' type='Linear'><![CDATA[S1MQBJ1512]]></CreativeParameter>
                                        <CreativeParameter creativeId='7118399' name='MMS_ID' type='Linear'><![CDATA[]]></CreativeParameter>
                                        <CreativeParameter creativeId='7118399' name='adobe_reporting' type='Linear'><![CDATA[advertiser_name:SE Riksbyggen;advertiser_id:788473;campaign_name:SE Riksbyggen ;campaign_id:29883034;placement_name:SE Riksbyggen v. 36-37 (416 667) 2020;placement_id:47692681;creative_name:Riksbyggen S1MQBJ1512.mp4;creative_id:7118399]]></CreativeParameter>
                                        <CreativeParameter creativeId='7118399' name='moat' type='Linear'><![CDATA[386345;386345;788473;29883034;47692679;;47692681;48567;g11761361;g542506;1324683;118766968;DPLAYSE_SV_SE1483978920527;7118399;29985579;15;midroll;;386345:DiscoverySBS_html5_live_secure_2;cpx-non;1602503513126642570]]></CreativeParameter>
                                    </CreativeParameters>
                                </Extension>
                            </Extensions>
                        </InLine>
                    </Ad>
                    <Ad id='32456804.140265369932544' sequence='10'>
                        <Wrapper>
                            <AdSystem>FreeWheel</AdSystem>
                            <VASTAdTagURI><![CDATA[https://ads.stickyadstv.com/www/delivery/swfIndex.php?reqType=AdsSetup&protocolVersion=2.0&zoneId=7983793]]></VASTAdTagURI>
                            <Error><![CDATA[https://5e529.v.fwmrm.net/ad/l/1?s=d027&n=386345%3B386345&t=1602503513126642570&f=262144&r=386345&adid=32456804&reid=14884695&arid=0&iw=&uxnw=&uxss=&uxct=&et=e&cn=%5BERRORCODE%5D]]></Error>
                            <Impression><![CDATA[https://5e529.v.fwmrm.net/ad/l/1?s=d027&n=386345%3B386345&t=1602503513126642570&f=262144&r=386345&adid=32456804&reid=14884695&arid=0&auid=&cn=defaultImpression&et=i&_cc=32456804,14884695,39848.,30373.39848.51807.,1602503514,1&tpos=661&iw=&uxnw=&uxss=&uxct=&metr=121&init=1&vcid2=420f2af2f68c837b504505d7c0ee66692cdbc5f535e36d52bdd79b8884d65861&cr=]]></Impression>
                            <Creatives>
                                <Creative AdID='32456804' id='4603676'>
                                    <Linear>
                                        <TrackingEvents>
                                            <Tracking event='complete'><![CDATA[https://5e529.v.fwmrm.net/ad/l/1?s=d027&n=386345%3B386345&t=1602503513126642570&f=262144&r=386345&adid=32456804&reid=14884695&arid=0&auid=&cn=complete&et=i&_cc=&tpos=661&init=1&iw=&uxnw=&uxss=&uxct=&metr=121]]></Tracking>
                                            <Tracking event='firstQuartile'><![CDATA[https://5e529.v.fwmrm.net/ad/l/1?s=d027&n=386345%3B386345&t=1602503513126642570&f=262144&r=386345&adid=32456804&reid=14884695&arid=0&auid=&cn=firstQuartile&et=i&_cc=&tpos=661&init=1&iw=&uxnw=&uxss=&uxct=&metr=121]]></Tracking>
                                            <Tracking event='midpoint'><![CDATA[https://5e529.v.fwmrm.net/ad/l/1?s=d027&n=386345%3B386345&t=1602503513126642570&f=262144&r=386345&adid=32456804&reid=14884695&arid=0&auid=&cn=midPoint&et=i&_cc=&tpos=661&init=1&iw=&uxnw=&uxss=&uxct=&metr=121]]></Tracking>
                                            <Tracking event='thirdQuartile'><![CDATA[https://5e529.v.fwmrm.net/ad/l/1?s=d027&n=386345%3B386345&t=1602503513126642570&f=262144&r=386345&adid=32456804&reid=14884695&arid=0&auid=&cn=thirdQuartile&et=i&_cc=&tpos=661&init=1&iw=&uxnw=&uxss=&uxct=&metr=121]]></Tracking>
                                        </TrackingEvents>
                                        <VideoClicks>
                                            <ClickTracking id='FWc_32456804.0'><![CDATA[https://5e529.v.fwmrm.net/ad/l/1?s=d027&n=386345%3B386345&t=1602503513126642570&f=262144&r=386345&adid=32456804&reid=14884695&arid=0&auid=&cn=defaultClick&et=c&_cc=&tpos=661&cr=]]></ClickTracking>
                                        </VideoClicks>
                                    </Linear>
                                </Creative>
                            </Creatives>
                            <Extensions>
                                <Extension type='FreeWheel'>
                                    <AdInfo customaid='PROGRAMMAT' gid='0' cid=';placeme' format='spot_standard' variant='NORMAL' exclusive='false' />
                                    <Parameter name='_fw_4AID'><![CDATA[PROGRAMMATIC]]></Parameter>
                                    <CreativeParameters>
                                        <CreativeParameter creativeId='4603676' name='translator.vast.loadWithCookie' type='Linear'><![CDATA[1]]></CreativeParameter>
                                        <CreativeParameter creativeId='4603676' name='_fw_4AID' type='Linear'><![CDATA[PROGRAMMATIC]]></CreativeParameter>
                                        <CreativeParameter creativeId='4603676' name='MMS_ID' type='Linear'><![CDATA[]]></CreativeParameter>
                                        <CreativeParameter creativeId='4603676' name='adobe_reporting' type='Linear'><![CDATA[advertiser_name:;advertiser_id:;campaign_name:;campaign_id:;placement_name:SE Freewheel SSP web Midroll-8;placement_id:32456803;creative_name:Dplay-se-web-midroll-8;creative_id:4603676]]></CreativeParameter>
                                        <CreativeParameter creativeId='4603676' name='moat' type='Linear'><![CDATA[386345;386345;;;;;32456803;48567;g11761361;g542506;1324683;118766968;DPLAYSE_SV_SE1483978920527;4603676;14884695;30;midroll;;386345:DiscoverySBS_html5_live_secure_2;cpx-non;1602503513126642570]]></CreativeParameter>
                                    </CreativeParameters>
                                </Extension>
                            </Extensions>
                        </Wrapper>
                    </Ad>
                    <Ad id='47080164.140269987828992'>
                        <InLine>
                            <AdSystem>FreeWheel</AdSystem>
                            <AdTitle>SE Samsung Top v.42-46 (576 284)</AdTitle>
                            <Error><![CDATA[https://5e529.v.fwmrm.net/ad/l/1?s=d027&n=386345%3B386345&t=1602503513126642570&f=262144&r=386345&adid=47080164&reid=31340931&arid=2&iw=&uxnw=&uxss=&uxct=&et=e&cn=%5BERRORCODE%5D]]></Error>
                            <Impression id='FWi_47080164.2'><![CDATA[https://5e529.v.fwmrm.net/ad/l/1?s=d027&n=386345%3B386345&t=1602503513126642570&f=262144&r=386345&adid=47080164&reid=31340931&arid=2&auid=&cn=defaultImpression&et=i&_cc=47080164,31340931,,30373.39848.51807.,1602503514,1&tpos=661&iw=&uxnw=&uxss=&uxct=&metr=121&init=1&vcid2=420f2af2f68c837b504505d7c0ee66692cdbc5f535e36d52bdd79b8884d65861&cr=https%3A//ad.doubleclick.net/ddm/trackimp/N800273.2211900DPLAYSE/B24654221.282204161%3Bdc_trk_aid%3D476175935%3Bdc_trk_cid%3D137732598%3Bord%3D314536191%3Bdc_lat%3D%3Bdc_rdid%3D%3Btag_for_child_directed_treatment%3D%3Btfua%3D%3Bgdpr%3D0%3Bgdpr_consent%3D%3F]]></Impression>
                            <Creatives>
                                <Creative AdID='47080164' id='7310452'>
                                    <Linear>
                                        <Duration>00:00:30</Duration>
                                        <TrackingEvents>
                                            <Tracking event='complete'><![CDATA[https://5e529.v.fwmrm.net/ad/l/1?s=d027&n=386345%3B386345&t=1602503513126642570&f=262144&r=386345&adid=47080164&reid=31340931&arid=2&auid=&cn=complete&et=i&_cc=&tpos=661&init=1&iw=&uxnw=&uxss=&uxct=&metr=121]]></Tracking>
                                            <Tracking event='firstQuartile'><![CDATA[https://5e529.v.fwmrm.net/ad/l/1?s=d027&n=386345%3B386345&t=1602503513126642570&f=262144&r=386345&adid=47080164&reid=31340931&arid=2&auid=&cn=firstQuartile&et=i&_cc=&tpos=661&init=1&iw=&uxnw=&uxss=&uxct=&metr=121]]></Tracking>
                                            <Tracking event='midpoint'><![CDATA[https://5e529.v.fwmrm.net/ad/l/1?s=d027&n=386345%3B386345&t=1602503513126642570&f=262144&r=386345&adid=47080164&reid=31340931&arid=2&auid=&cn=midPoint&et=i&_cc=&tpos=661&init=1&iw=&uxnw=&uxss=&uxct=&metr=121]]></Tracking>
                                            <Tracking event='thirdQuartile'><![CDATA[https://5e529.v.fwmrm.net/ad/l/1?s=d027&n=386345%3B386345&t=1602503513126642570&f=262144&r=386345&adid=47080164&reid=31340931&arid=2&auid=&cn=thirdQuartile&et=i&_cc=&tpos=661&init=1&iw=&uxnw=&uxss=&uxct=&metr=121]]></Tracking>
                                        </TrackingEvents>
                                        <VideoClicks>
                                            <ClickThrough id='FWc_47080164.2'><![CDATA[https://5e529.v.fwmrm.net/ad/l/1?s=d027&n=386345%3B386345&t=1602503513126642570&f=262144&r=386345&adid=47080164&reid=31340931&arid=2&auid=&cn=defaultClick&et=c&_cc=&tpos=661&cr=https%3A//ad.doubleclick.net/ddm/trackclk/N800273.2211900DPLAYSE/B24654221.282204161%3Bdc_trk_aid%3D476175935%3Bdc_trk_cid%3D137732598%3Bdc_lat%3D%3Bdc_rdid%3D%3Btag_for_child_directed_treatment%3D%3Btfua%3D%3Bgdpr%3D0%3Bgdpr_consent%3D]]></ClickThrough>
                                        </VideoClicks>
                                        <MediaFiles>
                                            <MediaFile bitrate='1972' delivery='progressive' height='720' id='31340931' type='video/mp4' width='1280'><![CDATA[https://dni-adops-proxy-prod-adopsmediaconverter.mercury.dnitv.com/386345/809235/Samsung%20TopS1SMSU3019_2020-09-14T11:29:41Z_1280x720.mp4]]></MediaFile>
                                            <MediaFile bitrate='3526' delivery='progressive' height='1080' id='31340932' type='video/mp4' width='1920'><![CDATA[https://dni-adops-proxy-prod-adopsmediaconverter.mercury.dnitv.com/386345/809235/Samsung%20TopS1SMSU3019_2020-09-14T11:29:41Z_1920x1080.mp4]]></MediaFile>
                                            <MediaFile bitrate='853' delivery='progressive' height='360' id='31340933' type='video/mp4' width='640'><![CDATA[https://dni-adops-proxy-prod-adopsmediaconverter.mercury.dnitv.com/386345/809235/Samsung%20TopS1SMSU3019_2020-09-14T11:29:41Z_640x360.mp4]]></MediaFile>
                                            <MediaFile bitrate='1198' delivery='progressive' height='480' id='31340934' type='video/mp4' width='854'><![CDATA[https://dni-adops-proxy-prod-adopsmediaconverter.mercury.dnitv.com/386345/809235/Samsung%20TopS1SMSU3019_2020-09-14T11:29:41Z_854x480.mp4]]></MediaFile>
                                            <MediaFile bitrate='1374' delivery='progressive' height='540' id='31340935' type='video/mp4' width='960'><![CDATA[https://dni-adops-proxy-prod-adopsmediaconverter.mercury.dnitv.com/386345/809235/Samsung%20TopS1SMSU3019_2020-09-14T11:29:41Z_960x540.mp4]]></MediaFile>
                                        </MediaFiles>
                                    </Linear>
                                </Creative>
                            </Creatives>
                            <Extensions>
                                <Extension type='FreeWheel'>
                                    <AdInfo customaid='S1SMSU3019' gid='0' cid='33035763' format='spot_standard' variant='NORMAL' exclusive='false' />
                                    <Parameter name='_fw_4AID'><![CDATA[S1SMSU3019]]></Parameter>
                                    <CreativeParameters>
                                        <CreativeParameter creativeId='7310452' name='_fw_4AID' type='Linear'><![CDATA[S1SMSU3019]]></CreativeParameter>
                                        <CreativeParameter creativeId='7310452' name='MMS_ID' type='Linear'><![CDATA[]]></CreativeParameter>
                                        <CreativeParameter creativeId='7310452' name='adobe_reporting' type='Linear'><![CDATA[advertiser_name:SE Samsung;advertiser_id:809235;campaign_name:SE Samsung;campaign_id:33035763;placement_name:SE Samsung Top v.42-46 (576 284);placement_id:47080163;creative_name:Samsung TopS1SMSU3019.mp4;creative_id:7310452]]></CreativeParameter>
                                        <CreativeParameter creativeId='7310452' name='moat' type='Linear'><![CDATA[386345;386345;809235;33035763;47080161;;47080163;48567;g11761361;g542506;1324683;118766968;DPLAYSE_SV_SE1483978920527;7310452;31340931;30;midroll;;386345:DiscoverySBS_html5_live_secure_2;cpx-non;1602503513126642570]]></CreativeParameter>
                                    </CreativeParameters>
                                </Extension>
                            </Extensions>
                        </InLine>
                    </Ad>
                    <Ad id='47195451.140265369949440' sequence='11'>
                        <InLine>
                            <AdSystem>FreeWheel</AdSystem>
                            <AdTitle>SE Klarna Card 2.0 v.42-45 (1 151 984) </AdTitle>
                            <Error><![CDATA[https://5e529.v.fwmrm.net/ad/l/1?s=d027&n=386345%3B386345&t=1602503513126642570&f=262144&r=386345&adid=47195451&reid=37403735&arid=0&iw=&uxnw=&uxss=&uxct=&et=e&cn=%5BERRORCODE%5D]]></Error>
                            <Impression id='FWi_47195451.0'><![CDATA[https://5e529.v.fwmrm.net/ad/l/1?s=d027&n=386345%3B386345&t=1602503513126642570&f=262144&r=386345&adid=47195451&reid=37403735&arid=0&auid=&cn=defaultImpression&et=i&_cc=47195451,37403735,,30373.39848.51807.,1602503514,1&tpos=661&iw=&uxnw=&uxss=&uxct=&metr=121&init=1&vcid2=420f2af2f68c837b504505d7c0ee66692cdbc5f535e36d52bdd79b8884d65861&cr=https%3A//ad.doubleclick.net/ddm/trackimp/N905542.2211900DPLAYSE/B24779427.283788768%3Bdc_trk_aid%3D477559252%3Bdc_trk_cid%3D138698975%3Bord%3D10971127%3Bdc_lat%3D%3Bdc_rdid%3D%3Btag_for_child_directed_treatment%3D%3Btfua%3D%3Bgdpr%3D0%3Bgdpr_consent%3D%3F]]></Impression>
                            <Creatives>
                                <Creative AdID='47195451' id='7846932'>
                                    <Linear>
                                        <Duration>00:00:15</Duration>
                                        <TrackingEvents>
                                            <Tracking event='complete'><![CDATA[https://5e529.v.fwmrm.net/ad/l/1?s=d027&n=386345%3B386345&t=1602503513126642570&f=262144&r=386345&adid=47195451&reid=37403735&arid=0&auid=&cn=complete&et=i&_cc=&tpos=661&init=1&iw=&uxnw=&uxss=&uxct=&metr=121]]></Tracking>
                                            <Tracking event='firstQuartile'><![CDATA[https://5e529.v.fwmrm.net/ad/l/1?s=d027&n=386345%3B386345&t=1602503513126642570&f=262144&r=386345&adid=47195451&reid=37403735&arid=0&auid=&cn=firstQuartile&et=i&_cc=&tpos=661&init=1&iw=&uxnw=&uxss=&uxct=&metr=121]]></Tracking>
                                            <Tracking event='midpoint'><![CDATA[https://5e529.v.fwmrm.net/ad/l/1?s=d027&n=386345%3B386345&t=1602503513126642570&f=262144&r=386345&adid=47195451&reid=37403735&arid=0&auid=&cn=midPoint&et=i&_cc=&tpos=661&init=1&iw=&uxnw=&uxss=&uxct=&metr=121]]></Tracking>
                                            <Tracking event='thirdQuartile'><![CDATA[https://5e529.v.fwmrm.net/ad/l/1?s=d027&n=386345%3B386345&t=1602503513126642570&f=262144&r=386345&adid=47195451&reid=37403735&arid=0&auid=&cn=thirdQuartile&et=i&_cc=&tpos=661&init=1&iw=&uxnw=&uxss=&uxct=&metr=121]]></Tracking>
                                        </TrackingEvents>
                                        <VideoClicks>
                                            <ClickThrough id='FWc_47195451.0'><![CDATA[https://5e529.v.fwmrm.net/ad/l/1?s=d027&n=386345%3B386345&t=1602503513126642570&f=262144&r=386345&adid=47195451&reid=37403735&arid=0&auid=&cn=defaultClick&et=c&_cc=&tpos=661&cr=https%3A//ad.doubleclick.net/ddm/trackclk/N905542.2211900DPLAYSE/B24779427.283788768%3Bdc_trk_aid%3D477559252%3Bdc_trk_cid%3D138698975%3Bdc_lat%3D%3Bdc_rdid%3D%3Btag_for_child_directed_treatment%3D%3Btfua%3D%3Bgdpr%3D0%3Bgdpr_consent%3D]]></ClickThrough>
                                        </VideoClicks>
                                        <MediaFiles>
                                            <MediaFile bitrate='2591' delivery='progressive' height='720' id='37403735' type='video/mp4' width='1280'><![CDATA[https://dni-adops-proxy-prod-adopsmediaconverter.mercury.dnitv.com/386345/860674/S1DMKL1501_2020-10-01T13:15:43Z_1280x720.mp4]]></MediaFile>
                                            <MediaFile bitrate='5019' delivery='progressive' height='1080' id='37403736' type='video/mp4' width='1920'><![CDATA[https://dni-adops-proxy-prod-adopsmediaconverter.mercury.dnitv.com/386345/860674/S1DMKL1501_2020-10-01T13:15:43Z_1920x1080.mp4]]></MediaFile>
                                            <MediaFile bitrate='1033' delivery='progressive' height='360' id='37403737' type='video/mp4' width='640'><![CDATA[https://dni-adops-proxy-prod-adopsmediaconverter.mercury.dnitv.com/386345/860674/S1DMKL1501_2020-10-01T13:15:43Z_640x360.mp4]]></MediaFile>
                                            <MediaFile bitrate='1494' delivery='progressive' height='480' id='37403739' type='video/mp4' width='854'><![CDATA[https://dni-adops-proxy-prod-adopsmediaconverter.mercury.dnitv.com/386345/860674/S1DMKL1501_2020-10-01T13:15:43Z_854x480.mp4]]></MediaFile>
                                            <MediaFile bitrate='1743' delivery='progressive' height='540' id='37403740' type='video/mp4' width='960'><![CDATA[https://dni-adops-proxy-prod-adopsmediaconverter.mercury.dnitv.com/386345/860674/S1DMKL1501_2020-10-01T13:15:43Z_960x540.mp4]]></MediaFile>
                                        </MediaFiles>
                                    </Linear>
                                </Creative>
                            </Creatives>
                            <Extensions>
                                <Extension type='FreeWheel'>
                                    <AdInfo customaid='S1DMKL1501' gid='0' cid='47195439' format='spot_standard' variant='NORMAL' exclusive='false' />
                                    <Parameter name='_fw_4AID'><![CDATA[S1DMKL1501]]></Parameter>
                                    <CreativeParameters>
                                        <CreativeParameter creativeId='7846932' name='_fw_4AID' type='Linear'><![CDATA[S1DMKL1501]]></CreativeParameter>
                                        <CreativeParameter creativeId='7846932' name='MMS_ID' type='Linear'><![CDATA[]]></CreativeParameter>
                                        <CreativeParameter creativeId='7846932' name='adobe_reporting' type='Linear'><![CDATA[advertiser_name:SE Klarna;advertiser_id:860674;campaign_name:SE Klarna;campaign_id:47195439;placement_name:SE Klarna Card 2.0 v.42-45 (1 151 984) ;placement_id:47195442;creative_name:S1DMKL1501.mp4;creative_id:7846932]]></CreativeParameter>
                                        <CreativeParameter creativeId='7846932' name='moat' type='Linear'><![CDATA[386345;386345;860674;47195439;47195440;;47195442;48567;g11761361;g542506;1324683;118766968;DPLAYSE_SV_SE1483978920527;7846932;37403735;15;midroll;;386345:DiscoverySBS_html5_live_secure_2;cpx-non;1602503513126642570]]></CreativeParameter>
                                    </CreativeParameters>
                                </Extension>
                            </Extensions>
                        </InLine>
                    </Ad>
                    <Ad id='47137086.140265369947136' sequence='12'>
                        <InLine>
                            <AdSystem>FreeWheel</AdSystem>
                            <AdTitle>SE ST1 v.42 (262 237) 10&quot; 100%</AdTitle>
                            <Error><![CDATA[https://5e529.v.fwmrm.net/ad/l/1?s=d027&n=386345%3B386345&t=1602503513126642570&f=262144&r=386345&adid=47137086&reid=26083978&arid=1&iw=&uxnw=&uxss=&uxct=&et=e&cn=%5BERRORCODE%5D]]></Error>
                            <Impression id='FWi_47137086.1'><![CDATA[https://5e529.v.fwmrm.net/ad/l/1?s=d027&n=386345%3B386345&t=1602503513126642570&f=262144&r=386345&adid=47137086&reid=26083978&arid=1&auid=&cn=defaultImpression&et=i&_cc=47137086,26083978,,30373.39848.51807.,1602503514,1&tpos=661&iw=&uxnw=&uxss=&uxct=&metr=121&init=1&vcid2=420f2af2f68c837b504505d7c0ee66692cdbc5f535e36d52bdd79b8884d65861&cr=https%3A//track.adform.net/adfserve/%3Fbn%3D40033721%3B1x1inv%3D1%3Bsrctype%3D3%3Bord%3D2034422664]]></Impression>
                            <Creatives>
                                <Creative AdID='47137086' id='6687467'>
                                    <Linear>
                                        <Duration>00:00:10</Duration>
                                        <TrackingEvents>
                                            <Tracking event='complete'><![CDATA[https://5e529.v.fwmrm.net/ad/l/1?s=d027&n=386345%3B386345&t=1602503513126642570&f=262144&r=386345&adid=47137086&reid=26083978&arid=1&auid=&cn=complete&et=i&_cc=&tpos=661&init=1&iw=&uxnw=&uxss=&uxct=&metr=121]]></Tracking>
                                            <Tracking event='firstQuartile'><![CDATA[https://5e529.v.fwmrm.net/ad/l/1?s=d027&n=386345%3B386345&t=1602503513126642570&f=262144&r=386345&adid=47137086&reid=26083978&arid=1&auid=&cn=firstQuartile&et=i&_cc=&tpos=661&init=1&iw=&uxnw=&uxss=&uxct=&metr=121]]></Tracking>
                                            <Tracking event='midpoint'><![CDATA[https://5e529.v.fwmrm.net/ad/l/1?s=d027&n=386345%3B386345&t=1602503513126642570&f=262144&r=386345&adid=47137086&reid=26083978&arid=1&auid=&cn=midPoint&et=i&_cc=&tpos=661&init=1&iw=&uxnw=&uxss=&uxct=&metr=121]]></Tracking>
                                            <Tracking event='thirdQuartile'><![CDATA[https://5e529.v.fwmrm.net/ad/l/1?s=d027&n=386345%3B386345&t=1602503513126642570&f=262144&r=386345&adid=47137086&reid=26083978&arid=1&auid=&cn=thirdQuartile&et=i&_cc=&tpos=661&init=1&iw=&uxnw=&uxss=&uxct=&metr=121]]></Tracking>
                                        </TrackingEvents>
                                        <VideoClicks>
                                            <ClickThrough id='FWc_47137086.1'><![CDATA[https://5e529.v.fwmrm.net/ad/l/1?s=d027&n=386345%3B386345&t=1602503513126642570&f=262144&r=386345&adid=47137086&reid=26083978&arid=1&auid=&cn=defaultClick&et=c&_cc=&tpos=661&cr=https%3A//track.adform.net/C/%3Fbn%3D40033721]]></ClickThrough>
                                        </VideoClicks>
                                        <MediaFiles>
                                            <MediaFile bitrate='4150' delivery='progressive' height='720' id='26083978' type='video/mp4' width='1280'><![CDATA[https://dni-adops-proxy-prod-adopsmediaconverter.mercury.dnitv.com/386345/666991/ST1%20S1DZSA1012_2020-04-28T14:20:53Z_1280x720.mp4]]></MediaFile>
                                            <MediaFile bitrate='8489' delivery='progressive' height='1080' id='26083979' type='video/mp4' width='1920'><![CDATA[https://dni-adops-proxy-prod-adopsmediaconverter.mercury.dnitv.com/386345/666991/ST1%20S1DZSA1012_2020-04-28T14:20:53Z_1920x1080.mp4]]></MediaFile>
                                            <MediaFile bitrate='1539' delivery='progressive' height='360' id='26083980' type='video/mp4' width='640'><![CDATA[https://dni-adops-proxy-prod-adopsmediaconverter.mercury.dnitv.com/386345/666991/ST1%20S1DZSA1012_2020-04-28T14:20:53Z_640x360.mp4]]></MediaFile>
                                            <MediaFile bitrate='2254' delivery='progressive' height='480' id='26083981' type='video/mp4' width='854'><![CDATA[https://dni-adops-proxy-prod-adopsmediaconverter.mercury.dnitv.com/386345/666991/ST1%20S1DZSA1012_2020-04-28T14:20:53Z_854x480.mp4]]></MediaFile>
                                            <MediaFile bitrate='2729' delivery='progressive' height='540' id='26083982' type='video/mp4' width='960'><![CDATA[https://dni-adops-proxy-prod-adopsmediaconverter.mercury.dnitv.com/386345/666991/ST1%20S1DZSA1012_2020-04-28T14:20:53Z_960x540.mp4]]></MediaFile>
                                        </MediaFiles>
                                    </Linear>
                                </Creative>
                            </Creatives>
                            <Extensions>
                                <Extension type='FreeWheel'>
                                    <AdInfo customaid='S1DZSA1012' gid='0' cid='15099483' format='spot_standard' variant='NORMAL' exclusive='false' />
                                    <Parameter name='_fw_4AID'><![CDATA[S1DZSA1012]]></Parameter>
                                    <CreativeParameters>
                                        <CreativeParameter creativeId='6687467' name='_fw_4AID' type='Linear'><![CDATA[S1DZSA1012]]></CreativeParameter>
                                        <CreativeParameter creativeId='6687467' name='MMS_ID' type='Linear'><![CDATA[]]></CreativeParameter>
                                        <CreativeParameter creativeId='6687467' name='adobe_reporting' type='Linear'><![CDATA[advertiser_name:SE ST1;advertiser_id:666991;campaign_name:SE ST1;campaign_id:15099483;placement_name:SE ST1 v.42 (262 237) 10" 100%;placement_id:47137085;creative_name:ST1 S1DZSA1012.mp4;creative_id:6687467]]></CreativeParameter>
                                        <CreativeParameter creativeId='6687467' name='moat' type='Linear'><![CDATA[386345;386345;666991;15099483;47137083;;47137085;48567;g11761361;g542506;1324683;118766968;DPLAYSE_SV_SE1483978920527;6687467;26083978;10;midroll;;386345:DiscoverySBS_html5_live_secure_2;cpx-non;1602503513126642570]]></CreativeParameter>
                                    </CreativeParameters>
                                </Extension>
                            </Extensions>
                        </InLine>
                    </Ad>
                    <Ad id='47195341.140265369948672' sequence='13'>
                        <InLine>
                            <AdSystem>FreeWheel</AdSystem>
                            <AdTitle>SE Com Hem v.41-42 (273 220)</AdTitle>
                            <Error><![CDATA[https://5e529.v.fwmrm.net/ad/l/1?s=d027&n=386345%3B386345&t=1602503513126642570&f=262144&r=386345&adid=47195341&reid=30238928&arid=0&iw=&uxnw=&uxss=&uxct=&et=e&cn=%5BERRORCODE%5D]]></Error>
                            <Impression id='FWi_47195341.0'><![CDATA[https://5e529.v.fwmrm.net/ad/l/1?s=d027&n=386345%3B386345&t=1602503513126642570&f=262144&r=386345&adid=47195341&reid=30238928&arid=0&auid=&cn=defaultImpression&et=i&_cc=47195341,30238928,,30373.39848.51807.,1602503514,1&tpos=661&iw=&uxnw=&uxss=&uxct=&metr=121&init=1&vcid2=420f2af2f68c837b504505d7c0ee66692cdbc5f535e36d52bdd79b8884d65861&cr=https%3A//ad.doubleclick.net/ddm/ad/N763794.2211900DPLAYSE/B24636472.282552697%3Bsz%3D1x1%3Bord%3D948296362%3Bdc_lat%3D%3Bdc_rdid%3D%3Btag_for_child_directed_treatment%3D%3Btfua%3D%3F]]></Impression>
                            <Creatives>
                                <Creative AdID='47195341' id='7159492'>
                                    <Linear>
                                        <Duration>00:00:15</Duration>
                                        <TrackingEvents>
                                            <Tracking event='complete'><![CDATA[https://5e529.v.fwmrm.net/ad/l/1?s=d027&n=386345%3B386345&t=1602503513126642570&f=262144&r=386345&adid=47195341&reid=30238928&arid=0&auid=&cn=complete&et=i&_cc=&tpos=661&init=1&iw=&uxnw=&uxss=&uxct=&metr=121]]></Tracking>
                                            <Tracking event='firstQuartile'><![CDATA[https://5e529.v.fwmrm.net/ad/l/1?s=d027&n=386345%3B386345&t=1602503513126642570&f=262144&r=386345&adid=47195341&reid=30238928&arid=0&auid=&cn=firstQuartile&et=i&_cc=&tpos=661&init=1&iw=&uxnw=&uxss=&uxct=&metr=121]]></Tracking>
                                            <Tracking event='midpoint'><![CDATA[https://5e529.v.fwmrm.net/ad/l/1?s=d027&n=386345%3B386345&t=1602503513126642570&f=262144&r=386345&adid=47195341&reid=30238928&arid=0&auid=&cn=midPoint&et=i&_cc=&tpos=661&init=1&iw=&uxnw=&uxss=&uxct=&metr=121]]></Tracking>
                                            <Tracking event='thirdQuartile'><![CDATA[https://5e529.v.fwmrm.net/ad/l/1?s=d027&n=386345%3B386345&t=1602503513126642570&f=262144&r=386345&adid=47195341&reid=30238928&arid=0&auid=&cn=thirdQuartile&et=i&_cc=&tpos=661&init=1&iw=&uxnw=&uxss=&uxct=&metr=121]]></Tracking>
                                        </TrackingEvents>
                                        <VideoClicks>
                                            <ClickThrough id='FWc_47195341.0'><![CDATA[https://5e529.v.fwmrm.net/ad/l/1?s=d027&n=386345%3B386345&t=1602503513126642570&f=262144&r=386345&adid=47195341&reid=30238928&arid=0&auid=&cn=defaultClick&et=c&_cc=&tpos=661&cr=https%3A//ad.doubleclick.net/ddm/clk/476382859%3B282552697%3Bh]]></ClickThrough>
                                        </VideoClicks>
                                        <MediaFiles>
                                            <MediaFile bitrate='2438' delivery='progressive' height='720' id='30238928' type='video/mp4' width='1280'><![CDATA[https://dni-adops-proxy-prod-adopsmediaconverter.mercury.dnitv.com/386345/580712/Com%20HemS1VSCO1506_2020-08-17T17:11:59Z_1280x720.mp4]]></MediaFile>
                                            <MediaFile bitrate='5026' delivery='progressive' height='1080' id='30238929' type='video/mp4' width='1920'><![CDATA[https://dni-adops-proxy-prod-adopsmediaconverter.mercury.dnitv.com/386345/580712/Com%20HemS1VSCO1506_2020-08-17T17:11:59Z_1920x1080.mp4]]></MediaFile>
                                            <MediaFile bitrate='807' delivery='progressive' height='360' id='30238930' type='video/mp4' width='640'><![CDATA[https://dni-adops-proxy-prod-adopsmediaconverter.mercury.dnitv.com/386345/580712/Com%20HemS1VSCO1506_2020-08-17T17:11:59Z_640x360.mp4]]></MediaFile>
                                            <MediaFile bitrate='1298' delivery='progressive' height='480' id='30238931' type='video/mp4' width='854'><![CDATA[https://dni-adops-proxy-prod-adopsmediaconverter.mercury.dnitv.com/386345/580712/Com%20HemS1VSCO1506_2020-08-17T17:11:59Z_854x480.mp4]]></MediaFile>
                                            <MediaFile bitrate='1478' delivery='progressive' height='540' id='30238932' type='video/mp4' width='960'><![CDATA[https://dni-adops-proxy-prod-adopsmediaconverter.mercury.dnitv.com/386345/580712/Com%20HemS1VSCO1506_2020-08-17T17:11:59Z_960x540.mp4]]></MediaFile>
                                        </MediaFiles>
                                    </Linear>
                                </Creative>
                            </Creatives>
                            <Extensions>
                                <Extension type='FreeWheel'>
                                    <AdInfo customaid='S1VSCO1506' gid='0' cid='41203761' format='spot_standard' variant='NORMAL' exclusive='false' />
                                    <Parameter name='_fw_4AID'><![CDATA[S1VSCO1506]]></Parameter>
                                    <CreativeParameters>
                                        <CreativeParameter creativeId='7159492' name='_fw_4AID' type='Linear'><![CDATA[S1VSCO1506]]></CreativeParameter>
                                        <CreativeParameter creativeId='7159492' name='MMS_ID' type='Linear'><![CDATA[]]></CreativeParameter>
                                        <CreativeParameter creativeId='7159492' name='adobe_reporting' type='Linear'><![CDATA[advertiser_name:SE COM HEM;advertiser_id:580712;campaign_name:SE Com Hem;campaign_id:41203761;placement_name:SE Com Hem v.41-42 (273 220);placement_id:47195340;creative_name:Com HemS1VSCO1506.mp4;creative_id:7159492]]></CreativeParameter>
                                        <CreativeParameter creativeId='7159492' name='moat' type='Linear'><![CDATA[386345;386345;580712;41203761;47195338;;47195340;48567;g11761361;g542506;1324683;118766968;DPLAYSE_SV_SE1483978920527;7159492;30238928;15;midroll;;386345:DiscoverySBS_html5_live_secure_2;cpx-non;1602503513126642570]]></CreativeParameter>
                                    </CreativeParameters>
                                </Extension>
                            </Extensions>
                        </InLine>
                    </Ad>
                    <Ad id='47047292.140265369944064' sequence='14'>
                        <InLine>
                            <AdSystem>FreeWheel</AdSystem>
                            <AdTitle>SE Fortum v.41-42 (495 652) 2020</AdTitle>
                            <Error><![CDATA[https://5e529.v.fwmrm.net/ad/l/1?s=d027&n=386345%3B386345&t=1602503513126642570&f=262144&r=386345&adid=47047292&reid=31070687&arid=0&iw=&uxnw=&uxss=&uxct=&et=e&cn=%5BERRORCODE%5D]]></Error>
                            <Impression id='FWi_47047292.0'><![CDATA[https://5e529.v.fwmrm.net/ad/l/1?s=d027&n=386345%3B386345&t=1602503513126642570&f=262144&r=386345&adid=47047292&reid=31070687&arid=0&auid=&cn=defaultImpression&et=i&_cc=47047292,31070687,,30373.39848.51807.,1602503514,1&tpos=661&iw=&uxnw=&uxss=&uxct=&metr=121&init=1&vcid2=420f2af2f68c837b504505d7c0ee66692cdbc5f535e36d52bdd79b8884d65861&cr=]]></Impression>
                            <Creatives>
                                <Creative AdID='47047292' id='7274580'>
                                    <Linear>
                                        <Duration>00:00:20</Duration>
                                        <TrackingEvents>
                                            <Tracking event='complete'><![CDATA[https://5e529.v.fwmrm.net/ad/l/1?s=d027&n=386345%3B386345&t=1602503513126642570&f=262144&r=386345&adid=47047292&reid=31070687&arid=0&auid=&cn=complete&et=i&_cc=&tpos=661&init=1&iw=&uxnw=&uxss=&uxct=&metr=121]]></Tracking>
                                            <Tracking event='firstQuartile'><![CDATA[https://5e529.v.fwmrm.net/ad/l/1?s=d027&n=386345%3B386345&t=1602503513126642570&f=262144&r=386345&adid=47047292&reid=31070687&arid=0&auid=&cn=firstQuartile&et=i&_cc=&tpos=661&init=1&iw=&uxnw=&uxss=&uxct=&metr=121]]></Tracking>
                                            <Tracking event='midpoint'><![CDATA[https://5e529.v.fwmrm.net/ad/l/1?s=d027&n=386345%3B386345&t=1602503513126642570&f=262144&r=386345&adid=47047292&reid=31070687&arid=0&auid=&cn=midPoint&et=i&_cc=&tpos=661&init=1&iw=&uxnw=&uxss=&uxct=&metr=121]]></Tracking>
                                            <Tracking event='thirdQuartile'><![CDATA[https://5e529.v.fwmrm.net/ad/l/1?s=d027&n=386345%3B386345&t=1602503513126642570&f=262144&r=386345&adid=47047292&reid=31070687&arid=0&auid=&cn=thirdQuartile&et=i&_cc=&tpos=661&init=1&iw=&uxnw=&uxss=&uxct=&metr=121]]></Tracking>
                                        </TrackingEvents>
                                        <VideoClicks>
                                            <ClickThrough id='FWc_47047292.0'><![CDATA[https://5e529.v.fwmrm.net/ad/l/1?s=d027&n=386345%3B386345&t=1602503513126642570&f=262144&r=386345&adid=47047292&reid=31070687&arid=0&auid=&cn=defaultClick&et=c&_cc=&tpos=661&cr=https%3A//www.fortum.se/]]></ClickThrough>
                                        </VideoClicks>
                                        <MediaFiles>
                                            <MediaFile bitrate='3769' delivery='progressive' height='720' id='31070687' type='video/mp4' width='1280'><![CDATA[https://dni-adops-proxy-prod-adopsmediaconverter.mercury.dnitv.com/386345/798064/S1LQFO2001_2020-09-08T08:48:58Z_1280x720.mp4]]></MediaFile>
                                            <MediaFile bitrate='6808' delivery='progressive' height='1080' id='31070688' type='video/mp4' width='1920'><![CDATA[https://dni-adops-proxy-prod-adopsmediaconverter.mercury.dnitv.com/386345/798064/S1LQFO2001_2020-09-08T08:48:58Z_1920x1080.mp4]]></MediaFile>
                                            <MediaFile bitrate='1403' delivery='progressive' height='360' id='31070689' type='video/mp4' width='640'><![CDATA[https://dni-adops-proxy-prod-adopsmediaconverter.mercury.dnitv.com/386345/798064/S1LQFO2001_2020-09-08T08:48:58Z_640x360.mp4]]></MediaFile>
                                            <MediaFile bitrate='2222' delivery='progressive' height='480' id='31070690' type='video/mp4' width='854'><![CDATA[https://dni-adops-proxy-prod-adopsmediaconverter.mercury.dnitv.com/386345/798064/S1LQFO2001_2020-09-08T08:48:58Z_854x480.mp4]]></MediaFile>
                                            <MediaFile bitrate='2488' delivery='progressive' height='540' id='31070691' type='video/mp4' width='960'><![CDATA[https://dni-adops-proxy-prod-adopsmediaconverter.mercury.dnitv.com/386345/798064/S1LQFO2001_2020-09-08T08:48:58Z_960x540.mp4]]></MediaFile>
                                        </MediaFiles>
                                    </Linear>
                                </Creative>
                            </Creatives>
                            <Extensions>
                                <Extension type='FreeWheel'>
                                    <AdInfo customaid='S1LQFO2001' gid='0' cid='31888558' format='spot_standard' variant='NORMAL' exclusive='false' />
                                    <Parameter name='_fw_4AID'><![CDATA[S1LQFO2001]]></Parameter>
                                    <CreativeParameters>
                                        <CreativeParameter creativeId='7274580' name='_fw_4AID' type='Linear'><![CDATA[S1LQFO2001]]></CreativeParameter>
                                        <CreativeParameter creativeId='7274580' name='MMS_ID' type='Linear'><![CDATA[]]></CreativeParameter>
                                        <CreativeParameter creativeId='7274580' name='adobe_reporting' type='Linear'><![CDATA[advertiser_name:SE Fortum;advertiser_id:798064;campaign_name:SE Fortum;campaign_id:31888558;placement_name:SE Fortum v.41-42 (495 652) 2020;placement_id:47047291;creative_name:S1LQFO2001.mp4;creative_id:7274580]]></CreativeParameter>
                                        <CreativeParameter creativeId='7274580' name='moat' type='Linear'><![CDATA[386345;386345;798064;31888558;47047287;;47047291;48567;g11761361;g542506;1324683;118766968;DPLAYSE_SV_SE1483978920527;7274580;31070687;20;midroll;;386345:DiscoverySBS_html5_live_secure_2;cpx-non;1602503513126642570]]></CreativeParameter>
                                    </CreativeParameters>
                                </Extension>
                            </Extensions>
                        </InLine>
                    </Ad>
                    <Ad id='40737035.140265369938688' sequence='15'>
                        <Wrapper>
                            <AdSystem>FreeWheel</AdSystem>
                            <VASTAdTagURI><![CDATA[https://pubads.g.doubleclick.net/gampad/ads?iu=/21921738845/dplay_se_web/dplay_se_web_midroll_bumper_first&description_url=http%3A%2F%2Fwww.dplay.se&tfcd=0&npa=0&sz=640x480&max_ad_duration=6000&gdfp_req=1&output=vast&unviewed_position_start=1&env=vp&correlator=709&scor=725&vpmute=0&vpa=0&vad_format=linear&url=http%3A%2F%2Fwww.dplay.se&vpos=midroll&videoad_start_delay=null&paln=]]></VASTAdTagURI>
                            <Error><![CDATA[https://5e529.v.fwmrm.net/ad/l/1?s=d027&n=386345%3B386345&t=1602503513126642570&f=262144&r=386345&adid=40737035&reid=24906299&arid=0&iw=&uxnw=&uxss=&uxct=&et=e&cn=%5BERRORCODE%5D]]></Error>
                            <Impression><![CDATA[https://5e529.v.fwmrm.net/ad/l/1?s=d027&n=386345%3B386345&t=1602503513126642570&f=262144&r=386345&adid=40737035&reid=24906299&arid=0&auid=&cn=defaultImpression&et=i&_cc=40737035,24906299,51809.,30373.39848.41355.51807.51809.,1602503514,1&tpos=661&iw=&uxnw=&uxss=&uxct=&metr=121&init=1&vcid2=420f2af2f68c837b504505d7c0ee66692cdbc5f535e36d52bdd79b8884d65861&cr=]]></Impression>
                            <Creatives>
                                <Creative AdID='40737035' id='6488970'>
                                    <Linear>
                                        <TrackingEvents>
                                            <Tracking event='complete'><![CDATA[https://5e529.v.fwmrm.net/ad/l/1?s=d027&n=386345%3B386345&t=1602503513126642570&f=262144&r=386345&adid=40737035&reid=24906299&arid=0&auid=&cn=complete&et=i&_cc=&tpos=661&init=1&iw=&uxnw=&uxss=&uxct=&metr=121]]></Tracking>
                                            <Tracking event='firstQuartile'><![CDATA[https://5e529.v.fwmrm.net/ad/l/1?s=d027&n=386345%3B386345&t=1602503513126642570&f=262144&r=386345&adid=40737035&reid=24906299&arid=0&auid=&cn=firstQuartile&et=i&_cc=&tpos=661&init=1&iw=&uxnw=&uxss=&uxct=&metr=121]]></Tracking>
                                            <Tracking event='midpoint'><![CDATA[https://5e529.v.fwmrm.net/ad/l/1?s=d027&n=386345%3B386345&t=1602503513126642570&f=262144&r=386345&adid=40737035&reid=24906299&arid=0&auid=&cn=midPoint&et=i&_cc=&tpos=661&init=1&iw=&uxnw=&uxss=&uxct=&metr=121]]></Tracking>
                                            <Tracking event='thirdQuartile'><![CDATA[https://5e529.v.fwmrm.net/ad/l/1?s=d027&n=386345%3B386345&t=1602503513126642570&f=262144&r=386345&adid=40737035&reid=24906299&arid=0&auid=&cn=thirdQuartile&et=i&_cc=&tpos=661&init=1&iw=&uxnw=&uxss=&uxct=&metr=121]]></Tracking>
                                        </TrackingEvents>
                                        <VideoClicks>
                                            <ClickTracking id='FWc_40737035.0'><![CDATA[https://5e529.v.fwmrm.net/ad/l/1?s=d027&n=386345%3B386345&t=1602503513126642570&f=262144&r=386345&adid=40737035&reid=24906299&arid=0&auid=&cn=defaultClick&et=c&_cc=&tpos=661&cr=]]></ClickTracking>
                                        </VideoClicks>
                                    </Linear>
                                </Creative>
                            </Creatives>
                            <Extensions>
                                <Extension type='FreeWheel'>
                                    <AdInfo customaid='' gid='0' cid=';placeme' format='spot_standard' variant='NORMAL' exclusive='false' />
                                    <CreativeParameters>
                                        <CreativeParameter creativeId='6488970' name='translator.vast.loadWithCookie' type='Linear'><![CDATA[1]]></CreativeParameter>
                                        <CreativeParameter creativeId='6488970' name='MMS_ID' type='Linear'><![CDATA[]]></CreativeParameter>
                                        <CreativeParameter creativeId='6488970' name='adobe_reporting' type='Linear'><![CDATA[advertiser_name:;advertiser_id:;campaign_name:;campaign_id:;placement_name:DPLAY SE | Web | Midroll Bumper First;placement_id:40737033;creative_name:DPLAY SE | Web | Midroll Bumper First;creative_id:6488970]]></CreativeParameter>
                                        <CreativeParameter creativeId='6488970' name='moat' type='Linear'><![CDATA[386345;386345;;;;;40737033;56784;g11761361;g542506;1324683;118766968;DPLAYSE_SV_SE1483978920527;6488970;24906299;7;midroll;;386345:DiscoverySBS_html5_live_secure_2;cpx-non;1602503513126642570]]></CreativeParameter>
                                    </CreativeParameters>
                                </Extension>
                            </Extensions>
                        </Wrapper>
                    </Ad>
                    <Ad id='46131576.140265369940992' sequence='16'>
                        <InLine>
                            <AdSystem>FreeWheel</AdSystem>
                            <AdTitle>	 dp_allsve_gen02 stream_now</AdTitle>
                            <Error><![CDATA[https://5e529.v.fwmrm.net/ad/l/1?s=d027&n=386345%3B386345&t=1602503513126642570&f=262144&r=386345&adid=46131576&reid=27969219&arid=0&iw=&uxnw=&uxss=&uxct=&et=e&cn=%5BERRORCODE%5D]]></Error>
                            <Impression id='FWi_46131576.0'><![CDATA[https://5e529.v.fwmrm.net/ad/l/1?s=d027&n=386345%3B386345&t=1602503513126642570&f=262144&r=386345&adid=46131576&reid=27969219&arid=0&auid=&cn=defaultImpression&et=i&_cc=46131576,27969219,,30373.39848.51807.,1602503514,1&tpos=661&iw=&uxnw=&uxss=&uxct=&metr=121&init=1&vcid2=420f2af2f68c837b504505d7c0ee66692cdbc5f535e36d52bdd79b8884d65861&cr=]]></Impression>
                            <Creatives>
                                <Creative AdID='46131576' id='6985755'>
                                    <Linear>
                                        <Duration>00:00:10</Duration>
                                        <TrackingEvents>
                                            <Tracking event='complete'><![CDATA[https://5e529.v.fwmrm.net/ad/l/1?s=d027&n=386345%3B386345&t=1602503513126642570&f=262144&r=386345&adid=46131576&reid=27969219&arid=0&auid=&cn=complete&et=i&_cc=&tpos=661&init=1&iw=&uxnw=&uxss=&uxct=&metr=121]]></Tracking>
                                            <Tracking event='firstQuartile'><![CDATA[https://5e529.v.fwmrm.net/ad/l/1?s=d027&n=386345%3B386345&t=1602503513126642570&f=262144&r=386345&adid=46131576&reid=27969219&arid=0&auid=&cn=firstQuartile&et=i&_cc=&tpos=661&init=1&iw=&uxnw=&uxss=&uxct=&metr=121]]></Tracking>
                                            <Tracking event='midpoint'><![CDATA[https://5e529.v.fwmrm.net/ad/l/1?s=d027&n=386345%3B386345&t=1602503513126642570&f=262144&r=386345&adid=46131576&reid=27969219&arid=0&auid=&cn=midPoint&et=i&_cc=&tpos=661&init=1&iw=&uxnw=&uxss=&uxct=&metr=121]]></Tracking>
                                            <Tracking event='thirdQuartile'><![CDATA[https://5e529.v.fwmrm.net/ad/l/1?s=d027&n=386345%3B386345&t=1602503513126642570&f=262144&r=386345&adid=46131576&reid=27969219&arid=0&auid=&cn=thirdQuartile&et=i&_cc=&tpos=661&init=1&iw=&uxnw=&uxss=&uxct=&metr=121]]></Tracking>
                                        </TrackingEvents>
                                        <VideoClicks>
                                            <ClickTracking id='FWc_46131576.0'><![CDATA[https://5e529.v.fwmrm.net/ad/l/1?s=d027&n=386345%3B386345&t=1602503513126642570&f=262144&r=386345&adid=46131576&reid=27969219&arid=0&auid=&cn=defaultClick&et=c&_cc=&tpos=661&cr=]]></ClickTracking>
                                        </VideoClicks>
                                        <MediaFiles>
                                            <MediaFile bitrate='3606' delivery='progressive' height='720' id='27969219' type='video/mp4' width='1280'><![CDATA[https://dni-adops-proxy-prod-adopsmediaconverter.mercury.dnitv.com/386345/606323/dp_allsve_gen02_2020_10_crea1_stream_now_2020-07-08T14:08:48Z_1280x720.mp4]]></MediaFile>
                                            <MediaFile bitrate='7047' delivery='progressive' height='1080' id='27969220' type='video/mp4' width='1920'><![CDATA[https://dni-adops-proxy-prod-adopsmediaconverter.mercury.dnitv.com/386345/606323/dp_allsve_gen02_2020_10_crea1_stream_now_2020-07-08T14:08:48Z_1920x1080.mp4]]></MediaFile>
                                            <MediaFile bitrate='1259' delivery='progressive' height='360' id='27969221' type='video/mp4' width='640'><![CDATA[https://dni-adops-proxy-prod-adopsmediaconverter.mercury.dnitv.com/386345/606323/dp_allsve_gen02_2020_10_crea1_stream_now_2020-07-08T14:08:48Z_640x360.mp4]]></MediaFile>
                                            <MediaFile bitrate='1993' delivery='progressive' height='480' id='27969222' type='video/mp4' width='854'><![CDATA[https://dni-adops-proxy-prod-adopsmediaconverter.mercury.dnitv.com/386345/606323/dp_allsve_gen02_2020_10_crea1_stream_now_2020-07-08T14:08:48Z_854x480.mp4]]></MediaFile>
                                            <MediaFile bitrate='2315' delivery='progressive' height='540' id='27969223' type='video/mp4' width='960'><![CDATA[https://dni-adops-proxy-prod-adopsmediaconverter.mercury.dnitv.com/386345/606323/dp_allsve_gen02_2020_10_crea1_stream_now_2020-07-08T14:08:48Z_960x540.mp4]]></MediaFile>
                                        </MediaFiles>
                                    </Linear>
                                </Creative>
                            </Creatives>
                            <Extensions>
                                <Extension type='FreeWheel'>
                                    <AdInfo customaid='' gid='0' cid='13112689' format='spot_standard' variant='NORMAL' exclusive='false' />
                                    <Parameter name='_fw_4AID'><![CDATA[Promo]]></Parameter>
                                    <CreativeParameters>
                                        <CreativeParameter creativeId='6985755' name='_fw_4AID' type='Linear'><![CDATA[Promo]]></CreativeParameter>
                                        <CreativeParameter creativeId='6985755' name='MMS_ID' type='Linear'><![CDATA[promo]]></CreativeParameter>
                                        <CreativeParameter creativeId='6985755' name='adobe_reporting' type='Linear'><![CDATA[advertiser_name:SE Promos Dplay;advertiser_id:606323;campaign_name:SE Promos Dplay;campaign_id:13112689;placement_name:	 dp_allsve_gen02 stream_now;placement_id:46131575;creative_name:dp_allsve_gen02_2020_10_crea1_stream_now.mp4;creative_id:6985755]]></CreativeParameter>
                                        <CreativeParameter creativeId='6985755' name='moat' type='Linear'><![CDATA[386345;386345;606323;13112689;45047190;promo;46131575;48568;g11761361;g542506;1324683;118766968;DPLAYSE_SV_SE1483978920527;6985755;27969219;10;midroll;;386345:DiscoverySBS_html5_live_secure_2;cpx-non;1602503513126642570]]></CreativeParameter>
                                    </CreativeParameters>
                                </Extension>
                            </Extensions>
                        </InLine>
                    </Ad>
                </VAST>
            </vmap:VASTAdData>
        </vmap:AdSource>
        <vmap:TrackingEvents>
            <vmap:Tracking event='breakStart'><![CDATA[https://5e529.v.fwmrm.net/ad/l/1?s=d027&n=386345%3B386345&t=1602503513126642570&f=262144&cn=slotImpression&et=i&tpos=661&init=1&slid=4,5,6,7,8,9,10]]></vmap:Tracking>
            <vmap:Tracking event='breakEnd'><![CDATA[https://5e529.v.fwmrm.net/ad/l/1?s=d027&n=386345%3B386345&t=1602503513126642570&f=262144&cn=slotEnd&et=i&tpos=661&init=1&slid=4,5,6,7,8,9,10]]></vmap:Tracking>
        </vmap:TrackingEvents>
    </vmap:AdBreak>
    <vmap:AdBreak breakId='cue_point-628937080' breakType='linear' timeOffset='00:24:10'>
        <vmap:AdSource allowMultipleAds='true' followRedirects='true' id='2'>
            <vmap:VASTAdData>
                <VAST version='3.0'
                    xmlns:xsi='http://www.w3.org/2001/XMLSchema-instance' xsi:noNamespaceSchemaLocation='vast.xsd'>
                    <Ad id='17639838.140264947469312' sequence='1'>
                        <InLine>
                            <AdSystem>FreeWheel</AdSystem>
                            <AdTitle>SE Midroll First in break v.37-52</AdTitle>
                            <Error><![CDATA[https://5e529.v.fwmrm.net/ad/l/1?s=d027&n=386345%3B386345&t=1602503513126642570&f=262144&r=386345&adid=17639838&reid=14776836&arid=0&iw=&uxnw=&uxss=&uxct=&et=e&cn=%5BERRORCODE%5D]]></Error>
                            <Impression id='FWi_17639838.0'><![CDATA[https://5e529.v.fwmrm.net/ad/l/1?s=d027&n=386345%3B386345&t=1602503513126642570&f=262144&r=386345&adid=17639838&reid=14776836&arid=0&auid=&cn=defaultImpression&et=i&_cc=17639838,14776836,,30373.39848.51807.,1602503514,1&tpos=1450&iw=&uxnw=&uxss=&uxct=&metr=121&init=1&vcid2=420f2af2f68c837b504505d7c0ee66692cdbc5f535e36d52bdd79b8884d65861&cr=https%3A//x.bidswitch.net/sync%3Fssp%3Dfalktech]]></Impression>
                            <Creatives>
                                <Creative AdID='17639838' id='4583456'>
                                    <Linear>
                                        <Duration>00:00:04</Duration>
                                        <TrackingEvents>
                                            <Tracking event='complete'><![CDATA[https://5e529.v.fwmrm.net/ad/l/1?s=d027&n=386345%3B386345&t=1602503513126642570&f=262144&r=386345&adid=17639838&reid=14776836&arid=0&auid=&cn=complete&et=i&_cc=&tpos=1450&init=1&iw=&uxnw=&uxss=&uxct=&metr=121]]></Tracking>
                                            <Tracking event='firstQuartile'><![CDATA[https://5e529.v.fwmrm.net/ad/l/1?s=d027&n=386345%3B386345&t=1602503513126642570&f=262144&r=386345&adid=17639838&reid=14776836&arid=0&auid=&cn=firstQuartile&et=i&_cc=&tpos=1450&init=1&iw=&uxnw=&uxss=&uxct=&metr=121]]></Tracking>
                                            <Tracking event='midpoint'><![CDATA[https://5e529.v.fwmrm.net/ad/l/1?s=d027&n=386345%3B386345&t=1602503513126642570&f=262144&r=386345&adid=17639838&reid=14776836&arid=0&auid=&cn=midPoint&et=i&_cc=&tpos=1450&init=1&iw=&uxnw=&uxss=&uxct=&metr=121]]></Tracking>
                                            <Tracking event='thirdQuartile'><![CDATA[https://5e529.v.fwmrm.net/ad/l/1?s=d027&n=386345%3B386345&t=1602503513126642570&f=262144&r=386345&adid=17639838&reid=14776836&arid=0&auid=&cn=thirdQuartile&et=i&_cc=&tpos=1450&init=1&iw=&uxnw=&uxss=&uxct=&metr=121]]></Tracking>
                                        </TrackingEvents>
                                        <VideoClicks>
                                            <ClickTracking id='FWc_17639838.0'><![CDATA[https://5e529.v.fwmrm.net/ad/l/1?s=d027&n=386345%3B386345&t=1602503513126642570&f=262144&r=386345&adid=17639838&reid=14776836&arid=0&auid=&cn=defaultClick&et=c&_cc=&tpos=1450&cr=]]></ClickTracking>
                                        </VideoClicks>
                                        <MediaFiles>
                                            <MediaFile bitrate='1093' delivery='progressive' height='576' id='14776836' type='video/mp4' width='1024'><![CDATA[https://dniadops-a.akamaihd.net/video-assets/386345/600125/856a3d8157ecc51374fd3eacbab1e67e-1024x576-2500k-libx264.mp4]]></MediaFile>
                                            <MediaFile bitrate='139' delivery='progressive' height='180' id='14776837' type='video/mp4' width='320'><![CDATA[https://dniadops-a.akamaihd.net/video-assets/386345/600125/856a3d8157ecc51374fd3eacbab1e67e-320x180-200k-libx264.mp4]]></MediaFile>
                                            <MediaFile bitrate='278' delivery='progressive' height='270' id='14776838' type='video/mp4' width='480'><![CDATA[https://dniadops-a.akamaihd.net/video-assets/386345/600125/856a3d8157ecc51374fd3eacbab1e67e-480x270-600k-libx264.mp4]]></MediaFile>
                                            <MediaFile bitrate='366' delivery='progressive' height='360' id='14776839' type='video/mp4' width='640'><![CDATA[https://dniadops-a.akamaihd.net/video-assets/386345/600125/856a3d8157ecc51374fd3eacbab1e67e-640x360-1000k-libx264.mp4]]></MediaFile>
                                            <MediaFile bitrate='427' delivery='progressive' height='432' id='14776840' type='video/mp4' width='768'><![CDATA[https://dniadops-a.akamaihd.net/video-assets/386345/600125/856a3d8157ecc51374fd3eacbab1e67e-768x432-1500k-libx264.mp4]]></MediaFile>
                                        </MediaFiles>
                                    </Linear>
                                </Creative>
                            </Creatives>
                            <Extensions>
                                <Extension type='FreeWheel'>
                                    <AdInfo customaid='' gid='0' cid='11450538' format='spot_standard' variant='NORMAL' exclusive='false' />
                                    <CreativeParameters>
                                        <CreativeParameter creativeId='4583456' name='MMS_ID' type='Linear'><![CDATA[]]></CreativeParameter>
                                        <CreativeParameter creativeId='4583456' name='adobe_reporting' type='Linear'><![CDATA[advertiser_name:SE Stations ID Dplay;advertiser_id:600125;campaign_name:SE Stations ID Dplay ;campaign_id:11450538;placement_name:SE Midroll First in break v.37-52;placement_id:17639837;creative_name:Dplay bumper 5 Orange 01 - 4 sec - progressive.mp4;creative_id:4583456]]></CreativeParameter>
                                        <CreativeParameter creativeId='4583456' name='moat' type='Linear'><![CDATA[386345;386345;600125;11450538;11450539;;17639837;48569;g11761361;g542506;1324683;118766968;DPLAYSE_SV_SE1483978920527;4583456;14776836;4;midroll;;386345:DiscoverySBS_html5_live_secure_2;cpx-non;1602503513126642570]]></CreativeParameter>
                                    </CreativeParameters>
                                </Extension>
                            </Extensions>
                        </InLine>
                    </Ad>
                    <Ad id='31007863.140264947474688' sequence='2'>
                        <Wrapper>
                            <AdSystem>FreeWheel</AdSystem>
                            <VASTAdTagURI><![CDATA[https://ads.stickyadstv.com/www/delivery/swfIndex.php?reqType=AdsSetup&protocolVersion=2.0&zoneId=7440241]]></VASTAdTagURI>
                            <Error><![CDATA[https://5e529.v.fwmrm.net/ad/l/1?s=d027&n=386345%3B386345&t=1602503513126642570&f=262144&r=386345&adid=31007863&reid=13615319&arid=0&iw=&uxnw=&uxss=&uxct=&et=e&cn=%5BERRORCODE%5D]]></Error>
                            <Impression><![CDATA[https://5e529.v.fwmrm.net/ad/l/1?s=d027&n=386345%3B386345&t=1602503513126642570&f=262144&r=386345&adid=31007863&reid=13615319&arid=0&auid=&cn=defaultImpression&et=i&_cc=31007863,13615319,41355.,30373.39848.41355.51807.51809.,1602503514,1&tpos=1450&iw=&uxnw=&uxss=&uxct=&metr=121&init=1&vcid2=420f2af2f68c837b504505d7c0ee66692cdbc5f535e36d52bdd79b8884d65861&cr=]]></Impression>
                            <Creatives>
                                <Creative AdID='31007863' id='4357819'>
                                    <Linear>
                                        <TrackingEvents>
                                            <Tracking event='complete'><![CDATA[https://5e529.v.fwmrm.net/ad/l/1?s=d027&n=386345%3B386345&t=1602503513126642570&f=262144&r=386345&adid=31007863&reid=13615319&arid=0&auid=&cn=complete&et=i&_cc=&tpos=1450&init=1&iw=&uxnw=&uxss=&uxct=&metr=121]]></Tracking>
                                            <Tracking event='firstQuartile'><![CDATA[https://5e529.v.fwmrm.net/ad/l/1?s=d027&n=386345%3B386345&t=1602503513126642570&f=262144&r=386345&adid=31007863&reid=13615319&arid=0&auid=&cn=firstQuartile&et=i&_cc=&tpos=1450&init=1&iw=&uxnw=&uxss=&uxct=&metr=121]]></Tracking>
                                            <Tracking event='midpoint'><![CDATA[https://5e529.v.fwmrm.net/ad/l/1?s=d027&n=386345%3B386345&t=1602503513126642570&f=262144&r=386345&adid=31007863&reid=13615319&arid=0&auid=&cn=midPoint&et=i&_cc=&tpos=1450&init=1&iw=&uxnw=&uxss=&uxct=&metr=121]]></Tracking>
                                            <Tracking event='thirdQuartile'><![CDATA[https://5e529.v.fwmrm.net/ad/l/1?s=d027&n=386345%3B386345&t=1602503513126642570&f=262144&r=386345&adid=31007863&reid=13615319&arid=0&auid=&cn=thirdQuartile&et=i&_cc=&tpos=1450&init=1&iw=&uxnw=&uxss=&uxct=&metr=121]]></Tracking>
                                        </TrackingEvents>
                                        <VideoClicks>
                                            <ClickTracking id='FWc_31007863.0'><![CDATA[https://5e529.v.fwmrm.net/ad/l/1?s=d027&n=386345%3B386345&t=1602503513126642570&f=262144&r=386345&adid=31007863&reid=13615319&arid=0&auid=&cn=defaultClick&et=c&_cc=&tpos=1450&cr=]]></ClickTracking>
                                        </VideoClicks>
                                    </Linear>
                                </Creative>
                            </Creatives>
                            <Extensions>
                                <Extension type='FreeWheel'>
                                    <AdInfo customaid='PROGRAMMAT' gid='0' cid=';placeme' format='spot_standard' variant='NORMAL' exclusive='false' />
                                    <Parameter name='_fw_4AID'><![CDATA[PROGRAMMATIC]]></Parameter>
                                    <CreativeParameters>
                                        <CreativeParameter creativeId='4357819' name='translator.vast.loadWithCookie' type='Linear'><![CDATA[1]]></CreativeParameter>
                                        <CreativeParameter creativeId='4357819' name='_fw_4AID' type='Linear'><![CDATA[PROGRAMMATIC]]></CreativeParameter>
                                        <CreativeParameter creativeId='4357819' name='MMS_ID' type='Linear'><![CDATA[]]></CreativeParameter>
                                        <CreativeParameter creativeId='4357819' name='adobe_reporting' type='Linear'><![CDATA[advertiser_name:;advertiser_id:;campaign_name:;campaign_id:;placement_name:Dplay-se-web-mid-bumper 6s-first;placement_id:31007840;creative_name:Dplay-se-web-mid-bumper 6s-first;creative_id:4357819]]></CreativeParameter>
                                        <CreativeParameter creativeId='4357819' name='moat' type='Linear'><![CDATA[386345;386345;;;;;31007840;56784;g11761361;g542506;1324683;118766968;DPLAYSE_SV_SE1483978920527;4357819;13615319;7;midroll;;386345:DiscoverySBS_html5_live_secure_2;cpx-non;1602503513126642570]]></CreativeParameter>
                                    </CreativeParameters>
                                </Extension>
                            </Extensions>
                        </Wrapper>
                    </Ad>
                    <Ad id='40737044.140269987829760'>
                        <Wrapper>
                            <AdSystem>FreeWheel</AdSystem>
                            <VASTAdTagURI><![CDATA[https://pubads.g.doubleclick.net/gampad/ads?iu=/21921738845/dplay_se_web/dplay_se_web_midroll_bumper_last&description_url=http%3A%2F%2Fwww.dplay.se&tfcd=0&npa=0&sz=640x480&max_ad_duration=6000&gdfp_req=1&output=vast&unviewed_position_start=1&env=vp&correlator=709&scor=725&vpmute=0&vpa=0&vad_format=linear&url=http%3A%2F%2Fwww.dplay.se&vpos=midroll&videoad_start_delay=null&paln=]]></VASTAdTagURI>
                            <Error><![CDATA[https://5e529.v.fwmrm.net/ad/l/1?s=d027&n=386345%3B386345&t=1602503513126642570&f=262144&r=386345&adid=40737044&reid=24906314&arid=2&iw=&uxnw=&uxss=&uxct=&et=e&cn=%5BERRORCODE%5D]]></Error>
                            <Impression><![CDATA[https://5e529.v.fwmrm.net/ad/l/1?s=d027&n=386345%3B386345&t=1602503513126642570&f=262144&r=386345&adid=40737044&reid=24906314&arid=2&auid=&cn=defaultImpression&et=i&_cc=40737044,24906314,51809.,30373.39848.41355.51807.51809.,1602503514,1&tpos=1450&iw=&uxnw=&uxss=&uxct=&metr=121&init=1&vcid2=420f2af2f68c837b504505d7c0ee66692cdbc5f535e36d52bdd79b8884d65861&cr=]]></Impression>
                            <Creatives>
                                <Creative AdID='40737044' id='6488977'>
                                    <Linear>
                                        <TrackingEvents>
                                            <Tracking event='complete'><![CDATA[https://5e529.v.fwmrm.net/ad/l/1?s=d027&n=386345%3B386345&t=1602503513126642570&f=262144&r=386345&adid=40737044&reid=24906314&arid=2&auid=&cn=complete&et=i&_cc=&tpos=1450&init=1&iw=&uxnw=&uxss=&uxct=&metr=121]]></Tracking>
                                            <Tracking event='firstQuartile'><![CDATA[https://5e529.v.fwmrm.net/ad/l/1?s=d027&n=386345%3B386345&t=1602503513126642570&f=262144&r=386345&adid=40737044&reid=24906314&arid=2&auid=&cn=firstQuartile&et=i&_cc=&tpos=1450&init=1&iw=&uxnw=&uxss=&uxct=&metr=121]]></Tracking>
                                            <Tracking event='midpoint'><![CDATA[https://5e529.v.fwmrm.net/ad/l/1?s=d027&n=386345%3B386345&t=1602503513126642570&f=262144&r=386345&adid=40737044&reid=24906314&arid=2&auid=&cn=midPoint&et=i&_cc=&tpos=1450&init=1&iw=&uxnw=&uxss=&uxct=&metr=121]]></Tracking>
                                            <Tracking event='thirdQuartile'><![CDATA[https://5e529.v.fwmrm.net/ad/l/1?s=d027&n=386345%3B386345&t=1602503513126642570&f=262144&r=386345&adid=40737044&reid=24906314&arid=2&auid=&cn=thirdQuartile&et=i&_cc=&tpos=1450&init=1&iw=&uxnw=&uxss=&uxct=&metr=121]]></Tracking>
                                        </TrackingEvents>
                                        <VideoClicks>
                                            <ClickTracking id='FWc_40737044.2'><![CDATA[https://5e529.v.fwmrm.net/ad/l/1?s=d027&n=386345%3B386345&t=1602503513126642570&f=262144&r=386345&adid=40737044&reid=24906314&arid=2&auid=&cn=defaultClick&et=c&_cc=&tpos=1450&cr=]]></ClickTracking>
                                        </VideoClicks>
                                    </Linear>
                                </Creative>
                            </Creatives>
                            <Extensions>
                                <Extension type='FreeWheel'>
                                    <AdInfo customaid='' gid='0' cid=';placeme' format='spot_standard' variant='NORMAL' exclusive='false' />
                                    <CreativeParameters>
                                        <CreativeParameter creativeId='6488977' name='translator.vast.loadWithCookie' type='Linear'><![CDATA[1]]></CreativeParameter>
                                        <CreativeParameter creativeId='6488977' name='MMS_ID' type='Linear'><![CDATA[]]></CreativeParameter>
                                        <CreativeParameter creativeId='6488977' name='adobe_reporting' type='Linear'><![CDATA[advertiser_name:;advertiser_id:;campaign_name:;campaign_id:;placement_name:DPLAY SE | Web | Midroll Bumper Last;placement_id:40737043;creative_name:DPLAY SE | Web | Midroll Bumper Last;creative_id:6488977]]></CreativeParameter>
                                        <CreativeParameter creativeId='6488977' name='moat' type='Linear'><![CDATA[386345;386345;;;;;40737043;56784;g11761361;g542506;1324683;118766968;DPLAYSE_SV_SE1483978920527;6488977;24906314;7;midroll;;386345:DiscoverySBS_html5_live_secure_2;cpx-non;1602503513126642570]]></CreativeParameter>
                                    </CreativeParameters>
                                </Extension>
                            </Extensions>
                        </Wrapper>
                    </Ad>
                    <Ad id='40737035.140269987830528'>
                        <Wrapper>
                            <AdSystem>FreeWheel</AdSystem>
                            <VASTAdTagURI><![CDATA[https://pubads.g.doubleclick.net/gampad/ads?iu=/21921738845/dplay_se_web/dplay_se_web_midroll_bumper_first&description_url=http%3A%2F%2Fwww.dplay.se&tfcd=0&npa=0&sz=640x480&max_ad_duration=6000&gdfp_req=1&output=vast&unviewed_position_start=1&env=vp&correlator=709&scor=725&vpmute=0&vpa=0&vad_format=linear&url=http%3A%2F%2Fwww.dplay.se&vpos=midroll&videoad_start_delay=null&paln=]]></VASTAdTagURI>
                            <Error><![CDATA[https://5e529.v.fwmrm.net/ad/l/1?s=d027&n=386345%3B386345&t=1602503513126642570&f=262144&r=386345&adid=40737035&reid=24906299&arid=2&iw=&uxnw=&uxss=&uxct=&et=e&cn=%5BERRORCODE%5D]]></Error>
                            <Impression><![CDATA[https://5e529.v.fwmrm.net/ad/l/1?s=d027&n=386345%3B386345&t=1602503513126642570&f=262144&r=386345&adid=40737035&reid=24906299&arid=2&auid=&cn=defaultImpression&et=i&_cc=40737035,24906299,51809.,30373.39848.41355.51807.51809.,1602503514,1&tpos=1450&iw=&uxnw=&uxss=&uxct=&metr=121&init=1&vcid2=420f2af2f68c837b504505d7c0ee66692cdbc5f535e36d52bdd79b8884d65861&cr=]]></Impression>
                            <Creatives>
                                <Creative AdID='40737035' id='6488970'>
                                    <Linear>
                                        <TrackingEvents>
                                            <Tracking event='complete'><![CDATA[https://5e529.v.fwmrm.net/ad/l/1?s=d027&n=386345%3B386345&t=1602503513126642570&f=262144&r=386345&adid=40737035&reid=24906299&arid=2&auid=&cn=complete&et=i&_cc=&tpos=1450&init=1&iw=&uxnw=&uxss=&uxct=&metr=121]]></Tracking>
                                            <Tracking event='firstQuartile'><![CDATA[https://5e529.v.fwmrm.net/ad/l/1?s=d027&n=386345%3B386345&t=1602503513126642570&f=262144&r=386345&adid=40737035&reid=24906299&arid=2&auid=&cn=firstQuartile&et=i&_cc=&tpos=1450&init=1&iw=&uxnw=&uxss=&uxct=&metr=121]]></Tracking>
                                            <Tracking event='midpoint'><![CDATA[https://5e529.v.fwmrm.net/ad/l/1?s=d027&n=386345%3B386345&t=1602503513126642570&f=262144&r=386345&adid=40737035&reid=24906299&arid=2&auid=&cn=midPoint&et=i&_cc=&tpos=1450&init=1&iw=&uxnw=&uxss=&uxct=&metr=121]]></Tracking>
                                            <Tracking event='thirdQuartile'><![CDATA[https://5e529.v.fwmrm.net/ad/l/1?s=d027&n=386345%3B386345&t=1602503513126642570&f=262144&r=386345&adid=40737035&reid=24906299&arid=2&auid=&cn=thirdQuartile&et=i&_cc=&tpos=1450&init=1&iw=&uxnw=&uxss=&uxct=&metr=121]]></Tracking>
                                        </TrackingEvents>
                                        <VideoClicks>
                                            <ClickTracking id='FWc_40737035.2'><![CDATA[https://5e529.v.fwmrm.net/ad/l/1?s=d027&n=386345%3B386345&t=1602503513126642570&f=262144&r=386345&adid=40737035&reid=24906299&arid=2&auid=&cn=defaultClick&et=c&_cc=&tpos=1450&cr=]]></ClickTracking>
                                        </VideoClicks>
                                    </Linear>
                                </Creative>
                            </Creatives>
                            <Extensions>
                                <Extension type='FreeWheel'>
                                    <AdInfo customaid='' gid='0' cid=';placeme' format='spot_standard' variant='NORMAL' exclusive='false' />
                                    <CreativeParameters>
                                        <CreativeParameter creativeId='6488970' name='translator.vast.loadWithCookie' type='Linear'><![CDATA[1]]></CreativeParameter>
                                        <CreativeParameter creativeId='6488970' name='MMS_ID' type='Linear'><![CDATA[]]></CreativeParameter>
                                        <CreativeParameter creativeId='6488970' name='adobe_reporting' type='Linear'><![CDATA[advertiser_name:;advertiser_id:;campaign_name:;campaign_id:;placement_name:DPLAY SE | Web | Midroll Bumper First;placement_id:40737033;creative_name:DPLAY SE | Web | Midroll Bumper First;creative_id:6488970]]></CreativeParameter>
                                        <CreativeParameter creativeId='6488970' name='moat' type='Linear'><![CDATA[386345;386345;;;;;40737033;56784;g11761361;g542506;1324683;118766968;DPLAYSE_SV_SE1483978920527;6488970;24906299;7;midroll;;386345:DiscoverySBS_html5_live_secure_2;cpx-non;1602503513126642570]]></CreativeParameter>
                                    </CreativeParameters>
                                </Extension>
                            </Extensions>
                        </Wrapper>
                    </Ad>
                    <Ad id='40500518.140265369935616' sequence='3'>
                        <Wrapper>
                            <AdSystem>FreeWheel</AdSystem>
                            <VASTAdTagURI><![CDATA[https://pubads.g.doubleclick.net/gampad/ads?iu=/21921738845/dplay_se_web/dplay_se_web_midroll_2&description_url=http%3A%2F%2Fwww.dplay.se&tfcd=0&npa=0&sz=640x480&gdfp_req=1&output=vast&unviewed_position_start=1&env=vp&correlator=709&scor=725&vpmute=0&vpa=0&vad_format=linear&url=http%3A%2F%2Fwww.dplay.se&vpos=midroll&videoad_start_delay=null&paln=]]></VASTAdTagURI>
                            <Error><![CDATA[https://5e529.v.fwmrm.net/ad/l/1?s=d027&n=386345%3B386345&t=1602503513126642570&f=262144&r=386345&adid=40500518&reid=24733388&arid=0&iw=&uxnw=&uxss=&uxct=&et=e&cn=%5BERRORCODE%5D]]></Error>
                            <Impression><![CDATA[https://5e529.v.fwmrm.net/ad/l/1?s=d027&n=386345%3B386345&t=1602503513126642570&f=262144&r=386345&adid=40500518&reid=24733388&arid=0&auid=&cn=defaultImpression&et=i&_cc=40500518,24733388,51807.,30373.39848.51807.,1602503514,1&tpos=1450&iw=&uxnw=&uxss=&uxct=&metr=121&init=1&vcid2=420f2af2f68c837b504505d7c0ee66692cdbc5f535e36d52bdd79b8884d65861&cr=]]></Impression>
                            <Creatives>
                                <Creative AdID='40500518' id='6459818'>
                                    <Linear>
                                        <TrackingEvents>
                                            <Tracking event='complete'><![CDATA[https://5e529.v.fwmrm.net/ad/l/1?s=d027&n=386345%3B386345&t=1602503513126642570&f=262144&r=386345&adid=40500518&reid=24733388&arid=0&auid=&cn=complete&et=i&_cc=&tpos=1450&init=1&iw=&uxnw=&uxss=&uxct=&metr=121]]></Tracking>
                                            <Tracking event='firstQuartile'><![CDATA[https://5e529.v.fwmrm.net/ad/l/1?s=d027&n=386345%3B386345&t=1602503513126642570&f=262144&r=386345&adid=40500518&reid=24733388&arid=0&auid=&cn=firstQuartile&et=i&_cc=&tpos=1450&init=1&iw=&uxnw=&uxss=&uxct=&metr=121]]></Tracking>
                                            <Tracking event='midpoint'><![CDATA[https://5e529.v.fwmrm.net/ad/l/1?s=d027&n=386345%3B386345&t=1602503513126642570&f=262144&r=386345&adid=40500518&reid=24733388&arid=0&auid=&cn=midPoint&et=i&_cc=&tpos=1450&init=1&iw=&uxnw=&uxss=&uxct=&metr=121]]></Tracking>
                                            <Tracking event='thirdQuartile'><![CDATA[https://5e529.v.fwmrm.net/ad/l/1?s=d027&n=386345%3B386345&t=1602503513126642570&f=262144&r=386345&adid=40500518&reid=24733388&arid=0&auid=&cn=thirdQuartile&et=i&_cc=&tpos=1450&init=1&iw=&uxnw=&uxss=&uxct=&metr=121]]></Tracking>
                                        </TrackingEvents>
                                        <VideoClicks>
                                            <ClickTracking id='FWc_40500518.0'><![CDATA[https://5e529.v.fwmrm.net/ad/l/1?s=d027&n=386345%3B386345&t=1602503513126642570&f=262144&r=386345&adid=40500518&reid=24733388&arid=0&auid=&cn=defaultClick&et=c&_cc=&tpos=1450&cr=]]></ClickTracking>
                                        </VideoClicks>
                                    </Linear>
                                </Creative>
                            </Creatives>
                            <Extensions>
                                <Extension type='FreeWheel'>
                                    <AdInfo customaid='' gid='0' cid=';placeme' format='spot_standard' variant='NORMAL' exclusive='false' />
                                    <CreativeParameters>
                                        <CreativeParameter creativeId='6459818' name='translator.vast.loadWithCookie' type='Linear'><![CDATA[1]]></CreativeParameter>
                                        <CreativeParameter creativeId='6459818' name='MMS_ID' type='Linear'><![CDATA[]]></CreativeParameter>
                                        <CreativeParameter creativeId='6459818' name='adobe_reporting' type='Linear'><![CDATA[advertiser_name:;advertiser_id:;campaign_name:;campaign_id:;placement_name:DPLAY SE | Web | Midroll 2;placement_id:40500514;creative_name:DPLAY SE | Web | Midroll 2;creative_id:6459818]]></CreativeParameter>
                                        <CreativeParameter creativeId='6459818' name='moat' type='Linear'><![CDATA[386345;386345;;;;;40500514;48567;g11761361;g542506;1324683;118766968;DPLAYSE_SV_SE1483978920527;6459818;24733388;30;midroll;;386345:DiscoverySBS_html5_live_secure_2;cpx-non;1602503513126642570]]></CreativeParameter>
                                    </CreativeParameters>
                                </Extension>
                            </Extensions>
                        </Wrapper>
                    </Ad>
                    <Ad id='40500517.140269987831296'>
                        <Wrapper>
                            <AdSystem>FreeWheel</AdSystem>
                            <VASTAdTagURI><![CDATA[https://pubads.g.doubleclick.net/gampad/ads?iu=/21921738845/dplay_se_web/dplay_se_web_midroll_1&description_url=http%3A%2F%2Fwww.dplay.se&tfcd=0&npa=0&sz=640x480&gdfp_req=1&output=vast&unviewed_position_start=1&env=vp&impl=s&correlator=709&scor=725&nofb=1]]></VASTAdTagURI>
                            <Error><![CDATA[https://5e529.v.fwmrm.net/ad/l/1?s=d027&n=386345%3B386345&t=1602503513126642570&f=262144&r=386345&adid=40500517&reid=24733369&arid=1&iw=&uxnw=&uxss=&uxct=&et=e&cn=%5BERRORCODE%5D]]></Error>
                            <Impression><![CDATA[https://5e529.v.fwmrm.net/ad/l/1?s=d027&n=386345%3B386345&t=1602503513126642570&f=262144&r=386345&adid=40500517&reid=24733369&arid=1&auid=&cn=defaultImpression&et=i&_cc=40500517,24733369,51807.,30373.39848.51807.,1602503514,1&tpos=1450&iw=&uxnw=&uxss=&uxct=&metr=121&init=1&vcid2=420f2af2f68c837b504505d7c0ee66692cdbc5f535e36d52bdd79b8884d65861&cr=]]></Impression>
                            <Creatives>
                                <Creative AdID='40500517' id='6459807'>
                                    <Linear>
                                        <TrackingEvents>
                                            <Tracking event='complete'><![CDATA[https://5e529.v.fwmrm.net/ad/l/1?s=d027&n=386345%3B386345&t=1602503513126642570&f=262144&r=386345&adid=40500517&reid=24733369&arid=1&auid=&cn=complete&et=i&_cc=&tpos=1450&init=1&iw=&uxnw=&uxss=&uxct=&metr=121]]></Tracking>
                                            <Tracking event='firstQuartile'><![CDATA[https://5e529.v.fwmrm.net/ad/l/1?s=d027&n=386345%3B386345&t=1602503513126642570&f=262144&r=386345&adid=40500517&reid=24733369&arid=1&auid=&cn=firstQuartile&et=i&_cc=&tpos=1450&init=1&iw=&uxnw=&uxss=&uxct=&metr=121]]></Tracking>
                                            <Tracking event='midpoint'><![CDATA[https://5e529.v.fwmrm.net/ad/l/1?s=d027&n=386345%3B386345&t=1602503513126642570&f=262144&r=386345&adid=40500517&reid=24733369&arid=1&auid=&cn=midPoint&et=i&_cc=&tpos=1450&init=1&iw=&uxnw=&uxss=&uxct=&metr=121]]></Tracking>
                                            <Tracking event='thirdQuartile'><![CDATA[https://5e529.v.fwmrm.net/ad/l/1?s=d027&n=386345%3B386345&t=1602503513126642570&f=262144&r=386345&adid=40500517&reid=24733369&arid=1&auid=&cn=thirdQuartile&et=i&_cc=&tpos=1450&init=1&iw=&uxnw=&uxss=&uxct=&metr=121]]></Tracking>
                                        </TrackingEvents>
                                        <VideoClicks>
                                            <ClickTracking id='FWc_40500517.1'><![CDATA[https://5e529.v.fwmrm.net/ad/l/1?s=d027&n=386345%3B386345&t=1602503513126642570&f=262144&r=386345&adid=40500517&reid=24733369&arid=1&auid=&cn=defaultClick&et=c&_cc=&tpos=1450&cr=]]></ClickTracking>
                                        </VideoClicks>
                                    </Linear>
                                </Creative>
                            </Creatives>
                            <Extensions>
                                <Extension type='FreeWheel'>
                                    <AdInfo customaid='' gid='0' cid=';placeme' format='spot_standard' variant='NORMAL' exclusive='false' />
                                    <CreativeParameters>
                                        <CreativeParameter creativeId='6459807' name='translator.vast.loadWithCookie' type='Linear'><![CDATA[1]]></CreativeParameter>
                                        <CreativeParameter creativeId='6459807' name='MMS_ID' type='Linear'><![CDATA[]]></CreativeParameter>
                                        <CreativeParameter creativeId='6459807' name='adobe_reporting' type='Linear'><![CDATA[advertiser_name:;advertiser_id:;campaign_name:;campaign_id:;placement_name:DPLAY SE | Web | Midroll 1;placement_id:40500450;creative_name:DPLAY SE | Web | Midroll 1;creative_id:6459807]]></CreativeParameter>
                                        <CreativeParameter creativeId='6459807' name='moat' type='Linear'><![CDATA[386345;386345;;;;;40500450;48567;g11761361;g542506;1324683;118766968;DPLAYSE_SV_SE1483978920527;6459807;24733369;30;midroll;;386345:DiscoverySBS_html5_live_secure_2;cpx-non;1602503513126642570]]></CreativeParameter>
                                    </CreativeParameters>
                                </Extension>
                            </Extensions>
                        </Wrapper>
                    </Ad>
                    <Ad id='40500520.140269987832064'>
                        <Wrapper>
                            <AdSystem>FreeWheel</AdSystem>
                            <VASTAdTagURI><![CDATA[https://pubads.g.doubleclick.net/gampad/ads?iu=/21921738845/dplay_se_web/dplay_se_web_midroll_4&description_url=http%3A%2F%2Fwww.dplay.se&tfcd=0&npa=0&sz=640x480&gdfp_req=1&output=vast&unviewed_position_start=1&env=vp&correlator=709&scor=725&vpmute=0&vpa=0&vad_format=linear&url=http%3A%2F%2Fwww.dplay.se&vpos=midroll&videoad_start_delay=null&paln=]]></VASTAdTagURI>
                            <Error><![CDATA[https://5e529.v.fwmrm.net/ad/l/1?s=d027&n=386345%3B386345&t=1602503513126642570&f=262144&r=386345&adid=40500520&reid=24733434&arid=1&iw=&uxnw=&uxss=&uxct=&et=e&cn=%5BERRORCODE%5D]]></Error>
                            <Impression><![CDATA[https://5e529.v.fwmrm.net/ad/l/1?s=d027&n=386345%3B386345&t=1602503513126642570&f=262144&r=386345&adid=40500520&reid=24733434&arid=1&auid=&cn=defaultImpression&et=i&_cc=40500520,24733434,51807.,30373.39848.51807.,1602503514,1&tpos=1450&iw=&uxnw=&uxss=&uxct=&metr=121&init=1&vcid2=420f2af2f68c837b504505d7c0ee66692cdbc5f535e36d52bdd79b8884d65861&cr=]]></Impression>
                            <Creatives>
                                <Creative AdID='40500520' id='6459831'>
                                    <Linear>
                                        <TrackingEvents>
                                            <Tracking event='complete'><![CDATA[https://5e529.v.fwmrm.net/ad/l/1?s=d027&n=386345%3B386345&t=1602503513126642570&f=262144&r=386345&adid=40500520&reid=24733434&arid=1&auid=&cn=complete&et=i&_cc=&tpos=1450&init=1&iw=&uxnw=&uxss=&uxct=&metr=121]]></Tracking>
                                            <Tracking event='firstQuartile'><![CDATA[https://5e529.v.fwmrm.net/ad/l/1?s=d027&n=386345%3B386345&t=1602503513126642570&f=262144&r=386345&adid=40500520&reid=24733434&arid=1&auid=&cn=firstQuartile&et=i&_cc=&tpos=1450&init=1&iw=&uxnw=&uxss=&uxct=&metr=121]]></Tracking>
                                            <Tracking event='midpoint'><![CDATA[https://5e529.v.fwmrm.net/ad/l/1?s=d027&n=386345%3B386345&t=1602503513126642570&f=262144&r=386345&adid=40500520&reid=24733434&arid=1&auid=&cn=midPoint&et=i&_cc=&tpos=1450&init=1&iw=&uxnw=&uxss=&uxct=&metr=121]]></Tracking>
                                            <Tracking event='thirdQuartile'><![CDATA[https://5e529.v.fwmrm.net/ad/l/1?s=d027&n=386345%3B386345&t=1602503513126642570&f=262144&r=386345&adid=40500520&reid=24733434&arid=1&auid=&cn=thirdQuartile&et=i&_cc=&tpos=1450&init=1&iw=&uxnw=&uxss=&uxct=&metr=121]]></Tracking>
                                        </TrackingEvents>
                                        <VideoClicks>
                                            <ClickTracking id='FWc_40500520.1'><![CDATA[https://5e529.v.fwmrm.net/ad/l/1?s=d027&n=386345%3B386345&t=1602503513126642570&f=262144&r=386345&adid=40500520&reid=24733434&arid=1&auid=&cn=defaultClick&et=c&_cc=&tpos=1450&cr=]]></ClickTracking>
                                        </VideoClicks>
                                    </Linear>
                                </Creative>
                            </Creatives>
                            <Extensions>
                                <Extension type='FreeWheel'>
                                    <AdInfo customaid='' gid='0' cid=';placeme' format='spot_standard' variant='NORMAL' exclusive='false' />
                                    <CreativeParameters>
                                        <CreativeParameter creativeId='6459831' name='translator.vast.loadWithCookie' type='Linear'><![CDATA[1]]></CreativeParameter>
                                        <CreativeParameter creativeId='6459831' name='MMS_ID' type='Linear'><![CDATA[]]></CreativeParameter>
                                        <CreativeParameter creativeId='6459831' name='adobe_reporting' type='Linear'><![CDATA[advertiser_name:;advertiser_id:;campaign_name:;campaign_id:;placement_name:DPLAY SE | Web | Midroll 4;placement_id:40500516;creative_name:DPLAY SE | Web | Midroll 4;creative_id:6459831]]></CreativeParameter>
                                        <CreativeParameter creativeId='6459831' name='moat' type='Linear'><![CDATA[386345;386345;;;;;40500516;48567;g11761361;g542506;1324683;118766968;DPLAYSE_SV_SE1483978920527;6459831;24733434;30;midroll;;386345:DiscoverySBS_html5_live_secure_2;cpx-non;1602503513126642570]]></CreativeParameter>
                                    </CreativeParameters>
                                </Extension>
                            </Extensions>
                        </Wrapper>
                    </Ad>
                    <Ad id='32456523.140269987832832'>
                        <Wrapper>
                            <AdSystem>FreeWheel</AdSystem>
                            <VASTAdTagURI><![CDATA[https://ads.stickyadstv.com/www/delivery/swfIndex.php?reqType=AdsSetup&protocolVersion=2.0&zoneId=7983601]]></VASTAdTagURI>
                            <Error><![CDATA[https://5e529.v.fwmrm.net/ad/l/1?s=d027&n=386345%3B386345&t=1602503513126642570&f=262144&r=386345&adid=32456523&reid=14884444&arid=1&iw=&uxnw=&uxss=&uxct=&et=e&cn=%5BERRORCODE%5D]]></Error>
                            <Impression><![CDATA[https://5e529.v.fwmrm.net/ad/l/1?s=d027&n=386345%3B386345&t=1602503513126642570&f=262144&r=386345&adid=32456523&reid=14884444&arid=1&auid=&cn=defaultImpression&et=i&_cc=32456523,14884444,39848.,30373.39848.51807.,1602503514,1&tpos=1450&iw=&uxnw=&uxss=&uxct=&metr=121&init=1&vcid2=420f2af2f68c837b504505d7c0ee66692cdbc5f535e36d52bdd79b8884d65861&cr=]]></Impression>
                            <Creatives>
                                <Creative AdID='32456523' id='4603596'>
                                    <Linear>
                                        <TrackingEvents>
                                            <Tracking event='complete'><![CDATA[https://5e529.v.fwmrm.net/ad/l/1?s=d027&n=386345%3B386345&t=1602503513126642570&f=262144&r=386345&adid=32456523&reid=14884444&arid=1&auid=&cn=complete&et=i&_cc=&tpos=1450&init=1&iw=&uxnw=&uxss=&uxct=&metr=121]]></Tracking>
                                            <Tracking event='firstQuartile'><![CDATA[https://5e529.v.fwmrm.net/ad/l/1?s=d027&n=386345%3B386345&t=1602503513126642570&f=262144&r=386345&adid=32456523&reid=14884444&arid=1&auid=&cn=firstQuartile&et=i&_cc=&tpos=1450&init=1&iw=&uxnw=&uxss=&uxct=&metr=121]]></Tracking>
                                            <Tracking event='midpoint'><![CDATA[https://5e529.v.fwmrm.net/ad/l/1?s=d027&n=386345%3B386345&t=1602503513126642570&f=262144&r=386345&adid=32456523&reid=14884444&arid=1&auid=&cn=midPoint&et=i&_cc=&tpos=1450&init=1&iw=&uxnw=&uxss=&uxct=&metr=121]]></Tracking>
                                            <Tracking event='thirdQuartile'><![CDATA[https://5e529.v.fwmrm.net/ad/l/1?s=d027&n=386345%3B386345&t=1602503513126642570&f=262144&r=386345&adid=32456523&reid=14884444&arid=1&auid=&cn=thirdQuartile&et=i&_cc=&tpos=1450&init=1&iw=&uxnw=&uxss=&uxct=&metr=121]]></Tracking>
                                        </TrackingEvents>
                                        <VideoClicks>
                                            <ClickTracking id='FWc_32456523.1'><![CDATA[https://5e529.v.fwmrm.net/ad/l/1?s=d027&n=386345%3B386345&t=1602503513126642570&f=262144&r=386345&adid=32456523&reid=14884444&arid=1&auid=&cn=defaultClick&et=c&_cc=&tpos=1450&cr=]]></ClickTracking>
                                        </VideoClicks>
                                    </Linear>
                                </Creative>
                            </Creatives>
                            <Extensions>
                                <Extension type='FreeWheel'>
                                    <AdInfo customaid='PROGRAMMAT' gid='0' cid=';placeme' format='spot_standard' variant='NORMAL' exclusive='false' />
                                    <Parameter name='_fw_4AID'><![CDATA[PROGRAMMATIC]]></Parameter>
                                    <CreativeParameters>
                                        <CreativeParameter creativeId='4603596' name='translator.vast.loadWithCookie' type='Linear'><![CDATA[1]]></CreativeParameter>
                                        <CreativeParameter creativeId='4603596' name='_fw_4AID' type='Linear'><![CDATA[PROGRAMMATIC]]></CreativeParameter>
                                        <CreativeParameter creativeId='4603596' name='MMS_ID' type='Linear'><![CDATA[]]></CreativeParameter>
                                        <CreativeParameter creativeId='4603596' name='adobe_reporting' type='Linear'><![CDATA[advertiser_name:;advertiser_id:;campaign_name:;campaign_id:;placement_name:SE Freewheel SSP web Midroll-6;placement_id:32456522;creative_name:Dplay-se-web-midroll-6;creative_id:4603596]]></CreativeParameter>
                                        <CreativeParameter creativeId='4603596' name='moat' type='Linear'><![CDATA[386345;386345;;;;;32456522;48567;g11761361;g542506;1324683;118766968;DPLAYSE_SV_SE1483978920527;4603596;14884444;30;midroll;;386345:DiscoverySBS_html5_live_secure_2;cpx-non;1602503513126642570]]></CreativeParameter>
                                    </CreativeParameters>
                                </Extension>
                            </Extensions>
                        </Wrapper>
                    </Ad>
                    <Ad id='29226092.140269987833600'>
                        <Wrapper>
                            <AdSystem>FreeWheel</AdSystem>
                            <VASTAdTagURI><![CDATA[https://ads.stickyadstv.com/www/delivery/swfIndex.php?reqType=AdsSetup&protocolVersion=2.0&zoneId=7110385]]></VASTAdTagURI>
                            <Error><![CDATA[https://5e529.v.fwmrm.net/ad/l/1?s=d027&n=386345%3B386345&t=1602503513126642570&f=262144&r=386345&adid=29226092&reid=12560817&arid=1&iw=&uxnw=&uxss=&uxct=&et=e&cn=%5BERRORCODE%5D]]></Error>
                            <Impression><![CDATA[https://5e529.v.fwmrm.net/ad/l/1?s=d027&n=386345%3B386345&t=1602503513126642570&f=262144&r=386345&adid=29226092&reid=12560817&arid=1&auid=&cn=defaultImpression&et=i&_cc=29226092,12560817,39848.,30373.39848.51807.,1602503514,1&tpos=1450&iw=&uxnw=&uxss=&uxct=&metr=121&init=1&vcid2=420f2af2f68c837b504505d7c0ee66692cdbc5f535e36d52bdd79b8884d65861&cr=]]></Impression>
                            <Creatives>
                                <Creative AdID='29226092' id='4137009'>
                                    <Linear>
                                        <TrackingEvents>
                                            <Tracking event='complete'><![CDATA[https://5e529.v.fwmrm.net/ad/l/1?s=d027&n=386345%3B386345&t=1602503513126642570&f=262144&r=386345&adid=29226092&reid=12560817&arid=1&auid=&cn=complete&et=i&_cc=&tpos=1450&init=1&iw=&uxnw=&uxss=&uxct=&metr=121]]></Tracking>
                                            <Tracking event='firstQuartile'><![CDATA[https://5e529.v.fwmrm.net/ad/l/1?s=d027&n=386345%3B386345&t=1602503513126642570&f=262144&r=386345&adid=29226092&reid=12560817&arid=1&auid=&cn=firstQuartile&et=i&_cc=&tpos=1450&init=1&iw=&uxnw=&uxss=&uxct=&metr=121]]></Tracking>
                                            <Tracking event='midpoint'><![CDATA[https://5e529.v.fwmrm.net/ad/l/1?s=d027&n=386345%3B386345&t=1602503513126642570&f=262144&r=386345&adid=29226092&reid=12560817&arid=1&auid=&cn=midPoint&et=i&_cc=&tpos=1450&init=1&iw=&uxnw=&uxss=&uxct=&metr=121]]></Tracking>
                                            <Tracking event='thirdQuartile'><![CDATA[https://5e529.v.fwmrm.net/ad/l/1?s=d027&n=386345%3B386345&t=1602503513126642570&f=262144&r=386345&adid=29226092&reid=12560817&arid=1&auid=&cn=thirdQuartile&et=i&_cc=&tpos=1450&init=1&iw=&uxnw=&uxss=&uxct=&metr=121]]></Tracking>
                                        </TrackingEvents>
                                        <VideoClicks>
                                            <ClickTracking id='FWc_29226092.1'><![CDATA[https://5e529.v.fwmrm.net/ad/l/1?s=d027&n=386345%3B386345&t=1602503513126642570&f=262144&r=386345&adid=29226092&reid=12560817&arid=1&auid=&cn=defaultClick&et=c&_cc=&tpos=1450&cr=]]></ClickTracking>
                                        </VideoClicks>
                                    </Linear>
                                </Creative>
                            </Creatives>
                            <Extensions>
                                <Extension type='FreeWheel'>
                                    <AdInfo customaid='PROGRAMMAT' gid='0' cid=';placeme' format='spot_standard' variant='NORMAL' exclusive='false' />
                                    <Parameter name='_fw_4AID'><![CDATA[PROGRAMMATIC]]></Parameter>
                                    <CreativeParameters>
                                        <CreativeParameter creativeId='4137009' name='translator.vast.loadWithCookie' type='Linear'><![CDATA[1]]></CreativeParameter>
                                        <CreativeParameter creativeId='4137009' name='mms_customadid' type='Linear'><![CDATA[PROGRAMMATIC]]></CreativeParameter>
                                        <CreativeParameter creativeId='4137009' name='_fw_4AID' type='Linear'><![CDATA[PROGRAMMATIC]]></CreativeParameter>
                                        <CreativeParameter creativeId='4137009' name='MMS_ID' type='Linear'><![CDATA[]]></CreativeParameter>
                                        <CreativeParameter creativeId='4137009' name='adobe_reporting' type='Linear'><![CDATA[advertiser_name:;advertiser_id:;campaign_name:;campaign_id:;placement_name:SE Freewheel SSP web Midroll-3;placement_id:29226091;creative_name:Dplay-se-web-midroll-3;creative_id:4137009]]></CreativeParameter>
                                        <CreativeParameter creativeId='4137009' name='moat' type='Linear'><![CDATA[386345;386345;;;;;29226091;48567;g11761361;g542506;1324683;118766968;DPLAYSE_SV_SE1483978920527;4137009;12560817;30;midroll;;386345:DiscoverySBS_html5_live_secure_2;cpx-non;1602503513126642570]]></CreativeParameter>
                                    </CreativeParameters>
                                </Extension>
                            </Extensions>
                        </Wrapper>
                    </Ad>
                    <Ad id='29276116.140269987834368'>
                        <Wrapper>
                            <AdSystem>FreeWheel</AdSystem>
                            <VASTAdTagURI><![CDATA[https://ads.stickyadstv.com/www/delivery/swfIndex.php?reqType=AdsSetup&protocolVersion=2.0&zoneId=7110401]]></VASTAdTagURI>
                            <Error><![CDATA[https://5e529.v.fwmrm.net/ad/l/1?s=d027&n=386345%3B386345&t=1602503513126642570&f=262144&r=386345&adid=29276116&reid=12582622&arid=1&iw=&uxnw=&uxss=&uxct=&et=e&cn=%5BERRORCODE%5D]]></Error>
                            <Impression><![CDATA[https://5e529.v.fwmrm.net/ad/l/1?s=d027&n=386345%3B386345&t=1602503513126642570&f=262144&r=386345&adid=29276116&reid=12582622&arid=1&auid=&cn=defaultImpression&et=i&_cc=29276116,12582622,39848.,30373.39848.51807.,1602503514,1&tpos=1450&iw=&uxnw=&uxss=&uxct=&metr=121&init=1&vcid2=420f2af2f68c837b504505d7c0ee66692cdbc5f535e36d52bdd79b8884d65861&cr=]]></Impression>
                            <Creatives>
                                <Creative AdID='29276116' id='4141224'>
                                    <Linear>
                                        <TrackingEvents>
                                            <Tracking event='complete'><![CDATA[https://5e529.v.fwmrm.net/ad/l/1?s=d027&n=386345%3B386345&t=1602503513126642570&f=262144&r=386345&adid=29276116&reid=12582622&arid=1&auid=&cn=complete&et=i&_cc=&tpos=1450&init=1&iw=&uxnw=&uxss=&uxct=&metr=121]]></Tracking>
                                            <Tracking event='firstQuartile'><![CDATA[https://5e529.v.fwmrm.net/ad/l/1?s=d027&n=386345%3B386345&t=1602503513126642570&f=262144&r=386345&adid=29276116&reid=12582622&arid=1&auid=&cn=firstQuartile&et=i&_cc=&tpos=1450&init=1&iw=&uxnw=&uxss=&uxct=&metr=121]]></Tracking>
                                            <Tracking event='midpoint'><![CDATA[https://5e529.v.fwmrm.net/ad/l/1?s=d027&n=386345%3B386345&t=1602503513126642570&f=262144&r=386345&adid=29276116&reid=12582622&arid=1&auid=&cn=midPoint&et=i&_cc=&tpos=1450&init=1&iw=&uxnw=&uxss=&uxct=&metr=121]]></Tracking>
                                            <Tracking event='thirdQuartile'><![CDATA[https://5e529.v.fwmrm.net/ad/l/1?s=d027&n=386345%3B386345&t=1602503513126642570&f=262144&r=386345&adid=29276116&reid=12582622&arid=1&auid=&cn=thirdQuartile&et=i&_cc=&tpos=1450&init=1&iw=&uxnw=&uxss=&uxct=&metr=121]]></Tracking>
                                        </TrackingEvents>
                                        <VideoClicks>
                                            <ClickTracking id='FWc_29276116.1'><![CDATA[https://5e529.v.fwmrm.net/ad/l/1?s=d027&n=386345%3B386345&t=1602503513126642570&f=262144&r=386345&adid=29276116&reid=12582622&arid=1&auid=&cn=defaultClick&et=c&_cc=&tpos=1450&cr=]]></ClickTracking>
                                        </VideoClicks>
                                    </Linear>
                                </Creative>
                            </Creatives>
                            <Extensions>
                                <Extension type='FreeWheel'>
                                    <AdInfo customaid='PROGRAMMAT' gid='0' cid=';placeme' format='spot_standard' variant='NORMAL' exclusive='false' />
                                    <Parameter name='_fw_4AID'><![CDATA[PROGRAMMATIC]]></Parameter>
                                    <CreativeParameters>
                                        <CreativeParameter creativeId='4141224' name='translator.vast.loadWithCookie' type='Linear'><![CDATA[1]]></CreativeParameter>
                                        <CreativeParameter creativeId='4141224' name='mms_customadid' type='Linear'><![CDATA[PROGRAMMATIC]]></CreativeParameter>
                                        <CreativeParameter creativeId='4141224' name='_fw_4AID' type='Linear'><![CDATA[PROGRAMMATIC]]></CreativeParameter>
                                        <CreativeParameter creativeId='4141224' name='MMS_ID' type='Linear'><![CDATA[]]></CreativeParameter>
                                        <CreativeParameter creativeId='4141224' name='adobe_reporting' type='Linear'><![CDATA[advertiser_name:;advertiser_id:;campaign_name:;campaign_id:;placement_name:SE Freewheel SSP web Midroll-4;placement_id:29276115;creative_name:Dplay-se-web-midroll-4;creative_id:4141224]]></CreativeParameter>
                                        <CreativeParameter creativeId='4141224' name='moat' type='Linear'><![CDATA[386345;386345;;;;;29276115;48567;g11761361;g542506;1324683;118766968;DPLAYSE_SV_SE1483978920527;4141224;12582622;30;midroll;;386345:DiscoverySBS_html5_live_secure_2;cpx-non;1602503513126642570]]></CreativeParameter>
                                    </CreativeParameters>
                                </Extension>
                            </Extensions>
                        </Wrapper>
                    </Ad>
                    <Ad id='40500519.140265369936384' sequence='4'>
                        <Wrapper>
                            <AdSystem>FreeWheel</AdSystem>
                            <VASTAdTagURI><![CDATA[https://pubads.g.doubleclick.net/gampad/ads?iu=/21921738845/dplay_se_web/dplay_se_web_midroll_3&description_url=http%3A%2F%2Fwww.dplay.se&tfcd=0&npa=0&sz=640x480&gdfp_req=1&output=vast&unviewed_position_start=1&env=vp&correlator=709&scor=725&vpmute=0&vpa=0&vad_format=linear&url=http%3A%2F%2Fwww.dplay.se&vpos=midroll&videoad_start_delay=null&paln=]]></VASTAdTagURI>
                            <Error><![CDATA[https://5e529.v.fwmrm.net/ad/l/1?s=d027&n=386345%3B386345&t=1602503513126642570&f=262144&r=386345&adid=40500519&reid=24733413&arid=0&iw=&uxnw=&uxss=&uxct=&et=e&cn=%5BERRORCODE%5D]]></Error>
                            <Impression><![CDATA[https://5e529.v.fwmrm.net/ad/l/1?s=d027&n=386345%3B386345&t=1602503513126642570&f=262144&r=386345&adid=40500519&reid=24733413&arid=0&auid=&cn=defaultImpression&et=i&_cc=40500519,24733413,51807.,30373.39848.51807.,1602503514,1&tpos=1450&iw=&uxnw=&uxss=&uxct=&metr=121&init=1&vcid2=420f2af2f68c837b504505d7c0ee66692cdbc5f535e36d52bdd79b8884d65861&cr=]]></Impression>
                            <Creatives>
                                <Creative AdID='40500519' id='6459825'>
                                    <Linear>
                                        <TrackingEvents>
                                            <Tracking event='complete'><![CDATA[https://5e529.v.fwmrm.net/ad/l/1?s=d027&n=386345%3B386345&t=1602503513126642570&f=262144&r=386345&adid=40500519&reid=24733413&arid=0&auid=&cn=complete&et=i&_cc=&tpos=1450&init=1&iw=&uxnw=&uxss=&uxct=&metr=121]]></Tracking>
                                            <Tracking event='firstQuartile'><![CDATA[https://5e529.v.fwmrm.net/ad/l/1?s=d027&n=386345%3B386345&t=1602503513126642570&f=262144&r=386345&adid=40500519&reid=24733413&arid=0&auid=&cn=firstQuartile&et=i&_cc=&tpos=1450&init=1&iw=&uxnw=&uxss=&uxct=&metr=121]]></Tracking>
                                            <Tracking event='midpoint'><![CDATA[https://5e529.v.fwmrm.net/ad/l/1?s=d027&n=386345%3B386345&t=1602503513126642570&f=262144&r=386345&adid=40500519&reid=24733413&arid=0&auid=&cn=midPoint&et=i&_cc=&tpos=1450&init=1&iw=&uxnw=&uxss=&uxct=&metr=121]]></Tracking>
                                            <Tracking event='thirdQuartile'><![CDATA[https://5e529.v.fwmrm.net/ad/l/1?s=d027&n=386345%3B386345&t=1602503513126642570&f=262144&r=386345&adid=40500519&reid=24733413&arid=0&auid=&cn=thirdQuartile&et=i&_cc=&tpos=1450&init=1&iw=&uxnw=&uxss=&uxct=&metr=121]]></Tracking>
                                        </TrackingEvents>
                                        <VideoClicks>
                                            <ClickTracking id='FWc_40500519.0'><![CDATA[https://5e529.v.fwmrm.net/ad/l/1?s=d027&n=386345%3B386345&t=1602503513126642570&f=262144&r=386345&adid=40500519&reid=24733413&arid=0&auid=&cn=defaultClick&et=c&_cc=&tpos=1450&cr=]]></ClickTracking>
                                        </VideoClicks>
                                    </Linear>
                                </Creative>
                            </Creatives>
                            <Extensions>
                                <Extension type='FreeWheel'>
                                    <AdInfo customaid='' gid='0' cid=';placeme' format='spot_standard' variant='NORMAL' exclusive='false' />
                                    <CreativeParameters>
                                        <CreativeParameter creativeId='6459825' name='translator.vast.loadWithCookie' type='Linear'><![CDATA[1]]></CreativeParameter>
                                        <CreativeParameter creativeId='6459825' name='MMS_ID' type='Linear'><![CDATA[]]></CreativeParameter>
                                        <CreativeParameter creativeId='6459825' name='adobe_reporting' type='Linear'><![CDATA[advertiser_name:;advertiser_id:;campaign_name:;campaign_id:;placement_name:DPLAY SE | Web | Midroll 3;placement_id:40500515;creative_name:DPLAY SE | Web | Midroll 3;creative_id:6459825]]></CreativeParameter>
                                        <CreativeParameter creativeId='6459825' name='moat' type='Linear'><![CDATA[386345;386345;;;;;40500515;48567;g11761361;g542506;1324683;118766968;DPLAYSE_SV_SE1483978920527;6459825;24733413;30;midroll;;386345:DiscoverySBS_html5_live_secure_2;cpx-non;1602503513126642570]]></CreativeParameter>
                                    </CreativeParameters>
                                </Extension>
                            </Extensions>
                        </Wrapper>
                    </Ad>
                    <Ad id='32456640.140269987835136'>
                        <Wrapper>
                            <AdSystem>FreeWheel</AdSystem>
                            <VASTAdTagURI><![CDATA[https://ads.stickyadstv.com/www/delivery/swfIndex.php?reqType=AdsSetup&protocolVersion=2.0&zoneId=7983729]]></VASTAdTagURI>
                            <Error><![CDATA[https://5e529.v.fwmrm.net/ad/l/1?s=d027&n=386345%3B386345&t=1602503513126642570&f=262144&r=386345&adid=32456640&reid=14884620&arid=1&iw=&uxnw=&uxss=&uxct=&et=e&cn=%5BERRORCODE%5D]]></Error>
                            <Impression><![CDATA[https://5e529.v.fwmrm.net/ad/l/1?s=d027&n=386345%3B386345&t=1602503513126642570&f=262144&r=386345&adid=32456640&reid=14884620&arid=1&auid=&cn=defaultImpression&et=i&_cc=32456640,14884620,39848.,30373.39848.51807.,1602503514,1&tpos=1450&iw=&uxnw=&uxss=&uxct=&metr=121&init=1&vcid2=420f2af2f68c837b504505d7c0ee66692cdbc5f535e36d52bdd79b8884d65861&cr=]]></Impression>
                            <Creatives>
                                <Creative AdID='32456640' id='4603660'>
                                    <Linear>
                                        <TrackingEvents>
                                            <Tracking event='complete'><![CDATA[https://5e529.v.fwmrm.net/ad/l/1?s=d027&n=386345%3B386345&t=1602503513126642570&f=262144&r=386345&adid=32456640&reid=14884620&arid=1&auid=&cn=complete&et=i&_cc=&tpos=1450&init=1&iw=&uxnw=&uxss=&uxct=&metr=121]]></Tracking>
                                            <Tracking event='firstQuartile'><![CDATA[https://5e529.v.fwmrm.net/ad/l/1?s=d027&n=386345%3B386345&t=1602503513126642570&f=262144&r=386345&adid=32456640&reid=14884620&arid=1&auid=&cn=firstQuartile&et=i&_cc=&tpos=1450&init=1&iw=&uxnw=&uxss=&uxct=&metr=121]]></Tracking>
                                            <Tracking event='midpoint'><![CDATA[https://5e529.v.fwmrm.net/ad/l/1?s=d027&n=386345%3B386345&t=1602503513126642570&f=262144&r=386345&adid=32456640&reid=14884620&arid=1&auid=&cn=midPoint&et=i&_cc=&tpos=1450&init=1&iw=&uxnw=&uxss=&uxct=&metr=121]]></Tracking>
                                            <Tracking event='thirdQuartile'><![CDATA[https://5e529.v.fwmrm.net/ad/l/1?s=d027&n=386345%3B386345&t=1602503513126642570&f=262144&r=386345&adid=32456640&reid=14884620&arid=1&auid=&cn=thirdQuartile&et=i&_cc=&tpos=1450&init=1&iw=&uxnw=&uxss=&uxct=&metr=121]]></Tracking>
                                        </TrackingEvents>
                                        <VideoClicks>
                                            <ClickTracking id='FWc_32456640.1'><![CDATA[https://5e529.v.fwmrm.net/ad/l/1?s=d027&n=386345%3B386345&t=1602503513126642570&f=262144&r=386345&adid=32456640&reid=14884620&arid=1&auid=&cn=defaultClick&et=c&_cc=&tpos=1450&cr=]]></ClickTracking>
                                        </VideoClicks>
                                    </Linear>
                                </Creative>
                            </Creatives>
                            <Extensions>
                                <Extension type='FreeWheel'>
                                    <AdInfo customaid='PROGRAMMAT' gid='0' cid=';placeme' format='spot_standard' variant='NORMAL' exclusive='false' />
                                    <Parameter name='_fw_4AID'><![CDATA[PROGRAMMATIC]]></Parameter>
                                    <CreativeParameters>
                                        <CreativeParameter creativeId='4603660' name='translator.vast.loadWithCookie' type='Linear'><![CDATA[1]]></CreativeParameter>
                                        <CreativeParameter creativeId='4603660' name='_fw_4AID' type='Linear'><![CDATA[PROGRAMMATIC]]></CreativeParameter>
                                        <CreativeParameter creativeId='4603660' name='MMS_ID' type='Linear'><![CDATA[]]></CreativeParameter>
                                        <CreativeParameter creativeId='4603660' name='adobe_reporting' type='Linear'><![CDATA[advertiser_name:;advertiser_id:;campaign_name:;campaign_id:;placement_name:SE Freewheel SSP web Midroll-7;placement_id:32456639;creative_name:Dplay-se-web-midroll-7;creative_id:4603660]]></CreativeParameter>
                                        <CreativeParameter creativeId='4603660' name='moat' type='Linear'><![CDATA[386345;386345;;;;;32456639;48567;g11761361;g542506;1324683;118766968;DPLAYSE_SV_SE1483978920527;4603660;14884620;30;midroll;;386345:DiscoverySBS_html5_live_secure_2;cpx-non;1602503513126642570]]></CreativeParameter>
                                    </CreativeParameters>
                                </Extension>
                            </Extensions>
                        </Wrapper>
                    </Ad>
                    <Ad id='27884190.140269987835904'>
                        <Wrapper>
                            <AdSystem>FreeWheel</AdSystem>
                            <VASTAdTagURI><![CDATA[https://ads.stickyadstv.com/www/delivery/swfIndex.php?reqType=AdsSetup&protocolVersion=2.0&zoneId=6827857]]></VASTAdTagURI>
                            <Error><![CDATA[https://5e529.v.fwmrm.net/ad/l/1?s=d027&n=386345%3B386345&t=1602503513126642570&f=262144&r=386345&adid=27884190&reid=11740783&arid=1&iw=&uxnw=&uxss=&uxct=&et=e&cn=%5BERRORCODE%5D]]></Error>
                            <Impression><![CDATA[https://5e529.v.fwmrm.net/ad/l/1?s=d027&n=386345%3B386345&t=1602503513126642570&f=262144&r=386345&adid=27884190&reid=11740783&arid=1&auid=&cn=defaultImpression&et=i&_cc=27884190,11740783,39848.,30373.39848.51807.,1602503514,1&tpos=1450&iw=&uxnw=&uxss=&uxct=&metr=121&init=1&vcid2=420f2af2f68c837b504505d7c0ee66692cdbc5f535e36d52bdd79b8884d65861&cr=]]></Impression>
                            <Creatives>
                                <Creative AdID='27884190' id='3967549'>
                                    <Linear>
                                        <TrackingEvents>
                                            <Tracking event='complete'><![CDATA[https://5e529.v.fwmrm.net/ad/l/1?s=d027&n=386345%3B386345&t=1602503513126642570&f=262144&r=386345&adid=27884190&reid=11740783&arid=1&auid=&cn=complete&et=i&_cc=&tpos=1450&init=1&iw=&uxnw=&uxss=&uxct=&metr=121]]></Tracking>
                                            <Tracking event='firstQuartile'><![CDATA[https://5e529.v.fwmrm.net/ad/l/1?s=d027&n=386345%3B386345&t=1602503513126642570&f=262144&r=386345&adid=27884190&reid=11740783&arid=1&auid=&cn=firstQuartile&et=i&_cc=&tpos=1450&init=1&iw=&uxnw=&uxss=&uxct=&metr=121]]></Tracking>
                                            <Tracking event='midpoint'><![CDATA[https://5e529.v.fwmrm.net/ad/l/1?s=d027&n=386345%3B386345&t=1602503513126642570&f=262144&r=386345&adid=27884190&reid=11740783&arid=1&auid=&cn=midPoint&et=i&_cc=&tpos=1450&init=1&iw=&uxnw=&uxss=&uxct=&metr=121]]></Tracking>
                                            <Tracking event='thirdQuartile'><![CDATA[https://5e529.v.fwmrm.net/ad/l/1?s=d027&n=386345%3B386345&t=1602503513126642570&f=262144&r=386345&adid=27884190&reid=11740783&arid=1&auid=&cn=thirdQuartile&et=i&_cc=&tpos=1450&init=1&iw=&uxnw=&uxss=&uxct=&metr=121]]></Tracking>
                                        </TrackingEvents>
                                        <VideoClicks>
                                            <ClickTracking id='FWc_27884190.1'><![CDATA[https://5e529.v.fwmrm.net/ad/l/1?s=d027&n=386345%3B386345&t=1602503513126642570&f=262144&r=386345&adid=27884190&reid=11740783&arid=1&auid=&cn=defaultClick&et=c&_cc=&tpos=1450&cr=]]></ClickTracking>
                                        </VideoClicks>
                                    </Linear>
                                </Creative>
                            </Creatives>
                            <Extensions>
                                <Extension type='FreeWheel'>
                                    <AdInfo customaid='PROGRAMMAT' gid='0' cid=';placeme' format='spot_standard' variant='NORMAL' exclusive='false' />
                                    <Parameter name='_fw_4AID'><![CDATA[PROGRAMMATIC]]></Parameter>
                                    <CreativeParameters>
                                        <CreativeParameter creativeId='3967549' name='translator.vast.loadWithCookie' type='Linear'><![CDATA[1]]></CreativeParameter>
                                        <CreativeParameter creativeId='3967549' name='mms_customadid' type='Linear'><![CDATA[PROGRAMMATIC]]></CreativeParameter>
                                        <CreativeParameter creativeId='3967549' name='_fw_4AID' type='Linear'><![CDATA[PROGRAMMATIC]]></CreativeParameter>
                                        <CreativeParameter creativeId='3967549' name='MMS_ID' type='Linear'><![CDATA[]]></CreativeParameter>
                                        <CreativeParameter creativeId='3967549' name='adobe_reporting' type='Linear'><![CDATA[advertiser_name:;advertiser_id:;campaign_name:;campaign_id:;placement_name:SE Freewheel SSP web Midroll-1;placement_id:27883816;creative_name:Dplay-se-web-Midroll-1;creative_id:3967549]]></CreativeParameter>
                                        <CreativeParameter creativeId='3967549' name='moat' type='Linear'><![CDATA[386345;386345;;;;;27883816;48567;g11761361;g542506;1324683;118766968;DPLAYSE_SV_SE1483978920527;3967549;11740783;30;midroll;;386345:DiscoverySBS_html5_live_secure_2;cpx-non;1602503513126642570]]></CreativeParameter>
                                    </CreativeParameters>
                                </Extension>
                            </Extensions>
                        </Wrapper>
                    </Ad>
                    <Ad id='32456804.140269987836672'>
                        <Wrapper>
                            <AdSystem>FreeWheel</AdSystem>
                            <VASTAdTagURI><![CDATA[https://ads.stickyadstv.com/www/delivery/swfIndex.php?reqType=AdsSetup&protocolVersion=2.0&zoneId=7983793]]></VASTAdTagURI>
                            <Error><![CDATA[https://5e529.v.fwmrm.net/ad/l/1?s=d027&n=386345%3B386345&t=1602503513126642570&f=262144&r=386345&adid=32456804&reid=14884695&arid=1&iw=&uxnw=&uxss=&uxct=&et=e&cn=%5BERRORCODE%5D]]></Error>
                            <Impression><![CDATA[https://5e529.v.fwmrm.net/ad/l/1?s=d027&n=386345%3B386345&t=1602503513126642570&f=262144&r=386345&adid=32456804&reid=14884695&arid=1&auid=&cn=defaultImpression&et=i&_cc=32456804,14884695,39848.,30373.39848.51807.,1602503514,1&tpos=1450&iw=&uxnw=&uxss=&uxct=&metr=121&init=1&vcid2=420f2af2f68c837b504505d7c0ee66692cdbc5f535e36d52bdd79b8884d65861&cr=]]></Impression>
                            <Creatives>
                                <Creative AdID='32456804' id='4603676'>
                                    <Linear>
                                        <TrackingEvents>
                                            <Tracking event='complete'><![CDATA[https://5e529.v.fwmrm.net/ad/l/1?s=d027&n=386345%3B386345&t=1602503513126642570&f=262144&r=386345&adid=32456804&reid=14884695&arid=1&auid=&cn=complete&et=i&_cc=&tpos=1450&init=1&iw=&uxnw=&uxss=&uxct=&metr=121]]></Tracking>
                                            <Tracking event='firstQuartile'><![CDATA[https://5e529.v.fwmrm.net/ad/l/1?s=d027&n=386345%3B386345&t=1602503513126642570&f=262144&r=386345&adid=32456804&reid=14884695&arid=1&auid=&cn=firstQuartile&et=i&_cc=&tpos=1450&init=1&iw=&uxnw=&uxss=&uxct=&metr=121]]></Tracking>
                                            <Tracking event='midpoint'><![CDATA[https://5e529.v.fwmrm.net/ad/l/1?s=d027&n=386345%3B386345&t=1602503513126642570&f=262144&r=386345&adid=32456804&reid=14884695&arid=1&auid=&cn=midPoint&et=i&_cc=&tpos=1450&init=1&iw=&uxnw=&uxss=&uxct=&metr=121]]></Tracking>
                                            <Tracking event='thirdQuartile'><![CDATA[https://5e529.v.fwmrm.net/ad/l/1?s=d027&n=386345%3B386345&t=1602503513126642570&f=262144&r=386345&adid=32456804&reid=14884695&arid=1&auid=&cn=thirdQuartile&et=i&_cc=&tpos=1450&init=1&iw=&uxnw=&uxss=&uxct=&metr=121]]></Tracking>
                                        </TrackingEvents>
                                        <VideoClicks>
                                            <ClickTracking id='FWc_32456804.1'><![CDATA[https://5e529.v.fwmrm.net/ad/l/1?s=d027&n=386345%3B386345&t=1602503513126642570&f=262144&r=386345&adid=32456804&reid=14884695&arid=1&auid=&cn=defaultClick&et=c&_cc=&tpos=1450&cr=]]></ClickTracking>
                                        </VideoClicks>
                                    </Linear>
                                </Creative>
                            </Creatives>
                            <Extensions>
                                <Extension type='FreeWheel'>
                                    <AdInfo customaid='PROGRAMMAT' gid='0' cid=';placeme' format='spot_standard' variant='NORMAL' exclusive='false' />
                                    <Parameter name='_fw_4AID'><![CDATA[PROGRAMMATIC]]></Parameter>
                                    <CreativeParameters>
                                        <CreativeParameter creativeId='4603676' name='translator.vast.loadWithCookie' type='Linear'><![CDATA[1]]></CreativeParameter>
                                        <CreativeParameter creativeId='4603676' name='_fw_4AID' type='Linear'><![CDATA[PROGRAMMATIC]]></CreativeParameter>
                                        <CreativeParameter creativeId='4603676' name='MMS_ID' type='Linear'><![CDATA[]]></CreativeParameter>
                                        <CreativeParameter creativeId='4603676' name='adobe_reporting' type='Linear'><![CDATA[advertiser_name:;advertiser_id:;campaign_name:;campaign_id:;placement_name:SE Freewheel SSP web Midroll-8;placement_id:32456803;creative_name:Dplay-se-web-midroll-8;creative_id:4603676]]></CreativeParameter>
                                        <CreativeParameter creativeId='4603676' name='moat' type='Linear'><![CDATA[386345;386345;;;;;32456803;48567;g11761361;g542506;1324683;118766968;DPLAYSE_SV_SE1483978920527;4603676;14884695;30;midroll;;386345:DiscoverySBS_html5_live_secure_2;cpx-non;1602503513126642570]]></CreativeParameter>
                                    </CreativeParameters>
                                </Extension>
                            </Extensions>
                        </Wrapper>
                    </Ad>
                    <Ad id='47195451.140269987837440'>
                        <InLine>
                            <AdSystem>FreeWheel</AdSystem>
                            <AdTitle>SE Klarna Card 2.0 v.42-45 (1 151 984) </AdTitle>
                            <Error><![CDATA[https://5e529.v.fwmrm.net/ad/l/1?s=d027&n=386345%3B386345&t=1602503513126642570&f=262144&r=386345&adid=47195451&reid=37403735&arid=1&iw=&uxnw=&uxss=&uxct=&et=e&cn=%5BERRORCODE%5D]]></Error>
                            <Impression id='FWi_47195451.1'><![CDATA[https://5e529.v.fwmrm.net/ad/l/1?s=d027&n=386345%3B386345&t=1602503513126642570&f=262144&r=386345&adid=47195451&reid=37403735&arid=1&auid=&cn=defaultImpression&et=i&_cc=47195451,37403735,,30373.39848.51807.,1602503514,1&tpos=1450&iw=&uxnw=&uxss=&uxct=&metr=121&init=1&vcid2=420f2af2f68c837b504505d7c0ee66692cdbc5f535e36d52bdd79b8884d65861&cr=https%3A//ad.doubleclick.net/ddm/trackimp/N905542.2211900DPLAYSE/B24779427.283788768%3Bdc_trk_aid%3D477559252%3Bdc_trk_cid%3D138698975%3Bord%3D1213389474%3Bdc_lat%3D%3Bdc_rdid%3D%3Btag_for_child_directed_treatment%3D%3Btfua%3D%3Bgdpr%3D0%3Bgdpr_consent%3D%3F]]></Impression>
                            <Creatives>
                                <Creative AdID='47195451' id='7846932'>
                                    <Linear>
                                        <Duration>00:00:15</Duration>
                                        <TrackingEvents>
                                            <Tracking event='complete'><![CDATA[https://5e529.v.fwmrm.net/ad/l/1?s=d027&n=386345%3B386345&t=1602503513126642570&f=262144&r=386345&adid=47195451&reid=37403735&arid=1&auid=&cn=complete&et=i&_cc=&tpos=1450&init=1&iw=&uxnw=&uxss=&uxct=&metr=121]]></Tracking>
                                            <Tracking event='firstQuartile'><![CDATA[https://5e529.v.fwmrm.net/ad/l/1?s=d027&n=386345%3B386345&t=1602503513126642570&f=262144&r=386345&adid=47195451&reid=37403735&arid=1&auid=&cn=firstQuartile&et=i&_cc=&tpos=1450&init=1&iw=&uxnw=&uxss=&uxct=&metr=121]]></Tracking>
                                            <Tracking event='midpoint'><![CDATA[https://5e529.v.fwmrm.net/ad/l/1?s=d027&n=386345%3B386345&t=1602503513126642570&f=262144&r=386345&adid=47195451&reid=37403735&arid=1&auid=&cn=midPoint&et=i&_cc=&tpos=1450&init=1&iw=&uxnw=&uxss=&uxct=&metr=121]]></Tracking>
                                            <Tracking event='thirdQuartile'><![CDATA[https://5e529.v.fwmrm.net/ad/l/1?s=d027&n=386345%3B386345&t=1602503513126642570&f=262144&r=386345&adid=47195451&reid=37403735&arid=1&auid=&cn=thirdQuartile&et=i&_cc=&tpos=1450&init=1&iw=&uxnw=&uxss=&uxct=&metr=121]]></Tracking>
                                        </TrackingEvents>
                                        <VideoClicks>
                                            <ClickThrough id='FWc_47195451.1'><![CDATA[https://5e529.v.fwmrm.net/ad/l/1?s=d027&n=386345%3B386345&t=1602503513126642570&f=262144&r=386345&adid=47195451&reid=37403735&arid=1&auid=&cn=defaultClick&et=c&_cc=&tpos=1450&cr=https%3A//ad.doubleclick.net/ddm/trackclk/N905542.2211900DPLAYSE/B24779427.283788768%3Bdc_trk_aid%3D477559252%3Bdc_trk_cid%3D138698975%3Bdc_lat%3D%3Bdc_rdid%3D%3Btag_for_child_directed_treatment%3D%3Btfua%3D%3Bgdpr%3D0%3Bgdpr_consent%3D]]></ClickThrough>
                                        </VideoClicks>
                                        <MediaFiles>
                                            <MediaFile bitrate='2591' delivery='progressive' height='720' id='37403735' type='video/mp4' width='1280'><![CDATA[https://dni-adops-proxy-prod-adopsmediaconverter.mercury.dnitv.com/386345/860674/S1DMKL1501_2020-10-01T13:15:43Z_1280x720.mp4]]></MediaFile>
                                            <MediaFile bitrate='5019' delivery='progressive' height='1080' id='37403736' type='video/mp4' width='1920'><![CDATA[https://dni-adops-proxy-prod-adopsmediaconverter.mercury.dnitv.com/386345/860674/S1DMKL1501_2020-10-01T13:15:43Z_1920x1080.mp4]]></MediaFile>
                                            <MediaFile bitrate='1033' delivery='progressive' height='360' id='37403737' type='video/mp4' width='640'><![CDATA[https://dni-adops-proxy-prod-adopsmediaconverter.mercury.dnitv.com/386345/860674/S1DMKL1501_2020-10-01T13:15:43Z_640x360.mp4]]></MediaFile>
                                            <MediaFile bitrate='1494' delivery='progressive' height='480' id='37403739' type='video/mp4' width='854'><![CDATA[https://dni-adops-proxy-prod-adopsmediaconverter.mercury.dnitv.com/386345/860674/S1DMKL1501_2020-10-01T13:15:43Z_854x480.mp4]]></MediaFile>
                                            <MediaFile bitrate='1743' delivery='progressive' height='540' id='37403740' type='video/mp4' width='960'><![CDATA[https://dni-adops-proxy-prod-adopsmediaconverter.mercury.dnitv.com/386345/860674/S1DMKL1501_2020-10-01T13:15:43Z_960x540.mp4]]></MediaFile>
                                        </MediaFiles>
                                    </Linear>
                                </Creative>
                            </Creatives>
                            <Extensions>
                                <Extension type='FreeWheel'>
                                    <AdInfo customaid='S1DMKL1501' gid='0' cid='47195439' format='spot_standard' variant='NORMAL' exclusive='false' />
                                    <Parameter name='_fw_4AID'><![CDATA[S1DMKL1501]]></Parameter>
                                    <CreativeParameters>
                                        <CreativeParameter creativeId='7846932' name='_fw_4AID' type='Linear'><![CDATA[S1DMKL1501]]></CreativeParameter>
                                        <CreativeParameter creativeId='7846932' name='MMS_ID' type='Linear'><![CDATA[]]></CreativeParameter>
                                        <CreativeParameter creativeId='7846932' name='adobe_reporting' type='Linear'><![CDATA[advertiser_name:SE Klarna;advertiser_id:860674;campaign_name:SE Klarna;campaign_id:47195439;placement_name:SE Klarna Card 2.0 v.42-45 (1 151 984) ;placement_id:47195442;creative_name:S1DMKL1501.mp4;creative_id:7846932]]></CreativeParameter>
                                        <CreativeParameter creativeId='7846932' name='moat' type='Linear'><![CDATA[386345;386345;860674;47195439;47195440;;47195442;48567;g11761361;g542506;1324683;118766968;DPLAYSE_SV_SE1483978920527;7846932;37403735;15;midroll;;386345:DiscoverySBS_html5_live_secure_2;cpx-non;1602503513126642570]]></CreativeParameter>
                                    </CreativeParameters>
                                </Extension>
                            </Extensions>
                        </InLine>
                    </Ad>
                    <Ad id='32456484.140264947476224' sequence='5'>
                        <Wrapper>
                            <AdSystem>FreeWheel</AdSystem>
                            <VASTAdTagURI><![CDATA[https://ads.stickyadstv.com/www/delivery/swfIndex.php?reqType=AdsSetup&protocolVersion=2.0&zoneId=7983569]]></VASTAdTagURI>
                            <Error><![CDATA[https://5e529.v.fwmrm.net/ad/l/1?s=d027&n=386345%3B386345&t=1602503513126642570&f=262144&r=386345&adid=32456484&reid=14884395&arid=0&iw=&uxnw=&uxss=&uxct=&et=e&cn=%5BERRORCODE%5D]]></Error>
                            <Impression><![CDATA[https://5e529.v.fwmrm.net/ad/l/1?s=d027&n=386345%3B386345&t=1602503513126642570&f=262144&r=386345&adid=32456484&reid=14884395&arid=0&auid=&cn=defaultImpression&et=i&_cc=32456484,14884395,39848.,30373.39848.51807.,1602503514,1&tpos=1450&iw=&uxnw=&uxss=&uxct=&metr=121&init=1&vcid2=420f2af2f68c837b504505d7c0ee66692cdbc5f535e36d52bdd79b8884d65861&cr=]]></Impression>
                            <Creatives>
                                <Creative AdID='32456484' id='4603587'>
                                    <Linear>
                                        <TrackingEvents>
                                            <Tracking event='complete'><![CDATA[https://5e529.v.fwmrm.net/ad/l/1?s=d027&n=386345%3B386345&t=1602503513126642570&f=262144&r=386345&adid=32456484&reid=14884395&arid=0&auid=&cn=complete&et=i&_cc=&tpos=1450&init=1&iw=&uxnw=&uxss=&uxct=&metr=121]]></Tracking>
                                            <Tracking event='firstQuartile'><![CDATA[https://5e529.v.fwmrm.net/ad/l/1?s=d027&n=386345%3B386345&t=1602503513126642570&f=262144&r=386345&adid=32456484&reid=14884395&arid=0&auid=&cn=firstQuartile&et=i&_cc=&tpos=1450&init=1&iw=&uxnw=&uxss=&uxct=&metr=121]]></Tracking>
                                            <Tracking event='midpoint'><![CDATA[https://5e529.v.fwmrm.net/ad/l/1?s=d027&n=386345%3B386345&t=1602503513126642570&f=262144&r=386345&adid=32456484&reid=14884395&arid=0&auid=&cn=midPoint&et=i&_cc=&tpos=1450&init=1&iw=&uxnw=&uxss=&uxct=&metr=121]]></Tracking>
                                            <Tracking event='thirdQuartile'><![CDATA[https://5e529.v.fwmrm.net/ad/l/1?s=d027&n=386345%3B386345&t=1602503513126642570&f=262144&r=386345&adid=32456484&reid=14884395&arid=0&auid=&cn=thirdQuartile&et=i&_cc=&tpos=1450&init=1&iw=&uxnw=&uxss=&uxct=&metr=121]]></Tracking>
                                        </TrackingEvents>
                                        <VideoClicks>
                                            <ClickTracking id='FWc_32456484.0'><![CDATA[https://5e529.v.fwmrm.net/ad/l/1?s=d027&n=386345%3B386345&t=1602503513126642570&f=262144&r=386345&adid=32456484&reid=14884395&arid=0&auid=&cn=defaultClick&et=c&_cc=&tpos=1450&cr=]]></ClickTracking>
                                        </VideoClicks>
                                    </Linear>
                                </Creative>
                            </Creatives>
                            <Extensions>
                                <Extension type='FreeWheel'>
                                    <AdInfo customaid='PROGRAMMAT' gid='0' cid=';placeme' format='spot_standard' variant='NORMAL' exclusive='false' />
                                    <Parameter name='_fw_4AID'><![CDATA[PROGRAMMATIC]]></Parameter>
                                    <CreativeParameters>
                                        <CreativeParameter creativeId='4603587' name='translator.vast.loadWithCookie' type='Linear'><![CDATA[1]]></CreativeParameter>
                                        <CreativeParameter creativeId='4603587' name='_fw_4AID' type='Linear'><![CDATA[PROGRAMMATIC]]></CreativeParameter>
                                        <CreativeParameter creativeId='4603587' name='MMS_ID' type='Linear'><![CDATA[]]></CreativeParameter>
                                        <CreativeParameter creativeId='4603587' name='adobe_reporting' type='Linear'><![CDATA[advertiser_name:;advertiser_id:;campaign_name:;campaign_id:;placement_name:SE Freewheel SSP web Midroll-5;placement_id:32456483;creative_name:Dplay-se-web-midroll-5;creative_id:4603587]]></CreativeParameter>
                                        <CreativeParameter creativeId='4603587' name='moat' type='Linear'><![CDATA[386345;386345;;;;;32456483;48567;g11761361;g542506;1324683;118766968;DPLAYSE_SV_SE1483978920527;4603587;14884395;30;midroll;;386345:DiscoverySBS_html5_live_secure_2;cpx-non;1602503513126642570]]></CreativeParameter>
                                    </CreativeParameters>
                                </Extension>
                            </Extensions>
                        </Wrapper>
                    </Ad>
                    <Ad id='39679799.140269987838208'>
                        <Wrapper>
                            <AdSystem>FreeWheel</AdSystem>
                            <VASTAdTagURI><![CDATA[https://secure.adnxs.com/ptv?id=15423645]]></VASTAdTagURI>
                            <Error><![CDATA[https://5e529.v.fwmrm.net/ad/l/1?s=d027&n=386345%3B386345&t=1602503513126642570&f=262144&r=386345&adid=39679799&reid=15034046&arid=0&iw=&uxnw=&uxss=&uxct=&et=e&cn=%5BERRORCODE%5D]]></Error>
                            <Impression><![CDATA[https://5e529.v.fwmrm.net/ad/l/1?s=d027&n=386345%3B386345&t=1602503513126642570&f=262144&r=386345&adid=39679799&reid=15034046&arid=0&auid=&cn=defaultImpression&et=i&_cc=39679799,15034046,,30373.39848.51807.,1602503514,1&tpos=1450&iw=&uxnw=&uxss=&uxct=&metr=121&init=1&vcid2=420f2af2f68c837b504505d7c0ee66692cdbc5f535e36d52bdd79b8884d65861&cr=]]></Impression>
                            <Creatives>
                                <Creative AdID='39679799' id='4634571'>
                                    <Linear>
                                        <TrackingEvents>
                                            <Tracking event='complete'><![CDATA[https://5e529.v.fwmrm.net/ad/l/1?s=d027&n=386345%3B386345&t=1602503513126642570&f=262144&r=386345&adid=39679799&reid=15034046&arid=0&auid=&cn=complete&et=i&_cc=&tpos=1450&init=1&iw=&uxnw=&uxss=&uxct=&metr=121]]></Tracking>
                                            <Tracking event='firstQuartile'><![CDATA[https://5e529.v.fwmrm.net/ad/l/1?s=d027&n=386345%3B386345&t=1602503513126642570&f=262144&r=386345&adid=39679799&reid=15034046&arid=0&auid=&cn=firstQuartile&et=i&_cc=&tpos=1450&init=1&iw=&uxnw=&uxss=&uxct=&metr=121]]></Tracking>
                                            <Tracking event='midpoint'><![CDATA[https://5e529.v.fwmrm.net/ad/l/1?s=d027&n=386345%3B386345&t=1602503513126642570&f=262144&r=386345&adid=39679799&reid=15034046&arid=0&auid=&cn=midPoint&et=i&_cc=&tpos=1450&init=1&iw=&uxnw=&uxss=&uxct=&metr=121]]></Tracking>
                                            <Tracking event='thirdQuartile'><![CDATA[https://5e529.v.fwmrm.net/ad/l/1?s=d027&n=386345%3B386345&t=1602503513126642570&f=262144&r=386345&adid=39679799&reid=15034046&arid=0&auid=&cn=thirdQuartile&et=i&_cc=&tpos=1450&init=1&iw=&uxnw=&uxss=&uxct=&metr=121]]></Tracking>
                                        </TrackingEvents>
                                        <VideoClicks>
                                            <ClickTracking id='FWc_39679799.0'><![CDATA[https://5e529.v.fwmrm.net/ad/l/1?s=d027&n=386345%3B386345&t=1602503513126642570&f=262144&r=386345&adid=39679799&reid=15034046&arid=0&auid=&cn=defaultClick&et=c&_cc=&tpos=1450&cr=]]></ClickTracking>
                                        </VideoClicks>
                                    </Linear>
                                </Creative>
                            </Creatives>
                            <Extensions>
                                <Extension type='FreeWheel'>
                                    <AdInfo customaid='' gid='0' cid='32545748' format='spot_standard' variant='NORMAL' exclusive='false' />
                                    <Parameter name='_fw_4AID'><![CDATA[na]]></Parameter>
                                    <CreativeParameters>
                                        <CreativeParameter creativeId='4634571' name='_fw_4AID' type='Linear'><![CDATA[na]]></CreativeParameter>
                                        <CreativeParameter creativeId='4634571' name='MMS_ID' type='Linear'><![CDATA[]]></CreativeParameter>
                                        <CreativeParameter creativeId='4634571' name='adobe_reporting' type='Linear'><![CDATA[advertiser_name:SE Xaxis;advertiser_id:802063;campaign_name:SE Xaxis;campaign_id:32545748;placement_name:SE Xaxis passback filler vers2  midroll;placement_id:39679798;creative_name:Xaxis passback midroll 15423645;creative_id:4634571]]></CreativeParameter>
                                        <CreativeParameter creativeId='4634571' name='moat' type='Linear'><![CDATA[386345;386345;802063;32545748;32570669;;39679798;48567;g11761361;g542506;1324683;118766968;DPLAYSE_SV_SE1483978920527;4634571;15034046;30;midroll;;386345:DiscoverySBS_html5_live_secure_2;cpx-non;1602503513126642570]]></CreativeParameter>
                                    </CreativeParameters>
                                </Extension>
                            </Extensions>
                        </Wrapper>
                    </Ad>
                    <Ad id='47865754.140269987838976'>
                        <InLine>
                            <AdSystem>FreeWheel</AdSystem>
                            <AdTitle>SE Biltriss v.42-44 (56 818) </AdTitle>
                            <Error><![CDATA[https://5e529.v.fwmrm.net/ad/l/1?s=d027&n=386345%3B386345&t=1602503513126642570&f=262144&r=386345&adid=47865754&reid=29705517&arid=1&iw=&uxnw=&uxss=&uxct=&et=e&cn=%5BERRORCODE%5D]]></Error>
                            <Impression id='FWi_47865754.1'><![CDATA[https://5e529.v.fwmrm.net/ad/l/1?s=d027&n=386345%3B386345&t=1602503513126642570&f=262144&r=386345&adid=47865754&reid=29705517&arid=1&auid=&cn=defaultImpression&et=i&_cc=47865754,29705517,,30373.39848.51807.,1602503514,1&tpos=1450&iw=&uxnw=&uxss=&uxct=&metr=121&init=1&vcid2=420f2af2f68c837b504505d7c0ee66692cdbc5f535e36d52bdd79b8884d65861&cr=https%3A//track.adform.net/adfserve/%3Fbn%3D40584746%3B1x1inv%3D1%3Bsrctype%3D3%3Bord%3D976272147]]></Impression>
                            <Creatives>
                                <Creative AdID='47865754' id='7076745'>
                                    <Linear>
                                        <Duration>00:00:20</Duration>
                                        <TrackingEvents>
                                            <Tracking event='complete'><![CDATA[https://5e529.v.fwmrm.net/ad/l/1?s=d027&n=386345%3B386345&t=1602503513126642570&f=262144&r=386345&adid=47865754&reid=29705517&arid=1&auid=&cn=complete&et=i&_cc=&tpos=1450&init=1&iw=&uxnw=&uxss=&uxct=&metr=121]]></Tracking>
                                            <Tracking event='firstQuartile'><![CDATA[https://5e529.v.fwmrm.net/ad/l/1?s=d027&n=386345%3B386345&t=1602503513126642570&f=262144&r=386345&adid=47865754&reid=29705517&arid=1&auid=&cn=firstQuartile&et=i&_cc=&tpos=1450&init=1&iw=&uxnw=&uxss=&uxct=&metr=121]]></Tracking>
                                            <Tracking event='midpoint'><![CDATA[https://5e529.v.fwmrm.net/ad/l/1?s=d027&n=386345%3B386345&t=1602503513126642570&f=262144&r=386345&adid=47865754&reid=29705517&arid=1&auid=&cn=midPoint&et=i&_cc=&tpos=1450&init=1&iw=&uxnw=&uxss=&uxct=&metr=121]]></Tracking>
                                            <Tracking event='thirdQuartile'><![CDATA[https://5e529.v.fwmrm.net/ad/l/1?s=d027&n=386345%3B386345&t=1602503513126642570&f=262144&r=386345&adid=47865754&reid=29705517&arid=1&auid=&cn=thirdQuartile&et=i&_cc=&tpos=1450&init=1&iw=&uxnw=&uxss=&uxct=&metr=121]]></Tracking>
                                        </TrackingEvents>
                                        <VideoClicks>
                                            <ClickThrough id='FWc_47865754.1'><![CDATA[https://5e529.v.fwmrm.net/ad/l/1?s=d027&n=386345%3B386345&t=1602503513126642570&f=262144&r=386345&adid=47865754&reid=29705517&arid=1&auid=&cn=defaultClick&et=c&_cc=&tpos=1450&cr=https%3A//track.adform.net/C/%3Fbn%3D40584746]]></ClickThrough>
                                        </VideoClicks>
                                        <MediaFiles>
                                            <MediaFile bitrate='1769' delivery='progressive' height='720' id='29705517' type='video/mp4' width='1280'><![CDATA[https://dni-adops-proxy-prod-adopsmediaconverter.mercury.dnitv.com/386345/581014/TrissS1AITR2055_2020-07-30T14:14:35Z_1280x720.mp4]]></MediaFile>
                                            <MediaFile bitrate='3147' delivery='progressive' height='1080' id='29705518' type='video/mp4' width='1920'><![CDATA[https://dni-adops-proxy-prod-adopsmediaconverter.mercury.dnitv.com/386345/581014/TrissS1AITR2055_2020-07-30T14:14:35Z_1920x1080.mp4]]></MediaFile>
                                            <MediaFile bitrate='684' delivery='progressive' height='360' id='29705519' type='video/mp4' width='640'><![CDATA[https://dni-adops-proxy-prod-adopsmediaconverter.mercury.dnitv.com/386345/581014/TrissS1AITR2055_2020-07-30T14:14:35Z_640x360.mp4]]></MediaFile>
                                            <MediaFile bitrate='994' delivery='progressive' height='480' id='29705520' type='video/mp4' width='854'><![CDATA[https://dni-adops-proxy-prod-adopsmediaconverter.mercury.dnitv.com/386345/581014/TrissS1AITR2055_2020-07-30T14:14:35Z_854x480.mp4]]></MediaFile>
                                            <MediaFile bitrate='1135' delivery='progressive' height='540' id='29705521' type='video/mp4' width='960'><![CDATA[https://dni-adops-proxy-prod-adopsmediaconverter.mercury.dnitv.com/386345/581014/TrissS1AITR2055_2020-07-30T14:14:35Z_960x540.mp4]]></MediaFile>
                                        </MediaFiles>
                                    </Linear>
                                </Creative>
                            </Creatives>
                            <Extensions>
                                <Extension type='FreeWheel'>
                                    <AdInfo customaid='S1AITR2055' gid='0' cid='37719928' format='spot_standard' variant='NORMAL' exclusive='false' />
                                    <Parameter name='_fw_4AID'><![CDATA[S1AITR2055]]></Parameter>
                                    <CreativeParameters>
                                        <CreativeParameter creativeId='7076745' name='_fw_4AID' type='Linear'><![CDATA[S1AITR2055]]></CreativeParameter>
                                        <CreativeParameter creativeId='7076745' name='MMS_ID' type='Linear'><![CDATA[]]></CreativeParameter>
                                        <CreativeParameter creativeId='7076745' name='adobe_reporting' type='Linear'><![CDATA[advertiser_name:SE SVENSKA SPEL;advertiser_id:581014;campaign_name:SE Svenska Spel;campaign_id:37719928;placement_name:SE Biltriss v.42-44 (56 818) ;placement_id:47865753;creative_name:TrissS1AITR2055.mp4;creative_id:7076745]]></CreativeParameter>
                                        <CreativeParameter creativeId='7076745' name='moat' type='Linear'><![CDATA[386345;386345;581014;37719928;47865751;;47865753;48567;g11761361;g542506;1324683;118766968;DPLAYSE_SV_SE1483978920527;7076745;29705517;20;midroll;;386345:DiscoverySBS_html5_live_secure_2;cpx-non;1602503513126642570]]></CreativeParameter>
                                    </CreativeParameters>
                                </Extension>
                            </Extensions>
                        </InLine>
                    </Ad>
                    <Ad id='29119084.140264947472384' sequence='6'>
                        <Wrapper>
                            <AdSystem>FreeWheel</AdSystem>
                            <VASTAdTagURI><![CDATA[https://ads.stickyadstv.com/www/delivery/swfIndex.php?reqType=AdsSetup&protocolVersion=2.0&zoneId=7110369]]></VASTAdTagURI>
                            <Error><![CDATA[https://5e529.v.fwmrm.net/ad/l/1?s=d027&n=386345%3B386345&t=1602503513126642570&f=262144&r=386345&adid=29119084&reid=12497924&arid=0&iw=&uxnw=&uxss=&uxct=&et=e&cn=%5BERRORCODE%5D]]></Error>
                            <Impression><![CDATA[https://5e529.v.fwmrm.net/ad/l/1?s=d027&n=386345%3B386345&t=1602503513126642570&f=262144&r=386345&adid=29119084&reid=12497924&arid=0&auid=&cn=defaultImpression&et=i&_cc=29119084,12497924,39848.,30373.39848.51807.,1602503514,1&tpos=1450&iw=&uxnw=&uxss=&uxct=&metr=121&init=1&vcid2=420f2af2f68c837b504505d7c0ee66692cdbc5f535e36d52bdd79b8884d65861&cr=]]></Impression>
                            <Creatives>
                                <Creative AdID='29119084' id='4122623'>
                                    <Linear>
                                        <TrackingEvents>
                                            <Tracking event='complete'><![CDATA[https://5e529.v.fwmrm.net/ad/l/1?s=d027&n=386345%3B386345&t=1602503513126642570&f=262144&r=386345&adid=29119084&reid=12497924&arid=0&auid=&cn=complete&et=i&_cc=&tpos=1450&init=1&iw=&uxnw=&uxss=&uxct=&metr=121]]></Tracking>
                                            <Tracking event='firstQuartile'><![CDATA[https://5e529.v.fwmrm.net/ad/l/1?s=d027&n=386345%3B386345&t=1602503513126642570&f=262144&r=386345&adid=29119084&reid=12497924&arid=0&auid=&cn=firstQuartile&et=i&_cc=&tpos=1450&init=1&iw=&uxnw=&uxss=&uxct=&metr=121]]></Tracking>
                                            <Tracking event='midpoint'><![CDATA[https://5e529.v.fwmrm.net/ad/l/1?s=d027&n=386345%3B386345&t=1602503513126642570&f=262144&r=386345&adid=29119084&reid=12497924&arid=0&auid=&cn=midPoint&et=i&_cc=&tpos=1450&init=1&iw=&uxnw=&uxss=&uxct=&metr=121]]></Tracking>
                                            <Tracking event='thirdQuartile'><![CDATA[https://5e529.v.fwmrm.net/ad/l/1?s=d027&n=386345%3B386345&t=1602503513126642570&f=262144&r=386345&adid=29119084&reid=12497924&arid=0&auid=&cn=thirdQuartile&et=i&_cc=&tpos=1450&init=1&iw=&uxnw=&uxss=&uxct=&metr=121]]></Tracking>
                                        </TrackingEvents>
                                        <VideoClicks>
                                            <ClickTracking id='FWc_29119084.0'><![CDATA[https://5e529.v.fwmrm.net/ad/l/1?s=d027&n=386345%3B386345&t=1602503513126642570&f=262144&r=386345&adid=29119084&reid=12497924&arid=0&auid=&cn=defaultClick&et=c&_cc=&tpos=1450&cr=]]></ClickTracking>
                                        </VideoClicks>
                                    </Linear>
                                </Creative>
                            </Creatives>
                            <Extensions>
                                <Extension type='FreeWheel'>
                                    <AdInfo customaid='PROGRAMMAT' gid='0' cid=';placeme' format='spot_standard' variant='NORMAL' exclusive='false' />
                                    <Parameter name='_fw_4AID'><![CDATA[PROGRAMMATIC]]></Parameter>
                                    <CreativeParameters>
                                        <CreativeParameter creativeId='4122623' name='translator.vast.loadWithCookie' type='Linear'><![CDATA[1]]></CreativeParameter>
                                        <CreativeParameter creativeId='4122623' name='mms_customadid' type='Linear'><![CDATA[PROGRAMMATIC]]></CreativeParameter>
                                        <CreativeParameter creativeId='4122623' name='_fw_4AID' type='Linear'><![CDATA[PROGRAMMATIC]]></CreativeParameter>
                                        <CreativeParameter creativeId='4122623' name='MMS_ID' type='Linear'><![CDATA[]]></CreativeParameter>
                                        <CreativeParameter creativeId='4122623' name='adobe_reporting' type='Linear'><![CDATA[advertiser_name:;advertiser_id:;campaign_name:;campaign_id:;placement_name:SE Freewheel SSP web Midroll-2;placement_id:29119083;creative_name:Dplay-se-web-midroll-2;creative_id:4122623]]></CreativeParameter>
                                        <CreativeParameter creativeId='4122623' name='moat' type='Linear'><![CDATA[386345;386345;;;;;29119083;48567;g11761361;g542506;1324683;118766968;DPLAYSE_SV_SE1483978920527;4122623;12497924;30;midroll;;386345:DiscoverySBS_html5_live_secure_2;cpx-non;1602503513126642570]]></CreativeParameter>
                                    </CreativeParameters>
                                </Extension>
                            </Extensions>
                        </Wrapper>
                    </Ad>
                    <Ad id='47440143.140269987839744'>
                        <InLine>
                            <AdSystem>FreeWheel</AdSystem>
                            <AdTitle>SE Tre Samla v.40-43 (212 287) 15&quot; 46%/10&quot;54%</AdTitle>
                            <Error><![CDATA[https://5e529.v.fwmrm.net/ad/l/1?s=d027&n=386345%3B386345&t=1602503513126642570&f=262144&r=386345&adid=47440143&reid=23788914&arid=1&iw=&uxnw=&uxss=&uxct=&et=e&cn=%5BERRORCODE%5D]]></Error>
                            <Impression id='FWi_47440143.1'><![CDATA[https://5e529.v.fwmrm.net/ad/l/1?s=d027&n=386345%3B386345&t=1602503513126642570&f=262144&r=386345&adid=47440143&reid=23788914&arid=1&auid=&cn=defaultImpression&et=i&_cc=47440143,23788914,,30373.39848.51807.,1602503514,1&tpos=1450&iw=&uxnw=&uxss=&uxct=&metr=121&init=1&vcid2=420f2af2f68c837b504505d7c0ee66692cdbc5f535e36d52bdd79b8884d65861&cr=https%3A//ad.doubleclick.net/ddm/trackimp/N444802.2211900DPLAYSE/B23718238.282505146%3Bdc_trk_aid%3D476471982%3Bdc_trk_cid%3D127962977%3Bord%3D500892088%3Bdc_lat%3D%3Bdc_rdid%3D%3Btag_for_child_directed_treatment%3D%3Btfua%3D%3Bgdpr%3D0%3Bgdpr_consent%3D%3F]]></Impression>
                            <Creatives>
                                <Creative AdID='47440143' id='6293049'>
                                    <Linear>
                                        <Duration>00:00:15</Duration>
                                        <TrackingEvents>
                                            <Tracking event='complete'><![CDATA[https://5e529.v.fwmrm.net/ad/l/1?s=d027&n=386345%3B386345&t=1602503513126642570&f=262144&r=386345&adid=47440143&reid=23788914&arid=1&auid=&cn=complete&et=i&_cc=&tpos=1450&init=1&iw=&uxnw=&uxss=&uxct=&metr=121]]></Tracking>
                                            <Tracking event='firstQuartile'><![CDATA[https://5e529.v.fwmrm.net/ad/l/1?s=d027&n=386345%3B386345&t=1602503513126642570&f=262144&r=386345&adid=47440143&reid=23788914&arid=1&auid=&cn=firstQuartile&et=i&_cc=&tpos=1450&init=1&iw=&uxnw=&uxss=&uxct=&metr=121]]></Tracking>
                                            <Tracking event='midpoint'><![CDATA[https://5e529.v.fwmrm.net/ad/l/1?s=d027&n=386345%3B386345&t=1602503513126642570&f=262144&r=386345&adid=47440143&reid=23788914&arid=1&auid=&cn=midPoint&et=i&_cc=&tpos=1450&init=1&iw=&uxnw=&uxss=&uxct=&metr=121]]></Tracking>
                                            <Tracking event='thirdQuartile'><![CDATA[https://5e529.v.fwmrm.net/ad/l/1?s=d027&n=386345%3B386345&t=1602503513126642570&f=262144&r=386345&adid=47440143&reid=23788914&arid=1&auid=&cn=thirdQuartile&et=i&_cc=&tpos=1450&init=1&iw=&uxnw=&uxss=&uxct=&metr=121]]></Tracking>
                                        </TrackingEvents>
                                        <VideoClicks>
                                            <ClickThrough id='FWc_47440143.1'><![CDATA[https://5e529.v.fwmrm.net/ad/l/1?s=d027&n=386345%3B386345&t=1602503513126642570&f=262144&r=386345&adid=47440143&reid=23788914&arid=1&auid=&cn=defaultClick&et=c&_cc=&tpos=1450&cr=https%3A//ad.doubleclick.net/ddm/trackclk/N444802.2211900DPLAYSE/B23718238.282505146%3Bdc_trk_aid%3D476471982%3Bdc_trk_cid%3D127962977%3Bdc_lat%3D%3Bdc_rdid%3D%3Btag_for_child_directed_treatment%3D%3Btfua%3D%3Bgdpr%3D0%3Bgdpr_consent%3D]]></ClickThrough>
                                        </VideoClicks>
                                        <MediaFiles>
                                            <MediaFile bitrate='3524' delivery='progressive' height='720' id='23788914' type='video/mp4' width='1280'><![CDATA[https://dni-adops-proxy-prod-adopsmediaconverter.mercury.dnitv.com/386345/660446/S1TJMO156J_2020-01-30T12:53:12Z_1280x720.mp4]]></MediaFile>
                                            <MediaFile bitrate='7697' delivery='progressive' height='1080' id='23788915' type='video/mp4' width='1920'><![CDATA[https://dni-adops-proxy-prod-adopsmediaconverter.mercury.dnitv.com/386345/660446/S1TJMO156J_2020-01-30T12:53:12Z_1920x1080.mp4]]></MediaFile>
                                            <MediaFile bitrate='1202' delivery='progressive' height='360' id='23788916' type='video/mp4' width='640'><![CDATA[https://dni-adops-proxy-prod-adopsmediaconverter.mercury.dnitv.com/386345/660446/S1TJMO156J_2020-01-30T12:53:12Z_640x360.mp4]]></MediaFile>
                                            <MediaFile bitrate='1832' delivery='progressive' height='480' id='23788917' type='video/mp4' width='854'><![CDATA[https://dni-adops-proxy-prod-adopsmediaconverter.mercury.dnitv.com/386345/660446/S1TJMO156J_2020-01-30T12:53:12Z_854x480.mp4]]></MediaFile>
                                            <MediaFile bitrate='2181' delivery='progressive' height='540' id='23788918' type='video/mp4' width='960'><![CDATA[https://dni-adops-proxy-prod-adopsmediaconverter.mercury.dnitv.com/386345/660446/S1TJMO156J_2020-01-30T12:53:12Z_960x540.mp4]]></MediaFile>
                                        </MediaFiles>
                                    </Linear>
                                </Creative>
                            </Creatives>
                            <Extensions>
                                <Extension type='FreeWheel'>
                                    <AdInfo customaid='' gid='0' cid='37859794' format='spot_standard' variant='NORMAL' exclusive='false' />
                                    <Parameter name='_fw_4AID'><![CDATA[ S1TJMO156J]]></Parameter>
                                    <CreativeParameters>
                                        <CreativeParameter creativeId='6293049' name='_fw_4AID' type='Linear'><![CDATA[ S1TJMO156J]]></CreativeParameter>
                                        <CreativeParameter creativeId='6293049' name='MMS_ID' type='Linear'><![CDATA[]]></CreativeParameter>
                                        <CreativeParameter creativeId='6293049' name='adobe_reporting' type='Linear'><![CDATA[advertiser_name:SE TRE;advertiser_id:660446;campaign_name:SE Tre;campaign_id:37859794;placement_name:SE Tre Samla v.40-43 (212 287) 15" 46%/10"54%;placement_id:47440142;creative_name:Tre S1TJMO156J.mp4;creative_id:6293049]]></CreativeParameter>
                                        <CreativeParameter creativeId='6293049' name='moat' type='Linear'><![CDATA[386345;386345;660446;37859794;47440136;;47440142;48567;g11761361;g542506;1324683;118766968;DPLAYSE_SV_SE1483978920527;6293049;23788914;15;midroll;;386345:DiscoverySBS_html5_live_secure_2;cpx-non;1602503513126642570]]></CreativeParameter>
                                    </CreativeParameters>
                                </Extension>
                            </Extensions>
                        </InLine>
                    </Ad>
                    <Ad id='40981803.140265369940224' sequence='7'>
                        <InLine>
                            <AdSystem>FreeWheel</AdSystem>
                            <AdTitle>SE Riksbyggen v.42-43 (103 392) Stockholm 2020</AdTitle>
                            <Error><![CDATA[https://5e529.v.fwmrm.net/ad/l/1?s=d027&n=386345%3B386345&t=1602503513126642570&f=262144&r=386345&adid=40981803&reid=39023005&arid=1&iw=&uxnw=&uxss=&uxct=&et=e&cn=%5BERRORCODE%5D]]></Error>
                            <Impression id='FWi_40981803.1'><![CDATA[https://5e529.v.fwmrm.net/ad/l/1?s=d027&n=386345%3B386345&t=1602503513126642570&f=262144&r=386345&adid=40981803&reid=39023005&arid=1&auid=&cn=defaultImpression&et=i&_cc=40981803,39023005,,30373.39848.51807.,1602503514,1&tpos=1450&iw=&uxnw=&uxss=&uxct=&metr=121&init=1&vcid2=420f2af2f68c837b504505d7c0ee66692cdbc5f535e36d52bdd79b8884d65861&cr=https%3A//track.adform.net/adfserve/%3Fbn%3D40547104%3B1x1inv%3D1%3Bsrctype%3D3%3Bord%3D2058340495]]></Impression>
                            <Creatives>
                                <Creative AdID='40981803' id='7988212'>
                                    <Linear>
                                        <Duration>00:00:15</Duration>
                                        <TrackingEvents>
                                            <Tracking event='complete'><![CDATA[https://5e529.v.fwmrm.net/ad/l/1?s=d027&n=386345%3B386345&t=1602503513126642570&f=262144&r=386345&adid=40981803&reid=39023005&arid=1&auid=&cn=complete&et=i&_cc=&tpos=1450&init=1&iw=&uxnw=&uxss=&uxct=&metr=121]]></Tracking>
                                            <Tracking event='firstQuartile'><![CDATA[https://5e529.v.fwmrm.net/ad/l/1?s=d027&n=386345%3B386345&t=1602503513126642570&f=262144&r=386345&adid=40981803&reid=39023005&arid=1&auid=&cn=firstQuartile&et=i&_cc=&tpos=1450&init=1&iw=&uxnw=&uxss=&uxct=&metr=121]]></Tracking>
                                            <Tracking event='midpoint'><![CDATA[https://5e529.v.fwmrm.net/ad/l/1?s=d027&n=386345%3B386345&t=1602503513126642570&f=262144&r=386345&adid=40981803&reid=39023005&arid=1&auid=&cn=midPoint&et=i&_cc=&tpos=1450&init=1&iw=&uxnw=&uxss=&uxct=&metr=121]]></Tracking>
                                            <Tracking event='thirdQuartile'><![CDATA[https://5e529.v.fwmrm.net/ad/l/1?s=d027&n=386345%3B386345&t=1602503513126642570&f=262144&r=386345&adid=40981803&reid=39023005&arid=1&auid=&cn=thirdQuartile&et=i&_cc=&tpos=1450&init=1&iw=&uxnw=&uxss=&uxct=&metr=121]]></Tracking>
                                        </TrackingEvents>
                                        <VideoClicks>
                                            <ClickThrough id='FWc_40981803.1'><![CDATA[https://5e529.v.fwmrm.net/ad/l/1?s=d027&n=386345%3B386345&t=1602503513126642570&f=262144&r=386345&adid=40981803&reid=39023005&arid=1&auid=&cn=defaultClick&et=c&_cc=&tpos=1450&cr=https%3A//track.adform.net/C/%3Fbn%3D40547104]]></ClickThrough>
                                        </VideoClicks>
                                        <MediaFiles>
                                            <MediaFile bitrate='1635' delivery='progressive' height='720' id='39023005' type='video/mp4' width='1280'><![CDATA[https://dni-adops-proxy-prod-adopsmediaconverter.mercury.dnitv.com/386345/788473/S1MQCM1504_2020-10-05T14:48:58Z_1280x720.mp4]]></MediaFile>
                                            <MediaFile bitrate='3499' delivery='progressive' height='1080' id='39023006' type='video/mp4' width='1920'><![CDATA[https://dni-adops-proxy-prod-adopsmediaconverter.mercury.dnitv.com/386345/788473/S1MQCM1504_2020-10-05T14:48:58Z_1920x1080.mp4]]></MediaFile>
                                            <MediaFile bitrate='699' delivery='progressive' height='360' id='39023007' type='video/mp4' width='640'><![CDATA[https://dni-adops-proxy-prod-adopsmediaconverter.mercury.dnitv.com/386345/788473/S1MQCM1504_2020-10-05T14:48:58Z_640x360.mp4]]></MediaFile>
                                            <MediaFile bitrate='985' delivery='progressive' height='480' id='39023008' type='video/mp4' width='854'><![CDATA[https://dni-adops-proxy-prod-adopsmediaconverter.mercury.dnitv.com/386345/788473/S1MQCM1504_2020-10-05T14:48:58Z_854x480.mp4]]></MediaFile>
                                            <MediaFile bitrate='1118' delivery='progressive' height='540' id='39023009' type='video/mp4' width='960'><![CDATA[https://dni-adops-proxy-prod-adopsmediaconverter.mercury.dnitv.com/386345/788473/S1MQCM1504_2020-10-05T14:48:58Z_960x540.mp4]]></MediaFile>
                                        </MediaFiles>
                                    </Linear>
                                </Creative>
                            </Creatives>
                            <Extensions>
                                <Extension type='FreeWheel'>
                                    <AdInfo customaid='S1MQCM1504' gid='0' cid='40981723' format='spot_standard' variant='NORMAL' exclusive='false' />
                                    <Parameter name='_fw_4AID'><![CDATA[S1MQCM1504]]></Parameter>
                                    <CreativeParameters>
                                        <CreativeParameter creativeId='7988212' name='_fw_4AID' type='Linear'><![CDATA[S1MQCM1504]]></CreativeParameter>
                                        <CreativeParameter creativeId='7988212' name='MMS_ID' type='Linear'><![CDATA[]]></CreativeParameter>
                                        <CreativeParameter creativeId='7988212' name='adobe_reporting' type='Linear'><![CDATA[advertiser_name:SE Riksbyggen;advertiser_id:788473;campaign_name:SE Riksbyggen;campaign_id:40981723;placement_name:SE Riksbyggen v.42-43 (103 392) Stockholm 2020;placement_id:40981802;creative_name:S1MQCM1504.mp4;creative_id:7988212]]></CreativeParameter>
                                        <CreativeParameter creativeId='7988212' name='moat' type='Linear'><![CDATA[386345;386345;788473;40981723;40981726;;40981802;48567;g11761361;g542506;1324683;118766968;DPLAYSE_SV_SE1483978920527;7988212;39023005;15;midroll;;386345:DiscoverySBS_html5_live_secure_2;cpx-non;1602503513126642570]]></CreativeParameter>
                                    </CreativeParameters>
                                </Extension>
                            </Extensions>
                        </InLine>
                    </Ad>
                    <Ad id='47640601.140265369953280' sequence='8'>
                        <InLine>
                            <AdSystem>FreeWheel</AdSystem>
                            <AdTitle>SE Samsung FE v.42-43 (404 041)</AdTitle>
                            <Error><![CDATA[https://5e529.v.fwmrm.net/ad/l/1?s=d027&n=386345%3B386345&t=1602503513126642570&f=262144&r=386345&adid=47640601&reid=39390894&arid=1&iw=&uxnw=&uxss=&uxct=&et=e&cn=%5BERRORCODE%5D]]></Error>
                            <Impression id='FWi_47640601.1'><![CDATA[https://5e529.v.fwmrm.net/ad/l/1?s=d027&n=386345%3B386345&t=1602503513126642570&f=262144&r=386345&adid=47640601&reid=39390894&arid=1&auid=&cn=defaultImpression&et=i&_cc=47640601,39390894,,30373.39848.51807.,1602503514,1&tpos=1450&iw=&uxnw=&uxss=&uxct=&metr=121&init=1&vcid2=420f2af2f68c837b504505d7c0ee66692cdbc5f535e36d52bdd79b8884d65861&cr=]]></Impression>
                            <Creatives>
                                <Creative AdID='47640601' id='8019158'>
                                    <Linear>
                                        <Duration>00:00:20</Duration>
                                        <TrackingEvents>
                                            <Tracking event='complete'><![CDATA[https://5e529.v.fwmrm.net/ad/l/1?s=d027&n=386345%3B386345&t=1602503513126642570&f=262144&r=386345&adid=47640601&reid=39390894&arid=1&auid=&cn=complete&et=i&_cc=&tpos=1450&init=1&iw=&uxnw=&uxss=&uxct=&metr=121]]></Tracking>
                                            <Tracking event='firstQuartile'><![CDATA[https://5e529.v.fwmrm.net/ad/l/1?s=d027&n=386345%3B386345&t=1602503513126642570&f=262144&r=386345&adid=47640601&reid=39390894&arid=1&auid=&cn=firstQuartile&et=i&_cc=&tpos=1450&init=1&iw=&uxnw=&uxss=&uxct=&metr=121]]></Tracking>
                                            <Tracking event='midpoint'><![CDATA[https://5e529.v.fwmrm.net/ad/l/1?s=d027&n=386345%3B386345&t=1602503513126642570&f=262144&r=386345&adid=47640601&reid=39390894&arid=1&auid=&cn=midPoint&et=i&_cc=&tpos=1450&init=1&iw=&uxnw=&uxss=&uxct=&metr=121]]></Tracking>
                                            <Tracking event='thirdQuartile'><![CDATA[https://5e529.v.fwmrm.net/ad/l/1?s=d027&n=386345%3B386345&t=1602503513126642570&f=262144&r=386345&adid=47640601&reid=39390894&arid=1&auid=&cn=thirdQuartile&et=i&_cc=&tpos=1450&init=1&iw=&uxnw=&uxss=&uxct=&metr=121]]></Tracking>
                                        </TrackingEvents>
                                        <VideoClicks>
                                            <ClickTracking id='FWc_47640601.1'><![CDATA[https://5e529.v.fwmrm.net/ad/l/1?s=d027&n=386345%3B386345&t=1602503513126642570&f=262144&r=386345&adid=47640601&reid=39390894&arid=1&auid=&cn=defaultClick&et=c&_cc=&tpos=1450&cr=]]></ClickTracking>
                                        </VideoClicks>
                                        <MediaFiles>
                                            <MediaFile bitrate='1838' delivery='progressive' height='720' id='39390894' type='video/mp4' width='1280'><![CDATA[https://dni-adops-proxy-prod-adopsmediaconverter.mercury.dnitv.com/386345/809235/SamsungS1SMSU2071_2020-10-06T10:41:13Z_1280x720.mp4]]></MediaFile>
                                            <MediaFile bitrate='3083' delivery='progressive' height='1080' id='39390895' type='video/mp4' width='1920'><![CDATA[https://dni-adops-proxy-prod-adopsmediaconverter.mercury.dnitv.com/386345/809235/SamsungS1SMSU2071_2020-10-06T10:41:13Z_1920x1080.mp4]]></MediaFile>
                                            <MediaFile bitrate='936' delivery='progressive' height='360' id='39390896' type='video/mp4' width='640'><![CDATA[https://dni-adops-proxy-prod-adopsmediaconverter.mercury.dnitv.com/386345/809235/SamsungS1SMSU2071_2020-10-06T10:41:13Z_640x360.mp4]]></MediaFile>
                                            <MediaFile bitrate='1232' delivery='progressive' height='480' id='39390897' type='video/mp4' width='854'><![CDATA[https://dni-adops-proxy-prod-adopsmediaconverter.mercury.dnitv.com/386345/809235/SamsungS1SMSU2071_2020-10-06T10:41:13Z_854x480.mp4]]></MediaFile>
                                            <MediaFile bitrate='1354' delivery='progressive' height='540' id='39390898' type='video/mp4' width='960'><![CDATA[https://dni-adops-proxy-prod-adopsmediaconverter.mercury.dnitv.com/386345/809235/SamsungS1SMSU2071_2020-10-06T10:41:13Z_960x540.mp4]]></MediaFile>
                                        </MediaFiles>
                                    </Linear>
                                </Creative>
                            </Creatives>
                            <Extensions>
                                <Extension type='FreeWheel'>
                                    <AdInfo customaid='S1SMSU2071' gid='0' cid='33035763' format='spot_standard' variant='NORMAL' exclusive='false' />
                                    <Parameter name='_fw_4AID'><![CDATA[S1SMSU2071]]></Parameter>
                                    <CreativeParameters>
                                        <CreativeParameter creativeId='8019158' name='_fw_4AID' type='Linear'><![CDATA[S1SMSU2071]]></CreativeParameter>
                                        <CreativeParameter creativeId='8019158' name='MMS_ID' type='Linear'><![CDATA[]]></CreativeParameter>
                                        <CreativeParameter creativeId='8019158' name='adobe_reporting' type='Linear'><![CDATA[advertiser_name:SE Samsung;advertiser_id:809235;campaign_name:SE Samsung;campaign_id:33035763;placement_name:SE Samsung FE v.42-43 (404 041);placement_id:47640600;creative_name:SamsungS1SMSU2071.mp4;creative_id:8019158]]></CreativeParameter>
                                        <CreativeParameter creativeId='8019158' name='moat' type='Linear'><![CDATA[386345;386345;809235;33035763;47080235;;47640600;48567;g11761361;g542506;1324683;118766968;DPLAYSE_SV_SE1483978920527;8019158;39390894;20;midroll;;386345:DiscoverySBS_html5_live_secure_2;cpx-non;1602503513126642570]]></CreativeParameter>
                                    </CreativeParameters>
                                </Extension>
                            </Extensions>
                        </InLine>
                    </Ad>
                    <Ad id='46576081.140265369941760' sequence='9'>
                        <InLine>
                            <AdSystem>FreeWheel</AdSystem>
                            <AdTitle>SE Max Hamburgare v.42 (110 930)</AdTitle>
                            <Error><![CDATA[https://5e529.v.fwmrm.net/ad/l/1?s=d027&n=386345%3B386345&t=1602503513126642570&f=262144&r=386345&adid=46576081&reid=31901399&arid=1&iw=&uxnw=&uxss=&uxct=&et=e&cn=%5BERRORCODE%5D]]></Error>
                            <Impression id='FWi_46576081.1'><![CDATA[https://5e529.v.fwmrm.net/ad/l/1?s=d027&n=386345%3B386345&t=1602503513126642570&f=262144&r=386345&adid=46576081&reid=31901399&arid=1&auid=&cn=defaultImpression&et=i&_cc=46576081,31901399,,30373.39848.51807.,1602503514,1&tpos=1450&iw=&uxnw=&uxss=&uxct=&metr=121&init=1&vcid2=420f2af2f68c837b504505d7c0ee66692cdbc5f535e36d52bdd79b8884d65861&cr=https%3A//track.adform.net/adfserve/%3Fbn%3D40095249%3B1x1inv%3D1%3Bsrctype%3D3%3Bord%3D1919298856]]></Impression>
                            <Creatives>
                                <Creative AdID='46576081' id='7373444'>
                                    <Linear>
                                        <Duration>00:00:30</Duration>
                                        <TrackingEvents>
                                            <Tracking event='complete'><![CDATA[https://5e529.v.fwmrm.net/ad/l/1?s=d027&n=386345%3B386345&t=1602503513126642570&f=262144&r=386345&adid=46576081&reid=31901399&arid=1&auid=&cn=complete&et=i&_cc=&tpos=1450&init=1&iw=&uxnw=&uxss=&uxct=&metr=121]]></Tracking>
                                            <Tracking event='firstQuartile'><![CDATA[https://5e529.v.fwmrm.net/ad/l/1?s=d027&n=386345%3B386345&t=1602503513126642570&f=262144&r=386345&adid=46576081&reid=31901399&arid=1&auid=&cn=firstQuartile&et=i&_cc=&tpos=1450&init=1&iw=&uxnw=&uxss=&uxct=&metr=121]]></Tracking>
                                            <Tracking event='midpoint'><![CDATA[https://5e529.v.fwmrm.net/ad/l/1?s=d027&n=386345%3B386345&t=1602503513126642570&f=262144&r=386345&adid=46576081&reid=31901399&arid=1&auid=&cn=midPoint&et=i&_cc=&tpos=1450&init=1&iw=&uxnw=&uxss=&uxct=&metr=121]]></Tracking>
                                            <Tracking event='thirdQuartile'><![CDATA[https://5e529.v.fwmrm.net/ad/l/1?s=d027&n=386345%3B386345&t=1602503513126642570&f=262144&r=386345&adid=46576081&reid=31901399&arid=1&auid=&cn=thirdQuartile&et=i&_cc=&tpos=1450&init=1&iw=&uxnw=&uxss=&uxct=&metr=121]]></Tracking>
                                        </TrackingEvents>
                                        <VideoClicks>
                                            <ClickThrough id='FWc_46576081.1'><![CDATA[https://5e529.v.fwmrm.net/ad/l/1?s=d027&n=386345%3B386345&t=1602503513126642570&f=262144&r=386345&adid=46576081&reid=31901399&arid=1&auid=&cn=defaultClick&et=c&_cc=&tpos=1450&cr=https%3A//track.adform.net/C/%3Fbn%3D40095249]]></ClickThrough>
                                        </VideoClicks>
                                        <MediaFiles>
                                            <MediaFile bitrate='2998' delivery='progressive' height='720' id='31901399' type='video/mp4' width='1280'><![CDATA[https://dni-adops-proxy-prod-adopsmediaconverter.mercury.dnitv.com/386345/580884/MaxS1MVMA3036_2020-09-18T10:21:39Z_1280x720.mp4]]></MediaFile>
                                            <MediaFile bitrate='6767' delivery='progressive' height='1080' id='31901400' type='video/mp4' width='1920'><![CDATA[https://dni-adops-proxy-prod-adopsmediaconverter.mercury.dnitv.com/386345/580884/MaxS1MVMA3036_2020-09-18T10:21:39Z_1920x1080.mp4]]></MediaFile>
                                            <MediaFile bitrate='1060' delivery='progressive' height='360' id='31901401' type='video/mp4' width='640'><![CDATA[https://dni-adops-proxy-prod-adopsmediaconverter.mercury.dnitv.com/386345/580884/MaxS1MVMA3036_2020-09-18T10:21:39Z_640x360.mp4]]></MediaFile>
                                            <MediaFile bitrate='1652' delivery='progressive' height='480' id='31901402' type='video/mp4' width='854'><![CDATA[https://dni-adops-proxy-prod-adopsmediaconverter.mercury.dnitv.com/386345/580884/MaxS1MVMA3036_2020-09-18T10:21:39Z_854x480.mp4]]></MediaFile>
                                            <MediaFile bitrate='1908' delivery='progressive' height='540' id='31901403' type='video/mp4' width='960'><![CDATA[https://dni-adops-proxy-prod-adopsmediaconverter.mercury.dnitv.com/386345/580884/MaxS1MVMA3036_2020-09-18T10:21:39Z_960x540.mp4]]></MediaFile>
                                        </MediaFiles>
                                    </Linear>
                                </Creative>
                            </Creatives>
                            <Extensions>
                                <Extension type='FreeWheel'>
                                    <AdInfo customaid='S1MVMA3036' gid='0' cid='32237261' format='spot_standard' variant='NORMAL' exclusive='false' />
                                    <Parameter name='_fw_4AID'><![CDATA[S1MVMA3036]]></Parameter>
                                    <CreativeParameters>
                                        <CreativeParameter creativeId='7373444' name='_fw_4AID' type='Linear'><![CDATA[S1MVMA3036]]></CreativeParameter>
                                        <CreativeParameter creativeId='7373444' name='MMS_ID' type='Linear'><![CDATA[]]></CreativeParameter>
                                        <CreativeParameter creativeId='7373444' name='adobe_reporting' type='Linear'><![CDATA[advertiser_name:SE MAX HAMBURGARE;advertiser_id:580884;campaign_name:SE Max Hamburgare;campaign_id:32237261;placement_name:SE Max Hamburgare v.42 (110 930);placement_id:46576080;creative_name:MaxS1MVMA3036.mp4;creative_id:7373444]]></CreativeParameter>
                                        <CreativeParameter creativeId='7373444' name='moat' type='Linear'><![CDATA[386345;386345;580884;32237261;46575859;;46576080;48567;g11761361;g542506;1324683;118766968;DPLAYSE_SV_SE1483978920527;7373444;31901399;30;midroll;;386345:DiscoverySBS_html5_live_secure_2;cpx-non;1602503513126642570]]></CreativeParameter>
                                    </CreativeParameters>
                                </Extension>
                            </Extensions>
                        </InLine>
                    </Ad>
                    <Ad id='46967902.140265369943296' sequence='10'>
                        <InLine>
                            <AdSystem>FreeWheel</AdSystem>
                            <AdTitle>SE Elon v.42 (250 000) </AdTitle>
                            <Error><![CDATA[https://5e529.v.fwmrm.net/ad/l/1?s=d027&n=386345%3B386345&t=1602503513126642570&f=262144&r=386345&adid=46967902&reid=39003166&arid=1&iw=&uxnw=&uxss=&uxct=&et=e&cn=%5BERRORCODE%5D]]></Error>
                            <Impression id='FWi_46967902.1'><![CDATA[https://5e529.v.fwmrm.net/ad/l/1?s=d027&n=386345%3B386345&t=1602503513126642570&f=262144&r=386345&adid=46967902&reid=39003166&arid=1&auid=&cn=defaultImpression&et=i&_cc=46967902,39003166,,30373.39848.51807.,1602503514,1&tpos=1450&iw=&uxnw=&uxss=&uxct=&metr=121&init=1&vcid2=420f2af2f68c837b504505d7c0ee66692cdbc5f535e36d52bdd79b8884d65861&cr=https%3A//ad.doubleclick.net/ddm/trackimp/N1058426.3641379KANAL5-WEBTVDIGI/B24681946.283546045%3Bdc_trk_aid%3D477272800%3Bdc_trk_cid%3D138519614%3Bord%3D1747090418%3Bdc_lat%3D%3Bdc_rdid%3D%3Btag_for_child_directed_treatment%3D%3Btfua%3D%3Bgdpr%3D0%3Bgdpr_consent%3D%3F]]></Impression>
                            <Creatives>
                                <Creative AdID='46967902' id='7985566'>
                                    <Linear>
                                        <Duration>00:00:15</Duration>
                                        <TrackingEvents>
                                            <Tracking event='complete'><![CDATA[https://5e529.v.fwmrm.net/ad/l/1?s=d027&n=386345%3B386345&t=1602503513126642570&f=262144&r=386345&adid=46967902&reid=39003166&arid=1&auid=&cn=complete&et=i&_cc=&tpos=1450&init=1&iw=&uxnw=&uxss=&uxct=&metr=121]]></Tracking>
                                            <Tracking event='firstQuartile'><![CDATA[https://5e529.v.fwmrm.net/ad/l/1?s=d027&n=386345%3B386345&t=1602503513126642570&f=262144&r=386345&adid=46967902&reid=39003166&arid=1&auid=&cn=firstQuartile&et=i&_cc=&tpos=1450&init=1&iw=&uxnw=&uxss=&uxct=&metr=121]]></Tracking>
                                            <Tracking event='midpoint'><![CDATA[https://5e529.v.fwmrm.net/ad/l/1?s=d027&n=386345%3B386345&t=1602503513126642570&f=262144&r=386345&adid=46967902&reid=39003166&arid=1&auid=&cn=midPoint&et=i&_cc=&tpos=1450&init=1&iw=&uxnw=&uxss=&uxct=&metr=121]]></Tracking>
                                            <Tracking event='thirdQuartile'><![CDATA[https://5e529.v.fwmrm.net/ad/l/1?s=d027&n=386345%3B386345&t=1602503513126642570&f=262144&r=386345&adid=46967902&reid=39003166&arid=1&auid=&cn=thirdQuartile&et=i&_cc=&tpos=1450&init=1&iw=&uxnw=&uxss=&uxct=&metr=121]]></Tracking>
                                        </TrackingEvents>
                                        <VideoClicks>
                                            <ClickThrough id='FWc_46967902.1'><![CDATA[https://5e529.v.fwmrm.net/ad/l/1?s=d027&n=386345%3B386345&t=1602503513126642570&f=262144&r=386345&adid=46967902&reid=39003166&arid=1&auid=&cn=defaultClick&et=c&_cc=&tpos=1450&cr=https%3A//ad.doubleclick.net/ddm/trackclk/N1058426.3641379KANAL5-WEBTVDIGI/B24681946.283546045%3Bdc_trk_aid%3D477272800%3Bdc_trk_cid%3D138519614%3Bdc_lat%3D%3Bdc_rdid%3D%3Btag_for_child_directed_treatment%3D%3Btfua%3D%3Bgdpr%3D0%3Bgdpr_consent%3D]]></ClickThrough>
                                        </VideoClicks>
                                        <MediaFiles>
                                            <MediaFile bitrate='3173' delivery='progressive' height='720' id='39003166' type='video/mp4' width='1280'><![CDATA[https://dni-adops-proxy-prod-adopsmediaconverter.mercury.dnitv.com/386345/840240/Elon%20v.42S1EAUT151J_2020-10-05T12:06:46Z_1280x720.mp4]]></MediaFile>
                                            <MediaFile bitrate='9797' delivery='progressive' height='1080' id='39003167' type='video/mp4' width='1920'><![CDATA[https://dni-adops-proxy-prod-adopsmediaconverter.mercury.dnitv.com/386345/840240/Elon%20v.42S1EAUT151J_2020-10-05T12:06:46Z_1920x1080.mp4]]></MediaFile>
                                            <MediaFile bitrate='1113' delivery='progressive' height='360' id='39003168' type='video/mp4' width='640'><![CDATA[https://dni-adops-proxy-prod-adopsmediaconverter.mercury.dnitv.com/386345/840240/Elon%20v.42S1EAUT151J_2020-10-05T12:06:46Z_640x360.mp4]]></MediaFile>
                                            <MediaFile bitrate='1606' delivery='progressive' height='480' id='39003169' type='video/mp4' width='854'><![CDATA[https://dni-adops-proxy-prod-adopsmediaconverter.mercury.dnitv.com/386345/840240/Elon%20v.42S1EAUT151J_2020-10-05T12:06:46Z_854x480.mp4]]></MediaFile>
                                            <MediaFile bitrate='1864' delivery='progressive' height='540' id='39003170' type='video/mp4' width='960'><![CDATA[https://dni-adops-proxy-prod-adopsmediaconverter.mercury.dnitv.com/386345/840240/Elon%20v.42S1EAUT151J_2020-10-05T12:06:46Z_960x540.mp4]]></MediaFile>
                                        </MediaFiles>
                                    </Linear>
                                </Creative>
                            </Creatives>
                            <Extensions>
                                <Extension type='FreeWheel'>
                                    <AdInfo customaid='S1EAUT151J' gid='0' cid='38450731' format='spot_standard' variant='NORMAL' exclusive='false' />
                                    <Parameter name='_fw_4AID'><![CDATA[S1EAUT151J]]></Parameter>
                                    <CreativeParameters>
                                        <CreativeParameter creativeId='7985566' name='_fw_4AID' type='Linear'><![CDATA[S1EAUT151J]]></CreativeParameter>
                                        <CreativeParameter creativeId='7985566' name='MMS_ID' type='Linear'><![CDATA[]]></CreativeParameter>
                                        <CreativeParameter creativeId='7985566' name='adobe_reporting' type='Linear'><![CDATA[advertiser_name:SE Elon;advertiser_id:840240;campaign_name:SE Elon;campaign_id:38450731;placement_name:SE Elon v.42 (250 000) ;placement_id:46967901;creative_name:Elon v.42S1EAUT151J.mp4;creative_id:7985566]]></CreativeParameter>
                                        <CreativeParameter creativeId='7985566' name='moat' type='Linear'><![CDATA[386345;386345;840240;38450731;46967816;;46967901;48567;g11761361;g542506;1324683;118766968;DPLAYSE_SV_SE1483978920527;7985566;39003166;15;midroll;;386345:DiscoverySBS_html5_live_secure_2;cpx-non;1602503513126642570]]></CreativeParameter>
                                    </CreativeParameters>
                                </Extension>
                            </Extensions>
                        </InLine>
                    </Ad>
                    <Ad id='46938250.140265369942528' sequence='11'>
                        <InLine>
                            <AdSystem>FreeWheel</AdSystem>
                            <AdTitle>SE Alvedon v.42-43 (433 252)</AdTitle>
                            <Error><![CDATA[https://5e529.v.fwmrm.net/ad/l/1?s=d027&n=386345%3B386345&t=1602503513126642570&f=262144&r=386345&adid=46938250&reid=39384801&arid=1&iw=&uxnw=&uxss=&uxct=&et=e&cn=%5BERRORCODE%5D]]></Error>
                            <Impression id='FWi_46938250.1'><![CDATA[https://5e529.v.fwmrm.net/ad/l/1?s=d027&n=386345%3B386345&t=1602503513126642570&f=262144&r=386345&adid=46938250&reid=39384801&arid=1&auid=&cn=defaultImpression&et=i&_cc=46938250,39384801,,30373.39848.51807.,1602503514,1&tpos=1450&iw=&uxnw=&uxss=&uxct=&metr=121&init=1&vcid2=420f2af2f68c837b504505d7c0ee66692cdbc5f535e36d52bdd79b8884d65861&cr=]]></Impression>
                            <Creatives>
                                <Creative AdID='46938250' id='8018395'>
                                    <Linear>
                                        <Duration>00:00:20</Duration>
                                        <TrackingEvents>
                                            <Tracking event='complete'><![CDATA[https://5e529.v.fwmrm.net/ad/l/1?s=d027&n=386345%3B386345&t=1602503513126642570&f=262144&r=386345&adid=46938250&reid=39384801&arid=1&auid=&cn=complete&et=i&_cc=&tpos=1450&init=1&iw=&uxnw=&uxss=&uxct=&metr=121]]></Tracking>
                                            <Tracking event='firstQuartile'><![CDATA[https://5e529.v.fwmrm.net/ad/l/1?s=d027&n=386345%3B386345&t=1602503513126642570&f=262144&r=386345&adid=46938250&reid=39384801&arid=1&auid=&cn=firstQuartile&et=i&_cc=&tpos=1450&init=1&iw=&uxnw=&uxss=&uxct=&metr=121]]></Tracking>
                                            <Tracking event='midpoint'><![CDATA[https://5e529.v.fwmrm.net/ad/l/1?s=d027&n=386345%3B386345&t=1602503513126642570&f=262144&r=386345&adid=46938250&reid=39384801&arid=1&auid=&cn=midPoint&et=i&_cc=&tpos=1450&init=1&iw=&uxnw=&uxss=&uxct=&metr=121]]></Tracking>
                                            <Tracking event='thirdQuartile'><![CDATA[https://5e529.v.fwmrm.net/ad/l/1?s=d027&n=386345%3B386345&t=1602503513126642570&f=262144&r=386345&adid=46938250&reid=39384801&arid=1&auid=&cn=thirdQuartile&et=i&_cc=&tpos=1450&init=1&iw=&uxnw=&uxss=&uxct=&metr=121]]></Tracking>
                                        </TrackingEvents>
                                        <VideoClicks>
                                            <ClickThrough id='FWc_46938250.1'><![CDATA[https://5e529.v.fwmrm.net/ad/l/1?s=d027&n=386345%3B386345&t=1602503513126642570&f=262144&r=386345&adid=46938250&reid=39384801&arid=1&auid=&cn=defaultClick&et=c&_cc=&tpos=1450&cr=https%3A//alvedon.se/]]></ClickThrough>
                                        </VideoClicks>
                                        <MediaFiles>
                                            <MediaFile bitrate='2357' delivery='progressive' height='720' id='39384801' type='video/mp4' width='1280'><![CDATA[https://dni-adops-proxy-prod-adopsmediaconverter.mercury.dnitv.com/386345/644637/AlvedonS1GSAV2030_2020-10-06T06:56:37Z_1280x720.mp4]]></MediaFile>
                                            <MediaFile bitrate='5636' delivery='progressive' height='1080' id='39384802' type='video/mp4' width='1920'><![CDATA[https://dni-adops-proxy-prod-adopsmediaconverter.mercury.dnitv.com/386345/644637/AlvedonS1GSAV2030_2020-10-06T06:56:37Z_1920x1080.mp4]]></MediaFile>
                                            <MediaFile bitrate='800' delivery='progressive' height='360' id='39384803' type='video/mp4' width='640'><![CDATA[https://dni-adops-proxy-prod-adopsmediaconverter.mercury.dnitv.com/386345/644637/AlvedonS1GSAV2030_2020-10-06T06:56:37Z_640x360.mp4]]></MediaFile>
                                            <MediaFile bitrate='1265' delivery='progressive' height='480' id='39384804' type='video/mp4' width='854'><![CDATA[https://dni-adops-proxy-prod-adopsmediaconverter.mercury.dnitv.com/386345/644637/AlvedonS1GSAV2030_2020-10-06T06:56:37Z_854x480.mp4]]></MediaFile>
                                            <MediaFile bitrate='1506' delivery='progressive' height='540' id='39384805' type='video/mp4' width='960'><![CDATA[https://dni-adops-proxy-prod-adopsmediaconverter.mercury.dnitv.com/386345/644637/AlvedonS1GSAV2030_2020-10-06T06:56:37Z_960x540.mp4]]></MediaFile>
                                        </MediaFiles>
                                    </Linear>
                                </Creative>
                            </Creatives>
                            <Extensions>
                                <Extension type='FreeWheel'>
                                    <AdInfo customaid='S1GSAV2030' gid='0' cid='32790582' format='spot_standard' variant='NORMAL' exclusive='false' />
                                    <Parameter name='_fw_4AID'><![CDATA[S1GSAV2030]]></Parameter>
                                    <CreativeParameters>
                                        <CreativeParameter creativeId='8018395' name='_fw_4AID' type='Linear'><![CDATA[S1GSAV2030]]></CreativeParameter>
                                        <CreativeParameter creativeId='8018395' name='MMS_ID' type='Linear'><![CDATA[]]></CreativeParameter>
                                        <CreativeParameter creativeId='8018395' name='adobe_reporting' type='Linear'><![CDATA[advertiser_name:SE GSK;advertiser_id:644637;campaign_name:SE GSK;campaign_id:32790582;placement_name:SE Alvedon v.42-43 (433 252);placement_id:46938249;creative_name:AlvedonS1GSAV2030.mp4;creative_id:8018395]]></CreativeParameter>
                                        <CreativeParameter creativeId='8018395' name='moat' type='Linear'><![CDATA[386345;386345;644637;32790582;46938247;;46938249;48567;g11761361;g542506;1324683;118766968;DPLAYSE_SV_SE1483978920527;8018395;39384801;20;midroll;;386345:DiscoverySBS_html5_live_secure_2;cpx-non;1602503513126642570]]></CreativeParameter>
                                    </CreativeParameters>
                                </Extension>
                            </Extensions>
                        </InLine>
                    </Ad>
                    <Ad id='47050911.140265369945600' sequence='12'>
                        <InLine>
                            <AdSystem>FreeWheel</AdSystem>
                            <AdTitle>SE Synoptik GAI v.42 (135 208) 15&quot; 2020</AdTitle>
                            <Error><![CDATA[https://5e529.v.fwmrm.net/ad/l/1?s=d027&n=386345%3B386345&t=1602503513126642570&f=262144&r=386345&adid=47050911&reid=37063344&arid=0&iw=&uxnw=&uxss=&uxct=&et=e&cn=%5BERRORCODE%5D]]></Error>
                            <Impression id='FWi_47050911.0'><![CDATA[https://5e529.v.fwmrm.net/ad/l/1?s=d027&n=386345%3B386345&t=1602503513126642570&f=262144&r=386345&adid=47050911&reid=37063344&arid=0&auid=&cn=defaultImpression&et=i&_cc=47050911,37063344,,30373.39848.51807.,1602503514,1&tpos=1450&iw=&uxnw=&uxss=&uxct=&metr=121&init=1&vcid2=420f2af2f68c837b504505d7c0ee66692cdbc5f535e36d52bdd79b8884d65861&cr=https%3A//ad.doubleclick.net/ddm/trackimp/N3549.2211900DPLAYSE/B24683439.281660822%3Bdc_trk_aid%3D475843479%3Bdc_trk_cid%3D137512919%3Bord%3D1821673535%3Bdc_lat%3D%3Bdc_rdid%3D%3Btag_for_child_directed_treatment%3D%3Btfua%3D%3Bgdpr%3D0%3Bgdpr_consent%3D%3F]]></Impression>
                            <Creatives>
                                <Creative AdID='47050911' id='7799050'>
                                    <Linear>
                                        <Duration>00:00:15</Duration>
                                        <TrackingEvents>
                                            <Tracking event='complete'><![CDATA[https://5e529.v.fwmrm.net/ad/l/1?s=d027&n=386345%3B386345&t=1602503513126642570&f=262144&r=386345&adid=47050911&reid=37063344&arid=0&auid=&cn=complete&et=i&_cc=&tpos=1450&init=1&iw=&uxnw=&uxss=&uxct=&metr=121]]></Tracking>
                                            <Tracking event='firstQuartile'><![CDATA[https://5e529.v.fwmrm.net/ad/l/1?s=d027&n=386345%3B386345&t=1602503513126642570&f=262144&r=386345&adid=47050911&reid=37063344&arid=0&auid=&cn=firstQuartile&et=i&_cc=&tpos=1450&init=1&iw=&uxnw=&uxss=&uxct=&metr=121]]></Tracking>
                                            <Tracking event='midpoint'><![CDATA[https://5e529.v.fwmrm.net/ad/l/1?s=d027&n=386345%3B386345&t=1602503513126642570&f=262144&r=386345&adid=47050911&reid=37063344&arid=0&auid=&cn=midPoint&et=i&_cc=&tpos=1450&init=1&iw=&uxnw=&uxss=&uxct=&metr=121]]></Tracking>
                                            <Tracking event='thirdQuartile'><![CDATA[https://5e529.v.fwmrm.net/ad/l/1?s=d027&n=386345%3B386345&t=1602503513126642570&f=262144&r=386345&adid=47050911&reid=37063344&arid=0&auid=&cn=thirdQuartile&et=i&_cc=&tpos=1450&init=1&iw=&uxnw=&uxss=&uxct=&metr=121]]></Tracking>
                                        </TrackingEvents>
                                        <VideoClicks>
                                            <ClickThrough id='FWc_47050911.0'><![CDATA[https://5e529.v.fwmrm.net/ad/l/1?s=d027&n=386345%3B386345&t=1602503513126642570&f=262144&r=386345&adid=47050911&reid=37063344&arid=0&auid=&cn=defaultClick&et=c&_cc=&tpos=1450&cr=https%3A//ad.doubleclick.net/ddm/trackclk/N3549.2211900DPLAYSE/B24683439.281660822%3Bdc_trk_aid%3D475843479%3Bdc_trk_cid%3D137512919%3Bdc_lat%3D%3Bdc_rdid%3D%3Btag_for_child_directed_treatment%3D%3Btfua%3D%3Bgdpr%3D0%3Bgdpr_consent%3D]]></ClickThrough>
                                        </VideoClicks>
                                        <MediaFiles>
                                            <MediaFile bitrate='1591' delivery='progressive' height='720' id='37063344' type='video/mp4' width='1280'><![CDATA[https://dni-adops-proxy-prod-adopsmediaconverter.mercury.dnitv.com/386345/581016/S1AEGL1566_2020-09-28T09:11:47Z_1280x720.mp4]]></MediaFile>
                                            <MediaFile bitrate='3152' delivery='progressive' height='1080' id='37063345' type='video/mp4' width='1920'><![CDATA[https://dni-adops-proxy-prod-adopsmediaconverter.mercury.dnitv.com/386345/581016/S1AEGL1566_2020-09-28T09:11:47Z_1920x1080.mp4]]></MediaFile>
                                            <MediaFile bitrate='703' delivery='progressive' height='360' id='37063346' type='video/mp4' width='640'><![CDATA[https://dni-adops-proxy-prod-adopsmediaconverter.mercury.dnitv.com/386345/581016/S1AEGL1566_2020-09-28T09:11:47Z_640x360.mp4]]></MediaFile>
                                            <MediaFile bitrate='964' delivery='progressive' height='480' id='37063347' type='video/mp4' width='854'><![CDATA[https://dni-adops-proxy-prod-adopsmediaconverter.mercury.dnitv.com/386345/581016/S1AEGL1566_2020-09-28T09:11:47Z_854x480.mp4]]></MediaFile>
                                            <MediaFile bitrate='1091' delivery='progressive' height='540' id='37063348' type='video/mp4' width='960'><![CDATA[https://dni-adops-proxy-prod-adopsmediaconverter.mercury.dnitv.com/386345/581016/S1AEGL1566_2020-09-28T09:11:47Z_960x540.mp4]]></MediaFile>
                                        </MediaFiles>
                                    </Linear>
                                </Creative>
                            </Creatives>
                            <Extensions>
                                <Extension type='FreeWheel'>
                                    <AdInfo customaid='S1AEGL1566' gid='0' cid='40504861' format='spot_standard' variant='NORMAL' exclusive='false' />
                                    <Parameter name='_fw_4AID'><![CDATA[S1AEGL1566]]></Parameter>
                                    <CreativeParameters>
                                        <CreativeParameter creativeId='7799050' name='_fw_4AID' type='Linear'><![CDATA[S1AEGL1566]]></CreativeParameter>
                                        <CreativeParameter creativeId='7799050' name='MMS_ID' type='Linear'><![CDATA[]]></CreativeParameter>
                                        <CreativeParameter creativeId='7799050' name='adobe_reporting' type='Linear'><![CDATA[advertiser_name:SE SYNOPTIK;advertiser_id:581016;campaign_name:SE Synoptik;campaign_id:40504861;placement_name:SE Synoptik GAI v.42 (135 208) 15" 2020;placement_id:47050910;creative_name:S1AEGL1566.mp4;creative_id:7799050]]></CreativeParameter>
                                        <CreativeParameter creativeId='7799050' name='moat' type='Linear'><![CDATA[386345;386345;581016;40504861;47050891;;47050910;48567;g11761361;g542506;1324683;118766968;DPLAYSE_SV_SE1483978920527;7799050;37063344;15;midroll;;386345:DiscoverySBS_html5_live_secure_2;cpx-non;1602503513126642570]]></CreativeParameter>
                                    </CreativeParameters>
                                </Extension>
                            </Extensions>
                        </InLine>
                    </Ad>
                    <Ad id='47692682.140265369954048' sequence='13'>
                        <InLine>
                            <AdSystem>FreeWheel</AdSystem>
                            <AdTitle>SE Riksbyggen v. 36-37 (416 667) 2020</AdTitle>
                            <Error><![CDATA[https://5e529.v.fwmrm.net/ad/l/1?s=d027&n=386345%3B386345&t=1602503513126642570&f=262144&r=386345&adid=47692682&reid=29985579&arid=1&iw=&uxnw=&uxss=&uxct=&et=e&cn=%5BERRORCODE%5D]]></Error>
                            <Impression id='FWi_47692682.1'><![CDATA[https://5e529.v.fwmrm.net/ad/l/1?s=d027&n=386345%3B386345&t=1602503513126642570&f=262144&r=386345&adid=47692682&reid=29985579&arid=1&auid=&cn=defaultImpression&et=i&_cc=47692682,29985579,,30373.39848.51807.,1602503514,1&tpos=1450&iw=&uxnw=&uxss=&uxct=&metr=121&init=1&vcid2=420f2af2f68c837b504505d7c0ee66692cdbc5f535e36d52bdd79b8884d65861&cr=https%3A//track.adform.net/adfserve/%3Fbn%3D39980637%3B1x1inv%3D1%3Bsrctype%3D3%3Bord%3D2025348554]]></Impression>
                            <Creatives>
                                <Creative AdID='47692682' id='7118399'>
                                    <Linear>
                                        <Duration>00:00:15</Duration>
                                        <TrackingEvents>
                                            <Tracking event='complete'><![CDATA[https://5e529.v.fwmrm.net/ad/l/1?s=d027&n=386345%3B386345&t=1602503513126642570&f=262144&r=386345&adid=47692682&reid=29985579&arid=1&auid=&cn=complete&et=i&_cc=&tpos=1450&init=1&iw=&uxnw=&uxss=&uxct=&metr=121]]></Tracking>
                                            <Tracking event='firstQuartile'><![CDATA[https://5e529.v.fwmrm.net/ad/l/1?s=d027&n=386345%3B386345&t=1602503513126642570&f=262144&r=386345&adid=47692682&reid=29985579&arid=1&auid=&cn=firstQuartile&et=i&_cc=&tpos=1450&init=1&iw=&uxnw=&uxss=&uxct=&metr=121]]></Tracking>
                                            <Tracking event='midpoint'><![CDATA[https://5e529.v.fwmrm.net/ad/l/1?s=d027&n=386345%3B386345&t=1602503513126642570&f=262144&r=386345&adid=47692682&reid=29985579&arid=1&auid=&cn=midPoint&et=i&_cc=&tpos=1450&init=1&iw=&uxnw=&uxss=&uxct=&metr=121]]></Tracking>
                                            <Tracking event='thirdQuartile'><![CDATA[https://5e529.v.fwmrm.net/ad/l/1?s=d027&n=386345%3B386345&t=1602503513126642570&f=262144&r=386345&adid=47692682&reid=29985579&arid=1&auid=&cn=thirdQuartile&et=i&_cc=&tpos=1450&init=1&iw=&uxnw=&uxss=&uxct=&metr=121]]></Tracking>
                                        </TrackingEvents>
                                        <VideoClicks>
                                            <ClickThrough id='FWc_47692682.1'><![CDATA[https://5e529.v.fwmrm.net/ad/l/1?s=d027&n=386345%3B386345&t=1602503513126642570&f=262144&r=386345&adid=47692682&reid=29985579&arid=1&auid=&cn=defaultClick&et=c&_cc=&tpos=1450&cr=https%3A//track.adform.net/C/%3Fbn%3D39980637]]></ClickThrough>
                                        </VideoClicks>
                                        <MediaFiles>
                                            <MediaFile bitrate='1862' delivery='progressive' height='720' id='29985579' type='video/mp4' width='1280'><![CDATA[https://dni-adops-proxy-prod-adopsmediaconverter.mercury.dnitv.com/386345/788473/Riksbyggen%20S1MQBJ1512_2020-08-07T15:17:43Z_1280x720.mp4]]></MediaFile>
                                            <MediaFile bitrate='4230' delivery='progressive' height='1080' id='29985580' type='video/mp4' width='1920'><![CDATA[https://dni-adops-proxy-prod-adopsmediaconverter.mercury.dnitv.com/386345/788473/Riksbyggen%20S1MQBJ1512_2020-08-07T15:17:43Z_1920x1080.mp4]]></MediaFile>
                                            <MediaFile bitrate='797' delivery='progressive' height='360' id='29985581' type='video/mp4' width='640'><![CDATA[https://dni-adops-proxy-prod-adopsmediaconverter.mercury.dnitv.com/386345/788473/Riksbyggen%20S1MQBJ1512_2020-08-07T15:17:43Z_640x360.mp4]]></MediaFile>
                                            <MediaFile bitrate='1115' delivery='progressive' height='480' id='29985582' type='video/mp4' width='854'><![CDATA[https://dni-adops-proxy-prod-adopsmediaconverter.mercury.dnitv.com/386345/788473/Riksbyggen%20S1MQBJ1512_2020-08-07T15:17:43Z_854x480.mp4]]></MediaFile>
                                            <MediaFile bitrate='1269' delivery='progressive' height='540' id='29985583' type='video/mp4' width='960'><![CDATA[https://dni-adops-proxy-prod-adopsmediaconverter.mercury.dnitv.com/386345/788473/Riksbyggen%20S1MQBJ1512_2020-08-07T15:17:43Z_960x540.mp4]]></MediaFile>
                                        </MediaFiles>
                                    </Linear>
                                </Creative>
                            </Creatives>
                            <Extensions>
                                <Extension type='FreeWheel'>
                                    <AdInfo customaid='S1MQBJ1512' gid='0' cid='29883034' format='spot_standard' variant='NORMAL' exclusive='false' />
                                    <Parameter name='_fw_4AID'><![CDATA[S1MQBJ1512]]></Parameter>
                                    <CreativeParameters>
                                        <CreativeParameter creativeId='7118399' name='_fw_4AID' type='Linear'><![CDATA[S1MQBJ1512]]></CreativeParameter>
                                        <CreativeParameter creativeId='7118399' name='MMS_ID' type='Linear'><![CDATA[]]></CreativeParameter>
                                        <CreativeParameter creativeId='7118399' name='adobe_reporting' type='Linear'><![CDATA[advertiser_name:SE Riksbyggen;advertiser_id:788473;campaign_name:SE Riksbyggen ;campaign_id:29883034;placement_name:SE Riksbyggen v. 36-37 (416 667) 2020;placement_id:47692681;creative_name:Riksbyggen S1MQBJ1512.mp4;creative_id:7118399]]></CreativeParameter>
                                        <CreativeParameter creativeId='7118399' name='moat' type='Linear'><![CDATA[386345;386345;788473;29883034;47692679;;47692681;48567;g11761361;g542506;1324683;118766968;DPLAYSE_SV_SE1483978920527;7118399;29985579;15;midroll;;386345:DiscoverySBS_html5_live_secure_2;cpx-non;1602503513126642570]]></CreativeParameter>
                                    </CreativeParameters>
                                </Extension>
                            </Extensions>
                        </InLine>
                    </Ad>
                    <Ad id='47080164.140265369946368' sequence='14'>
                        <InLine>
                            <AdSystem>FreeWheel</AdSystem>
                            <AdTitle>SE Samsung Top v.42-46 (576 284)</AdTitle>
                            <Error><![CDATA[https://5e529.v.fwmrm.net/ad/l/1?s=d027&n=386345%3B386345&t=1602503513126642570&f=262144&r=386345&adid=47080164&reid=31340931&arid=1&iw=&uxnw=&uxss=&uxct=&et=e&cn=%5BERRORCODE%5D]]></Error>
                            <Impression id='FWi_47080164.1'><![CDATA[https://5e529.v.fwmrm.net/ad/l/1?s=d027&n=386345%3B386345&t=1602503513126642570&f=262144&r=386345&adid=47080164&reid=31340931&arid=1&auid=&cn=defaultImpression&et=i&_cc=47080164,31340931,,30373.39848.51807.,1602503514,1&tpos=1450&iw=&uxnw=&uxss=&uxct=&metr=121&init=1&vcid2=420f2af2f68c837b504505d7c0ee66692cdbc5f535e36d52bdd79b8884d65861&cr=https%3A//ad.doubleclick.net/ddm/trackimp/N800273.2211900DPLAYSE/B24654221.282204161%3Bdc_trk_aid%3D476175935%3Bdc_trk_cid%3D137732598%3Bord%3D633463033%3Bdc_lat%3D%3Bdc_rdid%3D%3Btag_for_child_directed_treatment%3D%3Btfua%3D%3Bgdpr%3D0%3Bgdpr_consent%3D%3F]]></Impression>
                            <Creatives>
                                <Creative AdID='47080164' id='7310452'>
                                    <Linear>
                                        <Duration>00:00:30</Duration>
                                        <TrackingEvents>
                                            <Tracking event='complete'><![CDATA[https://5e529.v.fwmrm.net/ad/l/1?s=d027&n=386345%3B386345&t=1602503513126642570&f=262144&r=386345&adid=47080164&reid=31340931&arid=1&auid=&cn=complete&et=i&_cc=&tpos=1450&init=1&iw=&uxnw=&uxss=&uxct=&metr=121]]></Tracking>
                                            <Tracking event='firstQuartile'><![CDATA[https://5e529.v.fwmrm.net/ad/l/1?s=d027&n=386345%3B386345&t=1602503513126642570&f=262144&r=386345&adid=47080164&reid=31340931&arid=1&auid=&cn=firstQuartile&et=i&_cc=&tpos=1450&init=1&iw=&uxnw=&uxss=&uxct=&metr=121]]></Tracking>
                                            <Tracking event='midpoint'><![CDATA[https://5e529.v.fwmrm.net/ad/l/1?s=d027&n=386345%3B386345&t=1602503513126642570&f=262144&r=386345&adid=47080164&reid=31340931&arid=1&auid=&cn=midPoint&et=i&_cc=&tpos=1450&init=1&iw=&uxnw=&uxss=&uxct=&metr=121]]></Tracking>
                                            <Tracking event='thirdQuartile'><![CDATA[https://5e529.v.fwmrm.net/ad/l/1?s=d027&n=386345%3B386345&t=1602503513126642570&f=262144&r=386345&adid=47080164&reid=31340931&arid=1&auid=&cn=thirdQuartile&et=i&_cc=&tpos=1450&init=1&iw=&uxnw=&uxss=&uxct=&metr=121]]></Tracking>
                                        </TrackingEvents>
                                        <VideoClicks>
                                            <ClickThrough id='FWc_47080164.1'><![CDATA[https://5e529.v.fwmrm.net/ad/l/1?s=d027&n=386345%3B386345&t=1602503513126642570&f=262144&r=386345&adid=47080164&reid=31340931&arid=1&auid=&cn=defaultClick&et=c&_cc=&tpos=1450&cr=https%3A//ad.doubleclick.net/ddm/trackclk/N800273.2211900DPLAYSE/B24654221.282204161%3Bdc_trk_aid%3D476175935%3Bdc_trk_cid%3D137732598%3Bdc_lat%3D%3Bdc_rdid%3D%3Btag_for_child_directed_treatment%3D%3Btfua%3D%3Bgdpr%3D0%3Bgdpr_consent%3D]]></ClickThrough>
                                        </VideoClicks>
                                        <MediaFiles>
                                            <MediaFile bitrate='1972' delivery='progressive' height='720' id='31340931' type='video/mp4' width='1280'><![CDATA[https://dni-adops-proxy-prod-adopsmediaconverter.mercury.dnitv.com/386345/809235/Samsung%20TopS1SMSU3019_2020-09-14T11:29:41Z_1280x720.mp4]]></MediaFile>
                                            <MediaFile bitrate='3526' delivery='progressive' height='1080' id='31340932' type='video/mp4' width='1920'><![CDATA[https://dni-adops-proxy-prod-adopsmediaconverter.mercury.dnitv.com/386345/809235/Samsung%20TopS1SMSU3019_2020-09-14T11:29:41Z_1920x1080.mp4]]></MediaFile>
                                            <MediaFile bitrate='853' delivery='progressive' height='360' id='31340933' type='video/mp4' width='640'><![CDATA[https://dni-adops-proxy-prod-adopsmediaconverter.mercury.dnitv.com/386345/809235/Samsung%20TopS1SMSU3019_2020-09-14T11:29:41Z_640x360.mp4]]></MediaFile>
                                            <MediaFile bitrate='1198' delivery='progressive' height='480' id='31340934' type='video/mp4' width='854'><![CDATA[https://dni-adops-proxy-prod-adopsmediaconverter.mercury.dnitv.com/386345/809235/Samsung%20TopS1SMSU3019_2020-09-14T11:29:41Z_854x480.mp4]]></MediaFile>
                                            <MediaFile bitrate='1374' delivery='progressive' height='540' id='31340935' type='video/mp4' width='960'><![CDATA[https://dni-adops-proxy-prod-adopsmediaconverter.mercury.dnitv.com/386345/809235/Samsung%20TopS1SMSU3019_2020-09-14T11:29:41Z_960x540.mp4]]></MediaFile>
                                        </MediaFiles>
                                    </Linear>
                                </Creative>
                            </Creatives>
                            <Extensions>
                                <Extension type='FreeWheel'>
                                    <AdInfo customaid='S1SMSU3019' gid='0' cid='33035763' format='spot_standard' variant='NORMAL' exclusive='false' />
                                    <Parameter name='_fw_4AID'><![CDATA[S1SMSU3019]]></Parameter>
                                    <CreativeParameters>
                                        <CreativeParameter creativeId='7310452' name='_fw_4AID' type='Linear'><![CDATA[S1SMSU3019]]></CreativeParameter>
                                        <CreativeParameter creativeId='7310452' name='MMS_ID' type='Linear'><![CDATA[]]></CreativeParameter>
                                        <CreativeParameter creativeId='7310452' name='adobe_reporting' type='Linear'><![CDATA[advertiser_name:SE Samsung;advertiser_id:809235;campaign_name:SE Samsung;campaign_id:33035763;placement_name:SE Samsung Top v.42-46 (576 284);placement_id:47080163;creative_name:Samsung TopS1SMSU3019.mp4;creative_id:7310452]]></CreativeParameter>
                                        <CreativeParameter creativeId='7310452' name='moat' type='Linear'><![CDATA[386345;386345;809235;33035763;47080161;;47080163;48567;g11761361;g542506;1324683;118766968;DPLAYSE_SV_SE1483978920527;7310452;31340931;30;midroll;;386345:DiscoverySBS_html5_live_secure_2;cpx-non;1602503513126642570]]></CreativeParameter>
                                    </CreativeParameters>
                                </Extension>
                            </Extensions>
                        </InLine>
                    </Ad>
                    <Ad id='31007929.140264947475456' sequence='15'>
                        <Wrapper>
                            <AdSystem>FreeWheel</AdSystem>
                            <VASTAdTagURI><![CDATA[https://ads.stickyadstv.com/www/delivery/swfIndex.php?reqType=AdsSetup&protocolVersion=2.0&zoneId=7440289]]></VASTAdTagURI>
                            <Error><![CDATA[https://5e529.v.fwmrm.net/ad/l/1?s=d027&n=386345%3B386345&t=1602503513126642570&f=262144&r=386345&adid=31007929&reid=13615425&arid=0&iw=&uxnw=&uxss=&uxct=&et=e&cn=%5BERRORCODE%5D]]></Error>
                            <Impression><![CDATA[https://5e529.v.fwmrm.net/ad/l/1?s=d027&n=386345%3B386345&t=1602503513126642570&f=262144&r=386345&adid=31007929&reid=13615425&arid=0&auid=&cn=defaultImpression&et=i&_cc=31007929,13615425,41355.,30373.39848.41355.51807.51809.,1602503514,1&tpos=1450&iw=&uxnw=&uxss=&uxct=&metr=121&init=1&vcid2=420f2af2f68c837b504505d7c0ee66692cdbc5f535e36d52bdd79b8884d65861&cr=]]></Impression>
                            <Creatives>
                                <Creative AdID='31007929' id='4357846'>
                                    <Linear>
                                        <TrackingEvents>
                                            <Tracking event='complete'><![CDATA[https://5e529.v.fwmrm.net/ad/l/1?s=d027&n=386345%3B386345&t=1602503513126642570&f=262144&r=386345&adid=31007929&reid=13615425&arid=0&auid=&cn=complete&et=i&_cc=&tpos=1450&init=1&iw=&uxnw=&uxss=&uxct=&metr=121]]></Tracking>
                                            <Tracking event='firstQuartile'><![CDATA[https://5e529.v.fwmrm.net/ad/l/1?s=d027&n=386345%3B386345&t=1602503513126642570&f=262144&r=386345&adid=31007929&reid=13615425&arid=0&auid=&cn=firstQuartile&et=i&_cc=&tpos=1450&init=1&iw=&uxnw=&uxss=&uxct=&metr=121]]></Tracking>
                                            <Tracking event='midpoint'><![CDATA[https://5e529.v.fwmrm.net/ad/l/1?s=d027&n=386345%3B386345&t=1602503513126642570&f=262144&r=386345&adid=31007929&reid=13615425&arid=0&auid=&cn=midPoint&et=i&_cc=&tpos=1450&init=1&iw=&uxnw=&uxss=&uxct=&metr=121]]></Tracking>
                                            <Tracking event='thirdQuartile'><![CDATA[https://5e529.v.fwmrm.net/ad/l/1?s=d027&n=386345%3B386345&t=1602503513126642570&f=262144&r=386345&adid=31007929&reid=13615425&arid=0&auid=&cn=thirdQuartile&et=i&_cc=&tpos=1450&init=1&iw=&uxnw=&uxss=&uxct=&metr=121]]></Tracking>
                                        </TrackingEvents>
                                        <VideoClicks>
                                            <ClickTracking id='FWc_31007929.0'><![CDATA[https://5e529.v.fwmrm.net/ad/l/1?s=d027&n=386345%3B386345&t=1602503513126642570&f=262144&r=386345&adid=31007929&reid=13615425&arid=0&auid=&cn=defaultClick&et=c&_cc=&tpos=1450&cr=]]></ClickTracking>
                                        </VideoClicks>
                                    </Linear>
                                </Creative>
                            </Creatives>
                            <Extensions>
                                <Extension type='FreeWheel'>
                                    <AdInfo customaid='PROGRAMMAT' gid='0' cid=';placeme' format='spot_standard' variant='NORMAL' exclusive='false' />
                                    <Parameter name='_fw_4AID'><![CDATA[PROGRAMMATIC]]></Parameter>
                                    <CreativeParameters>
                                        <CreativeParameter creativeId='4357846' name='translator.vast.loadWithCookie' type='Linear'><![CDATA[1]]></CreativeParameter>
                                        <CreativeParameter creativeId='4357846' name='_fw_4AID' type='Linear'><![CDATA[PROGRAMMATIC]]></CreativeParameter>
                                        <CreativeParameter creativeId='4357846' name='MMS_ID' type='Linear'><![CDATA[]]></CreativeParameter>
                                        <CreativeParameter creativeId='4357846' name='adobe_reporting' type='Linear'><![CDATA[advertiser_name:;advertiser_id:;campaign_name:;campaign_id:;placement_name:Dplay-se-web-mid-bumper 6s-last;placement_id:31007928;creative_name:Dplay-se-web-mid-bumper 6s-last;creative_id:4357846]]></CreativeParameter>
                                        <CreativeParameter creativeId='4357846' name='moat' type='Linear'><![CDATA[386345;386345;;;;;31007928;56784;g11761361;g542506;1324683;118766968;DPLAYSE_SV_SE1483978920527;4357846;13615425;7;midroll;;386345:DiscoverySBS_html5_live_secure_2;cpx-non;1602503513126642570]]></CreativeParameter>
                                    </CreativeParameters>
                                </Extension>
                            </Extensions>
                        </Wrapper>
                    </Ad>
                    <Ad id='47375117.140265369951744' sequence='16'>
                        <InLine>
                            <AdSystem>FreeWheel</AdSystem>
                            <AdTitle>Peter Madsen - Hemliga inspelningar: streama nu</AdTitle>
                            <Error><![CDATA[https://5e529.v.fwmrm.net/ad/l/1?s=d027&n=386345%3B386345&t=1602503513126642570&f=262144&r=386345&adid=47375117&reid=35138009&arid=0&iw=&uxnw=&uxss=&uxct=&et=e&cn=%5BERRORCODE%5D]]></Error>
                            <Impression id='FWi_47375117.0'><![CDATA[https://5e529.v.fwmrm.net/ad/l/1?s=d027&n=386345%3B386345&t=1602503513126642570&f=262144&r=386345&adid=47375117&reid=35138009&arid=0&auid=&cn=defaultImpression&et=i&_cc=47375117,35138009,,30373.39848.51807.,1602503514,1&tpos=1450&iw=&uxnw=&uxss=&uxct=&metr=121&init=1&vcid2=420f2af2f68c837b504505d7c0ee66692cdbc5f535e36d52bdd79b8884d65861&cr=]]></Impression>
                            <Creatives>
                                <Creative AdID='47375117' id='7621118'>
                                    <Linear>
                                        <Duration>00:00:20</Duration>
                                        <TrackingEvents>
                                            <Tracking event='complete'><![CDATA[https://5e529.v.fwmrm.net/ad/l/1?s=d027&n=386345%3B386345&t=1602503513126642570&f=262144&r=386345&adid=47375117&reid=35138009&arid=0&auid=&cn=complete&et=i&_cc=&tpos=1450&init=1&iw=&uxnw=&uxss=&uxct=&metr=121]]></Tracking>
                                            <Tracking event='firstQuartile'><![CDATA[https://5e529.v.fwmrm.net/ad/l/1?s=d027&n=386345%3B386345&t=1602503513126642570&f=262144&r=386345&adid=47375117&reid=35138009&arid=0&auid=&cn=firstQuartile&et=i&_cc=&tpos=1450&init=1&iw=&uxnw=&uxss=&uxct=&metr=121]]></Tracking>
                                            <Tracking event='midpoint'><![CDATA[https://5e529.v.fwmrm.net/ad/l/1?s=d027&n=386345%3B386345&t=1602503513126642570&f=262144&r=386345&adid=47375117&reid=35138009&arid=0&auid=&cn=midPoint&et=i&_cc=&tpos=1450&init=1&iw=&uxnw=&uxss=&uxct=&metr=121]]></Tracking>
                                            <Tracking event='thirdQuartile'><![CDATA[https://5e529.v.fwmrm.net/ad/l/1?s=d027&n=386345%3B386345&t=1602503513126642570&f=262144&r=386345&adid=47375117&reid=35138009&arid=0&auid=&cn=thirdQuartile&et=i&_cc=&tpos=1450&init=1&iw=&uxnw=&uxss=&uxct=&metr=121]]></Tracking>
                                        </TrackingEvents>
                                        <VideoClicks>
                                            <ClickTracking id='FWc_47375117.0'><![CDATA[https://5e529.v.fwmrm.net/ad/l/1?s=d027&n=386345%3B386345&t=1602503513126642570&f=262144&r=386345&adid=47375117&reid=35138009&arid=0&auid=&cn=defaultClick&et=c&_cc=&tpos=1450&cr=]]></ClickTracking>
                                        </VideoClicks>
                                        <MediaFiles>
                                            <MediaFile bitrate='1811' delivery='progressive' height='720' id='35138009' type='video/mp4' width='1280'><![CDATA[https://dni-adops-proxy-prod-adopsmediaconverter.mercury.dnitv.com/386345/606323/dp_peter_madsen_hemliga_inspelningar_2020_20_stream_now_2020-09-21T11:10:55Z_1280x720.mp4]]></MediaFile>
                                            <MediaFile bitrate='3539' delivery='progressive' height='1080' id='35138010' type='video/mp4' width='1920'><![CDATA[https://dni-adops-proxy-prod-adopsmediaconverter.mercury.dnitv.com/386345/606323/dp_peter_madsen_hemliga_inspelningar_2020_20_stream_now_2020-09-21T11:10:55Z_1920x1080.mp4]]></MediaFile>
                                            <MediaFile bitrate='713' delivery='progressive' height='360' id='35138011' type='video/mp4' width='640'><![CDATA[https://dni-adops-proxy-prod-adopsmediaconverter.mercury.dnitv.com/386345/606323/dp_peter_madsen_hemliga_inspelningar_2020_20_stream_now_2020-09-21T11:10:55Z_640x360.mp4]]></MediaFile>
                                            <MediaFile bitrate='1053' delivery='progressive' height='480' id='35138012' type='video/mp4' width='854'><![CDATA[https://dni-adops-proxy-prod-adopsmediaconverter.mercury.dnitv.com/386345/606323/dp_peter_madsen_hemliga_inspelningar_2020_20_stream_now_2020-09-21T11:10:55Z_854x480.mp4]]></MediaFile>
                                            <MediaFile bitrate='1230' delivery='progressive' height='540' id='35138013' type='video/mp4' width='960'><![CDATA[https://dni-adops-proxy-prod-adopsmediaconverter.mercury.dnitv.com/386345/606323/dp_peter_madsen_hemliga_inspelningar_2020_20_stream_now_2020-09-21T11:10:55Z_960x540.mp4]]></MediaFile>
                                        </MediaFiles>
                                    </Linear>
                                </Creative>
                            </Creatives>
                            <Extensions>
                                <Extension type='FreeWheel'>
                                    <AdInfo customaid='' gid='0' cid='13112689' format='spot_standard' variant='NORMAL' exclusive='false' />
                                    <Parameter name='_fw_4AID'><![CDATA[Promo]]></Parameter>
                                    <CreativeParameters>
                                        <CreativeParameter creativeId='7621118' name='_fw_4AID' type='Linear'><![CDATA[Promo]]></CreativeParameter>
                                        <CreativeParameter creativeId='7621118' name='MMS_ID' type='Linear'><![CDATA[promo]]></CreativeParameter>
                                        <CreativeParameter creativeId='7621118' name='adobe_reporting' type='Linear'><![CDATA[advertiser_name:SE Promos Dplay;advertiser_id:606323;campaign_name:SE Promos Dplay;campaign_id:13112689;placement_name:Peter Madsen - Hemliga inspelningar: streama nu;placement_id:47375116;creative_name:dp_peter_madsen_hemliga_inspelningar_2020_20_stream_now.mp4;creative_id:7621118]]></CreativeParameter>
                                        <CreativeParameter creativeId='7621118' name='moat' type='Linear'><![CDATA[386345;386345;606323;13112689;47375114;promo;47375116;48568;g11761361;g542506;1324683;118766968;DPLAYSE_SV_SE1483978920527;7621118;35138009;20;midroll;;386345:DiscoverySBS_html5_live_secure_2;cpx-non;1602503513126642570]]></CreativeParameter>
                                    </CreativeParameters>
                                </Extension>
                            </Extensions>
                        </InLine>
                    </Ad>
                </VAST>
            </vmap:VASTAdData>
        </vmap:AdSource>
        <vmap:TrackingEvents>
            <vmap:Tracking event='breakStart'><![CDATA[https://5e529.v.fwmrm.net/ad/l/1?s=d027&n=386345%3B386345&t=1602503513126642570&f=262144&cn=slotImpression&et=i&tpos=1450&init=1&slid=11,12,13,14,15,16,17]]></vmap:Tracking>
            <vmap:Tracking event='breakEnd'><![CDATA[https://5e529.v.fwmrm.net/ad/l/1?s=d027&n=386345%3B386345&t=1602503513126642570&f=262144&cn=slotEnd&et=i&tpos=1450&init=1&slid=11,12,13,14,15,16,17]]></vmap:Tracking>
        </vmap:TrackingEvents>
    </vmap:AdBreak>
    <vmap:AdBreak breakId='cue_point-628937081' breakType='linear' timeOffset='00:30:36.120'>
        <vmap:AdSource allowMultipleAds='true' followRedirects='true' id='3'>
            <vmap:VASTAdData>
                <VAST version='3.0'
                    xmlns:xsi='http://www.w3.org/2001/XMLSchema-instance' xsi:noNamespaceSchemaLocation='vast.xsd'>
                    <Ad id='17639838.140264947470080' sequence='1'>
                        <InLine>
                            <AdSystem>FreeWheel</AdSystem>
                            <AdTitle>SE Midroll First in break v.37-52</AdTitle>
                            <Error><![CDATA[https://5e529.v.fwmrm.net/ad/l/1?s=d027&n=386345%3B386345&t=1602503513126642570&f=262144&r=386345&adid=17639838&reid=14776831&arid=1&iw=&uxnw=&uxss=&uxct=&et=e&cn=%5BERRORCODE%5D]]></Error>
                            <Impression id='FWi_17639838.1'><![CDATA[https://5e529.v.fwmrm.net/ad/l/1?s=d027&n=386345%3B386345&t=1602503513126642570&f=262144&r=386345&adid=17639838&reid=14776831&arid=1&auid=&cn=defaultImpression&et=i&_cc=17639838,14776831,,30373.39848.51807.,1602503514,1&tpos=1836&iw=&uxnw=&uxss=&uxct=&metr=121&init=1&vcid2=420f2af2f68c837b504505d7c0ee66692cdbc5f535e36d52bdd79b8884d65861&cr=https%3A//x.bidswitch.net/sync%3Fssp%3Dfalktech]]></Impression>
                            <Creatives>
                                <Creative AdID='17639838' id='4583455'>
                                    <Linear>
                                        <Duration>00:00:04</Duration>
                                        <TrackingEvents>
                                            <Tracking event='complete'><![CDATA[https://5e529.v.fwmrm.net/ad/l/1?s=d027&n=386345%3B386345&t=1602503513126642570&f=262144&r=386345&adid=17639838&reid=14776831&arid=1&auid=&cn=complete&et=i&_cc=&tpos=1836&init=1&iw=&uxnw=&uxss=&uxct=&metr=121]]></Tracking>
                                            <Tracking event='firstQuartile'><![CDATA[https://5e529.v.fwmrm.net/ad/l/1?s=d027&n=386345%3B386345&t=1602503513126642570&f=262144&r=386345&adid=17639838&reid=14776831&arid=1&auid=&cn=firstQuartile&et=i&_cc=&tpos=1836&init=1&iw=&uxnw=&uxss=&uxct=&metr=121]]></Tracking>
                                            <Tracking event='midpoint'><![CDATA[https://5e529.v.fwmrm.net/ad/l/1?s=d027&n=386345%3B386345&t=1602503513126642570&f=262144&r=386345&adid=17639838&reid=14776831&arid=1&auid=&cn=midPoint&et=i&_cc=&tpos=1836&init=1&iw=&uxnw=&uxss=&uxct=&metr=121]]></Tracking>
                                            <Tracking event='thirdQuartile'><![CDATA[https://5e529.v.fwmrm.net/ad/l/1?s=d027&n=386345%3B386345&t=1602503513126642570&f=262144&r=386345&adid=17639838&reid=14776831&arid=1&auid=&cn=thirdQuartile&et=i&_cc=&tpos=1836&init=1&iw=&uxnw=&uxss=&uxct=&metr=121]]></Tracking>
                                        </TrackingEvents>
                                        <VideoClicks>
                                            <ClickTracking id='FWc_17639838.1'><![CDATA[https://5e529.v.fwmrm.net/ad/l/1?s=d027&n=386345%3B386345&t=1602503513126642570&f=262144&r=386345&adid=17639838&reid=14776831&arid=1&auid=&cn=defaultClick&et=c&_cc=&tpos=1836&cr=]]></ClickTracking>
                                        </VideoClicks>
                                        <MediaFiles>
                                            <MediaFile bitrate='1174' delivery='progressive' height='576' id='14776831' type='video/mp4' width='1024'><![CDATA[https://dniadops-a.akamaihd.net/video-assets/386345/600125/65e3a3263abb1c76b41b4845a12f4fe6-1024x576-2500k-libx264.mp4]]></MediaFile>
                                            <MediaFile bitrate='145' delivery='progressive' height='180' id='14776832' type='video/mp4' width='320'><![CDATA[https://dniadops-a.akamaihd.net/video-assets/386345/600125/65e3a3263abb1c76b41b4845a12f4fe6-320x180-200k-libx264.mp4]]></MediaFile>
                                            <MediaFile bitrate='284' delivery='progressive' height='270' id='14776833' type='video/mp4' width='480'><![CDATA[https://dniadops-a.akamaihd.net/video-assets/386345/600125/65e3a3263abb1c76b41b4845a12f4fe6-480x270-600k-libx264.mp4]]></MediaFile>
                                            <MediaFile bitrate='387' delivery='progressive' height='360' id='14776834' type='video/mp4' width='640'><![CDATA[https://dniadops-a.akamaihd.net/video-assets/386345/600125/65e3a3263abb1c76b41b4845a12f4fe6-640x360-1000k-libx264.mp4]]></MediaFile>
                                            <MediaFile bitrate='462' delivery='progressive' height='432' id='14776835' type='video/mp4' width='768'><![CDATA[https://dniadops-a.akamaihd.net/video-assets/386345/600125/65e3a3263abb1c76b41b4845a12f4fe6-768x432-1500k-libx264.mp4]]></MediaFile>
                                        </MediaFiles>
                                    </Linear>
                                </Creative>
                            </Creatives>
                            <Extensions>
                                <Extension type='FreeWheel'>
                                    <AdInfo customaid='' gid='0' cid='11450538' format='spot_standard' variant='NORMAL' exclusive='false' />
                                    <CreativeParameters>
                                        <CreativeParameter creativeId='4583455' name='MMS_ID' type='Linear'><![CDATA[]]></CreativeParameter>
                                        <CreativeParameter creativeId='4583455' name='adobe_reporting' type='Linear'><![CDATA[advertiser_name:SE Stations ID Dplay;advertiser_id:600125;campaign_name:SE Stations ID Dplay ;campaign_id:11450538;placement_name:SE Midroll First in break v.37-52;placement_id:17639837;creative_name:Dplay bumper 5 Magenta 01 - 4 sec - progressive.mp4;creative_id:4583455]]></CreativeParameter>
                                        <CreativeParameter creativeId='4583455' name='moat' type='Linear'><![CDATA[386345;386345;600125;11450538;11450539;;17639837;48569;g11761361;g542506;1324683;118766968;DPLAYSE_SV_SE1483978920527;4583455;14776831;4;midroll;;386345:DiscoverySBS_html5_live_secure_2;cpx-non;1602503513126642570]]></CreativeParameter>
                                    </CreativeParameters>
                                </Extension>
                            </Extensions>
                        </InLine>
                    </Ad>
                    <Ad id='40737035.140265369955584' sequence='2'>
                        <Wrapper>
                            <AdSystem>FreeWheel</AdSystem>
                            <VASTAdTagURI><![CDATA[https://pubads.g.doubleclick.net/gampad/ads?iu=/21921738845/dplay_se_web/dplay_se_web_midroll_bumper_first&description_url=http%3A%2F%2Fwww.dplay.se&tfcd=0&npa=0&sz=640x480&max_ad_duration=6000&gdfp_req=1&output=vast&unviewed_position_start=1&env=vp&correlator=709&scor=725&vpmute=0&vpa=0&vad_format=linear&url=http%3A%2F%2Fwww.dplay.se&vpos=midroll&videoad_start_delay=null&paln=]]></VASTAdTagURI>
                            <Error><![CDATA[https://5e529.v.fwmrm.net/ad/l/1?s=d027&n=386345%3B386345&t=1602503513126642570&f=262144&r=386345&adid=40737035&reid=24906299&arid=1&iw=&uxnw=&uxss=&uxct=&et=e&cn=%5BERRORCODE%5D]]></Error>
                            <Impression><![CDATA[https://5e529.v.fwmrm.net/ad/l/1?s=d027&n=386345%3B386345&t=1602503513126642570&f=262144&r=386345&adid=40737035&reid=24906299&arid=1&auid=&cn=defaultImpression&et=i&_cc=40737035,24906299,51809.,30373.39848.41355.51807.51809.,1602503514,1&tpos=1836&iw=&uxnw=&uxss=&uxct=&metr=121&init=1&vcid2=420f2af2f68c837b504505d7c0ee66692cdbc5f535e36d52bdd79b8884d65861&cr=]]></Impression>
                            <Creatives>
                                <Creative AdID='40737035' id='6488970'>
                                    <Linear>
                                        <TrackingEvents>
                                            <Tracking event='complete'><![CDATA[https://5e529.v.fwmrm.net/ad/l/1?s=d027&n=386345%3B386345&t=1602503513126642570&f=262144&r=386345&adid=40737035&reid=24906299&arid=1&auid=&cn=complete&et=i&_cc=&tpos=1836&init=1&iw=&uxnw=&uxss=&uxct=&metr=121]]></Tracking>
                                            <Tracking event='firstQuartile'><![CDATA[https://5e529.v.fwmrm.net/ad/l/1?s=d027&n=386345%3B386345&t=1602503513126642570&f=262144&r=386345&adid=40737035&reid=24906299&arid=1&auid=&cn=firstQuartile&et=i&_cc=&tpos=1836&init=1&iw=&uxnw=&uxss=&uxct=&metr=121]]></Tracking>
                                            <Tracking event='midpoint'><![CDATA[https://5e529.v.fwmrm.net/ad/l/1?s=d027&n=386345%3B386345&t=1602503513126642570&f=262144&r=386345&adid=40737035&reid=24906299&arid=1&auid=&cn=midPoint&et=i&_cc=&tpos=1836&init=1&iw=&uxnw=&uxss=&uxct=&metr=121]]></Tracking>
                                            <Tracking event='thirdQuartile'><![CDATA[https://5e529.v.fwmrm.net/ad/l/1?s=d027&n=386345%3B386345&t=1602503513126642570&f=262144&r=386345&adid=40737035&reid=24906299&arid=1&auid=&cn=thirdQuartile&et=i&_cc=&tpos=1836&init=1&iw=&uxnw=&uxss=&uxct=&metr=121]]></Tracking>
                                        </TrackingEvents>
                                        <VideoClicks>
                                            <ClickTracking id='FWc_40737035.1'><![CDATA[https://5e529.v.fwmrm.net/ad/l/1?s=d027&n=386345%3B386345&t=1602503513126642570&f=262144&r=386345&adid=40737035&reid=24906299&arid=1&auid=&cn=defaultClick&et=c&_cc=&tpos=1836&cr=]]></ClickTracking>
                                        </VideoClicks>
                                    </Linear>
                                </Creative>
                            </Creatives>
                            <Extensions>
                                <Extension type='FreeWheel'>
                                    <AdInfo customaid='' gid='0' cid=';placeme' format='spot_standard' variant='NORMAL' exclusive='false' />
                                    <CreativeParameters>
                                        <CreativeParameter creativeId='6488970' name='translator.vast.loadWithCookie' type='Linear'><![CDATA[1]]></CreativeParameter>
                                        <CreativeParameter creativeId='6488970' name='MMS_ID' type='Linear'><![CDATA[]]></CreativeParameter>
                                        <CreativeParameter creativeId='6488970' name='adobe_reporting' type='Linear'><![CDATA[advertiser_name:;advertiser_id:;campaign_name:;campaign_id:;placement_name:DPLAY SE | Web | Midroll Bumper First;placement_id:40737033;creative_name:DPLAY SE | Web | Midroll Bumper First;creative_id:6488970]]></CreativeParameter>
                                        <CreativeParameter creativeId='6488970' name='moat' type='Linear'><![CDATA[386345;386345;;;;;40737033;56784;g11761361;g542506;1324683;118766968;DPLAYSE_SV_SE1483978920527;6488970;24906299;7;midroll;;386345:DiscoverySBS_html5_live_secure_2;cpx-non;1602503513126642570]]></CreativeParameter>
                                    </CreativeParameters>
                                </Extension>
                            </Extensions>
                        </Wrapper>
                    </Ad>
                    <Ad id='31007863.140269987840512'>
                        <Wrapper>
                            <AdSystem>FreeWheel</AdSystem>
                            <VASTAdTagURI><![CDATA[https://ads.stickyadstv.com/www/delivery/swfIndex.php?reqType=AdsSetup&protocolVersion=2.0&zoneId=7440241]]></VASTAdTagURI>
                            <Error><![CDATA[https://5e529.v.fwmrm.net/ad/l/1?s=d027&n=386345%3B386345&t=1602503513126642570&f=262144&r=386345&adid=31007863&reid=13615319&arid=2&iw=&uxnw=&uxss=&uxct=&et=e&cn=%5BERRORCODE%5D]]></Error>
                            <Impression><![CDATA[https://5e529.v.fwmrm.net/ad/l/1?s=d027&n=386345%3B386345&t=1602503513126642570&f=262144&r=386345&adid=31007863&reid=13615319&arid=2&auid=&cn=defaultImpression&et=i&_cc=31007863,13615319,41355.,30373.39848.41355.51807.51809.,1602503514,1&tpos=1836&iw=&uxnw=&uxss=&uxct=&metr=121&init=1&vcid2=420f2af2f68c837b504505d7c0ee66692cdbc5f535e36d52bdd79b8884d65861&cr=]]></Impression>
                            <Creatives>
                                <Creative AdID='31007863' id='4357819'>
                                    <Linear>
                                        <TrackingEvents>
                                            <Tracking event='complete'><![CDATA[https://5e529.v.fwmrm.net/ad/l/1?s=d027&n=386345%3B386345&t=1602503513126642570&f=262144&r=386345&adid=31007863&reid=13615319&arid=2&auid=&cn=complete&et=i&_cc=&tpos=1836&init=1&iw=&uxnw=&uxss=&uxct=&metr=121]]></Tracking>
                                            <Tracking event='firstQuartile'><![CDATA[https://5e529.v.fwmrm.net/ad/l/1?s=d027&n=386345%3B386345&t=1602503513126642570&f=262144&r=386345&adid=31007863&reid=13615319&arid=2&auid=&cn=firstQuartile&et=i&_cc=&tpos=1836&init=1&iw=&uxnw=&uxss=&uxct=&metr=121]]></Tracking>
                                            <Tracking event='midpoint'><![CDATA[https://5e529.v.fwmrm.net/ad/l/1?s=d027&n=386345%3B386345&t=1602503513126642570&f=262144&r=386345&adid=31007863&reid=13615319&arid=2&auid=&cn=midPoint&et=i&_cc=&tpos=1836&init=1&iw=&uxnw=&uxss=&uxct=&metr=121]]></Tracking>
                                            <Tracking event='thirdQuartile'><![CDATA[https://5e529.v.fwmrm.net/ad/l/1?s=d027&n=386345%3B386345&t=1602503513126642570&f=262144&r=386345&adid=31007863&reid=13615319&arid=2&auid=&cn=thirdQuartile&et=i&_cc=&tpos=1836&init=1&iw=&uxnw=&uxss=&uxct=&metr=121]]></Tracking>
                                        </TrackingEvents>
                                        <VideoClicks>
                                            <ClickTracking id='FWc_31007863.2'><![CDATA[https://5e529.v.fwmrm.net/ad/l/1?s=d027&n=386345%3B386345&t=1602503513126642570&f=262144&r=386345&adid=31007863&reid=13615319&arid=2&auid=&cn=defaultClick&et=c&_cc=&tpos=1836&cr=]]></ClickTracking>
                                        </VideoClicks>
                                    </Linear>
                                </Creative>
                            </Creatives>
                            <Extensions>
                                <Extension type='FreeWheel'>
                                    <AdInfo customaid='PROGRAMMAT' gid='0' cid=';placeme' format='spot_standard' variant='NORMAL' exclusive='false' />
                                    <Parameter name='_fw_4AID'><![CDATA[PROGRAMMATIC]]></Parameter>
                                    <CreativeParameters>
                                        <CreativeParameter creativeId='4357819' name='translator.vast.loadWithCookie' type='Linear'><![CDATA[1]]></CreativeParameter>
                                        <CreativeParameter creativeId='4357819' name='_fw_4AID' type='Linear'><![CDATA[PROGRAMMATIC]]></CreativeParameter>
                                        <CreativeParameter creativeId='4357819' name='MMS_ID' type='Linear'><![CDATA[]]></CreativeParameter>
                                        <CreativeParameter creativeId='4357819' name='adobe_reporting' type='Linear'><![CDATA[advertiser_name:;advertiser_id:;campaign_name:;campaign_id:;placement_name:Dplay-se-web-mid-bumper 6s-first;placement_id:31007840;creative_name:Dplay-se-web-mid-bumper 6s-first;creative_id:4357819]]></CreativeParameter>
                                        <CreativeParameter creativeId='4357819' name='moat' type='Linear'><![CDATA[386345;386345;;;;;31007840;56784;g11761361;g542506;1324683;118766968;DPLAYSE_SV_SE1483978920527;4357819;13615319;7;midroll;;386345:DiscoverySBS_html5_live_secure_2;cpx-non;1602503513126642570]]></CreativeParameter>
                                    </CreativeParameters>
                                </Extension>
                            </Extensions>
                        </Wrapper>
                    </Ad>
                    <Ad id='31007929.140269987841280'>
                        <Wrapper>
                            <AdSystem>FreeWheel</AdSystem>
                            <VASTAdTagURI><![CDATA[https://ads.stickyadstv.com/www/delivery/swfIndex.php?reqType=AdsSetup&protocolVersion=2.0&zoneId=7440289]]></VASTAdTagURI>
                            <Error><![CDATA[https://5e529.v.fwmrm.net/ad/l/1?s=d027&n=386345%3B386345&t=1602503513126642570&f=262144&r=386345&adid=31007929&reid=13615425&arid=2&iw=&uxnw=&uxss=&uxct=&et=e&cn=%5BERRORCODE%5D]]></Error>
                            <Impression><![CDATA[https://5e529.v.fwmrm.net/ad/l/1?s=d027&n=386345%3B386345&t=1602503513126642570&f=262144&r=386345&adid=31007929&reid=13615425&arid=2&auid=&cn=defaultImpression&et=i&_cc=31007929,13615425,41355.,30373.39848.41355.51807.51809.,1602503514,1&tpos=1836&iw=&uxnw=&uxss=&uxct=&metr=121&init=1&vcid2=420f2af2f68c837b504505d7c0ee66692cdbc5f535e36d52bdd79b8884d65861&cr=]]></Impression>
                            <Creatives>
                                <Creative AdID='31007929' id='4357846'>
                                    <Linear>
                                        <TrackingEvents>
                                            <Tracking event='complete'><![CDATA[https://5e529.v.fwmrm.net/ad/l/1?s=d027&n=386345%3B386345&t=1602503513126642570&f=262144&r=386345&adid=31007929&reid=13615425&arid=2&auid=&cn=complete&et=i&_cc=&tpos=1836&init=1&iw=&uxnw=&uxss=&uxct=&metr=121]]></Tracking>
                                            <Tracking event='firstQuartile'><![CDATA[https://5e529.v.fwmrm.net/ad/l/1?s=d027&n=386345%3B386345&t=1602503513126642570&f=262144&r=386345&adid=31007929&reid=13615425&arid=2&auid=&cn=firstQuartile&et=i&_cc=&tpos=1836&init=1&iw=&uxnw=&uxss=&uxct=&metr=121]]></Tracking>
                                            <Tracking event='midpoint'><![CDATA[https://5e529.v.fwmrm.net/ad/l/1?s=d027&n=386345%3B386345&t=1602503513126642570&f=262144&r=386345&adid=31007929&reid=13615425&arid=2&auid=&cn=midPoint&et=i&_cc=&tpos=1836&init=1&iw=&uxnw=&uxss=&uxct=&metr=121]]></Tracking>
                                            <Tracking event='thirdQuartile'><![CDATA[https://5e529.v.fwmrm.net/ad/l/1?s=d027&n=386345%3B386345&t=1602503513126642570&f=262144&r=386345&adid=31007929&reid=13615425&arid=2&auid=&cn=thirdQuartile&et=i&_cc=&tpos=1836&init=1&iw=&uxnw=&uxss=&uxct=&metr=121]]></Tracking>
                                        </TrackingEvents>
                                        <VideoClicks>
                                            <ClickTracking id='FWc_31007929.2'><![CDATA[https://5e529.v.fwmrm.net/ad/l/1?s=d027&n=386345%3B386345&t=1602503513126642570&f=262144&r=386345&adid=31007929&reid=13615425&arid=2&auid=&cn=defaultClick&et=c&_cc=&tpos=1836&cr=]]></ClickTracking>
                                        </VideoClicks>
                                    </Linear>
                                </Creative>
                            </Creatives>
                            <Extensions>
                                <Extension type='FreeWheel'>
                                    <AdInfo customaid='PROGRAMMAT' gid='0' cid=';placeme' format='spot_standard' variant='NORMAL' exclusive='false' />
                                    <Parameter name='_fw_4AID'><![CDATA[PROGRAMMATIC]]></Parameter>
                                    <CreativeParameters>
                                        <CreativeParameter creativeId='4357846' name='translator.vast.loadWithCookie' type='Linear'><![CDATA[1]]></CreativeParameter>
                                        <CreativeParameter creativeId='4357846' name='_fw_4AID' type='Linear'><![CDATA[PROGRAMMATIC]]></CreativeParameter>
                                        <CreativeParameter creativeId='4357846' name='MMS_ID' type='Linear'><![CDATA[]]></CreativeParameter>
                                        <CreativeParameter creativeId='4357846' name='adobe_reporting' type='Linear'><![CDATA[advertiser_name:;advertiser_id:;campaign_name:;campaign_id:;placement_name:Dplay-se-web-mid-bumper 6s-last;placement_id:31007928;creative_name:Dplay-se-web-mid-bumper 6s-last;creative_id:4357846]]></CreativeParameter>
                                        <CreativeParameter creativeId='4357846' name='moat' type='Linear'><![CDATA[386345;386345;;;;;31007928;56784;g11761361;g542506;1324683;118766968;DPLAYSE_SV_SE1483978920527;4357846;13615425;7;midroll;;386345:DiscoverySBS_html5_live_secure_2;cpx-non;1602503513126642570]]></CreativeParameter>
                                    </CreativeParameters>
                                </Extension>
                            </Extensions>
                        </Wrapper>
                    </Ad>
                    <Ad id='47137086.140264947462400' sequence='3'>
                        <InLine>
                            <AdSystem>FreeWheel</AdSystem>
                            <AdTitle>SE ST1 v.42 (262 237) 10&quot; 100%</AdTitle>
                            <Error><![CDATA[https://5e529.v.fwmrm.net/ad/l/1?s=d027&n=386345%3B386345&t=1602503513126642570&f=262144&r=386345&adid=47137086&reid=27088436&arid=0&iw=&uxnw=&uxss=&uxct=&et=e&cn=%5BERRORCODE%5D]]></Error>
                            <Impression id='FWi_47137086.0'><![CDATA[https://5e529.v.fwmrm.net/ad/l/1?s=d027&n=386345%3B386345&t=1602503513126642570&f=262144&r=386345&adid=47137086&reid=27088436&arid=0&auid=&cn=defaultImpression&et=i&_cc=47137086,27088436,,30373.39848.51807.,1602503514,1&tpos=1836&iw=&uxnw=&uxss=&uxct=&metr=121&init=1&vcid2=420f2af2f68c837b504505d7c0ee66692cdbc5f535e36d52bdd79b8884d65861&cr=https%3A//track.adform.net/adfserve/%3Fbn%3D40033724%3B1x1inv%3D1%3Bsrctype%3D3%3Bord%3D2135541642]]></Impression>
                            <Creatives>
                                <Creative AdID='47137086' id='6853879'>
                                    <Linear>
                                        <Duration>00:00:10</Duration>
                                        <TrackingEvents>
                                            <Tracking event='complete'><![CDATA[https://5e529.v.fwmrm.net/ad/l/1?s=d027&n=386345%3B386345&t=1602503513126642570&f=262144&r=386345&adid=47137086&reid=27088436&arid=0&auid=&cn=complete&et=i&_cc=&tpos=1836&init=1&iw=&uxnw=&uxss=&uxct=&metr=121]]></Tracking>
                                            <Tracking event='firstQuartile'><![CDATA[https://5e529.v.fwmrm.net/ad/l/1?s=d027&n=386345%3B386345&t=1602503513126642570&f=262144&r=386345&adid=47137086&reid=27088436&arid=0&auid=&cn=firstQuartile&et=i&_cc=&tpos=1836&init=1&iw=&uxnw=&uxss=&uxct=&metr=121]]></Tracking>
                                            <Tracking event='midpoint'><![CDATA[https://5e529.v.fwmrm.net/ad/l/1?s=d027&n=386345%3B386345&t=1602503513126642570&f=262144&r=386345&adid=47137086&reid=27088436&arid=0&auid=&cn=midPoint&et=i&_cc=&tpos=1836&init=1&iw=&uxnw=&uxss=&uxct=&metr=121]]></Tracking>
                                            <Tracking event='thirdQuartile'><![CDATA[https://5e529.v.fwmrm.net/ad/l/1?s=d027&n=386345%3B386345&t=1602503513126642570&f=262144&r=386345&adid=47137086&reid=27088436&arid=0&auid=&cn=thirdQuartile&et=i&_cc=&tpos=1836&init=1&iw=&uxnw=&uxss=&uxct=&metr=121]]></Tracking>
                                        </TrackingEvents>
                                        <VideoClicks>
                                            <ClickThrough id='FWc_47137086.0'><![CDATA[https://5e529.v.fwmrm.net/ad/l/1?s=d027&n=386345%3B386345&t=1602503513126642570&f=262144&r=386345&adid=47137086&reid=27088436&arid=0&auid=&cn=defaultClick&et=c&_cc=&tpos=1836&cr=https%3A//track.adform.net/C/%3Fbn%3D40033724]]></ClickThrough>
                                        </VideoClicks>
                                        <MediaFiles>
                                            <MediaFile bitrate='4138' delivery='progressive' height='720' id='27088436' type='video/mp4' width='1280'><![CDATA[https://dni-adops-proxy-prod-adopsmediaconverter.mercury.dnitv.com/386345/666991/ST1S1DZSA1013_2020-06-09T11:41:07Z_1280x720.mp4]]></MediaFile>
                                            <MediaFile bitrate='10084' delivery='progressive' height='1080' id='27088437' type='video/mp4' width='1920'><![CDATA[https://dni-adops-proxy-prod-adopsmediaconverter.mercury.dnitv.com/386345/666991/ST1S1DZSA1013_2020-06-09T11:41:07Z_1920x1080.mp4]]></MediaFile>
                                            <MediaFile bitrate='1143' delivery='progressive' height='360' id='27088438' type='video/mp4' width='640'><![CDATA[https://dni-adops-proxy-prod-adopsmediaconverter.mercury.dnitv.com/386345/666991/ST1S1DZSA1013_2020-06-09T11:41:07Z_640x360.mp4]]></MediaFile>
                                            <MediaFile bitrate='1925' delivery='progressive' height='480' id='27088439' type='video/mp4' width='854'><![CDATA[https://dni-adops-proxy-prod-adopsmediaconverter.mercury.dnitv.com/386345/666991/ST1S1DZSA1013_2020-06-09T11:41:07Z_854x480.mp4]]></MediaFile>
                                            <MediaFile bitrate='2384' delivery='progressive' height='540' id='27088440' type='video/mp4' width='960'><![CDATA[https://dni-adops-proxy-prod-adopsmediaconverter.mercury.dnitv.com/386345/666991/ST1S1DZSA1013_2020-06-09T11:41:07Z_960x540.mp4]]></MediaFile>
                                        </MediaFiles>
                                    </Linear>
                                </Creative>
                            </Creatives>
                            <Extensions>
                                <Extension type='FreeWheel'>
                                    <AdInfo customaid='S1DZSA1013' gid='0' cid='15099483' format='spot_standard' variant='NORMAL' exclusive='false' />
                                    <Parameter name='_fw_4AID'><![CDATA[S1DZSA1013]]></Parameter>
                                    <CreativeParameters>
                                        <CreativeParameter creativeId='6853879' name='_fw_4AID' type='Linear'><![CDATA[S1DZSA1013]]></CreativeParameter>
                                        <CreativeParameter creativeId='6853879' name='MMS_ID' type='Linear'><![CDATA[]]></CreativeParameter>
                                        <CreativeParameter creativeId='6853879' name='adobe_reporting' type='Linear'><![CDATA[advertiser_name:SE ST1;advertiser_id:666991;campaign_name:SE ST1;campaign_id:15099483;placement_name:SE ST1 v.42 (262 237) 10" 100%;placement_id:47137085;creative_name:ST1S1DZSA1013.mp4;creative_id:6853879]]></CreativeParameter>
                                        <CreativeParameter creativeId='6853879' name='moat' type='Linear'><![CDATA[386345;386345;666991;15099483;47137083;;47137085;48567;g11761361;g542506;1324683;118766968;DPLAYSE_SV_SE1483978920527;6853879;27088436;10;midroll;;386345:DiscoverySBS_html5_live_secure_2;cpx-non;1602503513126642570]]></CreativeParameter>
                                    </CreativeParameters>
                                </Extension>
                            </Extensions>
                        </InLine>
                    </Ad>
                    <Ad id='40981803.140264947463168' sequence='4'>
                        <InLine>
                            <AdSystem>FreeWheel</AdSystem>
                            <AdTitle>SE Riksbyggen v.42-43 (103 392) Stockholm 2020</AdTitle>
                            <Error><![CDATA[https://5e529.v.fwmrm.net/ad/l/1?s=d027&n=386345%3B386345&t=1602503513126642570&f=262144&r=386345&adid=40981803&reid=39023005&arid=0&iw=&uxnw=&uxss=&uxct=&et=e&cn=%5BERRORCODE%5D]]></Error>
                            <Impression id='FWi_40981803.0'><![CDATA[https://5e529.v.fwmrm.net/ad/l/1?s=d027&n=386345%3B386345&t=1602503513126642570&f=262144&r=386345&adid=40981803&reid=39023005&arid=0&auid=&cn=defaultImpression&et=i&_cc=40981803,39023005,,30373.39848.51807.,1602503514,1&tpos=1836&iw=&uxnw=&uxss=&uxct=&metr=121&init=1&vcid2=420f2af2f68c837b504505d7c0ee66692cdbc5f535e36d52bdd79b8884d65861&cr=https%3A//track.adform.net/adfserve/%3Fbn%3D40547104%3B1x1inv%3D1%3Bsrctype%3D3%3Bord%3D1409865651]]></Impression>
                            <Creatives>
                                <Creative AdID='40981803' id='7988212'>
                                    <Linear>
                                        <Duration>00:00:15</Duration>
                                        <TrackingEvents>
                                            <Tracking event='complete'><![CDATA[https://5e529.v.fwmrm.net/ad/l/1?s=d027&n=386345%3B386345&t=1602503513126642570&f=262144&r=386345&adid=40981803&reid=39023005&arid=0&auid=&cn=complete&et=i&_cc=&tpos=1836&init=1&iw=&uxnw=&uxss=&uxct=&metr=121]]></Tracking>
                                            <Tracking event='firstQuartile'><![CDATA[https://5e529.v.fwmrm.net/ad/l/1?s=d027&n=386345%3B386345&t=1602503513126642570&f=262144&r=386345&adid=40981803&reid=39023005&arid=0&auid=&cn=firstQuartile&et=i&_cc=&tpos=1836&init=1&iw=&uxnw=&uxss=&uxct=&metr=121]]></Tracking>
                                            <Tracking event='midpoint'><![CDATA[https://5e529.v.fwmrm.net/ad/l/1?s=d027&n=386345%3B386345&t=1602503513126642570&f=262144&r=386345&adid=40981803&reid=39023005&arid=0&auid=&cn=midPoint&et=i&_cc=&tpos=1836&init=1&iw=&uxnw=&uxss=&uxct=&metr=121]]></Tracking>
                                            <Tracking event='thirdQuartile'><![CDATA[https://5e529.v.fwmrm.net/ad/l/1?s=d027&n=386345%3B386345&t=1602503513126642570&f=262144&r=386345&adid=40981803&reid=39023005&arid=0&auid=&cn=thirdQuartile&et=i&_cc=&tpos=1836&init=1&iw=&uxnw=&uxss=&uxct=&metr=121]]></Tracking>
                                        </TrackingEvents>
                                        <VideoClicks>
                                            <ClickThrough id='FWc_40981803.0'><![CDATA[https://5e529.v.fwmrm.net/ad/l/1?s=d027&n=386345%3B386345&t=1602503513126642570&f=262144&r=386345&adid=40981803&reid=39023005&arid=0&auid=&cn=defaultClick&et=c&_cc=&tpos=1836&cr=https%3A//track.adform.net/C/%3Fbn%3D40547104]]></ClickThrough>
                                        </VideoClicks>
                                        <MediaFiles>
                                            <MediaFile bitrate='1635' delivery='progressive' height='720' id='39023005' type='video/mp4' width='1280'><![CDATA[https://dni-adops-proxy-prod-adopsmediaconverter.mercury.dnitv.com/386345/788473/S1MQCM1504_2020-10-05T14:48:58Z_1280x720.mp4]]></MediaFile>
                                            <MediaFile bitrate='3499' delivery='progressive' height='1080' id='39023006' type='video/mp4' width='1920'><![CDATA[https://dni-adops-proxy-prod-adopsmediaconverter.mercury.dnitv.com/386345/788473/S1MQCM1504_2020-10-05T14:48:58Z_1920x1080.mp4]]></MediaFile>
                                            <MediaFile bitrate='699' delivery='progressive' height='360' id='39023007' type='video/mp4' width='640'><![CDATA[https://dni-adops-proxy-prod-adopsmediaconverter.mercury.dnitv.com/386345/788473/S1MQCM1504_2020-10-05T14:48:58Z_640x360.mp4]]></MediaFile>
                                            <MediaFile bitrate='985' delivery='progressive' height='480' id='39023008' type='video/mp4' width='854'><![CDATA[https://dni-adops-proxy-prod-adopsmediaconverter.mercury.dnitv.com/386345/788473/S1MQCM1504_2020-10-05T14:48:58Z_854x480.mp4]]></MediaFile>
                                            <MediaFile bitrate='1118' delivery='progressive' height='540' id='39023009' type='video/mp4' width='960'><![CDATA[https://dni-adops-proxy-prod-adopsmediaconverter.mercury.dnitv.com/386345/788473/S1MQCM1504_2020-10-05T14:48:58Z_960x540.mp4]]></MediaFile>
                                        </MediaFiles>
                                    </Linear>
                                </Creative>
                            </Creatives>
                            <Extensions>
                                <Extension type='FreeWheel'>
                                    <AdInfo customaid='S1MQCM1504' gid='0' cid='40981723' format='spot_standard' variant='NORMAL' exclusive='false' />
                                    <Parameter name='_fw_4AID'><![CDATA[S1MQCM1504]]></Parameter>
                                    <CreativeParameters>
                                        <CreativeParameter creativeId='7988212' name='_fw_4AID' type='Linear'><![CDATA[S1MQCM1504]]></CreativeParameter>
                                        <CreativeParameter creativeId='7988212' name='MMS_ID' type='Linear'><![CDATA[]]></CreativeParameter>
                                        <CreativeParameter creativeId='7988212' name='adobe_reporting' type='Linear'><![CDATA[advertiser_name:SE Riksbyggen;advertiser_id:788473;campaign_name:SE Riksbyggen;campaign_id:40981723;placement_name:SE Riksbyggen v.42-43 (103 392) Stockholm 2020;placement_id:40981802;creative_name:S1MQCM1504.mp4;creative_id:7988212]]></CreativeParameter>
                                        <CreativeParameter creativeId='7988212' name='moat' type='Linear'><![CDATA[386345;386345;788473;40981723;40981726;;40981802;48567;g11761361;g542506;1324683;118766968;DPLAYSE_SV_SE1483978920527;7988212;39023005;15;midroll;;386345:DiscoverySBS_html5_live_secure_2;cpx-non;1602503513126642570]]></CreativeParameter>
                                    </CreativeParameters>
                                </Extension>
                            </Extensions>
                        </InLine>
                    </Ad>
                    <Ad id='47640601.140264947463936' sequence='5'>
                        <InLine>
                            <AdSystem>FreeWheel</AdSystem>
                            <AdTitle>SE Samsung FE v.42-43 (404 041)</AdTitle>
                            <Error><![CDATA[https://5e529.v.fwmrm.net/ad/l/1?s=d027&n=386345%3B386345&t=1602503513126642570&f=262144&r=386345&adid=47640601&reid=39390570&arid=0&iw=&uxnw=&uxss=&uxct=&et=e&cn=%5BERRORCODE%5D]]></Error>
                            <Impression id='FWi_47640601.0'><![CDATA[https://5e529.v.fwmrm.net/ad/l/1?s=d027&n=386345%3B386345&t=1602503513126642570&f=262144&r=386345&adid=47640601&reid=39390570&arid=0&auid=&cn=defaultImpression&et=i&_cc=47640601,39390570,,30373.39848.51807.,1602503514,1&tpos=1836&iw=&uxnw=&uxss=&uxct=&metr=121&init=1&vcid2=420f2af2f68c837b504505d7c0ee66692cdbc5f535e36d52bdd79b8884d65861&cr=]]></Impression>
                            <Creatives>
                                <Creative AdID='47640601' id='8019101'>
                                    <Linear>
                                        <Duration>00:00:20</Duration>
                                        <TrackingEvents>
                                            <Tracking event='complete'><![CDATA[https://5e529.v.fwmrm.net/ad/l/1?s=d027&n=386345%3B386345&t=1602503513126642570&f=262144&r=386345&adid=47640601&reid=39390570&arid=0&auid=&cn=complete&et=i&_cc=&tpos=1836&init=1&iw=&uxnw=&uxss=&uxct=&metr=121]]></Tracking>
                                            <Tracking event='firstQuartile'><![CDATA[https://5e529.v.fwmrm.net/ad/l/1?s=d027&n=386345%3B386345&t=1602503513126642570&f=262144&r=386345&adid=47640601&reid=39390570&arid=0&auid=&cn=firstQuartile&et=i&_cc=&tpos=1836&init=1&iw=&uxnw=&uxss=&uxct=&metr=121]]></Tracking>
                                            <Tracking event='midpoint'><![CDATA[https://5e529.v.fwmrm.net/ad/l/1?s=d027&n=386345%3B386345&t=1602503513126642570&f=262144&r=386345&adid=47640601&reid=39390570&arid=0&auid=&cn=midPoint&et=i&_cc=&tpos=1836&init=1&iw=&uxnw=&uxss=&uxct=&metr=121]]></Tracking>
                                            <Tracking event='thirdQuartile'><![CDATA[https://5e529.v.fwmrm.net/ad/l/1?s=d027&n=386345%3B386345&t=1602503513126642570&f=262144&r=386345&adid=47640601&reid=39390570&arid=0&auid=&cn=thirdQuartile&et=i&_cc=&tpos=1836&init=1&iw=&uxnw=&uxss=&uxct=&metr=121]]></Tracking>
                                        </TrackingEvents>
                                        <VideoClicks>
                                            <ClickTracking id='FWc_47640601.0'><![CDATA[https://5e529.v.fwmrm.net/ad/l/1?s=d027&n=386345%3B386345&t=1602503513126642570&f=262144&r=386345&adid=47640601&reid=39390570&arid=0&auid=&cn=defaultClick&et=c&_cc=&tpos=1836&cr=]]></ClickTracking>
                                        </VideoClicks>
                                        <MediaFiles>
                                            <MediaFile bitrate='1823' delivery='progressive' height='720' id='39390570' type='video/mp4' width='1280'><![CDATA[https://dni-adops-proxy-prod-adopsmediaconverter.mercury.dnitv.com/386345/809235/SamsungS1SMSU2070_2020-10-06T10:28:53Z_1280x720.mp4]]></MediaFile>
                                            <MediaFile bitrate='3054' delivery='progressive' height='1080' id='39390571' type='video/mp4' width='1920'><![CDATA[https://dni-adops-proxy-prod-adopsmediaconverter.mercury.dnitv.com/386345/809235/SamsungS1SMSU2070_2020-10-06T10:28:53Z_1920x1080.mp4]]></MediaFile>
                                            <MediaFile bitrate='931' delivery='progressive' height='360' id='39390572' type='video/mp4' width='640'><![CDATA[https://dni-adops-proxy-prod-adopsmediaconverter.mercury.dnitv.com/386345/809235/SamsungS1SMSU2070_2020-10-06T10:28:53Z_640x360.mp4]]></MediaFile>
                                            <MediaFile bitrate='1230' delivery='progressive' height='480' id='39390573' type='video/mp4' width='854'><![CDATA[https://dni-adops-proxy-prod-adopsmediaconverter.mercury.dnitv.com/386345/809235/SamsungS1SMSU2070_2020-10-06T10:28:53Z_854x480.mp4]]></MediaFile>
                                            <MediaFile bitrate='1352' delivery='progressive' height='540' id='39390574' type='video/mp4' width='960'><![CDATA[https://dni-adops-proxy-prod-adopsmediaconverter.mercury.dnitv.com/386345/809235/SamsungS1SMSU2070_2020-10-06T10:28:53Z_960x540.mp4]]></MediaFile>
                                        </MediaFiles>
                                    </Linear>
                                </Creative>
                            </Creatives>
                            <Extensions>
                                <Extension type='FreeWheel'>
                                    <AdInfo customaid='S1SMSU2070' gid='0' cid='33035763' format='spot_standard' variant='NORMAL' exclusive='false' />
                                    <Parameter name='_fw_4AID'><![CDATA[S1SMSU2070]]></Parameter>
                                    <CreativeParameters>
                                        <CreativeParameter creativeId='8019101' name='_fw_4AID' type='Linear'><![CDATA[S1SMSU2070]]></CreativeParameter>
                                        <CreativeParameter creativeId='8019101' name='MMS_ID' type='Linear'><![CDATA[]]></CreativeParameter>
                                        <CreativeParameter creativeId='8019101' name='adobe_reporting' type='Linear'><![CDATA[advertiser_name:SE Samsung;advertiser_id:809235;campaign_name:SE Samsung;campaign_id:33035763;placement_name:SE Samsung FE v.42-43 (404 041);placement_id:47640600;creative_name:SamsungS1SMSU2070.mp4;creative_id:8019101]]></CreativeParameter>
                                        <CreativeParameter creativeId='8019101' name='moat' type='Linear'><![CDATA[386345;386345;809235;33035763;47080235;;47640600;48567;g11761361;g542506;1324683;118766968;DPLAYSE_SV_SE1483978920527;8019101;39390570;20;midroll;;386345:DiscoverySBS_html5_live_secure_2;cpx-non;1602503513126642570]]></CreativeParameter>
                                    </CreativeParameters>
                                </Extension>
                            </Extensions>
                        </InLine>
                    </Ad>
                    <Ad id='46576081.140264947464704' sequence='6'>
                        <InLine>
                            <AdSystem>FreeWheel</AdSystem>
                            <AdTitle>SE Max Hamburgare v.42 (110 930)</AdTitle>
                            <Error><![CDATA[https://5e529.v.fwmrm.net/ad/l/1?s=d027&n=386345%3B386345&t=1602503513126642570&f=262144&r=386345&adid=46576081&reid=31901399&arid=0&iw=&uxnw=&uxss=&uxct=&et=e&cn=%5BERRORCODE%5D]]></Error>
                            <Impression id='FWi_46576081.0'><![CDATA[https://5e529.v.fwmrm.net/ad/l/1?s=d027&n=386345%3B386345&t=1602503513126642570&f=262144&r=386345&adid=46576081&reid=31901399&arid=0&auid=&cn=defaultImpression&et=i&_cc=46576081,31901399,,30373.39848.51807.,1602503514,1&tpos=1836&iw=&uxnw=&uxss=&uxct=&metr=121&init=1&vcid2=420f2af2f68c837b504505d7c0ee66692cdbc5f535e36d52bdd79b8884d65861&cr=https%3A//track.adform.net/adfserve/%3Fbn%3D40095249%3B1x1inv%3D1%3Bsrctype%3D3%3Bord%3D1667826040]]></Impression>
                            <Creatives>
                                <Creative AdID='46576081' id='7373444'>
                                    <Linear>
                                        <Duration>00:00:30</Duration>
                                        <TrackingEvents>
                                            <Tracking event='complete'><![CDATA[https://5e529.v.fwmrm.net/ad/l/1?s=d027&n=386345%3B386345&t=1602503513126642570&f=262144&r=386345&adid=46576081&reid=31901399&arid=0&auid=&cn=complete&et=i&_cc=&tpos=1836&init=1&iw=&uxnw=&uxss=&uxct=&metr=121]]></Tracking>
                                            <Tracking event='firstQuartile'><![CDATA[https://5e529.v.fwmrm.net/ad/l/1?s=d027&n=386345%3B386345&t=1602503513126642570&f=262144&r=386345&adid=46576081&reid=31901399&arid=0&auid=&cn=firstQuartile&et=i&_cc=&tpos=1836&init=1&iw=&uxnw=&uxss=&uxct=&metr=121]]></Tracking>
                                            <Tracking event='midpoint'><![CDATA[https://5e529.v.fwmrm.net/ad/l/1?s=d027&n=386345%3B386345&t=1602503513126642570&f=262144&r=386345&adid=46576081&reid=31901399&arid=0&auid=&cn=midPoint&et=i&_cc=&tpos=1836&init=1&iw=&uxnw=&uxss=&uxct=&metr=121]]></Tracking>
                                            <Tracking event='thirdQuartile'><![CDATA[https://5e529.v.fwmrm.net/ad/l/1?s=d027&n=386345%3B386345&t=1602503513126642570&f=262144&r=386345&adid=46576081&reid=31901399&arid=0&auid=&cn=thirdQuartile&et=i&_cc=&tpos=1836&init=1&iw=&uxnw=&uxss=&uxct=&metr=121]]></Tracking>
                                        </TrackingEvents>
                                        <VideoClicks>
                                            <ClickThrough id='FWc_46576081.0'><![CDATA[https://5e529.v.fwmrm.net/ad/l/1?s=d027&n=386345%3B386345&t=1602503513126642570&f=262144&r=386345&adid=46576081&reid=31901399&arid=0&auid=&cn=defaultClick&et=c&_cc=&tpos=1836&cr=https%3A//track.adform.net/C/%3Fbn%3D40095249]]></ClickThrough>
                                        </VideoClicks>
                                        <MediaFiles>
                                            <MediaFile bitrate='2998' delivery='progressive' height='720' id='31901399' type='video/mp4' width='1280'><![CDATA[https://dni-adops-proxy-prod-adopsmediaconverter.mercury.dnitv.com/386345/580884/MaxS1MVMA3036_2020-09-18T10:21:39Z_1280x720.mp4]]></MediaFile>
                                            <MediaFile bitrate='6767' delivery='progressive' height='1080' id='31901400' type='video/mp4' width='1920'><![CDATA[https://dni-adops-proxy-prod-adopsmediaconverter.mercury.dnitv.com/386345/580884/MaxS1MVMA3036_2020-09-18T10:21:39Z_1920x1080.mp4]]></MediaFile>
                                            <MediaFile bitrate='1060' delivery='progressive' height='360' id='31901401' type='video/mp4' width='640'><![CDATA[https://dni-adops-proxy-prod-adopsmediaconverter.mercury.dnitv.com/386345/580884/MaxS1MVMA3036_2020-09-18T10:21:39Z_640x360.mp4]]></MediaFile>
                                            <MediaFile bitrate='1652' delivery='progressive' height='480' id='31901402' type='video/mp4' width='854'><![CDATA[https://dni-adops-proxy-prod-adopsmediaconverter.mercury.dnitv.com/386345/580884/MaxS1MVMA3036_2020-09-18T10:21:39Z_854x480.mp4]]></MediaFile>
                                            <MediaFile bitrate='1908' delivery='progressive' height='540' id='31901403' type='video/mp4' width='960'><![CDATA[https://dni-adops-proxy-prod-adopsmediaconverter.mercury.dnitv.com/386345/580884/MaxS1MVMA3036_2020-09-18T10:21:39Z_960x540.mp4]]></MediaFile>
                                        </MediaFiles>
                                    </Linear>
                                </Creative>
                            </Creatives>
                            <Extensions>
                                <Extension type='FreeWheel'>
                                    <AdInfo customaid='S1MVMA3036' gid='0' cid='32237261' format='spot_standard' variant='NORMAL' exclusive='false' />
                                    <Parameter name='_fw_4AID'><![CDATA[S1MVMA3036]]></Parameter>
                                    <CreativeParameters>
                                        <CreativeParameter creativeId='7373444' name='_fw_4AID' type='Linear'><![CDATA[S1MVMA3036]]></CreativeParameter>
                                        <CreativeParameter creativeId='7373444' name='MMS_ID' type='Linear'><![CDATA[]]></CreativeParameter>
                                        <CreativeParameter creativeId='7373444' name='adobe_reporting' type='Linear'><![CDATA[advertiser_name:SE MAX HAMBURGARE;advertiser_id:580884;campaign_name:SE Max Hamburgare;campaign_id:32237261;placement_name:SE Max Hamburgare v.42 (110 930);placement_id:46576080;creative_name:MaxS1MVMA3036.mp4;creative_id:7373444]]></CreativeParameter>
                                        <CreativeParameter creativeId='7373444' name='moat' type='Linear'><![CDATA[386345;386345;580884;32237261;46575859;;46576080;48567;g11761361;g542506;1324683;118766968;DPLAYSE_SV_SE1483978920527;7373444;31901399;30;midroll;;386345:DiscoverySBS_html5_live_secure_2;cpx-non;1602503513126642570]]></CreativeParameter>
                                    </CreativeParameters>
                                </Extension>
                            </Extensions>
                        </InLine>
                    </Ad>
                    <Ad id='46967902.140264947465472' sequence='7'>
                        <InLine>
                            <AdSystem>FreeWheel</AdSystem>
                            <AdTitle>SE Elon v.42 (250 000) </AdTitle>
                            <Error><![CDATA[https://5e529.v.fwmrm.net/ad/l/1?s=d027&n=386345%3B386345&t=1602503513126642570&f=262144&r=386345&adid=46967902&reid=39003166&arid=0&iw=&uxnw=&uxss=&uxct=&et=e&cn=%5BERRORCODE%5D]]></Error>
                            <Impression id='FWi_46967902.0'><![CDATA[https://5e529.v.fwmrm.net/ad/l/1?s=d027&n=386345%3B386345&t=1602503513126642570&f=262144&r=386345&adid=46967902&reid=39003166&arid=0&auid=&cn=defaultImpression&et=i&_cc=46967902,39003166,,30373.39848.51807.,1602503514,1&tpos=1836&iw=&uxnw=&uxss=&uxct=&metr=121&init=1&vcid2=420f2af2f68c837b504505d7c0ee66692cdbc5f535e36d52bdd79b8884d65861&cr=https%3A//ad.doubleclick.net/ddm/trackimp/N1058426.3641379KANAL5-WEBTVDIGI/B24681946.283546045%3Bdc_trk_aid%3D477272800%3Bdc_trk_cid%3D138519614%3Bord%3D1707238268%3Bdc_lat%3D%3Bdc_rdid%3D%3Btag_for_child_directed_treatment%3D%3Btfua%3D%3Bgdpr%3D0%3Bgdpr_consent%3D%3F]]></Impression>
                            <Creatives>
                                <Creative AdID='46967902' id='7985566'>
                                    <Linear>
                                        <Duration>00:00:15</Duration>
                                        <TrackingEvents>
                                            <Tracking event='complete'><![CDATA[https://5e529.v.fwmrm.net/ad/l/1?s=d027&n=386345%3B386345&t=1602503513126642570&f=262144&r=386345&adid=46967902&reid=39003166&arid=0&auid=&cn=complete&et=i&_cc=&tpos=1836&init=1&iw=&uxnw=&uxss=&uxct=&metr=121]]></Tracking>
                                            <Tracking event='firstQuartile'><![CDATA[https://5e529.v.fwmrm.net/ad/l/1?s=d027&n=386345%3B386345&t=1602503513126642570&f=262144&r=386345&adid=46967902&reid=39003166&arid=0&auid=&cn=firstQuartile&et=i&_cc=&tpos=1836&init=1&iw=&uxnw=&uxss=&uxct=&metr=121]]></Tracking>
                                            <Tracking event='midpoint'><![CDATA[https://5e529.v.fwmrm.net/ad/l/1?s=d027&n=386345%3B386345&t=1602503513126642570&f=262144&r=386345&adid=46967902&reid=39003166&arid=0&auid=&cn=midPoint&et=i&_cc=&tpos=1836&init=1&iw=&uxnw=&uxss=&uxct=&metr=121]]></Tracking>
                                            <Tracking event='thirdQuartile'><![CDATA[https://5e529.v.fwmrm.net/ad/l/1?s=d027&n=386345%3B386345&t=1602503513126642570&f=262144&r=386345&adid=46967902&reid=39003166&arid=0&auid=&cn=thirdQuartile&et=i&_cc=&tpos=1836&init=1&iw=&uxnw=&uxss=&uxct=&metr=121]]></Tracking>
                                        </TrackingEvents>
                                        <VideoClicks>
                                            <ClickThrough id='FWc_46967902.0'><![CDATA[https://5e529.v.fwmrm.net/ad/l/1?s=d027&n=386345%3B386345&t=1602503513126642570&f=262144&r=386345&adid=46967902&reid=39003166&arid=0&auid=&cn=defaultClick&et=c&_cc=&tpos=1836&cr=https%3A//ad.doubleclick.net/ddm/trackclk/N1058426.3641379KANAL5-WEBTVDIGI/B24681946.283546045%3Bdc_trk_aid%3D477272800%3Bdc_trk_cid%3D138519614%3Bdc_lat%3D%3Bdc_rdid%3D%3Btag_for_child_directed_treatment%3D%3Btfua%3D%3Bgdpr%3D0%3Bgdpr_consent%3D]]></ClickThrough>
                                        </VideoClicks>
                                        <MediaFiles>
                                            <MediaFile bitrate='3173' delivery='progressive' height='720' id='39003166' type='video/mp4' width='1280'><![CDATA[https://dni-adops-proxy-prod-adopsmediaconverter.mercury.dnitv.com/386345/840240/Elon%20v.42S1EAUT151J_2020-10-05T12:06:46Z_1280x720.mp4]]></MediaFile>
                                            <MediaFile bitrate='9797' delivery='progressive' height='1080' id='39003167' type='video/mp4' width='1920'><![CDATA[https://dni-adops-proxy-prod-adopsmediaconverter.mercury.dnitv.com/386345/840240/Elon%20v.42S1EAUT151J_2020-10-05T12:06:46Z_1920x1080.mp4]]></MediaFile>
                                            <MediaFile bitrate='1113' delivery='progressive' height='360' id='39003168' type='video/mp4' width='640'><![CDATA[https://dni-adops-proxy-prod-adopsmediaconverter.mercury.dnitv.com/386345/840240/Elon%20v.42S1EAUT151J_2020-10-05T12:06:46Z_640x360.mp4]]></MediaFile>
                                            <MediaFile bitrate='1606' delivery='progressive' height='480' id='39003169' type='video/mp4' width='854'><![CDATA[https://dni-adops-proxy-prod-adopsmediaconverter.mercury.dnitv.com/386345/840240/Elon%20v.42S1EAUT151J_2020-10-05T12:06:46Z_854x480.mp4]]></MediaFile>
                                            <MediaFile bitrate='1864' delivery='progressive' height='540' id='39003170' type='video/mp4' width='960'><![CDATA[https://dni-adops-proxy-prod-adopsmediaconverter.mercury.dnitv.com/386345/840240/Elon%20v.42S1EAUT151J_2020-10-05T12:06:46Z_960x540.mp4]]></MediaFile>
                                        </MediaFiles>
                                    </Linear>
                                </Creative>
                            </Creatives>
                            <Extensions>
                                <Extension type='FreeWheel'>
                                    <AdInfo customaid='S1EAUT151J' gid='0' cid='38450731' format='spot_standard' variant='NORMAL' exclusive='false' />
                                    <Parameter name='_fw_4AID'><![CDATA[S1EAUT151J]]></Parameter>
                                    <CreativeParameters>
                                        <CreativeParameter creativeId='7985566' name='_fw_4AID' type='Linear'><![CDATA[S1EAUT151J]]></CreativeParameter>
                                        <CreativeParameter creativeId='7985566' name='MMS_ID' type='Linear'><![CDATA[]]></CreativeParameter>
                                        <CreativeParameter creativeId='7985566' name='adobe_reporting' type='Linear'><![CDATA[advertiser_name:SE Elon;advertiser_id:840240;campaign_name:SE Elon;campaign_id:38450731;placement_name:SE Elon v.42 (250 000) ;placement_id:46967901;creative_name:Elon v.42S1EAUT151J.mp4;creative_id:7985566]]></CreativeParameter>
                                        <CreativeParameter creativeId='7985566' name='moat' type='Linear'><![CDATA[386345;386345;840240;38450731;46967816;;46967901;48567;g11761361;g542506;1324683;118766968;DPLAYSE_SV_SE1483978920527;7985566;39003166;15;midroll;;386345:DiscoverySBS_html5_live_secure_2;cpx-non;1602503513126642570]]></CreativeParameter>
                                    </CreativeParameters>
                                </Extension>
                            </Extensions>
                        </InLine>
                    </Ad>
                    <Ad id='46938250.140264947466240' sequence='8'>
                        <InLine>
                            <AdSystem>FreeWheel</AdSystem>
                            <AdTitle>SE Alvedon v.42-43 (433 252)</AdTitle>
                            <Error><![CDATA[https://5e529.v.fwmrm.net/ad/l/1?s=d027&n=386345%3B386345&t=1602503513126642570&f=262144&r=386345&adid=46938250&reid=39384801&arid=0&iw=&uxnw=&uxss=&uxct=&et=e&cn=%5BERRORCODE%5D]]></Error>
                            <Impression id='FWi_46938250.0'><![CDATA[https://5e529.v.fwmrm.net/ad/l/1?s=d027&n=386345%3B386345&t=1602503513126642570&f=262144&r=386345&adid=46938250&reid=39384801&arid=0&auid=&cn=defaultImpression&et=i&_cc=46938250,39384801,,30373.39848.51807.,1602503514,1&tpos=1836&iw=&uxnw=&uxss=&uxct=&metr=121&init=1&vcid2=420f2af2f68c837b504505d7c0ee66692cdbc5f535e36d52bdd79b8884d65861&cr=]]></Impression>
                            <Creatives>
                                <Creative AdID='46938250' id='8018395'>
                                    <Linear>
                                        <Duration>00:00:20</Duration>
                                        <TrackingEvents>
                                            <Tracking event='complete'><![CDATA[https://5e529.v.fwmrm.net/ad/l/1?s=d027&n=386345%3B386345&t=1602503513126642570&f=262144&r=386345&adid=46938250&reid=39384801&arid=0&auid=&cn=complete&et=i&_cc=&tpos=1836&init=1&iw=&uxnw=&uxss=&uxct=&metr=121]]></Tracking>
                                            <Tracking event='firstQuartile'><![CDATA[https://5e529.v.fwmrm.net/ad/l/1?s=d027&n=386345%3B386345&t=1602503513126642570&f=262144&r=386345&adid=46938250&reid=39384801&arid=0&auid=&cn=firstQuartile&et=i&_cc=&tpos=1836&init=1&iw=&uxnw=&uxss=&uxct=&metr=121]]></Tracking>
                                            <Tracking event='midpoint'><![CDATA[https://5e529.v.fwmrm.net/ad/l/1?s=d027&n=386345%3B386345&t=1602503513126642570&f=262144&r=386345&adid=46938250&reid=39384801&arid=0&auid=&cn=midPoint&et=i&_cc=&tpos=1836&init=1&iw=&uxnw=&uxss=&uxct=&metr=121]]></Tracking>
                                            <Tracking event='thirdQuartile'><![CDATA[https://5e529.v.fwmrm.net/ad/l/1?s=d027&n=386345%3B386345&t=1602503513126642570&f=262144&r=386345&adid=46938250&reid=39384801&arid=0&auid=&cn=thirdQuartile&et=i&_cc=&tpos=1836&init=1&iw=&uxnw=&uxss=&uxct=&metr=121]]></Tracking>
                                        </TrackingEvents>
                                        <VideoClicks>
                                            <ClickThrough id='FWc_46938250.0'><![CDATA[https://5e529.v.fwmrm.net/ad/l/1?s=d027&n=386345%3B386345&t=1602503513126642570&f=262144&r=386345&adid=46938250&reid=39384801&arid=0&auid=&cn=defaultClick&et=c&_cc=&tpos=1836&cr=https%3A//alvedon.se/]]></ClickThrough>
                                        </VideoClicks>
                                        <MediaFiles>
                                            <MediaFile bitrate='2357' delivery='progressive' height='720' id='39384801' type='video/mp4' width='1280'><![CDATA[https://dni-adops-proxy-prod-adopsmediaconverter.mercury.dnitv.com/386345/644637/AlvedonS1GSAV2030_2020-10-06T06:56:37Z_1280x720.mp4]]></MediaFile>
                                            <MediaFile bitrate='5636' delivery='progressive' height='1080' id='39384802' type='video/mp4' width='1920'><![CDATA[https://dni-adops-proxy-prod-adopsmediaconverter.mercury.dnitv.com/386345/644637/AlvedonS1GSAV2030_2020-10-06T06:56:37Z_1920x1080.mp4]]></MediaFile>
                                            <MediaFile bitrate='800' delivery='progressive' height='360' id='39384803' type='video/mp4' width='640'><![CDATA[https://dni-adops-proxy-prod-adopsmediaconverter.mercury.dnitv.com/386345/644637/AlvedonS1GSAV2030_2020-10-06T06:56:37Z_640x360.mp4]]></MediaFile>
                                            <MediaFile bitrate='1265' delivery='progressive' height='480' id='39384804' type='video/mp4' width='854'><![CDATA[https://dni-adops-proxy-prod-adopsmediaconverter.mercury.dnitv.com/386345/644637/AlvedonS1GSAV2030_2020-10-06T06:56:37Z_854x480.mp4]]></MediaFile>
                                            <MediaFile bitrate='1506' delivery='progressive' height='540' id='39384805' type='video/mp4' width='960'><![CDATA[https://dni-adops-proxy-prod-adopsmediaconverter.mercury.dnitv.com/386345/644637/AlvedonS1GSAV2030_2020-10-06T06:56:37Z_960x540.mp4]]></MediaFile>
                                        </MediaFiles>
                                    </Linear>
                                </Creative>
                            </Creatives>
                            <Extensions>
                                <Extension type='FreeWheel'>
                                    <AdInfo customaid='S1GSAV2030' gid='0' cid='32790582' format='spot_standard' variant='NORMAL' exclusive='false' />
                                    <Parameter name='_fw_4AID'><![CDATA[S1GSAV2030]]></Parameter>
                                    <CreativeParameters>
                                        <CreativeParameter creativeId='8018395' name='_fw_4AID' type='Linear'><![CDATA[S1GSAV2030]]></CreativeParameter>
                                        <CreativeParameter creativeId='8018395' name='MMS_ID' type='Linear'><![CDATA[]]></CreativeParameter>
                                        <CreativeParameter creativeId='8018395' name='adobe_reporting' type='Linear'><![CDATA[advertiser_name:SE GSK;advertiser_id:644637;campaign_name:SE GSK;campaign_id:32790582;placement_name:SE Alvedon v.42-43 (433 252);placement_id:46938249;creative_name:AlvedonS1GSAV2030.mp4;creative_id:8018395]]></CreativeParameter>
                                        <CreativeParameter creativeId='8018395' name='moat' type='Linear'><![CDATA[386345;386345;644637;32790582;46938247;;46938249;48567;g11761361;g542506;1324683;118766968;DPLAYSE_SV_SE1483978920527;8018395;39384801;20;midroll;;386345:DiscoverySBS_html5_live_secure_2;cpx-non;1602503513126642570]]></CreativeParameter>
                                    </CreativeParameters>
                                </Extension>
                            </Extensions>
                        </InLine>
                    </Ad>
                    <Ad id='47692682.140264947467008' sequence='9'>
                        <InLine>
                            <AdSystem>FreeWheel</AdSystem>
                            <AdTitle>SE Riksbyggen v. 36-37 (416 667) 2020</AdTitle>
                            <Error><![CDATA[https://5e529.v.fwmrm.net/ad/l/1?s=d027&n=386345%3B386345&t=1602503513126642570&f=262144&r=386345&adid=47692682&reid=29985579&arid=0&iw=&uxnw=&uxss=&uxct=&et=e&cn=%5BERRORCODE%5D]]></Error>
                            <Impression id='FWi_47692682.0'><![CDATA[https://5e529.v.fwmrm.net/ad/l/1?s=d027&n=386345%3B386345&t=1602503513126642570&f=262144&r=386345&adid=47692682&reid=29985579&arid=0&auid=&cn=defaultImpression&et=i&_cc=47692682,29985579,,30373.39848.51807.,1602503514,1&tpos=1836&iw=&uxnw=&uxss=&uxct=&metr=121&init=1&vcid2=420f2af2f68c837b504505d7c0ee66692cdbc5f535e36d52bdd79b8884d65861&cr=https%3A//track.adform.net/adfserve/%3Fbn%3D39980637%3B1x1inv%3D1%3Bsrctype%3D3%3Bord%3D1919353073]]></Impression>
                            <Creatives>
                                <Creative AdID='47692682' id='7118399'>
                                    <Linear>
                                        <Duration>00:00:15</Duration>
                                        <TrackingEvents>
                                            <Tracking event='complete'><![CDATA[https://5e529.v.fwmrm.net/ad/l/1?s=d027&n=386345%3B386345&t=1602503513126642570&f=262144&r=386345&adid=47692682&reid=29985579&arid=0&auid=&cn=complete&et=i&_cc=&tpos=1836&init=1&iw=&uxnw=&uxss=&uxct=&metr=121]]></Tracking>
                                            <Tracking event='firstQuartile'><![CDATA[https://5e529.v.fwmrm.net/ad/l/1?s=d027&n=386345%3B386345&t=1602503513126642570&f=262144&r=386345&adid=47692682&reid=29985579&arid=0&auid=&cn=firstQuartile&et=i&_cc=&tpos=1836&init=1&iw=&uxnw=&uxss=&uxct=&metr=121]]></Tracking>
                                            <Tracking event='midpoint'><![CDATA[https://5e529.v.fwmrm.net/ad/l/1?s=d027&n=386345%3B386345&t=1602503513126642570&f=262144&r=386345&adid=47692682&reid=29985579&arid=0&auid=&cn=midPoint&et=i&_cc=&tpos=1836&init=1&iw=&uxnw=&uxss=&uxct=&metr=121]]></Tracking>
                                            <Tracking event='thirdQuartile'><![CDATA[https://5e529.v.fwmrm.net/ad/l/1?s=d027&n=386345%3B386345&t=1602503513126642570&f=262144&r=386345&adid=47692682&reid=29985579&arid=0&auid=&cn=thirdQuartile&et=i&_cc=&tpos=1836&init=1&iw=&uxnw=&uxss=&uxct=&metr=121]]></Tracking>
                                        </TrackingEvents>
                                        <VideoClicks>
                                            <ClickThrough id='FWc_47692682.0'><![CDATA[https://5e529.v.fwmrm.net/ad/l/1?s=d027&n=386345%3B386345&t=1602503513126642570&f=262144&r=386345&adid=47692682&reid=29985579&arid=0&auid=&cn=defaultClick&et=c&_cc=&tpos=1836&cr=https%3A//track.adform.net/C/%3Fbn%3D39980637]]></ClickThrough>
                                        </VideoClicks>
                                        <MediaFiles>
                                            <MediaFile bitrate='1862' delivery='progressive' height='720' id='29985579' type='video/mp4' width='1280'><![CDATA[https://dni-adops-proxy-prod-adopsmediaconverter.mercury.dnitv.com/386345/788473/Riksbyggen%20S1MQBJ1512_2020-08-07T15:17:43Z_1280x720.mp4]]></MediaFile>
                                            <MediaFile bitrate='4230' delivery='progressive' height='1080' id='29985580' type='video/mp4' width='1920'><![CDATA[https://dni-adops-proxy-prod-adopsmediaconverter.mercury.dnitv.com/386345/788473/Riksbyggen%20S1MQBJ1512_2020-08-07T15:17:43Z_1920x1080.mp4]]></MediaFile>
                                            <MediaFile bitrate='797' delivery='progressive' height='360' id='29985581' type='video/mp4' width='640'><![CDATA[https://dni-adops-proxy-prod-adopsmediaconverter.mercury.dnitv.com/386345/788473/Riksbyggen%20S1MQBJ1512_2020-08-07T15:17:43Z_640x360.mp4]]></MediaFile>
                                            <MediaFile bitrate='1115' delivery='progressive' height='480' id='29985582' type='video/mp4' width='854'><![CDATA[https://dni-adops-proxy-prod-adopsmediaconverter.mercury.dnitv.com/386345/788473/Riksbyggen%20S1MQBJ1512_2020-08-07T15:17:43Z_854x480.mp4]]></MediaFile>
                                            <MediaFile bitrate='1269' delivery='progressive' height='540' id='29985583' type='video/mp4' width='960'><![CDATA[https://dni-adops-proxy-prod-adopsmediaconverter.mercury.dnitv.com/386345/788473/Riksbyggen%20S1MQBJ1512_2020-08-07T15:17:43Z_960x540.mp4]]></MediaFile>
                                        </MediaFiles>
                                    </Linear>
                                </Creative>
                            </Creatives>
                            <Extensions>
                                <Extension type='FreeWheel'>
                                    <AdInfo customaid='S1MQBJ1512' gid='0' cid='29883034' format='spot_standard' variant='NORMAL' exclusive='false' />
                                    <Parameter name='_fw_4AID'><![CDATA[S1MQBJ1512]]></Parameter>
                                    <CreativeParameters>
                                        <CreativeParameter creativeId='7118399' name='_fw_4AID' type='Linear'><![CDATA[S1MQBJ1512]]></CreativeParameter>
                                        <CreativeParameter creativeId='7118399' name='MMS_ID' type='Linear'><![CDATA[]]></CreativeParameter>
                                        <CreativeParameter creativeId='7118399' name='adobe_reporting' type='Linear'><![CDATA[advertiser_name:SE Riksbyggen;advertiser_id:788473;campaign_name:SE Riksbyggen ;campaign_id:29883034;placement_name:SE Riksbyggen v. 36-37 (416 667) 2020;placement_id:47692681;creative_name:Riksbyggen S1MQBJ1512.mp4;creative_id:7118399]]></CreativeParameter>
                                        <CreativeParameter creativeId='7118399' name='moat' type='Linear'><![CDATA[386345;386345;788473;29883034;47692679;;47692681;48567;g11761361;g542506;1324683;118766968;DPLAYSE_SV_SE1483978920527;7118399;29985579;15;midroll;;386345:DiscoverySBS_html5_live_secure_2;cpx-non;1602503513126642570]]></CreativeParameter>
                                    </CreativeParameters>
                                </Extension>
                            </Extensions>
                        </InLine>
                    </Ad>
                    <Ad id='47080164.140264947467776' sequence='10'>
                        <InLine>
                            <AdSystem>FreeWheel</AdSystem>
                            <AdTitle>SE Samsung Top v.42-46 (576 284)</AdTitle>
                            <Error><![CDATA[https://5e529.v.fwmrm.net/ad/l/1?s=d027&n=386345%3B386345&t=1602503513126642570&f=262144&r=386345&adid=47080164&reid=31340931&arid=0&iw=&uxnw=&uxss=&uxct=&et=e&cn=%5BERRORCODE%5D]]></Error>
                            <Impression id='FWi_47080164.0'><![CDATA[https://5e529.v.fwmrm.net/ad/l/1?s=d027&n=386345%3B386345&t=1602503513126642570&f=262144&r=386345&adid=47080164&reid=31340931&arid=0&auid=&cn=defaultImpression&et=i&_cc=47080164,31340931,,30373.39848.51807.,1602503514,1&tpos=1836&iw=&uxnw=&uxss=&uxct=&metr=121&init=1&vcid2=420f2af2f68c837b504505d7c0ee66692cdbc5f535e36d52bdd79b8884d65861&cr=https%3A//ad.doubleclick.net/ddm/trackimp/N800273.2211900DPLAYSE/B24654221.282204161%3Bdc_trk_aid%3D476175935%3Bdc_trk_cid%3D137732598%3Bord%3D384777274%3Bdc_lat%3D%3Bdc_rdid%3D%3Btag_for_child_directed_treatment%3D%3Btfua%3D%3Bgdpr%3D0%3Bgdpr_consent%3D%3F]]></Impression>
                            <Creatives>
                                <Creative AdID='47080164' id='7310452'>
                                    <Linear>
                                        <Duration>00:00:30</Duration>
                                        <TrackingEvents>
                                            <Tracking event='complete'><![CDATA[https://5e529.v.fwmrm.net/ad/l/1?s=d027&n=386345%3B386345&t=1602503513126642570&f=262144&r=386345&adid=47080164&reid=31340931&arid=0&auid=&cn=complete&et=i&_cc=&tpos=1836&init=1&iw=&uxnw=&uxss=&uxct=&metr=121]]></Tracking>
                                            <Tracking event='firstQuartile'><![CDATA[https://5e529.v.fwmrm.net/ad/l/1?s=d027&n=386345%3B386345&t=1602503513126642570&f=262144&r=386345&adid=47080164&reid=31340931&arid=0&auid=&cn=firstQuartile&et=i&_cc=&tpos=1836&init=1&iw=&uxnw=&uxss=&uxct=&metr=121]]></Tracking>
                                            <Tracking event='midpoint'><![CDATA[https://5e529.v.fwmrm.net/ad/l/1?s=d027&n=386345%3B386345&t=1602503513126642570&f=262144&r=386345&adid=47080164&reid=31340931&arid=0&auid=&cn=midPoint&et=i&_cc=&tpos=1836&init=1&iw=&uxnw=&uxss=&uxct=&metr=121]]></Tracking>
                                            <Tracking event='thirdQuartile'><![CDATA[https://5e529.v.fwmrm.net/ad/l/1?s=d027&n=386345%3B386345&t=1602503513126642570&f=262144&r=386345&adid=47080164&reid=31340931&arid=0&auid=&cn=thirdQuartile&et=i&_cc=&tpos=1836&init=1&iw=&uxnw=&uxss=&uxct=&metr=121]]></Tracking>
                                        </TrackingEvents>
                                        <VideoClicks>
                                            <ClickThrough id='FWc_47080164.0'><![CDATA[https://5e529.v.fwmrm.net/ad/l/1?s=d027&n=386345%3B386345&t=1602503513126642570&f=262144&r=386345&adid=47080164&reid=31340931&arid=0&auid=&cn=defaultClick&et=c&_cc=&tpos=1836&cr=https%3A//ad.doubleclick.net/ddm/trackclk/N800273.2211900DPLAYSE/B24654221.282204161%3Bdc_trk_aid%3D476175935%3Bdc_trk_cid%3D137732598%3Bdc_lat%3D%3Bdc_rdid%3D%3Btag_for_child_directed_treatment%3D%3Btfua%3D%3Bgdpr%3D0%3Bgdpr_consent%3D]]></ClickThrough>
                                        </VideoClicks>
                                        <MediaFiles>
                                            <MediaFile bitrate='1972' delivery='progressive' height='720' id='31340931' type='video/mp4' width='1280'><![CDATA[https://dni-adops-proxy-prod-adopsmediaconverter.mercury.dnitv.com/386345/809235/Samsung%20TopS1SMSU3019_2020-09-14T11:29:41Z_1280x720.mp4]]></MediaFile>
                                            <MediaFile bitrate='3526' delivery='progressive' height='1080' id='31340932' type='video/mp4' width='1920'><![CDATA[https://dni-adops-proxy-prod-adopsmediaconverter.mercury.dnitv.com/386345/809235/Samsung%20TopS1SMSU3019_2020-09-14T11:29:41Z_1920x1080.mp4]]></MediaFile>
                                            <MediaFile bitrate='853' delivery='progressive' height='360' id='31340933' type='video/mp4' width='640'><![CDATA[https://dni-adops-proxy-prod-adopsmediaconverter.mercury.dnitv.com/386345/809235/Samsung%20TopS1SMSU3019_2020-09-14T11:29:41Z_640x360.mp4]]></MediaFile>
                                            <MediaFile bitrate='1198' delivery='progressive' height='480' id='31340934' type='video/mp4' width='854'><![CDATA[https://dni-adops-proxy-prod-adopsmediaconverter.mercury.dnitv.com/386345/809235/Samsung%20TopS1SMSU3019_2020-09-14T11:29:41Z_854x480.mp4]]></MediaFile>
                                            <MediaFile bitrate='1374' delivery='progressive' height='540' id='31340935' type='video/mp4' width='960'><![CDATA[https://dni-adops-proxy-prod-adopsmediaconverter.mercury.dnitv.com/386345/809235/Samsung%20TopS1SMSU3019_2020-09-14T11:29:41Z_960x540.mp4]]></MediaFile>
                                        </MediaFiles>
                                    </Linear>
                                </Creative>
                            </Creatives>
                            <Extensions>
                                <Extension type='FreeWheel'>
                                    <AdInfo customaid='S1SMSU3019' gid='0' cid='33035763' format='spot_standard' variant='NORMAL' exclusive='false' />
                                    <Parameter name='_fw_4AID'><![CDATA[S1SMSU3019]]></Parameter>
                                    <CreativeParameters>
                                        <CreativeParameter creativeId='7310452' name='_fw_4AID' type='Linear'><![CDATA[S1SMSU3019]]></CreativeParameter>
                                        <CreativeParameter creativeId='7310452' name='MMS_ID' type='Linear'><![CDATA[]]></CreativeParameter>
                                        <CreativeParameter creativeId='7310452' name='adobe_reporting' type='Linear'><![CDATA[advertiser_name:SE Samsung;advertiser_id:809235;campaign_name:SE Samsung;campaign_id:33035763;placement_name:SE Samsung Top v.42-46 (576 284);placement_id:47080163;creative_name:Samsung TopS1SMSU3019.mp4;creative_id:7310452]]></CreativeParameter>
                                        <CreativeParameter creativeId='7310452' name='moat' type='Linear'><![CDATA[386345;386345;809235;33035763;47080161;;47080163;48567;g11761361;g542506;1324683;118766968;DPLAYSE_SV_SE1483978920527;7310452;31340931;30;midroll;;386345:DiscoverySBS_html5_live_secure_2;cpx-non;1602503513126642570]]></CreativeParameter>
                                    </CreativeParameters>
                                </Extension>
                            </Extensions>
                        </InLine>
                    </Ad>
                    <Ad id='47865754.140265369954816' sequence='11'>
                        <InLine>
                            <AdSystem>FreeWheel</AdSystem>
                            <AdTitle>SE Biltriss v.42-44 (56 818) </AdTitle>
                            <Error><![CDATA[https://5e529.v.fwmrm.net/ad/l/1?s=d027&n=386345%3B386345&t=1602503513126642570&f=262144&r=386345&adid=47865754&reid=29705517&arid=0&iw=&uxnw=&uxss=&uxct=&et=e&cn=%5BERRORCODE%5D]]></Error>
                            <Impression id='FWi_47865754.0'><![CDATA[https://5e529.v.fwmrm.net/ad/l/1?s=d027&n=386345%3B386345&t=1602503513126642570&f=262144&r=386345&adid=47865754&reid=29705517&arid=0&auid=&cn=defaultImpression&et=i&_cc=47865754,29705517,,30373.39848.51807.,1602503514,1&tpos=1836&iw=&uxnw=&uxss=&uxct=&metr=121&init=1&vcid2=420f2af2f68c837b504505d7c0ee66692cdbc5f535e36d52bdd79b8884d65861&cr=https%3A//track.adform.net/adfserve/%3Fbn%3D40584746%3B1x1inv%3D1%3Bsrctype%3D3%3Bord%3D701616517]]></Impression>
                            <Creatives>
                                <Creative AdID='47865754' id='7076745'>
                                    <Linear>
                                        <Duration>00:00:20</Duration>
                                        <TrackingEvents>
                                            <Tracking event='complete'><![CDATA[https://5e529.v.fwmrm.net/ad/l/1?s=d027&n=386345%3B386345&t=1602503513126642570&f=262144&r=386345&adid=47865754&reid=29705517&arid=0&auid=&cn=complete&et=i&_cc=&tpos=1836&init=1&iw=&uxnw=&uxss=&uxct=&metr=121]]></Tracking>
                                            <Tracking event='firstQuartile'><![CDATA[https://5e529.v.fwmrm.net/ad/l/1?s=d027&n=386345%3B386345&t=1602503513126642570&f=262144&r=386345&adid=47865754&reid=29705517&arid=0&auid=&cn=firstQuartile&et=i&_cc=&tpos=1836&init=1&iw=&uxnw=&uxss=&uxct=&metr=121]]></Tracking>
                                            <Tracking event='midpoint'><![CDATA[https://5e529.v.fwmrm.net/ad/l/1?s=d027&n=386345%3B386345&t=1602503513126642570&f=262144&r=386345&adid=47865754&reid=29705517&arid=0&auid=&cn=midPoint&et=i&_cc=&tpos=1836&init=1&iw=&uxnw=&uxss=&uxct=&metr=121]]></Tracking>
                                            <Tracking event='thirdQuartile'><![CDATA[https://5e529.v.fwmrm.net/ad/l/1?s=d027&n=386345%3B386345&t=1602503513126642570&f=262144&r=386345&adid=47865754&reid=29705517&arid=0&auid=&cn=thirdQuartile&et=i&_cc=&tpos=1836&init=1&iw=&uxnw=&uxss=&uxct=&metr=121]]></Tracking>
                                        </TrackingEvents>
                                        <VideoClicks>
                                            <ClickThrough id='FWc_47865754.0'><![CDATA[https://5e529.v.fwmrm.net/ad/l/1?s=d027&n=386345%3B386345&t=1602503513126642570&f=262144&r=386345&adid=47865754&reid=29705517&arid=0&auid=&cn=defaultClick&et=c&_cc=&tpos=1836&cr=https%3A//track.adform.net/C/%3Fbn%3D40584746]]></ClickThrough>
                                        </VideoClicks>
                                        <MediaFiles>
                                            <MediaFile bitrate='1769' delivery='progressive' height='720' id='29705517' type='video/mp4' width='1280'><![CDATA[https://dni-adops-proxy-prod-adopsmediaconverter.mercury.dnitv.com/386345/581014/TrissS1AITR2055_2020-07-30T14:14:35Z_1280x720.mp4]]></MediaFile>
                                            <MediaFile bitrate='3147' delivery='progressive' height='1080' id='29705518' type='video/mp4' width='1920'><![CDATA[https://dni-adops-proxy-prod-adopsmediaconverter.mercury.dnitv.com/386345/581014/TrissS1AITR2055_2020-07-30T14:14:35Z_1920x1080.mp4]]></MediaFile>
                                            <MediaFile bitrate='684' delivery='progressive' height='360' id='29705519' type='video/mp4' width='640'><![CDATA[https://dni-adops-proxy-prod-adopsmediaconverter.mercury.dnitv.com/386345/581014/TrissS1AITR2055_2020-07-30T14:14:35Z_640x360.mp4]]></MediaFile>
                                            <MediaFile bitrate='994' delivery='progressive' height='480' id='29705520' type='video/mp4' width='854'><![CDATA[https://dni-adops-proxy-prod-adopsmediaconverter.mercury.dnitv.com/386345/581014/TrissS1AITR2055_2020-07-30T14:14:35Z_854x480.mp4]]></MediaFile>
                                            <MediaFile bitrate='1135' delivery='progressive' height='540' id='29705521' type='video/mp4' width='960'><![CDATA[https://dni-adops-proxy-prod-adopsmediaconverter.mercury.dnitv.com/386345/581014/TrissS1AITR2055_2020-07-30T14:14:35Z_960x540.mp4]]></MediaFile>
                                        </MediaFiles>
                                    </Linear>
                                </Creative>
                            </Creatives>
                            <Extensions>
                                <Extension type='FreeWheel'>
                                    <AdInfo customaid='S1AITR2055' gid='0' cid='37719928' format='spot_standard' variant='NORMAL' exclusive='false' />
                                    <Parameter name='_fw_4AID'><![CDATA[S1AITR2055]]></Parameter>
                                    <CreativeParameters>
                                        <CreativeParameter creativeId='7076745' name='_fw_4AID' type='Linear'><![CDATA[S1AITR2055]]></CreativeParameter>
                                        <CreativeParameter creativeId='7076745' name='MMS_ID' type='Linear'><![CDATA[]]></CreativeParameter>
                                        <CreativeParameter creativeId='7076745' name='adobe_reporting' type='Linear'><![CDATA[advertiser_name:SE SVENSKA SPEL;advertiser_id:581014;campaign_name:SE Svenska Spel;campaign_id:37719928;placement_name:SE Biltriss v.42-44 (56 818) ;placement_id:47865753;creative_name:TrissS1AITR2055.mp4;creative_id:7076745]]></CreativeParameter>
                                        <CreativeParameter creativeId='7076745' name='moat' type='Linear'><![CDATA[386345;386345;581014;37719928;47865751;;47865753;48567;g11761361;g542506;1324683;118766968;DPLAYSE_SV_SE1483978920527;7076745;29705517;20;midroll;;386345:DiscoverySBS_html5_live_secure_2;cpx-non;1602503513126642570]]></CreativeParameter>
                                    </CreativeParameters>
                                </Extension>
                            </Extensions>
                        </InLine>
                    </Ad>
                    <Ad id='47440143.140265369952512' sequence='12'>
                        <InLine>
                            <AdSystem>FreeWheel</AdSystem>
                            <AdTitle>SE Tre Samla v.40-43 (212 287) 15&quot; 46%/10&quot;54%</AdTitle>
                            <Error><![CDATA[https://5e529.v.fwmrm.net/ad/l/1?s=d027&n=386345%3B386345&t=1602503513126642570&f=262144&r=386345&adid=47440143&reid=22950965&arid=0&iw=&uxnw=&uxss=&uxct=&et=e&cn=%5BERRORCODE%5D]]></Error>
                            <Impression id='FWi_47440143.0'><![CDATA[https://5e529.v.fwmrm.net/ad/l/1?s=d027&n=386345%3B386345&t=1602503513126642570&f=262144&r=386345&adid=47440143&reid=22950965&arid=0&auid=&cn=defaultImpression&et=i&_cc=47440143,22950965,,30373.39848.51807.,1602503514,1&tpos=1836&iw=&uxnw=&uxss=&uxct=&metr=121&init=1&vcid2=420f2af2f68c837b504505d7c0ee66692cdbc5f535e36d52bdd79b8884d65861&cr=https%3A//ad.doubleclick.net/ddm/trackimp/N444802.2211900DPLAYSE/B23718238.282505146%3Bdc_trk_aid%3D476471982%3Bdc_trk_cid%3D127962977%3Bord%3D585917300%3Bdc_lat%3D%3Bdc_rdid%3D%3Btag_for_child_directed_treatment%3D%3Btfua%3D%3Bgdpr%3D0%3Bgdpr_consent%3D%3F]]></Impression>
                            <Creatives>
                                <Creative AdID='47440143' id='6143601'>
                                    <Linear>
                                        <Duration>00:00:10</Duration>
                                        <TrackingEvents>
                                            <Tracking event='complete'><![CDATA[https://5e529.v.fwmrm.net/ad/l/1?s=d027&n=386345%3B386345&t=1602503513126642570&f=262144&r=386345&adid=47440143&reid=22950965&arid=0&auid=&cn=complete&et=i&_cc=&tpos=1836&init=1&iw=&uxnw=&uxss=&uxct=&metr=121]]></Tracking>
                                            <Tracking event='firstQuartile'><![CDATA[https://5e529.v.fwmrm.net/ad/l/1?s=d027&n=386345%3B386345&t=1602503513126642570&f=262144&r=386345&adid=47440143&reid=22950965&arid=0&auid=&cn=firstQuartile&et=i&_cc=&tpos=1836&init=1&iw=&uxnw=&uxss=&uxct=&metr=121]]></Tracking>
                                            <Tracking event='midpoint'><![CDATA[https://5e529.v.fwmrm.net/ad/l/1?s=d027&n=386345%3B386345&t=1602503513126642570&f=262144&r=386345&adid=47440143&reid=22950965&arid=0&auid=&cn=midPoint&et=i&_cc=&tpos=1836&init=1&iw=&uxnw=&uxss=&uxct=&metr=121]]></Tracking>
                                            <Tracking event='thirdQuartile'><![CDATA[https://5e529.v.fwmrm.net/ad/l/1?s=d027&n=386345%3B386345&t=1602503513126642570&f=262144&r=386345&adid=47440143&reid=22950965&arid=0&auid=&cn=thirdQuartile&et=i&_cc=&tpos=1836&init=1&iw=&uxnw=&uxss=&uxct=&metr=121]]></Tracking>
                                        </TrackingEvents>
                                        <VideoClicks>
                                            <ClickThrough id='FWc_47440143.0'><![CDATA[https://5e529.v.fwmrm.net/ad/l/1?s=d027&n=386345%3B386345&t=1602503513126642570&f=262144&r=386345&adid=47440143&reid=22950965&arid=0&auid=&cn=defaultClick&et=c&_cc=&tpos=1836&cr=https%3A//ad.doubleclick.net/ddm/trackclk/N444802.2211900DPLAYSE/B23718238.282505146%3Bdc_trk_aid%3D476471982%3Bdc_trk_cid%3D127962977%3Bdc_lat%3D%3Bdc_rdid%3D%3Btag_for_child_directed_treatment%3D%3Btfua%3D%3Bgdpr%3D0%3Bgdpr_consent%3D]]></ClickThrough>
                                        </VideoClicks>
                                        <MediaFiles>
                                            <MediaFile bitrate='4202' delivery='progressive' height='720' id='22950965' type='video/mp4' width='1280'><![CDATA[https://dni-adops-proxy-prod-adopsmediaconverter.mercury.dnitv.com/386345/660446/Tre%20S1TJMO1029_2019-12-27T16:13:40Z_1280x720.mp4]]></MediaFile>
                                            <MediaFile bitrate='7590' delivery='progressive' height='1080' id='22950966' type='video/mp4' width='1920'><![CDATA[https://dni-adops-proxy-prod-adopsmediaconverter.mercury.dnitv.com/386345/660446/Tre%20S1TJMO1029_2019-12-27T16:13:40Z_1920x1080.mp4]]></MediaFile>
                                            <MediaFile bitrate='1495' delivery='progressive' height='360' id='22950967' type='video/mp4' width='640'><![CDATA[https://dni-adops-proxy-prod-adopsmediaconverter.mercury.dnitv.com/386345/660446/Tre%20S1TJMO1029_2019-12-27T16:13:40Z_640x360.mp4]]></MediaFile>
                                            <MediaFile bitrate='2433' delivery='progressive' height='480' id='22950968' type='video/mp4' width='854'><![CDATA[https://dni-adops-proxy-prod-adopsmediaconverter.mercury.dnitv.com/386345/660446/Tre%20S1TJMO1029_2019-12-27T16:13:40Z_854x480.mp4]]></MediaFile>
                                            <MediaFile bitrate='2747' delivery='progressive' height='540' id='22950969' type='video/mp4' width='960'><![CDATA[https://dni-adops-proxy-prod-adopsmediaconverter.mercury.dnitv.com/386345/660446/Tre%20S1TJMO1029_2019-12-27T16:13:40Z_960x540.mp4]]></MediaFile>
                                        </MediaFiles>
                                    </Linear>
                                </Creative>
                            </Creatives>
                            <Extensions>
                                <Extension type='FreeWheel'>
                                    <AdInfo customaid='S1TJMO1029' gid='0' cid='37859794' format='spot_standard' variant='NORMAL' exclusive='false' />
                                    <Parameter name='_fw_4AID'><![CDATA[S1TJMO1029]]></Parameter>
                                    <CreativeParameters>
                                        <CreativeParameter creativeId='6143601' name='_fw_4AID' type='Linear'><![CDATA[S1TJMO1029]]></CreativeParameter>
                                        <CreativeParameter creativeId='6143601' name='MMS_ID' type='Linear'><![CDATA[]]></CreativeParameter>
                                        <CreativeParameter creativeId='6143601' name='adobe_reporting' type='Linear'><![CDATA[advertiser_name:SE TRE;advertiser_id:660446;campaign_name:SE Tre;campaign_id:37859794;placement_name:SE Tre Samla v.40-43 (212 287) 15" 46%/10"54%;placement_id:47440142;creative_name:Tre S1TJMO1029.mp4;creative_id:6143601]]></CreativeParameter>
                                        <CreativeParameter creativeId='6143601' name='moat' type='Linear'><![CDATA[386345;386345;660446;37859794;47440136;;47440142;48567;g11761361;g542506;1324683;118766968;DPLAYSE_SV_SE1483978920527;6143601;22950965;10;midroll;;386345:DiscoverySBS_html5_live_secure_2;cpx-non;1602503513126642570]]></CreativeParameter>
                                    </CreativeParameters>
                                </Extension>
                            </Extensions>
                        </InLine>
                    </Ad>
                    <Ad id='47195514.140265369950208' sequence='13'>
                        <InLine>
                            <AdSystem>FreeWheel</AdSystem>
                            <AdTitle>SE Proviva v.41-44 (833 333)</AdTitle>
                            <Error><![CDATA[https://5e529.v.fwmrm.net/ad/l/1?s=d027&n=386345%3B386345&t=1602503513126642570&f=262144&r=386345&adid=47195514&reid=26906882&arid=0&iw=&uxnw=&uxss=&uxct=&et=e&cn=%5BERRORCODE%5D]]></Error>
                            <Impression id='FWi_47195514.0'><![CDATA[https://5e529.v.fwmrm.net/ad/l/1?s=d027&n=386345%3B386345&t=1602503513126642570&f=262144&r=386345&adid=47195514&reid=26906882&arid=0&auid=&cn=defaultImpression&et=i&_cc=47195514,26906882,,30373.39848.51807.,1602503514,1&tpos=1836&iw=&uxnw=&uxss=&uxct=&metr=121&init=1&vcid2=420f2af2f68c837b504505d7c0ee66692cdbc5f535e36d52bdd79b8884d65861&cr=https%3A//visitanalytics.userreport.com/hit.gif%3Ft%3DMCSee4c85e1]]></Impression>
                            <Creatives>
                                <Creative AdID='47195514' id='6821099'>
                                    <Linear>
                                        <Duration>00:00:15</Duration>
                                        <TrackingEvents>
                                            <Tracking event='complete'><![CDATA[https://5e529.v.fwmrm.net/ad/l/1?s=d027&n=386345%3B386345&t=1602503513126642570&f=262144&r=386345&adid=47195514&reid=26906882&arid=0&auid=&cn=complete&et=i&_cc=&tpos=1836&init=1&iw=&uxnw=&uxss=&uxct=&metr=121]]></Tracking>
                                            <Tracking event='firstQuartile'><![CDATA[https://5e529.v.fwmrm.net/ad/l/1?s=d027&n=386345%3B386345&t=1602503513126642570&f=262144&r=386345&adid=47195514&reid=26906882&arid=0&auid=&cn=firstQuartile&et=i&_cc=&tpos=1836&init=1&iw=&uxnw=&uxss=&uxct=&metr=121]]></Tracking>
                                            <Tracking event='midpoint'><![CDATA[https://5e529.v.fwmrm.net/ad/l/1?s=d027&n=386345%3B386345&t=1602503513126642570&f=262144&r=386345&adid=47195514&reid=26906882&arid=0&auid=&cn=midPoint&et=i&_cc=&tpos=1836&init=1&iw=&uxnw=&uxss=&uxct=&metr=121]]></Tracking>
                                            <Tracking event='thirdQuartile'><![CDATA[https://5e529.v.fwmrm.net/ad/l/1?s=d027&n=386345%3B386345&t=1602503513126642570&f=262144&r=386345&adid=47195514&reid=26906882&arid=0&auid=&cn=thirdQuartile&et=i&_cc=&tpos=1836&init=1&iw=&uxnw=&uxss=&uxct=&metr=121]]></Tracking>
                                        </TrackingEvents>
                                        <VideoClicks>
                                            <ClickThrough id='FWc_47195514.0'><![CDATA[https://5e529.v.fwmrm.net/ad/l/1?s=d027&n=386345%3B386345&t=1602503513126642570&f=262144&r=386345&adid=47195514&reid=26906882&arid=0&auid=&cn=defaultClick&et=c&_cc=&tpos=1836&cr=http%3A//www.proviva.se/]]></ClickThrough>
                                        </VideoClicks>
                                        <MediaFiles>
                                            <MediaFile bitrate='1961' delivery='progressive' height='720' id='26906882' type='video/mp4' width='1280'><![CDATA[https://dni-adops-proxy-prod-adopsmediaconverter.mercury.dnitv.com/386345/850787/ProvivaS1XNPV1511_2020-06-02T10:20:24Z_1280x720.mp4]]></MediaFile>
                                            <MediaFile bitrate='4100' delivery='progressive' height='1080' id='26906883' type='video/mp4' width='1920'><![CDATA[https://dni-adops-proxy-prod-adopsmediaconverter.mercury.dnitv.com/386345/850787/ProvivaS1XNPV1511_2020-06-02T10:20:24Z_1920x1080.mp4]]></MediaFile>
                                            <MediaFile bitrate='820' delivery='progressive' height='360' id='26906884' type='video/mp4' width='640'><![CDATA[https://dni-adops-proxy-prod-adopsmediaconverter.mercury.dnitv.com/386345/850787/ProvivaS1XNPV1511_2020-06-02T10:20:24Z_640x360.mp4]]></MediaFile>
                                            <MediaFile bitrate='1137' delivery='progressive' height='480' id='26906885' type='video/mp4' width='854'><![CDATA[https://dni-adops-proxy-prod-adopsmediaconverter.mercury.dnitv.com/386345/850787/ProvivaS1XNPV1511_2020-06-02T10:20:24Z_854x480.mp4]]></MediaFile>
                                            <MediaFile bitrate='1317' delivery='progressive' height='540' id='26906886' type='video/mp4' width='960'><![CDATA[https://dni-adops-proxy-prod-adopsmediaconverter.mercury.dnitv.com/386345/850787/ProvivaS1XNPV1511_2020-06-02T10:20:24Z_960x540.mp4]]></MediaFile>
                                        </MediaFiles>
                                    </Linear>
                                </Creative>
                            </Creatives>
                            <Extensions>
                                <Extension type='FreeWheel'>
                                    <AdInfo customaid='S1XNPV1511' gid='0' cid='44586226' format='spot_standard' variant='NORMAL' exclusive='false' />
                                    <Parameter name='_fw_4AID'><![CDATA[S1XNPV1511]]></Parameter>
                                    <CreativeParameters>
                                        <CreativeParameter creativeId='6821099' name='_fw_4AID' type='Linear'><![CDATA[S1XNPV1511]]></CreativeParameter>
                                        <CreativeParameter creativeId='6821099' name='MMS_ID' type='Linear'><![CDATA[]]></CreativeParameter>
                                        <CreativeParameter creativeId='6821099' name='adobe_reporting' type='Linear'><![CDATA[advertiser_name:SE Danone;advertiser_id:850787;campaign_name:SE Danone;campaign_id:44586226;placement_name:SE Proviva v.41-44 (833 333);placement_id:47195513;creative_name:ProvivaS1XNPV1511.mp4;creative_id:6821099]]></CreativeParameter>
                                        <CreativeParameter creativeId='6821099' name='moat' type='Linear'><![CDATA[386345;386345;850787;44586226;47195507;;47195513;48567;g11761361;g542506;1324683;118766968;DPLAYSE_SV_SE1483978920527;6821099;26906882;15;midroll;;386345:DiscoverySBS_html5_live_secure_2;cpx-non;1602503513126642570]]></CreativeParameter>
                                    </CreativeParameters>
                                </Extension>
                            </Extensions>
                        </InLine>
                    </Ad>
                    <Ad id='47139334.140265369947904' sequence='14'>
                        <InLine>
                            <AdSystem>FreeWheel</AdSystem>
                            <AdTitle>SE Lindemans v.41-44 (414 625) </AdTitle>
                            <Error><![CDATA[https://5e529.v.fwmrm.net/ad/l/1?s=d027&n=386345%3B386345&t=1602503513126642570&f=262144&r=386345&adid=47139334&reid=35956346&arid=0&iw=&uxnw=&uxss=&uxct=&et=e&cn=%5BERRORCODE%5D]]></Error>
                            <Impression id='FWi_47139334.0'><![CDATA[https://5e529.v.fwmrm.net/ad/l/1?s=d027&n=386345%3B386345&t=1602503513126642570&f=262144&r=386345&adid=47139334&reid=35956346&arid=0&auid=&cn=defaultImpression&et=i&_cc=47139334,35956346,,30373.39848.51807.,1602503514,1&tpos=1836&iw=&uxnw=&uxss=&uxct=&metr=121&init=1&vcid2=420f2af2f68c837b504505d7c0ee66692cdbc5f535e36d52bdd79b8884d65861&cr=https%3A//visitanalytics.userreport.com/hit.gif%3Ft%3DMCS53468bbe]]></Impression>
                            <Creatives>
                                <Creative AdID='47139334' id='7694222'>
                                    <Linear>
                                        <Duration>00:00:15</Duration>
                                        <TrackingEvents>
                                            <Tracking event='complete'><![CDATA[https://5e529.v.fwmrm.net/ad/l/1?s=d027&n=386345%3B386345&t=1602503513126642570&f=262144&r=386345&adid=47139334&reid=35956346&arid=0&auid=&cn=complete&et=i&_cc=&tpos=1836&init=1&iw=&uxnw=&uxss=&uxct=&metr=121]]></Tracking>
                                            <Tracking event='firstQuartile'><![CDATA[https://5e529.v.fwmrm.net/ad/l/1?s=d027&n=386345%3B386345&t=1602503513126642570&f=262144&r=386345&adid=47139334&reid=35956346&arid=0&auid=&cn=firstQuartile&et=i&_cc=&tpos=1836&init=1&iw=&uxnw=&uxss=&uxct=&metr=121]]></Tracking>
                                            <Tracking event='midpoint'><![CDATA[https://5e529.v.fwmrm.net/ad/l/1?s=d027&n=386345%3B386345&t=1602503513126642570&f=262144&r=386345&adid=47139334&reid=35956346&arid=0&auid=&cn=midPoint&et=i&_cc=&tpos=1836&init=1&iw=&uxnw=&uxss=&uxct=&metr=121]]></Tracking>
                                            <Tracking event='thirdQuartile'><![CDATA[https://5e529.v.fwmrm.net/ad/l/1?s=d027&n=386345%3B386345&t=1602503513126642570&f=262144&r=386345&adid=47139334&reid=35956346&arid=0&auid=&cn=thirdQuartile&et=i&_cc=&tpos=1836&init=1&iw=&uxnw=&uxss=&uxct=&metr=121]]></Tracking>
                                        </TrackingEvents>
                                        <VideoClicks>
                                            <ClickThrough id='FWc_47139334.0'><![CDATA[https://5e529.v.fwmrm.net/ad/l/1?s=d027&n=386345%3B386345&t=1602503513126642570&f=262144&r=386345&adid=47139334&reid=35956346&arid=0&auid=&cn=defaultClick&et=c&_cc=&tpos=1836&cr=https%3A//www.systembolaget.se/sok-dryck/%3Fsearchquery%3DLindeman%2527s%2520Bin%26bottletypegroup%3DL%25C3%25A4ttare%2520glasflaska%26fullassortment%3D1]]></ClickThrough>
                                            <ClickTracking id='FWc_47139334.0.1'><![CDATA[https://visitanalytics.userreport.com/hit.gif?t=MCS53468bbe&event=click]]></ClickTracking>
                                        </VideoClicks>
                                        <MediaFiles>
                                            <MediaFile bitrate='3562' delivery='progressive' height='720' id='35956346' type='video/mp4' width='1280'><![CDATA[https://dni-adops-proxy-prod-adopsmediaconverter.mercury.dnitv.com/386345/581031/LindemansS1ZGLI1520_2020-09-22T07:32:29Z_1280x720.mp4]]></MediaFile>
                                            <MediaFile bitrate='6515' delivery='progressive' height='1080' id='35956347' type='video/mp4' width='1920'><![CDATA[https://dni-adops-proxy-prod-adopsmediaconverter.mercury.dnitv.com/386345/581031/LindemansS1ZGLI1520_2020-09-22T07:32:29Z_1920x1080.mp4]]></MediaFile>
                                            <MediaFile bitrate='1454' delivery='progressive' height='360' id='35956348' type='video/mp4' width='640'><![CDATA[https://dni-adops-proxy-prod-adopsmediaconverter.mercury.dnitv.com/386345/581031/LindemansS1ZGLI1520_2020-09-22T07:32:29Z_640x360.mp4]]></MediaFile>
                                            <MediaFile bitrate='2135' delivery='progressive' height='480' id='35956349' type='video/mp4' width='854'><![CDATA[https://dni-adops-proxy-prod-adopsmediaconverter.mercury.dnitv.com/386345/581031/LindemansS1ZGLI1520_2020-09-22T07:32:29Z_854x480.mp4]]></MediaFile>
                                            <MediaFile bitrate='2454' delivery='progressive' height='540' id='35956350' type='video/mp4' width='960'><![CDATA[https://dni-adops-proxy-prod-adopsmediaconverter.mercury.dnitv.com/386345/581031/LindemansS1ZGLI1520_2020-09-22T07:32:29Z_960x540.mp4]]></MediaFile>
                                        </MediaFiles>
                                    </Linear>
                                </Creative>
                            </Creatives>
                            <Extensions>
                                <Extension type='FreeWheel'>
                                    <AdInfo customaid='S1ZGLI1520' gid='0' cid='47139324' format='spot_standard' variant='NORMAL' exclusive='false' />
                                    <Parameter name='_fw_4AID'><![CDATA[S1ZGLI1520]]></Parameter>
                                    <CreativeParameters>
                                        <CreativeParameter creativeId='7694222' name='_fw_4AID' type='Linear'><![CDATA[S1ZGLI1520]]></CreativeParameter>
                                        <CreativeParameter creativeId='7694222' name='MMS_ID' type='Linear'><![CDATA[]]></CreativeParameter>
                                        <CreativeParameter creativeId='7694222' name='adobe_reporting' type='Linear'><![CDATA[advertiser_name:SE TREASURY WINE ESTATE;advertiser_id:581031;campaign_name:SE Treasury Wine Estate;campaign_id:47139324;placement_name:SE Lindemans v.41-44 (414 625) ;placement_id:47139327;creative_name:LindemansS1ZGLI1520.mp4;creative_id:7694222]]></CreativeParameter>
                                        <CreativeParameter creativeId='7694222' name='moat' type='Linear'><![CDATA[386345;386345;581031;47139324;47139325;;47139327;48567;g11761361;g542506;1324683;118766968;DPLAYSE_SV_SE1483978920527;7694222;35956346;15;midroll;;386345:DiscoverySBS_html5_live_secure_2;cpx-non;1602503513126642570]]></CreativeParameter>
                                    </CreativeParameters>
                                </Extension>
                            </Extensions>
                        </InLine>
                    </Ad>
                    <Ad id='40737044.140265369956352' sequence='15'>
                        <Wrapper>
                            <AdSystem>FreeWheel</AdSystem>
                            <VASTAdTagURI><![CDATA[https://pubads.g.doubleclick.net/gampad/ads?iu=/21921738845/dplay_se_web/dplay_se_web_midroll_bumper_last&description_url=http%3A%2F%2Fwww.dplay.se&tfcd=0&npa=0&sz=640x480&max_ad_duration=6000&gdfp_req=1&output=vast&unviewed_position_start=1&env=vp&correlator=709&scor=725&vpmute=0&vpa=0&vad_format=linear&url=http%3A%2F%2Fwww.dplay.se&vpos=midroll&videoad_start_delay=null&paln=]]></VASTAdTagURI>
                            <Error><![CDATA[https://5e529.v.fwmrm.net/ad/l/1?s=d027&n=386345%3B386345&t=1602503513126642570&f=262144&r=386345&adid=40737044&reid=24906314&arid=1&iw=&uxnw=&uxss=&uxct=&et=e&cn=%5BERRORCODE%5D]]></Error>
                            <Impression><![CDATA[https://5e529.v.fwmrm.net/ad/l/1?s=d027&n=386345%3B386345&t=1602503513126642570&f=262144&r=386345&adid=40737044&reid=24906314&arid=1&auid=&cn=defaultImpression&et=i&_cc=40737044,24906314,51809.,30373.39848.41355.51807.51809.,1602503514,1&tpos=1836&iw=&uxnw=&uxss=&uxct=&metr=121&init=1&vcid2=420f2af2f68c837b504505d7c0ee66692cdbc5f535e36d52bdd79b8884d65861&cr=]]></Impression>
                            <Creatives>
                                <Creative AdID='40737044' id='6488977'>
                                    <Linear>
                                        <TrackingEvents>
                                            <Tracking event='complete'><![CDATA[https://5e529.v.fwmrm.net/ad/l/1?s=d027&n=386345%3B386345&t=1602503513126642570&f=262144&r=386345&adid=40737044&reid=24906314&arid=1&auid=&cn=complete&et=i&_cc=&tpos=1836&init=1&iw=&uxnw=&uxss=&uxct=&metr=121]]></Tracking>
                                            <Tracking event='firstQuartile'><![CDATA[https://5e529.v.fwmrm.net/ad/l/1?s=d027&n=386345%3B386345&t=1602503513126642570&f=262144&r=386345&adid=40737044&reid=24906314&arid=1&auid=&cn=firstQuartile&et=i&_cc=&tpos=1836&init=1&iw=&uxnw=&uxss=&uxct=&metr=121]]></Tracking>
                                            <Tracking event='midpoint'><![CDATA[https://5e529.v.fwmrm.net/ad/l/1?s=d027&n=386345%3B386345&t=1602503513126642570&f=262144&r=386345&adid=40737044&reid=24906314&arid=1&auid=&cn=midPoint&et=i&_cc=&tpos=1836&init=1&iw=&uxnw=&uxss=&uxct=&metr=121]]></Tracking>
                                            <Tracking event='thirdQuartile'><![CDATA[https://5e529.v.fwmrm.net/ad/l/1?s=d027&n=386345%3B386345&t=1602503513126642570&f=262144&r=386345&adid=40737044&reid=24906314&arid=1&auid=&cn=thirdQuartile&et=i&_cc=&tpos=1836&init=1&iw=&uxnw=&uxss=&uxct=&metr=121]]></Tracking>
                                        </TrackingEvents>
                                        <VideoClicks>
                                            <ClickTracking id='FWc_40737044.1'><![CDATA[https://5e529.v.fwmrm.net/ad/l/1?s=d027&n=386345%3B386345&t=1602503513126642570&f=262144&r=386345&adid=40737044&reid=24906314&arid=1&auid=&cn=defaultClick&et=c&_cc=&tpos=1836&cr=]]></ClickTracking>
                                        </VideoClicks>
                                    </Linear>
                                </Creative>
                            </Creatives>
                            <Extensions>
                                <Extension type='FreeWheel'>
                                    <AdInfo customaid='' gid='0' cid=';placeme' format='spot_standard' variant='NORMAL' exclusive='false' />
                                    <CreativeParameters>
                                        <CreativeParameter creativeId='6488977' name='translator.vast.loadWithCookie' type='Linear'><![CDATA[1]]></CreativeParameter>
                                        <CreativeParameter creativeId='6488977' name='MMS_ID' type='Linear'><![CDATA[]]></CreativeParameter>
                                        <CreativeParameter creativeId='6488977' name='adobe_reporting' type='Linear'><![CDATA[advertiser_name:;advertiser_id:;campaign_name:;campaign_id:;placement_name:DPLAY SE | Web | Midroll Bumper Last;placement_id:40737043;creative_name:DPLAY SE | Web | Midroll Bumper Last;creative_id:6488977]]></CreativeParameter>
                                        <CreativeParameter creativeId='6488977' name='moat' type='Linear'><![CDATA[386345;386345;;;;;40737043;56784;g11761361;g542506;1324683;118766968;DPLAYSE_SV_SE1483978920527;6488977;24906314;7;midroll;;386345:DiscoverySBS_html5_live_secure_2;cpx-non;1602503513126642570]]></CreativeParameter>
                                    </CreativeParameters>
                                </Extension>
                            </Extensions>
                        </Wrapper>
                    </Ad>
                    <Ad id='47374983.140265369950976' sequence='16'>
                        <InLine>
                            <AdSystem>FreeWheel</AdSystem>
                            <AdTitle>Splash: streama nu</AdTitle>
                            <Error><![CDATA[https://5e529.v.fwmrm.net/ad/l/1?s=d027&n=386345%3B386345&t=1602503513126642570&f=262144&r=386345&adid=47374983&reid=35135634&arid=0&iw=&uxnw=&uxss=&uxct=&et=e&cn=%5BERRORCODE%5D]]></Error>
                            <Impression id='FWi_47374983.0'><![CDATA[https://5e529.v.fwmrm.net/ad/l/1?s=d027&n=386345%3B386345&t=1602503513126642570&f=262144&r=386345&adid=47374983&reid=35135634&arid=0&auid=&cn=defaultImpression&et=i&_cc=47374983,35135634,,30373.39848.51807.,1602503514,1&tpos=1836&iw=&uxnw=&uxss=&uxct=&metr=121&init=1&vcid2=420f2af2f68c837b504505d7c0ee66692cdbc5f535e36d52bdd79b8884d65861&cr=]]></Impression>
                            <Creatives>
                                <Creative AdID='47374983' id='7620894'>
                                    <Linear>
                                        <Duration>00:00:30</Duration>
                                        <TrackingEvents>
                                            <Tracking event='complete'><![CDATA[https://5e529.v.fwmrm.net/ad/l/1?s=d027&n=386345%3B386345&t=1602503513126642570&f=262144&r=386345&adid=47374983&reid=35135634&arid=0&auid=&cn=complete&et=i&_cc=&tpos=1836&init=1&iw=&uxnw=&uxss=&uxct=&metr=121]]></Tracking>
                                            <Tracking event='firstQuartile'><![CDATA[https://5e529.v.fwmrm.net/ad/l/1?s=d027&n=386345%3B386345&t=1602503513126642570&f=262144&r=386345&adid=47374983&reid=35135634&arid=0&auid=&cn=firstQuartile&et=i&_cc=&tpos=1836&init=1&iw=&uxnw=&uxss=&uxct=&metr=121]]></Tracking>
                                            <Tracking event='midpoint'><![CDATA[https://5e529.v.fwmrm.net/ad/l/1?s=d027&n=386345%3B386345&t=1602503513126642570&f=262144&r=386345&adid=47374983&reid=35135634&arid=0&auid=&cn=midPoint&et=i&_cc=&tpos=1836&init=1&iw=&uxnw=&uxss=&uxct=&metr=121]]></Tracking>
                                            <Tracking event='thirdQuartile'><![CDATA[https://5e529.v.fwmrm.net/ad/l/1?s=d027&n=386345%3B386345&t=1602503513126642570&f=262144&r=386345&adid=47374983&reid=35135634&arid=0&auid=&cn=thirdQuartile&et=i&_cc=&tpos=1836&init=1&iw=&uxnw=&uxss=&uxct=&metr=121]]></Tracking>
                                        </TrackingEvents>
                                        <VideoClicks>
                                            <ClickTracking id='FWc_47374983.0'><![CDATA[https://5e529.v.fwmrm.net/ad/l/1?s=d027&n=386345%3B386345&t=1602503513126642570&f=262144&r=386345&adid=47374983&reid=35135634&arid=0&auid=&cn=defaultClick&et=c&_cc=&tpos=1836&cr=]]></ClickTracking>
                                        </VideoClicks>
                                        <MediaFiles>
                                            <MediaFile bitrate='4769' delivery='progressive' height='720' id='35135634' type='video/mp4' width='1280'><![CDATA[https://dni-adops-proxy-prod-adopsmediaconverter.mercury.dnitv.com/386345/606323/dp_splash_s01_gen01_2020_30_crea1_stream_now_2020-09-21T11:06:32Z_1280x720.mp4]]></MediaFile>
                                            <MediaFile bitrate='7945' delivery='progressive' height='1080' id='35135635' type='video/mp4' width='1920'><![CDATA[https://dni-adops-proxy-prod-adopsmediaconverter.mercury.dnitv.com/386345/606323/dp_splash_s01_gen01_2020_30_crea1_stream_now_2020-09-21T11:06:32Z_1920x1080.mp4]]></MediaFile>
                                            <MediaFile bitrate='1717' delivery='progressive' height='360' id='35135636' type='video/mp4' width='640'><![CDATA[https://dni-adops-proxy-prod-adopsmediaconverter.mercury.dnitv.com/386345/606323/dp_splash_s01_gen01_2020_30_crea1_stream_now_2020-09-21T11:06:32Z_640x360.mp4]]></MediaFile>
                                            <MediaFile bitrate='2625' delivery='progressive' height='480' id='35135637' type='video/mp4' width='854'><![CDATA[https://dni-adops-proxy-prod-adopsmediaconverter.mercury.dnitv.com/386345/606323/dp_splash_s01_gen01_2020_30_crea1_stream_now_2020-09-21T11:06:32Z_854x480.mp4]]></MediaFile>
                                            <MediaFile bitrate='3091' delivery='progressive' height='540' id='35135638' type='video/mp4' width='960'><![CDATA[https://dni-adops-proxy-prod-adopsmediaconverter.mercury.dnitv.com/386345/606323/dp_splash_s01_gen01_2020_30_crea1_stream_now_2020-09-21T11:06:32Z_960x540.mp4]]></MediaFile>
                                        </MediaFiles>
                                    </Linear>
                                </Creative>
                            </Creatives>
                            <Extensions>
                                <Extension type='FreeWheel'>
                                    <AdInfo customaid='' gid='0' cid='13112689' format='spot_standard' variant='NORMAL' exclusive='false' />
                                    <Parameter name='_fw_4AID'><![CDATA[Promo]]></Parameter>
                                    <CreativeParameters>
                                        <CreativeParameter creativeId='7620894' name='_fw_4AID' type='Linear'><![CDATA[Promo]]></CreativeParameter>
                                        <CreativeParameter creativeId='7620894' name='MMS_ID' type='Linear'><![CDATA[promo]]></CreativeParameter>
                                        <CreativeParameter creativeId='7620894' name='adobe_reporting' type='Linear'><![CDATA[advertiser_name:SE Promos Dplay;advertiser_id:606323;campaign_name:SE Promos Dplay;campaign_id:13112689;placement_name:Splash: streama nu;placement_id:47374982;creative_name:dp_splash_s01_gen01_2020_30_crea1_stream_now.mp4;creative_id:7620894]]></CreativeParameter>
                                        <CreativeParameter creativeId='7620894' name='moat' type='Linear'><![CDATA[386345;386345;606323;13112689;47374978;promo;47374982;48568;g11761361;g542506;1324683;118766968;DPLAYSE_SV_SE1483978920527;7620894;35135634;30;midroll;;386345:DiscoverySBS_html5_live_secure_2;cpx-non;1602503513126642570]]></CreativeParameter>
                                    </CreativeParameters>
                                </Extension>
                            </Extensions>
                        </InLine>
                    </Ad>
                </VAST>
            </vmap:VASTAdData>
        </vmap:AdSource>
        <vmap:TrackingEvents>
            <vmap:Tracking event='breakStart'><![CDATA[https://5e529.v.fwmrm.net/ad/l/1?s=d027&n=386345%3B386345&t=1602503513126642570&f=262144&cn=slotImpression&et=i&tpos=1836&init=1&slid=18,19,20,21,22,23,24]]></vmap:Tracking>
            <vmap:Tracking event='breakEnd'><![CDATA[https://5e529.v.fwmrm.net/ad/l/1?s=d027&n=386345%3B386345&t=1602503513126642570&f=262144&cn=slotEnd&et=i&tpos=1836&init=1&slid=18,19,20,21,22,23,24]]></vmap:Tracking>
        </vmap:TrackingEvents>
    </vmap:AdBreak>
    <vmap:AdBreak breakId='0.0.0.31416472' breakType='linear' timeOffset='start'>
        <vmap:AdSource allowMultipleAds='true' followRedirects='true' id='4'>
            <vmap:VASTAdData>
                <VAST version='3.0'
                    xmlns:xsi='http://www.w3.org/2001/XMLSchema-instance' xsi:noNamespaceSchemaLocation='vast.xsd'>
                    <Ad id='40737005.140265369937920' sequence='1'> <!-- Empty VAST - Not Played -->
                        <Wrapper>
                            <AdSystem>FreeWheel</AdSystem>
                            <VASTAdTagURI><![CDATA[https://pubads.g.doubleclick.net/gampad/ads?iu=/21921738845/dplay_se_web/dplay_se_web_preroll_bumper&description_url=http%3A%2F%2Fwww.dplay.se&tfcd=0&npa=0&sz=640x480&max_ad_duration=6000&gdfp_req=1&output=vast&unviewed_position_start=1&env=vp&correlator=709&scor=725&vpmute=0&vpa=0&vad_format=linear&url=http%3A%2F%2Fwww.dplay.se&vpos=preroll&paln=]]></VASTAdTagURI>
                            <Error><![CDATA[https://5e529.v.fwmrm.net/ad/l/1?s=d027&n=386345%3B386345&t=1602503513126642570&f=262144&r=386345&adid=40737005&reid=24906263&arid=0&iw=&uxnw=&uxss=&uxct=&et=e&cn=%5BERRORCODE%5D]]></Error>
                            <Impression><![CDATA[https://5e529.v.fwmrm.net/ad/l/1?s=d027&n=386345%3B386345&t=1602503513126642570&f=262144&r=386345&adid=40737005&reid=24906263&arid=0&auid=&cn=defaultImpression&et=i&_cc=40737005,24906263,51808.,30373.41354.51806.51808.,1602503514,1&tpos=0&iw=&uxnw=&uxss=&uxct=&metr=121&init=1&vcid2=420f2af2f68c837b504505d7c0ee66692cdbc5f535e36d52bdd79b8884d65861&cr=]]></Impression>
                            <Impression><![CDATA[https://ads.stickyadstv.com/user-matching?id=185&_fw_gdpr=0&_fw_gdpr_consent=]]></Impression>
                            <Impression><![CDATA[https://ads.stickyadstv.com/auto-user-sync?_fw_gdpr=0&_fw_gdpr_consent=]]></Impression>
                            <Impression><![CDATA[https://dpm.demdex.net/ibs:dpid=796&dpuuid=420f2af2f68c837b504505d7c0ee66692cdbc5f535e36d52bdd79b8884d65861]]></Impression>
                            <Creatives>
                                <Creative AdID='40737005' id='6488961'>
                                    <Linear>
                                        <TrackingEvents>
                                            <Tracking event='complete'><![CDATA[https://5e529.v.fwmrm.net/ad/l/1?s=d027&n=386345%3B386345&t=1602503513126642570&f=262144&r=386345&adid=40737005&reid=24906263&arid=0&auid=&cn=complete&et=i&_cc=&tpos=0&init=1&iw=&uxnw=&uxss=&uxct=&metr=121]]></Tracking>
                                            <Tracking event='firstQuartile'><![CDATA[https://5e529.v.fwmrm.net/ad/l/1?s=d027&n=386345%3B386345&t=1602503513126642570&f=262144&r=386345&adid=40737005&reid=24906263&arid=0&auid=&cn=firstQuartile&et=i&_cc=&tpos=0&init=1&iw=&uxnw=&uxss=&uxct=&metr=121]]></Tracking>
                                            <Tracking event='midpoint'><![CDATA[https://5e529.v.fwmrm.net/ad/l/1?s=d027&n=386345%3B386345&t=1602503513126642570&f=262144&r=386345&adid=40737005&reid=24906263&arid=0&auid=&cn=midPoint&et=i&_cc=&tpos=0&init=1&iw=&uxnw=&uxss=&uxct=&metr=121]]></Tracking>
                                            <Tracking event='thirdQuartile'><![CDATA[https://5e529.v.fwmrm.net/ad/l/1?s=d027&n=386345%3B386345&t=1602503513126642570&f=262144&r=386345&adid=40737005&reid=24906263&arid=0&auid=&cn=thirdQuartile&et=i&_cc=&tpos=0&init=1&iw=&uxnw=&uxss=&uxct=&metr=121]]></Tracking>
                                        </TrackingEvents>
                                        <VideoClicks>
                                            <ClickTracking id='FWc_40737005.0'><![CDATA[https://5e529.v.fwmrm.net/ad/l/1?s=d027&n=386345%3B386345&t=1602503513126642570&f=262144&r=386345&adid=40737005&reid=24906263&arid=0&auid=&cn=defaultClick&et=c&_cc=&tpos=0&cr=]]></ClickTracking>
                                        </VideoClicks>
                                    </Linear>
                                </Creative>
                            </Creatives>
                            <Extensions>
                                <Extension type='FreeWheel'>
                                    <AdInfo customaid='' gid='0' cid=';placeme' format='spot_standard' variant='NORMAL' exclusive='false' />
                                    <CreativeParameters>
                                        <CreativeParameter creativeId='6488961' name='translator.vast.loadWithCookie' type='Linear'><![CDATA[1]]></CreativeParameter>
                                        <CreativeParameter creativeId='6488961' name='MMS_ID' type='Linear'><![CDATA[]]></CreativeParameter>
                                        <CreativeParameter creativeId='6488961' name='adobe_reporting' type='Linear'><![CDATA[advertiser_name:;advertiser_id:;campaign_name:;campaign_id:;placement_name:DPLAY SE | Web | Preroll Bumper;placement_id:40737004;creative_name:DPLAY SE | Web | Preroll Bumper;creative_id:6488961]]></CreativeParameter>
                                        <CreativeParameter creativeId='6488961' name='moat' type='Linear'><![CDATA[386345;386345;;;;;40737004;56783;g11761361;g542506;1324683;118766968;DPLAYSE_SV_SE1483978920527;6488961;24906263;7;preroll;;386345:DiscoverySBS_html5_live_secure_2;cpx-non;1602503513126642570]]></CreativeParameter>
                                    </CreativeParameters>
                                </Extension>
                            </Extensions>
                        </Wrapper>
                    </Ad>
                    <Ad id='31262331.140265369957120'> <!-- Empty VAST - Not Played -->
                        <Wrapper>
                            <AdSystem>FreeWheel</AdSystem>
                            <VASTAdTagURI><![CDATA[https://ads.stickyadstv.com/www/delivery/swfIndex.php?reqType=AdsSetup&protocolVersion=2.0&zoneId=7440193]]></VASTAdTagURI>
                            <Error><![CDATA[https://5e529.v.fwmrm.net/ad/l/1?s=d027&n=386345%3B386345&t=1602503513126642570&f=262144&r=386345&adid=31262331&reid=13745247&arid=0&iw=&uxnw=&uxss=&uxct=&et=e&cn=%5BERRORCODE%5D]]></Error>
                            <Impression><![CDATA[https://5e529.v.fwmrm.net/ad/l/1?s=d027&n=386345%3B386345&t=1602503513126642570&f=262144&r=386345&adid=31262331&reid=13745247&arid=0&auid=&cn=defaultImpression&et=i&_cc=31262331,13745247,41354.,30373.41354.51806.51808.,1602503514,1&tpos=0&iw=&uxnw=&uxss=&uxct=&metr=121&init=1&vcid2=420f2af2f68c837b504505d7c0ee66692cdbc5f535e36d52bdd79b8884d65861&cr=]]></Impression>
                            <Creatives>
                                <Creative AdID='31262331' id='4382523'>
                                    <Linear>
                                        <TrackingEvents>
                                            <Tracking event='complete'><![CDATA[https://5e529.v.fwmrm.net/ad/l/1?s=d027&n=386345%3B386345&t=1602503513126642570&f=262144&r=386345&adid=31262331&reid=13745247&arid=0&auid=&cn=complete&et=i&_cc=&tpos=0&init=1&iw=&uxnw=&uxss=&uxct=&metr=121]]></Tracking>
                                            <Tracking event='firstQuartile'><![CDATA[https://5e529.v.fwmrm.net/ad/l/1?s=d027&n=386345%3B386345&t=1602503513126642570&f=262144&r=386345&adid=31262331&reid=13745247&arid=0&auid=&cn=firstQuartile&et=i&_cc=&tpos=0&init=1&iw=&uxnw=&uxss=&uxct=&metr=121]]></Tracking>
                                            <Tracking event='midpoint'><![CDATA[https://5e529.v.fwmrm.net/ad/l/1?s=d027&n=386345%3B386345&t=1602503513126642570&f=262144&r=386345&adid=31262331&reid=13745247&arid=0&auid=&cn=midPoint&et=i&_cc=&tpos=0&init=1&iw=&uxnw=&uxss=&uxct=&metr=121]]></Tracking>
                                            <Tracking event='thirdQuartile'><![CDATA[https://5e529.v.fwmrm.net/ad/l/1?s=d027&n=386345%3B386345&t=1602503513126642570&f=262144&r=386345&adid=31262331&reid=13745247&arid=0&auid=&cn=thirdQuartile&et=i&_cc=&tpos=0&init=1&iw=&uxnw=&uxss=&uxct=&metr=121]]></Tracking>
                                        </TrackingEvents>
                                        <VideoClicks>
                                            <ClickTracking id='FWc_31262331.0'><![CDATA[https://5e529.v.fwmrm.net/ad/l/1?s=d027&n=386345%3B386345&t=1602503513126642570&f=262144&r=386345&adid=31262331&reid=13745247&arid=0&auid=&cn=defaultClick&et=c&_cc=&tpos=0&cr=]]></ClickTracking>
                                        </VideoClicks>
                                    </Linear>
                                </Creative>
                            </Creatives>
                            <Extensions>
                                <Extension type='FreeWheel'>
                                    <AdInfo customaid='PROGRAMMAT' gid='0' cid=';placeme' format='spot_standard' variant='NORMAL' exclusive='false' />
                                    <Parameter name='_fw_4AID'><![CDATA[PROGRAMMATIC]]></Parameter>
                                    <CreativeParameters>
                                        <CreativeParameter creativeId='4382523' name='translator.vast.loadWithCookie' type='Linear'><![CDATA[1]]></CreativeParameter>
                                        <CreativeParameter creativeId='4382523' name='_fw_4AID' type='Linear'><![CDATA[PROGRAMMATIC]]></CreativeParameter>
                                        <CreativeParameter creativeId='4382523' name='MMS_ID' type='Linear'><![CDATA[]]></CreativeParameter>
                                        <CreativeParameter creativeId='4382523' name='adobe_reporting' type='Linear'><![CDATA[advertiser_name:;advertiser_id:;campaign_name:;campaign_id:;placement_name:Dplay-se-web-pre-bumper 6s (2);placement_id:31262330;creative_name:Dplay-se-web-pre-bumper 6s ;creative_id:4382523]]></CreativeParameter>
                                        <CreativeParameter creativeId='4382523' name='moat' type='Linear'><![CDATA[386345;386345;;;;;31262330;56783;g11761361;g542506;1324683;118766968;DPLAYSE_SV_SE1483978920527;4382523;13745247;7;preroll;;386345:DiscoverySBS_html5_live_secure_2;cpx-non;1602503513126642570]]></CreativeParameter>
                                    </CreativeParameters>
                                </Extension>
                            </Extensions>
                        </Wrapper>
                    </Ad>
                    <Ad id='40500445.140265369934080' sequence='2'> <!-- Empty VAST - Not Played -->
                        <Wrapper>
                            <AdSystem>FreeWheel</AdSystem>
                            <VASTAdTagURI><![CDATA[https://pubads.g.doubleclick.net/gampad/ads?iu=/21921738845/dplay_se_web/dplay_se_web_preroll_2&description_url=http%3A%2F%2Fwww.dplay.se&tfcd=0&npa=0&sz=640x480&gdfp_req=1&output=vast&unviewed_position_start=1&env=vp&correlator=709&scor=725&vpmute=0&vpa=0&vad_format=linear&url=http%3A%2F%2Fwww.dplay.se&vpos=preroll&paln=]]></VASTAdTagURI>
                            <Error><![CDATA[https://5e529.v.fwmrm.net/ad/l/1?s=d027&n=386345%3B386345&t=1602503513126642570&f=262144&r=386345&adid=40500445&reid=24731757&arid=0&iw=&uxnw=&uxss=&uxct=&et=e&cn=%5BERRORCODE%5D]]></Error>
                            <Impression><![CDATA[https://5e529.v.fwmrm.net/ad/l/1?s=d027&n=386345%3B386345&t=1602503513126642570&f=262144&r=386345&adid=40500445&reid=24731757&arid=0&auid=&cn=defaultImpression&et=i&_cc=40500445,24731757,51806.,30373.39831.51806.,1602503514,1&tpos=0&iw=&uxnw=&uxss=&uxct=&metr=121&init=1&vcid2=420f2af2f68c837b504505d7c0ee66692cdbc5f535e36d52bdd79b8884d65861&cr=]]></Impression>
                            <Creatives>
                                <Creative AdID='40500445' id='6459494'>
                                    <Linear>
                                        <TrackingEvents>
                                            <Tracking event='complete'><![CDATA[https://5e529.v.fwmrm.net/ad/l/1?s=d027&n=386345%3B386345&t=1602503513126642570&f=262144&r=386345&adid=40500445&reid=24731757&arid=0&auid=&cn=complete&et=i&_cc=&tpos=0&init=1&iw=&uxnw=&uxss=&uxct=&metr=121]]></Tracking>
                                            <Tracking event='firstQuartile'><![CDATA[https://5e529.v.fwmrm.net/ad/l/1?s=d027&n=386345%3B386345&t=1602503513126642570&f=262144&r=386345&adid=40500445&reid=24731757&arid=0&auid=&cn=firstQuartile&et=i&_cc=&tpos=0&init=1&iw=&uxnw=&uxss=&uxct=&metr=121]]></Tracking>
                                            <Tracking event='midpoint'><![CDATA[https://5e529.v.fwmrm.net/ad/l/1?s=d027&n=386345%3B386345&t=1602503513126642570&f=262144&r=386345&adid=40500445&reid=24731757&arid=0&auid=&cn=midPoint&et=i&_cc=&tpos=0&init=1&iw=&uxnw=&uxss=&uxct=&metr=121]]></Tracking>
                                            <Tracking event='thirdQuartile'><![CDATA[https://5e529.v.fwmrm.net/ad/l/1?s=d027&n=386345%3B386345&t=1602503513126642570&f=262144&r=386345&adid=40500445&reid=24731757&arid=0&auid=&cn=thirdQuartile&et=i&_cc=&tpos=0&init=1&iw=&uxnw=&uxss=&uxct=&metr=121]]></Tracking>
                                        </TrackingEvents>
                                        <VideoClicks>
                                            <ClickTracking id='FWc_40500445.0'><![CDATA[https://5e529.v.fwmrm.net/ad/l/1?s=d027&n=386345%3B386345&t=1602503513126642570&f=262144&r=386345&adid=40500445&reid=24731757&arid=0&auid=&cn=defaultClick&et=c&_cc=&tpos=0&cr=]]></ClickTracking>
                                        </VideoClicks>
                                    </Linear>
                                </Creative>
                            </Creatives>
                            <Extensions>
                                <Extension type='FreeWheel'>
                                    <AdInfo customaid='' gid='0' cid=';placeme' format='spot_standard' variant='NORMAL' exclusive='false' />
                                    <CreativeParameters>
                                        <CreativeParameter creativeId='6459494' name='translator.vast.loadWithCookie' type='Linear'><![CDATA[1]]></CreativeParameter>
                                        <CreativeParameter creativeId='6459494' name='MMS_ID' type='Linear'><![CDATA[]]></CreativeParameter>
                                        <CreativeParameter creativeId='6459494' name='adobe_reporting' type='Linear'><![CDATA[advertiser_name:;advertiser_id:;campaign_name:;campaign_id:;placement_name:DPLAY SE | Web | Preroll 2;placement_id:40500444;creative_name:DPLAY SE | Web | Preroll 2;creative_id:6459494]]></CreativeParameter>
                                        <CreativeParameter creativeId='6459494' name='moat' type='Linear'><![CDATA[386345;386345;;;;;40500444;48571;g11761361;g542506;1324683;118766968;DPLAYSE_SV_SE1483978920527;6459494;24731757;30;preroll;;386345:DiscoverySBS_html5_live_secure_2;cpx-non;1602503513126642570]]></CreativeParameter>
                                    </CreativeParameters>
                                </Extension>
                            </Extensions>
                        </Wrapper>
                    </Ad>
                    <Ad id='29118687.140265369957888'> <!-- Empty VAST - Not Played-->
                        <Wrapper>
                            <AdSystem>FreeWheel</AdSystem>
                            <VASTAdTagURI><![CDATA[https://ads.stickyadstv.com/www/delivery/swfIndex.php?reqType=AdsSetup&protocolVersion=2.0&zoneId=6827873]]></VASTAdTagURI>
                            <Error><![CDATA[https://5e529.v.fwmrm.net/ad/l/1?s=d027&n=386345%3B386345&t=1602503513126642570&f=262144&r=386345&adid=29118687&reid=12497182&arid=0&iw=&uxnw=&uxss=&uxct=&et=e&cn=%5BERRORCODE%5D]]></Error>
                            <Impression><![CDATA[https://5e529.v.fwmrm.net/ad/l/1?s=d027&n=386345%3B386345&t=1602503513126642570&f=262144&r=386345&adid=29118687&reid=12497182&arid=0&auid=&cn=defaultImpression&et=i&_cc=29118687,12497182,39831.,30373.39831.51806.,1602503514,1&tpos=0&iw=&uxnw=&uxss=&uxct=&metr=121&init=1&vcid2=420f2af2f68c837b504505d7c0ee66692cdbc5f535e36d52bdd79b8884d65861&cr=]]></Impression>
                            <Creatives>
                                <Creative AdID='29118687' id='4122473'>
                                    <Linear>
                                        <TrackingEvents>
                                            <Tracking event='complete'><![CDATA[https://5e529.v.fwmrm.net/ad/l/1?s=d027&n=386345%3B386345&t=1602503513126642570&f=262144&r=386345&adid=29118687&reid=12497182&arid=0&auid=&cn=complete&et=i&_cc=&tpos=0&init=1&iw=&uxnw=&uxss=&uxct=&metr=121]]></Tracking>
                                            <Tracking event='firstQuartile'><![CDATA[https://5e529.v.fwmrm.net/ad/l/1?s=d027&n=386345%3B386345&t=1602503513126642570&f=262144&r=386345&adid=29118687&reid=12497182&arid=0&auid=&cn=firstQuartile&et=i&_cc=&tpos=0&init=1&iw=&uxnw=&uxss=&uxct=&metr=121]]></Tracking>
                                            <Tracking event='midpoint'><![CDATA[https://5e529.v.fwmrm.net/ad/l/1?s=d027&n=386345%3B386345&t=1602503513126642570&f=262144&r=386345&adid=29118687&reid=12497182&arid=0&auid=&cn=midPoint&et=i&_cc=&tpos=0&init=1&iw=&uxnw=&uxss=&uxct=&metr=121]]></Tracking>
                                            <Tracking event='thirdQuartile'><![CDATA[https://5e529.v.fwmrm.net/ad/l/1?s=d027&n=386345%3B386345&t=1602503513126642570&f=262144&r=386345&adid=29118687&reid=12497182&arid=0&auid=&cn=thirdQuartile&et=i&_cc=&tpos=0&init=1&iw=&uxnw=&uxss=&uxct=&metr=121]]></Tracking>
                                        </TrackingEvents>
                                        <VideoClicks>
                                            <ClickTracking id='FWc_29118687.0'><![CDATA[https://5e529.v.fwmrm.net/ad/l/1?s=d027&n=386345%3B386345&t=1602503513126642570&f=262144&r=386345&adid=29118687&reid=12497182&arid=0&auid=&cn=defaultClick&et=c&_cc=&tpos=0&cr=]]></ClickTracking>
                                        </VideoClicks>
                                    </Linear>
                                </Creative>
                            </Creatives>
                            <Extensions>
                                <Extension type='FreeWheel'>
                                    <AdInfo customaid='PROGRAMMAT' gid='0' cid=';placeme' format='spot_standard' variant='NORMAL' exclusive='false' />
                                    <Parameter name='_fw_4AID'><![CDATA[PROGRAMMATIC]]></Parameter>
                                    <CreativeParameters>
                                        <CreativeParameter creativeId='4122473' name='translator.vast.loadWithCookie' type='Linear'><![CDATA[1]]></CreativeParameter>
                                        <CreativeParameter creativeId='4122473' name='_fw_4AID' type='Linear'><![CDATA[PROGRAMMATIC]]></CreativeParameter>
                                        <CreativeParameter creativeId='4122473' name='MMS_ID' type='Linear'><![CDATA[]]></CreativeParameter>
                                        <CreativeParameter creativeId='4122473' name='adobe_reporting' type='Linear'><![CDATA[advertiser_name:;advertiser_id:;campaign_name:;campaign_id:;placement_name:Dplay-se-web-preroll-1;placement_id:27767784;creative_name:Dplay-se-web-preroll-1;creative_id:4122473]]></CreativeParameter>
                                        <CreativeParameter creativeId='4122473' name='moat' type='Linear'><![CDATA[386345;386345;;;;;27767784;48571;g11761361;g542506;1324683;118766968;DPLAYSE_SV_SE1483978920527;4122473;12497182;30;preroll;;386345:DiscoverySBS_html5_live_secure_2;cpx-non;1602503513126642570]]></CreativeParameter>
                                    </CreativeParameters>
                                </Extension>
                            </Extensions>
                        </Wrapper>
                    </Ad>
                    <Ad id='29118747.140265369958656'> <!-- Empty VAST - Not Played -->
                        <Wrapper>
                            <AdSystem>FreeWheel</AdSystem>
                            <VASTAdTagURI><![CDATA[https://ads.stickyadstv.com/www/delivery/swfIndex.php?reqType=AdsSetup&protocolVersion=2.0&zoneId=7110289]]></VASTAdTagURI>
                            <Error><![CDATA[https://5e529.v.fwmrm.net/ad/l/1?s=d027&n=386345%3B386345&t=1602503513126642570&f=262144&r=386345&adid=29118747&reid=12497248&arid=0&iw=&uxnw=&uxss=&uxct=&et=e&cn=%5BERRORCODE%5D]]></Error>
                            <Impression><![CDATA[https://5e529.v.fwmrm.net/ad/l/1?s=d027&n=386345%3B386345&t=1602503513126642570&f=262144&r=386345&adid=29118747&reid=12497248&arid=0&auid=&cn=defaultImpression&et=i&_cc=29118747,12497248,39831.,30373.39831.51806.,1602503514,1&tpos=0&iw=&uxnw=&uxss=&uxct=&metr=121&init=1&vcid2=420f2af2f68c837b504505d7c0ee66692cdbc5f535e36d52bdd79b8884d65861&cr=]]></Impression>
                            <Creatives>
                                <Creative AdID='29118747' id='4122496'>
                                    <Linear>
                                        <TrackingEvents>
                                            <Tracking event='complete'><![CDATA[https://5e529.v.fwmrm.net/ad/l/1?s=d027&n=386345%3B386345&t=1602503513126642570&f=262144&r=386345&adid=29118747&reid=12497248&arid=0&auid=&cn=complete&et=i&_cc=&tpos=0&init=1&iw=&uxnw=&uxss=&uxct=&metr=121]]></Tracking>
                                            <Tracking event='firstQuartile'><![CDATA[https://5e529.v.fwmrm.net/ad/l/1?s=d027&n=386345%3B386345&t=1602503513126642570&f=262144&r=386345&adid=29118747&reid=12497248&arid=0&auid=&cn=firstQuartile&et=i&_cc=&tpos=0&init=1&iw=&uxnw=&uxss=&uxct=&metr=121]]></Tracking>
                                            <Tracking event='midpoint'><![CDATA[https://5e529.v.fwmrm.net/ad/l/1?s=d027&n=386345%3B386345&t=1602503513126642570&f=262144&r=386345&adid=29118747&reid=12497248&arid=0&auid=&cn=midPoint&et=i&_cc=&tpos=0&init=1&iw=&uxnw=&uxss=&uxct=&metr=121]]></Tracking>
                                            <Tracking event='thirdQuartile'><![CDATA[https://5e529.v.fwmrm.net/ad/l/1?s=d027&n=386345%3B386345&t=1602503513126642570&f=262144&r=386345&adid=29118747&reid=12497248&arid=0&auid=&cn=thirdQuartile&et=i&_cc=&tpos=0&init=1&iw=&uxnw=&uxss=&uxct=&metr=121]]></Tracking>
                                        </TrackingEvents>
                                        <VideoClicks>
                                            <ClickTracking id='FWc_29118747.0'><![CDATA[https://5e529.v.fwmrm.net/ad/l/1?s=d027&n=386345%3B386345&t=1602503513126642570&f=262144&r=386345&adid=29118747&reid=12497248&arid=0&auid=&cn=defaultClick&et=c&_cc=&tpos=0&cr=]]></ClickTracking>
                                        </VideoClicks>
                                    </Linear>
                                </Creative>
                            </Creatives>
                            <Extensions>
                                <Extension type='FreeWheel'>
                                    <AdInfo customaid='PROGRAMMAT' gid='0' cid=';placeme' format='spot_standard' variant='NORMAL' exclusive='false' />
                                    <Parameter name='_fw_4AID'><![CDATA[PROGRAMMATIC]]></Parameter>
                                    <CreativeParameters>
                                        <CreativeParameter creativeId='4122496' name='translator.vast.loadWithCookie' type='Linear'><![CDATA[1]]></CreativeParameter>
                                        <CreativeParameter creativeId='4122496' name='_fw_4AID' type='Linear'><![CDATA[PROGRAMMATIC]]></CreativeParameter>
                                        <CreativeParameter creativeId='4122496' name='MMS_ID' type='Linear'><![CDATA[]]></CreativeParameter>
                                        <CreativeParameter creativeId='4122496' name='adobe_reporting' type='Linear'><![CDATA[advertiser_name:;advertiser_id:;campaign_name:;campaign_id:;placement_name:Dplay-se-web-preroll-2;placement_id:29118746;creative_name:Dplay-se-web-preroll-2;creative_id:4122496]]></CreativeParameter>
                                        <CreativeParameter creativeId='4122496' name='moat' type='Linear'><![CDATA[386345;386345;;;;;29118746;48571;g11761361;g542506;1324683;118766968;DPLAYSE_SV_SE1483978920527;4122496;12497248;30;preroll;;386345:DiscoverySBS_html5_live_secure_2;cpx-non;1602503513126642570]]></CreativeParameter>
                                    </CreativeParameters>
                                </Extension>
                            </Extensions>
                        </Wrapper>
                    </Ad>
                    <Ad id='47400657.140265369959424'> <!-- PLAYED - Beacons fired -->
                        <InLine>
                            <AdSystem>FreeWheel</AdSystem>
                            <AdTitle>SE Preroll Spendrups Norrlands Guld v.38-43 (913 043) 2020</AdTitle>
                            <Error><![CDATA[https://5e529.v.fwmrm.net/ad/l/1?s=d027&n=386345%3B386345&t=1602503513126642570&f=262144&r=386345&adid=47400657&reid=31070315&arid=0&iw=&uxnw=&uxss=&uxct=&et=e&cn=%5BERRORCODE%5D]]></Error>
                            <Impression id='FWi_47400657.0'><![CDATA[https://5e529.v.fwmrm.net/ad/l/1?s=d027&n=386345%3B386345&t=1602503513126642570&f=262144&r=386345&adid=47400657&reid=31070315&arid=0&auid=&cn=defaultImpression&et=i&_cc=47400657,31070315,,30373.39831.51806.,1602503514,1&tpos=0&iw=&uxnw=&uxss=&uxct=&metr=121&init=1&vcid2=420f2af2f68c837b504505d7c0ee66692cdbc5f535e36d52bdd79b8884d65861&cr=https%3A//track.adform.net/adfserve/%3Fbn%3D39647079%3B1x1inv%3D1%3Bsrctype%3D3%3Bord%3D1225560564]]></Impression>
                            <Creatives>
                                <Creative AdID='47400657' id='7274523'>
                                    <Linear>
                                        <Duration>00:00:15</Duration>
                                        <TrackingEvents>
                                            <Tracking event='complete'><![CDATA[https://5e529.v.fwmrm.net/ad/l/1?s=d027&n=386345%3B386345&t=1602503513126642570&f=262144&r=386345&adid=47400657&reid=31070315&arid=0&auid=&cn=complete&et=i&_cc=&tpos=0&init=1&iw=&uxnw=&uxss=&uxct=&metr=121]]></Tracking>
                                            <Tracking event='firstQuartile'><![CDATA[https://5e529.v.fwmrm.net/ad/l/1?s=d027&n=386345%3B386345&t=1602503513126642570&f=262144&r=386345&adid=47400657&reid=31070315&arid=0&auid=&cn=firstQuartile&et=i&_cc=&tpos=0&init=1&iw=&uxnw=&uxss=&uxct=&metr=121]]></Tracking>
                                            <Tracking event='midpoint'><![CDATA[https://5e529.v.fwmrm.net/ad/l/1?s=d027&n=386345%3B386345&t=1602503513126642570&f=262144&r=386345&adid=47400657&reid=31070315&arid=0&auid=&cn=midPoint&et=i&_cc=&tpos=0&init=1&iw=&uxnw=&uxss=&uxct=&metr=121]]></Tracking>
                                            <Tracking event='thirdQuartile'><![CDATA[https://5e529.v.fwmrm.net/ad/l/1?s=d027&n=386345%3B386345&t=1602503513126642570&f=262144&r=386345&adid=47400657&reid=31070315&arid=0&auid=&cn=thirdQuartile&et=i&_cc=&tpos=0&init=1&iw=&uxnw=&uxss=&uxct=&metr=121]]></Tracking>
                                        </TrackingEvents>
                                        <VideoClicks>
                                            <ClickThrough id='FWc_47400657.0'><![CDATA[https://5e529.v.fwmrm.net/ad/l/1?s=d027&n=386345%3B386345&t=1602503513126642570&f=262144&r=386345&adid=47400657&reid=31070315&arid=0&auid=&cn=defaultClick&et=c&_cc=&tpos=0&cr=http%3A//track.adform.net/C/%3Fbn%3D39647079]]></ClickThrough>
                                        </VideoClicks>
                                        <MediaFiles>
                                            <MediaFile bitrate='3867' delivery='progressive' height='720' id='31070315' type='video/mp4' width='1280'><![CDATA[https://dni-adops-proxy-prod-adopsmediaconverter.mercury.dnitv.com/386345/580996/S1SQNO1520_2020-09-08T08:02:12Z_1280x720.mp4]]></MediaFile>
                                            <MediaFile bitrate='15770' delivery='progressive' height='1080' id='31070316' type='video/mp4' width='1920'><![CDATA[https://dni-adops-proxy-prod-adopsmediaconverter.mercury.dnitv.com/386345/580996/S1SQNO1520_2020-09-08T08:02:12Z_1920x1080.mp4]]></MediaFile>
                                            <MediaFile bitrate='858' delivery='progressive' height='360' id='31070317' type='video/mp4' width='640'><![CDATA[https://dni-adops-proxy-prod-adopsmediaconverter.mercury.dnitv.com/386345/580996/S1SQNO1520_2020-09-08T08:02:12Z_640x360.mp4]]></MediaFile>
                                            <MediaFile bitrate='1502' delivery='progressive' height='480' id='31070318' type='video/mp4' width='854'><![CDATA[https://dni-adops-proxy-prod-adopsmediaconverter.mercury.dnitv.com/386345/580996/S1SQNO1520_2020-09-08T08:02:12Z_854x480.mp4]]></MediaFile>
                                            <MediaFile bitrate='1942' delivery='progressive' height='540' id='31070319' type='video/mp4' width='960'><![CDATA[https://dni-adops-proxy-prod-adopsmediaconverter.mercury.dnitv.com/386345/580996/S1SQNO1520_2020-09-08T08:02:12Z_960x540.mp4]]></MediaFile>
                                        </MediaFiles>
                                    </Linear>
                                </Creative>
                            </Creatives>
                            <Extensions>
                                <Extension type='FreeWheel'>
                                    <AdInfo customaid='S1SQNO1520' gid='0' cid='13569502' format='spot_standard' variant='NORMAL' exclusive='false' />
                                    <Parameter name='_fw_4AID'><![CDATA[S1SQNO1520]]></Parameter>
                                    <CreativeParameters>
                                        <CreativeParameter creativeId='7274523' name='_fw_4AID' type='Linear'><![CDATA[S1SQNO1520]]></CreativeParameter>
                                        <CreativeParameter creativeId='7274523' name='MMS_ID' type='Linear'><![CDATA[]]></CreativeParameter>
                                        <CreativeParameter creativeId='7274523' name='adobe_reporting' type='Linear'><![CDATA[advertiser_name:SE SPENDRUPS;advertiser_id:580996;campaign_name:SE Spendrups ;campaign_id:13569502;placement_name:SE Preroll Spendrups Norrlands Guld v.38-43 (913 043) 2020;placement_id:47400655;creative_name:S1SQNO1520.mp4;creative_id:7274523]]></CreativeParameter>
                                        <CreativeParameter creativeId='7274523' name='moat' type='Linear'><![CDATA[386345;386345;580996;13569502;46368190;;47400655;48571;g11761361;g542506;1324683;118766968;DPLAYSE_SV_SE1483978920527;7274523;31070315;15;preroll;;386345:DiscoverySBS_html5_live_secure_2;cpx-non;1602503513126642570]]></CreativeParameter>
                                    </CreativeParameters>
                                </Extension>
                            </Extensions>
                        </InLine>
                    </Ad>
                    <Ad id='40500443.140265369933312' sequence='3'>
                        <Wrapper>
                            <AdSystem>FreeWheel</AdSystem>
                            <VASTAdTagURI><![CDATA[https://pubads.g.doubleclick.net/gampad/ads?iu=/21921738845/dplay_se_web/dplay_se_web_preroll_1&description_url=http%3A%2F%2Fwww.dplay.se&tfcd=0&npa=0&sz=640x480&gdfp_req=1&output=vast&unviewed_position_start=1&env=vp&impl=s&correlator=709&scor=725&nofb=1]]></VASTAdTagURI>
                            <Error><![CDATA[https://5e529.v.fwmrm.net/ad/l/1?s=d027&n=386345%3B386345&t=1602503513126642570&f=262144&r=386345&adid=40500443&reid=24731740&arid=0&iw=&uxnw=&uxss=&uxct=&et=e&cn=%5BERRORCODE%5D]]></Error>
                            <Impression><![CDATA[https://5e529.v.fwmrm.net/ad/l/1?s=d027&n=386345%3B386345&t=1602503513126642570&f=262144&r=386345&adid=40500443&reid=24731740&arid=0&auid=&cn=defaultImpression&et=i&_cc=40500443,24731740,51806.,30373.39831.51806.,1602503514,1&tpos=0&iw=&uxnw=&uxss=&uxct=&metr=121&init=1&vcid2=420f2af2f68c837b504505d7c0ee66692cdbc5f535e36d52bdd79b8884d65861&cr=]]></Impression>
                            <Creatives>
                                <Creative AdID='40500443' id='6459491'>
                                    <Linear>
                                        <TrackingEvents>
                                            <Tracking event='complete'><![CDATA[https://5e529.v.fwmrm.net/ad/l/1?s=d027&n=386345%3B386345&t=1602503513126642570&f=262144&r=386345&adid=40500443&reid=24731740&arid=0&auid=&cn=complete&et=i&_cc=&tpos=0&init=1&iw=&uxnw=&uxss=&uxct=&metr=121]]></Tracking>
                                            <Tracking event='firstQuartile'><![CDATA[https://5e529.v.fwmrm.net/ad/l/1?s=d027&n=386345%3B386345&t=1602503513126642570&f=262144&r=386345&adid=40500443&reid=24731740&arid=0&auid=&cn=firstQuartile&et=i&_cc=&tpos=0&init=1&iw=&uxnw=&uxss=&uxct=&metr=121]]></Tracking>
                                            <Tracking event='midpoint'><![CDATA[https://5e529.v.fwmrm.net/ad/l/1?s=d027&n=386345%3B386345&t=1602503513126642570&f=262144&r=386345&adid=40500443&reid=24731740&arid=0&auid=&cn=midPoint&et=i&_cc=&tpos=0&init=1&iw=&uxnw=&uxss=&uxct=&metr=121]]></Tracking>
                                            <Tracking event='thirdQuartile'><![CDATA[https://5e529.v.fwmrm.net/ad/l/1?s=d027&n=386345%3B386345&t=1602503513126642570&f=262144&r=386345&adid=40500443&reid=24731740&arid=0&auid=&cn=thirdQuartile&et=i&_cc=&tpos=0&init=1&iw=&uxnw=&uxss=&uxct=&metr=121]]></Tracking>
                                        </TrackingEvents>
                                        <VideoClicks>
                                            <ClickTracking id='FWc_40500443.0'><![CDATA[https://5e529.v.fwmrm.net/ad/l/1?s=d027&n=386345%3B386345&t=1602503513126642570&f=262144&r=386345&adid=40500443&reid=24731740&arid=0&auid=&cn=defaultClick&et=c&_cc=&tpos=0&cr=]]></ClickTracking>
                                        </VideoClicks>
                                    </Linear>
                                </Creative>
                            </Creatives>
                            <Extensions>
                                <Extension type='FreeWheel'>
                                    <AdInfo customaid='' gid='0' cid=';placeme' format='spot_standard' variant='NORMAL' exclusive='false' />
                                    <CreativeParameters>
                                        <CreativeParameter creativeId='6459491' name='translator.vast.loadWithCookie' type='Linear'><![CDATA[1]]></CreativeParameter>
                                        <CreativeParameter creativeId='6459491' name='MMS_ID' type='Linear'><![CDATA[]]></CreativeParameter>
                                        <CreativeParameter creativeId='6459491' name='adobe_reporting' type='Linear'><![CDATA[advertiser_name:;advertiser_id:;campaign_name:;campaign_id:;placement_name:DPLAY SE | Web | Preroll 1;placement_id:40500442;creative_name:DPLAY SE | Web | Preroll 1;creative_id:6459491]]></CreativeParameter>
                                        <CreativeParameter creativeId='6459491' name='moat' type='Linear'><![CDATA[386345;386345;;;;;40500442;48571;g11761361;g542506;1324683;118766968;DPLAYSE_SV_SE1483978920527;6459491;24731740;30;preroll;;386345:DiscoverySBS_html5_live_secure_2;cpx-non;1602503513126642570]]></CreativeParameter>
                                    </CreativeParameters>
                                </Extension>
                            </Extensions>
                        </Wrapper>
                    </Ad>
                    <Ad id='38539491.140265369960192'>
                        <Wrapper>
                            <AdSystem>FreeWheel</AdSystem>
                            <VASTAdTagURI><![CDATA[https://secure.adnxs.com/ptv?id=15439405]]></VASTAdTagURI>
                            <Error><![CDATA[https://5e529.v.fwmrm.net/ad/l/1?s=d027&n=386345%3B386345&t=1602503513126642570&f=262144&r=386345&adid=38539491&reid=15003887&arid=0&iw=&uxnw=&uxss=&uxct=&et=e&cn=%5BERRORCODE%5D]]></Error>
                            <Impression><![CDATA[https://5e529.v.fwmrm.net/ad/l/1?s=d027&n=386345%3B386345&t=1602503513126642570&f=262144&r=386345&adid=38539491&reid=15003887&arid=0&auid=&cn=defaultImpression&et=i&_cc=38539491,15003887,,30373.39831.51806.,1602503514,1&tpos=0&iw=&uxnw=&uxss=&uxct=&metr=121&init=1&vcid2=420f2af2f68c837b504505d7c0ee66692cdbc5f535e36d52bdd79b8884d65861&cr=]]></Impression>
                            <Creatives>
                                <Creative AdID='38539491' id='4628563'>
                                    <Linear>
                                        <TrackingEvents>
                                            <Tracking event='complete'><![CDATA[https://5e529.v.fwmrm.net/ad/l/1?s=d027&n=386345%3B386345&t=1602503513126642570&f=262144&r=386345&adid=38539491&reid=15003887&arid=0&auid=&cn=complete&et=i&_cc=&tpos=0&init=1&iw=&uxnw=&uxss=&uxct=&metr=121]]></Tracking>
                                            <Tracking event='firstQuartile'><![CDATA[https://5e529.v.fwmrm.net/ad/l/1?s=d027&n=386345%3B386345&t=1602503513126642570&f=262144&r=386345&adid=38539491&reid=15003887&arid=0&auid=&cn=firstQuartile&et=i&_cc=&tpos=0&init=1&iw=&uxnw=&uxss=&uxct=&metr=121]]></Tracking>
                                            <Tracking event='midpoint'><![CDATA[https://5e529.v.fwmrm.net/ad/l/1?s=d027&n=386345%3B386345&t=1602503513126642570&f=262144&r=386345&adid=38539491&reid=15003887&arid=0&auid=&cn=midPoint&et=i&_cc=&tpos=0&init=1&iw=&uxnw=&uxss=&uxct=&metr=121]]></Tracking>
                                            <Tracking event='thirdQuartile'><![CDATA[https://5e529.v.fwmrm.net/ad/l/1?s=d027&n=386345%3B386345&t=1602503513126642570&f=262144&r=386345&adid=38539491&reid=15003887&arid=0&auid=&cn=thirdQuartile&et=i&_cc=&tpos=0&init=1&iw=&uxnw=&uxss=&uxct=&metr=121]]></Tracking>
                                        </TrackingEvents>
                                        <VideoClicks>
                                            <ClickTracking id='FWc_38539491.0'><![CDATA[https://5e529.v.fwmrm.net/ad/l/1?s=d027&n=386345%3B386345&t=1602503513126642570&f=262144&r=386345&adid=38539491&reid=15003887&arid=0&auid=&cn=defaultClick&et=c&_cc=&tpos=0&cr=]]></ClickTracking>
                                        </VideoClicks>
                                    </Linear>
                                </Creative>
                            </Creatives>
                            <Extensions>
                                <Extension type='FreeWheel'>
                                    <AdInfo customaid='' gid='0' cid='32545748' format='spot_standard' variant='NORMAL' exclusive='false' />
                                    <Parameter name='_fw_4AID'><![CDATA[na]]></Parameter>
                                    <CreativeParameters>
                                        <CreativeParameter creativeId='4628563' name='_fw_4AID' type='Linear'><![CDATA[na]]></CreativeParameter>
                                        <CreativeParameter creativeId='4628563' name='MMS_ID' type='Linear'><![CDATA[]]></CreativeParameter>
                                        <CreativeParameter creativeId='4628563' name='adobe_reporting' type='Linear'><![CDATA[advertiser_name:SE Xaxis;advertiser_id:802063;campaign_name:SE Xaxis;campaign_id:32545748;placement_name:SE Xaxis passback filler vers2  preroll;placement_id:38539490;creative_name:Xaxis passback preroll15439405;creative_id:4628563]]></CreativeParameter>
                                        <CreativeParameter creativeId='4628563' name='moat' type='Linear'><![CDATA[386345;386345;802063;32545748;32570669;;38539490;48571;g11761361;g542506;1324683;118766968;DPLAYSE_SV_SE1483978920527;4628563;15003887;30;preroll;;386345:DiscoverySBS_html5_live_secure_2;cpx-non;1602503513126642570]]></CreativeParameter>
                                    </CreativeParameters>
                                </Extension>
                            </Extensions>
                        </Wrapper>
                    </Ad>
                    <Ad id='47376614.140265369960960'>
                        <InLine>
                            <AdSystem>FreeWheel</AdSystem>
                            <AdTitle>SE Willys v.40-45 (1 009 930) preroll</AdTitle>
                            <Error><![CDATA[https://5e529.v.fwmrm.net/ad/l/1?s=d027&n=386345%3B386345&t=1602503513126642570&f=262144&r=386345&adid=47376614&reid=37278405&arid=0&iw=&uxnw=&uxss=&uxct=&et=e&cn=%5BERRORCODE%5D]]></Error>
                            <Impression id='FWi_47376614.0'><![CDATA[https://5e529.v.fwmrm.net/ad/l/1?s=d027&n=386345%3B386345&t=1602503513126642570&f=262144&r=386345&adid=47376614&reid=37278405&arid=0&auid=&cn=defaultImpression&et=i&_cc=47376614,37278405,,30373.39831.51806.,1602503514,1&tpos=0&iw=&uxnw=&uxss=&uxct=&metr=121&init=1&vcid2=420f2af2f68c837b504505d7c0ee66692cdbc5f535e36d52bdd79b8884d65861&cr=https%3A//inviso.rampanel.com/ram/Inviso%3Fi%3D23237%26c%3D10662%26t%3D1%26cg%3D1%26r%3D1%26rdir%3D1]]></Impression>
                            <Impression id='FWi_47376614.0.1'><![CDATA[https://sting.de17a.com/api/pixel;tid=597034;ord=850243616]]></Impression>
                            <Creatives>
                                <Creative AdID='47376614' id='7831382'>
                                    <Linear>
                                        <Duration>00:00:15</Duration>
                                        <TrackingEvents>
                                            <Tracking event='complete'><![CDATA[https://5e529.v.fwmrm.net/ad/l/1?s=d027&n=386345%3B386345&t=1602503513126642570&f=262144&r=386345&adid=47376614&reid=37278405&arid=0&auid=&cn=complete&et=i&_cc=&tpos=0&init=1&iw=&uxnw=&uxss=&uxct=&metr=121]]></Tracking>
                                            <Tracking event='firstQuartile'><![CDATA[https://5e529.v.fwmrm.net/ad/l/1?s=d027&n=386345%3B386345&t=1602503513126642570&f=262144&r=386345&adid=47376614&reid=37278405&arid=0&auid=&cn=firstQuartile&et=i&_cc=&tpos=0&init=1&iw=&uxnw=&uxss=&uxct=&metr=121]]></Tracking>
                                            <Tracking event='midpoint'><![CDATA[https://5e529.v.fwmrm.net/ad/l/1?s=d027&n=386345%3B386345&t=1602503513126642570&f=262144&r=386345&adid=47376614&reid=37278405&arid=0&auid=&cn=midPoint&et=i&_cc=&tpos=0&init=1&iw=&uxnw=&uxss=&uxct=&metr=121]]></Tracking>
                                            <Tracking event='thirdQuartile'><![CDATA[https://5e529.v.fwmrm.net/ad/l/1?s=d027&n=386345%3B386345&t=1602503513126642570&f=262144&r=386345&adid=47376614&reid=37278405&arid=0&auid=&cn=thirdQuartile&et=i&_cc=&tpos=0&init=1&iw=&uxnw=&uxss=&uxct=&metr=121]]></Tracking>
                                        </TrackingEvents>
                                        <VideoClicks>
                                            <ClickThrough id='FWc_47376614.0'><![CDATA[https://5e529.v.fwmrm.net/ad/l/1?s=d027&n=386345%3B386345&t=1602503513126642570&f=262144&r=386345&adid=47376614&reid=37278405&arid=0&auid=&cn=defaultClick&et=c&_cc=&tpos=0&cr=https%3A//sting.de17a.com/api/sa-click%3Btid%3D597034%3Bec%3Dhttps%253A%252F%252Fwww.willys.se%252Fartikel%252Fhamta%253Futm_source%253DD-play%2526utm_medium%253DDisplay%2526utm_campaign%253Dshv39-45]]></ClickThrough>
                                        </VideoClicks>
                                        <MediaFiles>
                                            <MediaFile bitrate='2527' delivery='progressive' height='720' id='37278405' type='video/mp4' width='1280'><![CDATA[https://dni-adops-proxy-prod-adopsmediaconverter.mercury.dnitv.com/386345/780280/WillysS1ILIL1523_2020-09-30T11:55:29Z_1280x720.mp4]]></MediaFile>
                                            <MediaFile bitrate='4415' delivery='progressive' height='1080' id='37278406' type='video/mp4' width='1920'><![CDATA[https://dni-adops-proxy-prod-adopsmediaconverter.mercury.dnitv.com/386345/780280/WillysS1ILIL1523_2020-09-30T11:55:29Z_1920x1080.mp4]]></MediaFile>
                                            <MediaFile bitrate='1119' delivery='progressive' height='360' id='37278407' type='video/mp4' width='640'><![CDATA[https://dni-adops-proxy-prod-adopsmediaconverter.mercury.dnitv.com/386345/780280/WillysS1ILIL1523_2020-09-30T11:55:29Z_640x360.mp4]]></MediaFile>
                                            <MediaFile bitrate='1535' delivery='progressive' height='480' id='37278408' type='video/mp4' width='854'><![CDATA[https://dni-adops-proxy-prod-adopsmediaconverter.mercury.dnitv.com/386345/780280/WillysS1ILIL1523_2020-09-30T11:55:29Z_854x480.mp4]]></MediaFile>
                                            <MediaFile bitrate='1774' delivery='progressive' height='540' id='37278409' type='video/mp4' width='960'><![CDATA[https://dni-adops-proxy-prod-adopsmediaconverter.mercury.dnitv.com/386345/780280/WillysS1ILIL1523_2020-09-30T11:55:29Z_960x540.mp4]]></MediaFile>
                                        </MediaFiles>
                                    </Linear>
                                </Creative>
                            </Creatives>
                            <Extensions>
                                <Extension type='FreeWheel'>
                                    <AdInfo customaid='S1ILIL1523' gid='0' cid='27223354' format='spot_standard' variant='NORMAL' exclusive='false' />
                                    <Parameter name='_fw_4AID'><![CDATA[S1ILIL1523]]></Parameter>
                                    <CreativeParameters>
                                        <CreativeParameter creativeId='7831382' name='_fw_4AID' type='Linear'><![CDATA[S1ILIL1523]]></CreativeParameter>
                                        <CreativeParameter creativeId='7831382' name='MMS_ID' type='Linear'><![CDATA[]]></CreativeParameter>
                                        <CreativeParameter creativeId='7831382' name='adobe_reporting' type='Linear'><![CDATA[advertiser_name:SE Willys;advertiser_id:780280;campaign_name:SE Willys;campaign_id:27223354;placement_name:SE Willys v.40-45 (1 009 930) preroll;placement_id:47376610;creative_name:WillysS1ILIL1523.mp4;creative_id:7831382]]></CreativeParameter>
                                        <CreativeParameter creativeId='7831382' name='moat' type='Linear'><![CDATA[386345;386345;780280;27223354;46574430;;47376610;48571;g11761361;g542506;1324683;118766968;DPLAYSE_SV_SE1483978920527;7831382;37278405;15;preroll;;386345:DiscoverySBS_html5_live_secure_2;cpx-non;1602503513126642570]]></CreativeParameter>
                                    </CreativeParameters>
                                </Extension>
                            </Extensions>
                        </InLine>
                    </Ad>
                </VAST>
            </vmap:VASTAdData>
        </vmap:AdSource>
        <vmap:TrackingEvents>
            <vmap:Tracking event='breakEnd'><![CDATA[https://5e529.v.fwmrm.net/ad/l/1?s=d027&n=386345%3B386345&t=1602503513126642570&f=262144&cn=videoView&et=i&uxnw=&uxss=&uxct=&init=1&vcid2=420f2af2f68c837b504505d7c0ee66692cdbc5f535e36d52bdd79b8884d65861]]></vmap:Tracking>
            <vmap:Tracking event='breakStart'><![CDATA[https://5e529.v.fwmrm.net/ad/l/1?s=d027&n=386345%3B386345&t=1602503513126642570&f=262144&cn=slotImpression&et=i&tpos=0&init=1&slid=0,1,2,3]]></vmap:Tracking>
            <vmap:Tracking event='breakEnd'><![CDATA[https://5e529.v.fwmrm.net/ad/l/1?s=d027&n=386345%3B386345&t=1602503513126642570&f=262144&cn=slotEnd&et=i&tpos=0&init=1&slid=0,1,2,3]]></vmap:Tracking>
        </vmap:TrackingEvents>
    </vmap:AdBreak>
</vmap:VMAP>